[2023-06-22T14:25:32.637+0200] {processor.py:157} INFO - Started process (PID=84232) to work on /Users/saumyagoyal/JupyterNotebook/MLCon/MLCon_23/2_airflow/.venv/lib/python3.11/site-packages/airflow/example_dags/plugins/event_listener.py
[2023-06-22T14:25:32.639+0200] {processor.py:826} INFO - Processing file /Users/saumyagoyal/JupyterNotebook/MLCon/MLCon_23/2_airflow/.venv/lib/python3.11/site-packages/airflow/example_dags/plugins/event_listener.py for tasks to queue
[2023-06-22T14:25:32.640+0200] {logging_mixin.py:149} INFO - [2023-06-22T14:25:32.639+0200] {dagbag.py:541} INFO - Filling up the DagBag from /Users/saumyagoyal/JupyterNotebook/MLCon/MLCon_23/2_airflow/.venv/lib/python3.11/site-packages/airflow/example_dags/plugins/event_listener.py
[2023-06-22T14:25:32.640+0200] {processor.py:838} WARNING - No viable dags retrieved from /Users/saumyagoyal/JupyterNotebook/MLCon/MLCon_23/2_airflow/.venv/lib/python3.11/site-packages/airflow/example_dags/plugins/event_listener.py
[2023-06-22T14:25:33.258+0200] {processor.py:179} INFO - Processing /Users/saumyagoyal/JupyterNotebook/MLCon/MLCon_23/2_airflow/.venv/lib/python3.11/site-packages/airflow/example_dags/plugins/event_listener.py took 0.621 seconds
[2023-06-22T14:27:34.495+0200] {processor.py:157} INFO - Started process (PID=84313) to work on /Users/saumyagoyal/JupyterNotebook/MLCon/MLCon_23/2_airflow/.venv/lib/python3.11/site-packages/airflow/example_dags/plugins/event_listener.py
[2023-06-22T14:27:34.497+0200] {processor.py:826} INFO - Processing file /Users/saumyagoyal/JupyterNotebook/MLCon/MLCon_23/2_airflow/.venv/lib/python3.11/site-packages/airflow/example_dags/plugins/event_listener.py for tasks to queue
[2023-06-22T14:27:34.497+0200] {logging_mixin.py:149} INFO - [2023-06-22T14:27:34.497+0200] {dagbag.py:541} INFO - Filling up the DagBag from /Users/saumyagoyal/JupyterNotebook/MLCon/MLCon_23/2_airflow/.venv/lib/python3.11/site-packages/airflow/example_dags/plugins/event_listener.py
[2023-06-22T14:27:34.498+0200] {processor.py:838} WARNING - No viable dags retrieved from /Users/saumyagoyal/JupyterNotebook/MLCon/MLCon_23/2_airflow/.venv/lib/python3.11/site-packages/airflow/example_dags/plugins/event_listener.py
[2023-06-22T14:27:35.153+0200] {processor.py:179} INFO - Processing /Users/saumyagoyal/JupyterNotebook/MLCon/MLCon_23/2_airflow/.venv/lib/python3.11/site-packages/airflow/example_dags/plugins/event_listener.py took 0.659 seconds
[2023-06-22T14:28:59.859+0200] {processor.py:157} INFO - Started process (PID=84358) to work on /Users/saumyagoyal/JupyterNotebook/MLCon/MLCon_23/2_airflow/.venv/lib/python3.11/site-packages/airflow/example_dags/plugins/event_listener.py
[2023-06-22T14:28:59.861+0200] {processor.py:826} INFO - Processing file /Users/saumyagoyal/JupyterNotebook/MLCon/MLCon_23/2_airflow/.venv/lib/python3.11/site-packages/airflow/example_dags/plugins/event_listener.py for tasks to queue
[2023-06-22T14:28:59.862+0200] {logging_mixin.py:149} INFO - [2023-06-22T14:28:59.861+0200] {dagbag.py:541} INFO - Filling up the DagBag from /Users/saumyagoyal/JupyterNotebook/MLCon/MLCon_23/2_airflow/.venv/lib/python3.11/site-packages/airflow/example_dags/plugins/event_listener.py
[2023-06-22T14:28:59.862+0200] {processor.py:838} WARNING - No viable dags retrieved from /Users/saumyagoyal/JupyterNotebook/MLCon/MLCon_23/2_airflow/.venv/lib/python3.11/site-packages/airflow/example_dags/plugins/event_listener.py
[2023-06-22T14:29:00.443+0200] {processor.py:179} INFO - Processing /Users/saumyagoyal/JupyterNotebook/MLCon/MLCon_23/2_airflow/.venv/lib/python3.11/site-packages/airflow/example_dags/plugins/event_listener.py took 0.585 seconds
[2023-06-22T14:30:15.554+0200] {processor.py:157} INFO - Started process (PID=84399) to work on /Users/saumyagoyal/JupyterNotebook/MLCon/MLCon_23/2_airflow/.venv/lib/python3.11/site-packages/airflow/example_dags/plugins/event_listener.py
[2023-06-22T14:30:15.556+0200] {processor.py:826} INFO - Processing file /Users/saumyagoyal/JupyterNotebook/MLCon/MLCon_23/2_airflow/.venv/lib/python3.11/site-packages/airflow/example_dags/plugins/event_listener.py for tasks to queue
[2023-06-22T14:30:15.556+0200] {logging_mixin.py:149} INFO - [2023-06-22T14:30:15.556+0200] {dagbag.py:541} INFO - Filling up the DagBag from /Users/saumyagoyal/JupyterNotebook/MLCon/MLCon_23/2_airflow/.venv/lib/python3.11/site-packages/airflow/example_dags/plugins/event_listener.py
[2023-06-22T14:30:15.557+0200] {processor.py:838} WARNING - No viable dags retrieved from /Users/saumyagoyal/JupyterNotebook/MLCon/MLCon_23/2_airflow/.venv/lib/python3.11/site-packages/airflow/example_dags/plugins/event_listener.py
[2023-06-22T14:30:16.154+0200] {processor.py:179} INFO - Processing /Users/saumyagoyal/JupyterNotebook/MLCon/MLCon_23/2_airflow/.venv/lib/python3.11/site-packages/airflow/example_dags/plugins/event_listener.py took 0.600 seconds
[2023-06-22T14:31:29.159+0200] {processor.py:157} INFO - Started process (PID=84442) to work on /Users/saumyagoyal/JupyterNotebook/MLCon/MLCon_23/2_airflow/.venv/lib/python3.11/site-packages/airflow/example_dags/plugins/event_listener.py
[2023-06-22T14:31:29.162+0200] {processor.py:826} INFO - Processing file /Users/saumyagoyal/JupyterNotebook/MLCon/MLCon_23/2_airflow/.venv/lib/python3.11/site-packages/airflow/example_dags/plugins/event_listener.py for tasks to queue
[2023-06-22T14:31:29.162+0200] {logging_mixin.py:149} INFO - [2023-06-22T14:31:29.162+0200] {dagbag.py:541} INFO - Filling up the DagBag from /Users/saumyagoyal/JupyterNotebook/MLCon/MLCon_23/2_airflow/.venv/lib/python3.11/site-packages/airflow/example_dags/plugins/event_listener.py
[2023-06-22T14:31:29.163+0200] {processor.py:838} WARNING - No viable dags retrieved from /Users/saumyagoyal/JupyterNotebook/MLCon/MLCon_23/2_airflow/.venv/lib/python3.11/site-packages/airflow/example_dags/plugins/event_listener.py
[2023-06-22T14:31:29.739+0200] {processor.py:179} INFO - Processing /Users/saumyagoyal/JupyterNotebook/MLCon/MLCon_23/2_airflow/.venv/lib/python3.11/site-packages/airflow/example_dags/plugins/event_listener.py took 0.580 seconds
[2023-06-22T14:32:47.842+0200] {processor.py:157} INFO - Started process (PID=84484) to work on /Users/saumyagoyal/JupyterNotebook/MLCon/MLCon_23/2_airflow/.venv/lib/python3.11/site-packages/airflow/example_dags/plugins/event_listener.py
[2023-06-22T14:32:47.845+0200] {processor.py:826} INFO - Processing file /Users/saumyagoyal/JupyterNotebook/MLCon/MLCon_23/2_airflow/.venv/lib/python3.11/site-packages/airflow/example_dags/plugins/event_listener.py for tasks to queue
[2023-06-22T14:32:47.846+0200] {logging_mixin.py:149} INFO - [2023-06-22T14:32:47.846+0200] {dagbag.py:541} INFO - Filling up the DagBag from /Users/saumyagoyal/JupyterNotebook/MLCon/MLCon_23/2_airflow/.venv/lib/python3.11/site-packages/airflow/example_dags/plugins/event_listener.py
[2023-06-22T14:32:47.846+0200] {processor.py:838} WARNING - No viable dags retrieved from /Users/saumyagoyal/JupyterNotebook/MLCon/MLCon_23/2_airflow/.venv/lib/python3.11/site-packages/airflow/example_dags/plugins/event_listener.py
[2023-06-22T14:32:48.483+0200] {processor.py:179} INFO - Processing /Users/saumyagoyal/JupyterNotebook/MLCon/MLCon_23/2_airflow/.venv/lib/python3.11/site-packages/airflow/example_dags/plugins/event_listener.py took 0.641 seconds
[2023-06-22T14:34:11.131+0200] {processor.py:157} INFO - Started process (PID=84682) to work on /Users/saumyagoyal/JupyterNotebook/MLCon/MLCon_23/2_airflow/.venv/lib/python3.11/site-packages/airflow/example_dags/plugins/event_listener.py
[2023-06-22T14:34:11.133+0200] {processor.py:826} INFO - Processing file /Users/saumyagoyal/JupyterNotebook/MLCon/MLCon_23/2_airflow/.venv/lib/python3.11/site-packages/airflow/example_dags/plugins/event_listener.py for tasks to queue
[2023-06-22T14:34:11.133+0200] {logging_mixin.py:149} INFO - [2023-06-22T14:34:11.133+0200] {dagbag.py:541} INFO - Filling up the DagBag from /Users/saumyagoyal/JupyterNotebook/MLCon/MLCon_23/2_airflow/.venv/lib/python3.11/site-packages/airflow/example_dags/plugins/event_listener.py
[2023-06-22T14:34:11.134+0200] {processor.py:838} WARNING - No viable dags retrieved from /Users/saumyagoyal/JupyterNotebook/MLCon/MLCon_23/2_airflow/.venv/lib/python3.11/site-packages/airflow/example_dags/plugins/event_listener.py
[2023-06-22T14:34:11.731+0200] {processor.py:179} INFO - Processing /Users/saumyagoyal/JupyterNotebook/MLCon/MLCon_23/2_airflow/.venv/lib/python3.11/site-packages/airflow/example_dags/plugins/event_listener.py took 0.601 seconds
[2023-06-22T14:35:43.110+0200] {processor.py:157} INFO - Started process (PID=84751) to work on /Users/saumyagoyal/JupyterNotebook/MLCon/MLCon_23/2_airflow/.venv/lib/python3.11/site-packages/airflow/example_dags/plugins/event_listener.py
[2023-06-22T14:35:43.113+0200] {processor.py:826} INFO - Processing file /Users/saumyagoyal/JupyterNotebook/MLCon/MLCon_23/2_airflow/.venv/lib/python3.11/site-packages/airflow/example_dags/plugins/event_listener.py for tasks to queue
[2023-06-22T14:35:43.113+0200] {logging_mixin.py:149} INFO - [2023-06-22T14:35:43.113+0200] {dagbag.py:541} INFO - Filling up the DagBag from /Users/saumyagoyal/JupyterNotebook/MLCon/MLCon_23/2_airflow/.venv/lib/python3.11/site-packages/airflow/example_dags/plugins/event_listener.py
[2023-06-22T14:35:43.114+0200] {processor.py:838} WARNING - No viable dags retrieved from /Users/saumyagoyal/JupyterNotebook/MLCon/MLCon_23/2_airflow/.venv/lib/python3.11/site-packages/airflow/example_dags/plugins/event_listener.py
[2023-06-22T14:35:43.723+0200] {processor.py:179} INFO - Processing /Users/saumyagoyal/JupyterNotebook/MLCon/MLCon_23/2_airflow/.venv/lib/python3.11/site-packages/airflow/example_dags/plugins/event_listener.py took 0.613 seconds
[2023-06-22T14:37:13.885+0200] {processor.py:157} INFO - Started process (PID=84947) to work on /Users/saumyagoyal/JupyterNotebook/MLCon/MLCon_23/2_airflow/.venv/lib/python3.11/site-packages/airflow/example_dags/plugins/event_listener.py
[2023-06-22T14:37:13.888+0200] {processor.py:826} INFO - Processing file /Users/saumyagoyal/JupyterNotebook/MLCon/MLCon_23/2_airflow/.venv/lib/python3.11/site-packages/airflow/example_dags/plugins/event_listener.py for tasks to queue
[2023-06-22T14:37:13.889+0200] {logging_mixin.py:149} INFO - [2023-06-22T14:37:13.889+0200] {dagbag.py:541} INFO - Filling up the DagBag from /Users/saumyagoyal/JupyterNotebook/MLCon/MLCon_23/2_airflow/.venv/lib/python3.11/site-packages/airflow/example_dags/plugins/event_listener.py
[2023-06-22T14:37:13.890+0200] {processor.py:838} WARNING - No viable dags retrieved from /Users/saumyagoyal/JupyterNotebook/MLCon/MLCon_23/2_airflow/.venv/lib/python3.11/site-packages/airflow/example_dags/plugins/event_listener.py
[2023-06-22T14:37:14.563+0200] {processor.py:179} INFO - Processing /Users/saumyagoyal/JupyterNotebook/MLCon/MLCon_23/2_airflow/.venv/lib/python3.11/site-packages/airflow/example_dags/plugins/event_listener.py took 0.679 seconds
[2023-06-22T14:38:41.655+0200] {processor.py:157} INFO - Started process (PID=85053) to work on /Users/saumyagoyal/JupyterNotebook/MLCon/MLCon_23/2_airflow/.venv/lib/python3.11/site-packages/airflow/example_dags/plugins/event_listener.py
[2023-06-22T14:38:41.658+0200] {processor.py:826} INFO - Processing file /Users/saumyagoyal/JupyterNotebook/MLCon/MLCon_23/2_airflow/.venv/lib/python3.11/site-packages/airflow/example_dags/plugins/event_listener.py for tasks to queue
[2023-06-22T14:38:41.659+0200] {logging_mixin.py:149} INFO - [2023-06-22T14:38:41.659+0200] {dagbag.py:541} INFO - Filling up the DagBag from /Users/saumyagoyal/JupyterNotebook/MLCon/MLCon_23/2_airflow/.venv/lib/python3.11/site-packages/airflow/example_dags/plugins/event_listener.py
[2023-06-22T14:38:41.660+0200] {processor.py:838} WARNING - No viable dags retrieved from /Users/saumyagoyal/JupyterNotebook/MLCon/MLCon_23/2_airflow/.venv/lib/python3.11/site-packages/airflow/example_dags/plugins/event_listener.py
[2023-06-22T14:38:42.249+0200] {processor.py:179} INFO - Processing /Users/saumyagoyal/JupyterNotebook/MLCon/MLCon_23/2_airflow/.venv/lib/python3.11/site-packages/airflow/example_dags/plugins/event_listener.py took 0.595 seconds
[2023-06-22T14:40:11.704+0200] {processor.py:157} INFO - Started process (PID=85195) to work on /Users/saumyagoyal/JupyterNotebook/MLCon/MLCon_23/2_airflow/.venv/lib/python3.11/site-packages/airflow/example_dags/plugins/event_listener.py
[2023-06-22T14:40:11.706+0200] {processor.py:826} INFO - Processing file /Users/saumyagoyal/JupyterNotebook/MLCon/MLCon_23/2_airflow/.venv/lib/python3.11/site-packages/airflow/example_dags/plugins/event_listener.py for tasks to queue
[2023-06-22T14:40:11.707+0200] {logging_mixin.py:149} INFO - [2023-06-22T14:40:11.707+0200] {dagbag.py:541} INFO - Filling up the DagBag from /Users/saumyagoyal/JupyterNotebook/MLCon/MLCon_23/2_airflow/.venv/lib/python3.11/site-packages/airflow/example_dags/plugins/event_listener.py
[2023-06-22T14:40:11.707+0200] {processor.py:838} WARNING - No viable dags retrieved from /Users/saumyagoyal/JupyterNotebook/MLCon/MLCon_23/2_airflow/.venv/lib/python3.11/site-packages/airflow/example_dags/plugins/event_listener.py
[2023-06-22T14:40:12.368+0200] {processor.py:179} INFO - Processing /Users/saumyagoyal/JupyterNotebook/MLCon/MLCon_23/2_airflow/.venv/lib/python3.11/site-packages/airflow/example_dags/plugins/event_listener.py took 0.665 seconds
[2023-06-22T14:41:39.532+0200] {processor.py:157} INFO - Started process (PID=85309) to work on /Users/saumyagoyal/JupyterNotebook/MLCon/MLCon_23/2_airflow/.venv/lib/python3.11/site-packages/airflow/example_dags/plugins/event_listener.py
[2023-06-22T14:41:39.534+0200] {processor.py:826} INFO - Processing file /Users/saumyagoyal/JupyterNotebook/MLCon/MLCon_23/2_airflow/.venv/lib/python3.11/site-packages/airflow/example_dags/plugins/event_listener.py for tasks to queue
[2023-06-22T14:41:39.534+0200] {logging_mixin.py:149} INFO - [2023-06-22T14:41:39.534+0200] {dagbag.py:541} INFO - Filling up the DagBag from /Users/saumyagoyal/JupyterNotebook/MLCon/MLCon_23/2_airflow/.venv/lib/python3.11/site-packages/airflow/example_dags/plugins/event_listener.py
[2023-06-22T14:41:39.535+0200] {processor.py:838} WARNING - No viable dags retrieved from /Users/saumyagoyal/JupyterNotebook/MLCon/MLCon_23/2_airflow/.venv/lib/python3.11/site-packages/airflow/example_dags/plugins/event_listener.py
[2023-06-22T14:41:40.116+0200] {processor.py:179} INFO - Processing /Users/saumyagoyal/JupyterNotebook/MLCon/MLCon_23/2_airflow/.venv/lib/python3.11/site-packages/airflow/example_dags/plugins/event_listener.py took 0.585 seconds
[2023-06-22T14:43:05.900+0200] {processor.py:157} INFO - Started process (PID=85410) to work on /Users/saumyagoyal/JupyterNotebook/MLCon/MLCon_23/2_airflow/.venv/lib/python3.11/site-packages/airflow/example_dags/plugins/event_listener.py
[2023-06-22T14:43:05.903+0200] {processor.py:826} INFO - Processing file /Users/saumyagoyal/JupyterNotebook/MLCon/MLCon_23/2_airflow/.venv/lib/python3.11/site-packages/airflow/example_dags/plugins/event_listener.py for tasks to queue
[2023-06-22T14:43:05.904+0200] {logging_mixin.py:149} INFO - [2023-06-22T14:43:05.903+0200] {dagbag.py:541} INFO - Filling up the DagBag from /Users/saumyagoyal/JupyterNotebook/MLCon/MLCon_23/2_airflow/.venv/lib/python3.11/site-packages/airflow/example_dags/plugins/event_listener.py
[2023-06-22T14:43:05.904+0200] {processor.py:838} WARNING - No viable dags retrieved from /Users/saumyagoyal/JupyterNotebook/MLCon/MLCon_23/2_airflow/.venv/lib/python3.11/site-packages/airflow/example_dags/plugins/event_listener.py
[2023-06-22T14:43:06.487+0200] {processor.py:179} INFO - Processing /Users/saumyagoyal/JupyterNotebook/MLCon/MLCon_23/2_airflow/.venv/lib/python3.11/site-packages/airflow/example_dags/plugins/event_listener.py took 0.587 seconds
[2023-06-22T14:44:30.691+0200] {processor.py:157} INFO - Started process (PID=85459) to work on /Users/saumyagoyal/JupyterNotebook/MLCon/MLCon_23/2_airflow/.venv/lib/python3.11/site-packages/airflow/example_dags/plugins/event_listener.py
[2023-06-22T14:44:30.694+0200] {processor.py:826} INFO - Processing file /Users/saumyagoyal/JupyterNotebook/MLCon/MLCon_23/2_airflow/.venv/lib/python3.11/site-packages/airflow/example_dags/plugins/event_listener.py for tasks to queue
[2023-06-22T14:44:30.694+0200] {logging_mixin.py:149} INFO - [2023-06-22T14:44:30.694+0200] {dagbag.py:541} INFO - Filling up the DagBag from /Users/saumyagoyal/JupyterNotebook/MLCon/MLCon_23/2_airflow/.venv/lib/python3.11/site-packages/airflow/example_dags/plugins/event_listener.py
[2023-06-22T14:44:30.695+0200] {processor.py:838} WARNING - No viable dags retrieved from /Users/saumyagoyal/JupyterNotebook/MLCon/MLCon_23/2_airflow/.venv/lib/python3.11/site-packages/airflow/example_dags/plugins/event_listener.py
[2023-06-22T14:44:31.339+0200] {processor.py:179} INFO - Processing /Users/saumyagoyal/JupyterNotebook/MLCon/MLCon_23/2_airflow/.venv/lib/python3.11/site-packages/airflow/example_dags/plugins/event_listener.py took 0.649 seconds
