[2023-06-22T14:25:30.022+0200] {processor.py:157} INFO - Started process (PID=84231) to work on /Users/saumyagoyal/JupyterNotebook/MLCon/MLCon_23/2_airflow/.venv/lib/python3.11/site-packages/airflow/example_dags/plugins/listener_plugin.py
[2023-06-22T14:25:30.024+0200] {processor.py:826} INFO - Processing file /Users/saumyagoyal/JupyterNotebook/MLCon/MLCon_23/2_airflow/.venv/lib/python3.11/site-packages/airflow/example_dags/plugins/listener_plugin.py for tasks to queue
[2023-06-22T14:25:30.024+0200] {logging_mixin.py:149} INFO - [2023-06-22T14:25:30.024+0200] {dagbag.py:541} INFO - Filling up the DagBag from /Users/saumyagoyal/JupyterNotebook/MLCon/MLCon_23/2_airflow/.venv/lib/python3.11/site-packages/airflow/example_dags/plugins/listener_plugin.py
[2023-06-22T14:25:30.025+0200] {processor.py:838} WARNING - No viable dags retrieved from /Users/saumyagoyal/JupyterNotebook/MLCon/MLCon_23/2_airflow/.venv/lib/python3.11/site-packages/airflow/example_dags/plugins/listener_plugin.py
[2023-06-22T14:25:30.641+0200] {processor.py:179} INFO - Processing /Users/saumyagoyal/JupyterNotebook/MLCon/MLCon_23/2_airflow/.venv/lib/python3.11/site-packages/airflow/example_dags/plugins/listener_plugin.py took 0.620 seconds
[2023-06-22T14:27:31.756+0200] {processor.py:157} INFO - Started process (PID=84310) to work on /Users/saumyagoyal/JupyterNotebook/MLCon/MLCon_23/2_airflow/.venv/lib/python3.11/site-packages/airflow/example_dags/plugins/listener_plugin.py
[2023-06-22T14:27:31.759+0200] {processor.py:826} INFO - Processing file /Users/saumyagoyal/JupyterNotebook/MLCon/MLCon_23/2_airflow/.venv/lib/python3.11/site-packages/airflow/example_dags/plugins/listener_plugin.py for tasks to queue
[2023-06-22T14:27:31.759+0200] {logging_mixin.py:149} INFO - [2023-06-22T14:27:31.759+0200] {dagbag.py:541} INFO - Filling up the DagBag from /Users/saumyagoyal/JupyterNotebook/MLCon/MLCon_23/2_airflow/.venv/lib/python3.11/site-packages/airflow/example_dags/plugins/listener_plugin.py
[2023-06-22T14:27:31.761+0200] {processor.py:838} WARNING - No viable dags retrieved from /Users/saumyagoyal/JupyterNotebook/MLCon/MLCon_23/2_airflow/.venv/lib/python3.11/site-packages/airflow/example_dags/plugins/listener_plugin.py
[2023-06-22T14:27:32.484+0200] {processor.py:179} INFO - Processing /Users/saumyagoyal/JupyterNotebook/MLCon/MLCon_23/2_airflow/.venv/lib/python3.11/site-packages/airflow/example_dags/plugins/listener_plugin.py took 0.728 seconds
[2023-06-22T14:28:57.367+0200] {processor.py:157} INFO - Started process (PID=84357) to work on /Users/saumyagoyal/JupyterNotebook/MLCon/MLCon_23/2_airflow/.venv/lib/python3.11/site-packages/airflow/example_dags/plugins/listener_plugin.py
[2023-06-22T14:28:57.370+0200] {processor.py:826} INFO - Processing file /Users/saumyagoyal/JupyterNotebook/MLCon/MLCon_23/2_airflow/.venv/lib/python3.11/site-packages/airflow/example_dags/plugins/listener_plugin.py for tasks to queue
[2023-06-22T14:28:57.370+0200] {logging_mixin.py:149} INFO - [2023-06-22T14:28:57.370+0200] {dagbag.py:541} INFO - Filling up the DagBag from /Users/saumyagoyal/JupyterNotebook/MLCon/MLCon_23/2_airflow/.venv/lib/python3.11/site-packages/airflow/example_dags/plugins/listener_plugin.py
[2023-06-22T14:28:57.372+0200] {processor.py:838} WARNING - No viable dags retrieved from /Users/saumyagoyal/JupyterNotebook/MLCon/MLCon_23/2_airflow/.venv/lib/python3.11/site-packages/airflow/example_dags/plugins/listener_plugin.py
[2023-06-22T14:28:57.948+0200] {processor.py:179} INFO - Processing /Users/saumyagoyal/JupyterNotebook/MLCon/MLCon_23/2_airflow/.venv/lib/python3.11/site-packages/airflow/example_dags/plugins/listener_plugin.py took 0.581 seconds
[2023-06-22T14:30:13.070+0200] {processor.py:157} INFO - Started process (PID=84397) to work on /Users/saumyagoyal/JupyterNotebook/MLCon/MLCon_23/2_airflow/.venv/lib/python3.11/site-packages/airflow/example_dags/plugins/listener_plugin.py
[2023-06-22T14:30:13.072+0200] {processor.py:826} INFO - Processing file /Users/saumyagoyal/JupyterNotebook/MLCon/MLCon_23/2_airflow/.venv/lib/python3.11/site-packages/airflow/example_dags/plugins/listener_plugin.py for tasks to queue
[2023-06-22T14:30:13.072+0200] {logging_mixin.py:149} INFO - [2023-06-22T14:30:13.072+0200] {dagbag.py:541} INFO - Filling up the DagBag from /Users/saumyagoyal/JupyterNotebook/MLCon/MLCon_23/2_airflow/.venv/lib/python3.11/site-packages/airflow/example_dags/plugins/listener_plugin.py
[2023-06-22T14:30:13.073+0200] {processor.py:838} WARNING - No viable dags retrieved from /Users/saumyagoyal/JupyterNotebook/MLCon/MLCon_23/2_airflow/.venv/lib/python3.11/site-packages/airflow/example_dags/plugins/listener_plugin.py
[2023-06-22T14:30:13.648+0200] {processor.py:179} INFO - Processing /Users/saumyagoyal/JupyterNotebook/MLCon/MLCon_23/2_airflow/.venv/lib/python3.11/site-packages/airflow/example_dags/plugins/listener_plugin.py took 0.579 seconds
[2023-06-22T14:31:27.616+0200] {processor.py:157} INFO - Started process (PID=84441) to work on /Users/saumyagoyal/JupyterNotebook/MLCon/MLCon_23/2_airflow/.venv/lib/python3.11/site-packages/airflow/example_dags/plugins/listener_plugin.py
[2023-06-22T14:31:27.619+0200] {processor.py:826} INFO - Processing file /Users/saumyagoyal/JupyterNotebook/MLCon/MLCon_23/2_airflow/.venv/lib/python3.11/site-packages/airflow/example_dags/plugins/listener_plugin.py for tasks to queue
[2023-06-22T14:31:27.619+0200] {logging_mixin.py:149} INFO - [2023-06-22T14:31:27.619+0200] {dagbag.py:541} INFO - Filling up the DagBag from /Users/saumyagoyal/JupyterNotebook/MLCon/MLCon_23/2_airflow/.venv/lib/python3.11/site-packages/airflow/example_dags/plugins/listener_plugin.py
[2023-06-22T14:31:27.620+0200] {processor.py:838} WARNING - No viable dags retrieved from /Users/saumyagoyal/JupyterNotebook/MLCon/MLCon_23/2_airflow/.venv/lib/python3.11/site-packages/airflow/example_dags/plugins/listener_plugin.py
[2023-06-22T14:31:28.197+0200] {processor.py:179} INFO - Processing /Users/saumyagoyal/JupyterNotebook/MLCon/MLCon_23/2_airflow/.venv/lib/python3.11/site-packages/airflow/example_dags/plugins/listener_plugin.py took 0.581 seconds
[2023-06-22T14:32:45.295+0200] {processor.py:157} INFO - Started process (PID=84482) to work on /Users/saumyagoyal/JupyterNotebook/MLCon/MLCon_23/2_airflow/.venv/lib/python3.11/site-packages/airflow/example_dags/plugins/listener_plugin.py
[2023-06-22T14:32:45.298+0200] {processor.py:826} INFO - Processing file /Users/saumyagoyal/JupyterNotebook/MLCon/MLCon_23/2_airflow/.venv/lib/python3.11/site-packages/airflow/example_dags/plugins/listener_plugin.py for tasks to queue
[2023-06-22T14:32:45.298+0200] {logging_mixin.py:149} INFO - [2023-06-22T14:32:45.298+0200] {dagbag.py:541} INFO - Filling up the DagBag from /Users/saumyagoyal/JupyterNotebook/MLCon/MLCon_23/2_airflow/.venv/lib/python3.11/site-packages/airflow/example_dags/plugins/listener_plugin.py
[2023-06-22T14:32:45.299+0200] {processor.py:838} WARNING - No viable dags retrieved from /Users/saumyagoyal/JupyterNotebook/MLCon/MLCon_23/2_airflow/.venv/lib/python3.11/site-packages/airflow/example_dags/plugins/listener_plugin.py
[2023-06-22T14:32:45.869+0200] {processor.py:179} INFO - Processing /Users/saumyagoyal/JupyterNotebook/MLCon/MLCon_23/2_airflow/.venv/lib/python3.11/site-packages/airflow/example_dags/plugins/listener_plugin.py took 0.574 seconds
[2023-06-22T14:34:09.508+0200] {processor.py:157} INFO - Started process (PID=84681) to work on /Users/saumyagoyal/JupyterNotebook/MLCon/MLCon_23/2_airflow/.venv/lib/python3.11/site-packages/airflow/example_dags/plugins/listener_plugin.py
[2023-06-22T14:34:09.510+0200] {processor.py:826} INFO - Processing file /Users/saumyagoyal/JupyterNotebook/MLCon/MLCon_23/2_airflow/.venv/lib/python3.11/site-packages/airflow/example_dags/plugins/listener_plugin.py for tasks to queue
[2023-06-22T14:34:09.510+0200] {logging_mixin.py:149} INFO - [2023-06-22T14:34:09.510+0200] {dagbag.py:541} INFO - Filling up the DagBag from /Users/saumyagoyal/JupyterNotebook/MLCon/MLCon_23/2_airflow/.venv/lib/python3.11/site-packages/airflow/example_dags/plugins/listener_plugin.py
[2023-06-22T14:34:09.512+0200] {processor.py:838} WARNING - No viable dags retrieved from /Users/saumyagoyal/JupyterNotebook/MLCon/MLCon_23/2_airflow/.venv/lib/python3.11/site-packages/airflow/example_dags/plugins/listener_plugin.py
[2023-06-22T14:34:10.095+0200] {processor.py:179} INFO - Processing /Users/saumyagoyal/JupyterNotebook/MLCon/MLCon_23/2_airflow/.venv/lib/python3.11/site-packages/airflow/example_dags/plugins/listener_plugin.py took 0.588 seconds
[2023-06-22T14:35:40.533+0200] {processor.py:157} INFO - Started process (PID=84750) to work on /Users/saumyagoyal/JupyterNotebook/MLCon/MLCon_23/2_airflow/.venv/lib/python3.11/site-packages/airflow/example_dags/plugins/listener_plugin.py
[2023-06-22T14:35:40.536+0200] {processor.py:826} INFO - Processing file /Users/saumyagoyal/JupyterNotebook/MLCon/MLCon_23/2_airflow/.venv/lib/python3.11/site-packages/airflow/example_dags/plugins/listener_plugin.py for tasks to queue
[2023-06-22T14:35:40.536+0200] {logging_mixin.py:149} INFO - [2023-06-22T14:35:40.536+0200] {dagbag.py:541} INFO - Filling up the DagBag from /Users/saumyagoyal/JupyterNotebook/MLCon/MLCon_23/2_airflow/.venv/lib/python3.11/site-packages/airflow/example_dags/plugins/listener_plugin.py
[2023-06-22T14:35:40.539+0200] {processor.py:838} WARNING - No viable dags retrieved from /Users/saumyagoyal/JupyterNotebook/MLCon/MLCon_23/2_airflow/.venv/lib/python3.11/site-packages/airflow/example_dags/plugins/listener_plugin.py
[2023-06-22T14:35:41.148+0200] {processor.py:179} INFO - Processing /Users/saumyagoyal/JupyterNotebook/MLCon/MLCon_23/2_airflow/.venv/lib/python3.11/site-packages/airflow/example_dags/plugins/listener_plugin.py took 0.615 seconds
[2023-06-22T14:37:11.289+0200] {processor.py:157} INFO - Started process (PID=84946) to work on /Users/saumyagoyal/JupyterNotebook/MLCon/MLCon_23/2_airflow/.venv/lib/python3.11/site-packages/airflow/example_dags/plugins/listener_plugin.py
[2023-06-22T14:37:11.293+0200] {processor.py:826} INFO - Processing file /Users/saumyagoyal/JupyterNotebook/MLCon/MLCon_23/2_airflow/.venv/lib/python3.11/site-packages/airflow/example_dags/plugins/listener_plugin.py for tasks to queue
[2023-06-22T14:37:11.293+0200] {logging_mixin.py:149} INFO - [2023-06-22T14:37:11.293+0200] {dagbag.py:541} INFO - Filling up the DagBag from /Users/saumyagoyal/JupyterNotebook/MLCon/MLCon_23/2_airflow/.venv/lib/python3.11/site-packages/airflow/example_dags/plugins/listener_plugin.py
[2023-06-22T14:37:11.295+0200] {processor.py:838} WARNING - No viable dags retrieved from /Users/saumyagoyal/JupyterNotebook/MLCon/MLCon_23/2_airflow/.venv/lib/python3.11/site-packages/airflow/example_dags/plugins/listener_plugin.py
[2023-06-22T14:37:11.885+0200] {processor.py:179} INFO - Processing /Users/saumyagoyal/JupyterNotebook/MLCon/MLCon_23/2_airflow/.venv/lib/python3.11/site-packages/airflow/example_dags/plugins/listener_plugin.py took 0.596 seconds
[2023-06-22T14:38:39.145+0200] {processor.py:157} INFO - Started process (PID=85051) to work on /Users/saumyagoyal/JupyterNotebook/MLCon/MLCon_23/2_airflow/.venv/lib/python3.11/site-packages/airflow/example_dags/plugins/listener_plugin.py
[2023-06-22T14:38:39.148+0200] {processor.py:826} INFO - Processing file /Users/saumyagoyal/JupyterNotebook/MLCon/MLCon_23/2_airflow/.venv/lib/python3.11/site-packages/airflow/example_dags/plugins/listener_plugin.py for tasks to queue
[2023-06-22T14:38:39.149+0200] {logging_mixin.py:149} INFO - [2023-06-22T14:38:39.149+0200] {dagbag.py:541} INFO - Filling up the DagBag from /Users/saumyagoyal/JupyterNotebook/MLCon/MLCon_23/2_airflow/.venv/lib/python3.11/site-packages/airflow/example_dags/plugins/listener_plugin.py
[2023-06-22T14:38:39.151+0200] {processor.py:838} WARNING - No viable dags retrieved from /Users/saumyagoyal/JupyterNotebook/MLCon/MLCon_23/2_airflow/.venv/lib/python3.11/site-packages/airflow/example_dags/plugins/listener_plugin.py
[2023-06-22T14:38:39.752+0200] {processor.py:179} INFO - Processing /Users/saumyagoyal/JupyterNotebook/MLCon/MLCon_23/2_airflow/.venv/lib/python3.11/site-packages/airflow/example_dags/plugins/listener_plugin.py took 0.608 seconds
[2023-06-22T14:40:09.024+0200] {processor.py:157} INFO - Started process (PID=85184) to work on /Users/saumyagoyal/JupyterNotebook/MLCon/MLCon_23/2_airflow/.venv/lib/python3.11/site-packages/airflow/example_dags/plugins/listener_plugin.py
[2023-06-22T14:40:09.027+0200] {processor.py:826} INFO - Processing file /Users/saumyagoyal/JupyterNotebook/MLCon/MLCon_23/2_airflow/.venv/lib/python3.11/site-packages/airflow/example_dags/plugins/listener_plugin.py for tasks to queue
[2023-06-22T14:40:09.027+0200] {logging_mixin.py:149} INFO - [2023-06-22T14:40:09.027+0200] {dagbag.py:541} INFO - Filling up the DagBag from /Users/saumyagoyal/JupyterNotebook/MLCon/MLCon_23/2_airflow/.venv/lib/python3.11/site-packages/airflow/example_dags/plugins/listener_plugin.py
[2023-06-22T14:40:09.029+0200] {processor.py:838} WARNING - No viable dags retrieved from /Users/saumyagoyal/JupyterNotebook/MLCon/MLCon_23/2_airflow/.venv/lib/python3.11/site-packages/airflow/example_dags/plugins/listener_plugin.py
[2023-06-22T14:40:09.691+0200] {processor.py:179} INFO - Processing /Users/saumyagoyal/JupyterNotebook/MLCon/MLCon_23/2_airflow/.venv/lib/python3.11/site-packages/airflow/example_dags/plugins/listener_plugin.py took 0.668 seconds
[2023-06-22T14:41:37.948+0200] {processor.py:157} INFO - Started process (PID=85308) to work on /Users/saumyagoyal/JupyterNotebook/MLCon/MLCon_23/2_airflow/.venv/lib/python3.11/site-packages/airflow/example_dags/plugins/listener_plugin.py
[2023-06-22T14:41:37.951+0200] {processor.py:826} INFO - Processing file /Users/saumyagoyal/JupyterNotebook/MLCon/MLCon_23/2_airflow/.venv/lib/python3.11/site-packages/airflow/example_dags/plugins/listener_plugin.py for tasks to queue
[2023-06-22T14:41:37.951+0200] {logging_mixin.py:149} INFO - [2023-06-22T14:41:37.951+0200] {dagbag.py:541} INFO - Filling up the DagBag from /Users/saumyagoyal/JupyterNotebook/MLCon/MLCon_23/2_airflow/.venv/lib/python3.11/site-packages/airflow/example_dags/plugins/listener_plugin.py
[2023-06-22T14:41:37.952+0200] {processor.py:838} WARNING - No viable dags retrieved from /Users/saumyagoyal/JupyterNotebook/MLCon/MLCon_23/2_airflow/.venv/lib/python3.11/site-packages/airflow/example_dags/plugins/listener_plugin.py
[2023-06-22T14:41:38.522+0200] {processor.py:179} INFO - Processing /Users/saumyagoyal/JupyterNotebook/MLCon/MLCon_23/2_airflow/.venv/lib/python3.11/site-packages/airflow/example_dags/plugins/listener_plugin.py took 0.574 seconds
[2023-06-22T14:43:03.154+0200] {processor.py:157} INFO - Started process (PID=85409) to work on /Users/saumyagoyal/JupyterNotebook/MLCon/MLCon_23/2_airflow/.venv/lib/python3.11/site-packages/airflow/example_dags/plugins/listener_plugin.py
[2023-06-22T14:43:03.156+0200] {processor.py:826} INFO - Processing file /Users/saumyagoyal/JupyterNotebook/MLCon/MLCon_23/2_airflow/.venv/lib/python3.11/site-packages/airflow/example_dags/plugins/listener_plugin.py for tasks to queue
[2023-06-22T14:43:03.156+0200] {logging_mixin.py:149} INFO - [2023-06-22T14:43:03.156+0200] {dagbag.py:541} INFO - Filling up the DagBag from /Users/saumyagoyal/JupyterNotebook/MLCon/MLCon_23/2_airflow/.venv/lib/python3.11/site-packages/airflow/example_dags/plugins/listener_plugin.py
[2023-06-22T14:43:03.158+0200] {processor.py:838} WARNING - No viable dags retrieved from /Users/saumyagoyal/JupyterNotebook/MLCon/MLCon_23/2_airflow/.venv/lib/python3.11/site-packages/airflow/example_dags/plugins/listener_plugin.py
[2023-06-22T14:43:03.735+0200] {processor.py:179} INFO - Processing /Users/saumyagoyal/JupyterNotebook/MLCon/MLCon_23/2_airflow/.venv/lib/python3.11/site-packages/airflow/example_dags/plugins/listener_plugin.py took 0.581 seconds
[2023-06-22T14:44:28.074+0200] {processor.py:157} INFO - Started process (PID=85458) to work on /Users/saumyagoyal/JupyterNotebook/MLCon/MLCon_23/2_airflow/.venv/lib/python3.11/site-packages/airflow/example_dags/plugins/listener_plugin.py
[2023-06-22T14:44:28.077+0200] {processor.py:826} INFO - Processing file /Users/saumyagoyal/JupyterNotebook/MLCon/MLCon_23/2_airflow/.venv/lib/python3.11/site-packages/airflow/example_dags/plugins/listener_plugin.py for tasks to queue
[2023-06-22T14:44:28.078+0200] {logging_mixin.py:149} INFO - [2023-06-22T14:44:28.077+0200] {dagbag.py:541} INFO - Filling up the DagBag from /Users/saumyagoyal/JupyterNotebook/MLCon/MLCon_23/2_airflow/.venv/lib/python3.11/site-packages/airflow/example_dags/plugins/listener_plugin.py
[2023-06-22T14:44:28.081+0200] {processor.py:838} WARNING - No viable dags retrieved from /Users/saumyagoyal/JupyterNotebook/MLCon/MLCon_23/2_airflow/.venv/lib/python3.11/site-packages/airflow/example_dags/plugins/listener_plugin.py
[2023-06-22T14:44:28.749+0200] {processor.py:179} INFO - Processing /Users/saumyagoyal/JupyterNotebook/MLCon/MLCon_23/2_airflow/.venv/lib/python3.11/site-packages/airflow/example_dags/plugins/listener_plugin.py took 0.675 seconds
