[2023-06-22T14:25:27.494+0200] {processor.py:157} INFO - Started process (PID=84228) to work on /Users/saumyagoyal/JupyterNotebook/MLCon/MLCon_23/2_airflow/.venv/lib/python3.11/site-packages/airflow/example_dags/plugins/workday.py
[2023-06-22T14:25:27.497+0200] {processor.py:826} INFO - Processing file /Users/saumyagoyal/JupyterNotebook/MLCon/MLCon_23/2_airflow/.venv/lib/python3.11/site-packages/airflow/example_dags/plugins/workday.py for tasks to queue
[2023-06-22T14:25:27.497+0200] {logging_mixin.py:149} INFO - [2023-06-22T14:25:27.497+0200] {dagbag.py:541} INFO - Filling up the DagBag from /Users/saumyagoyal/JupyterNotebook/MLCon/MLCon_23/2_airflow/.venv/lib/python3.11/site-packages/airflow/example_dags/plugins/workday.py
[2023-06-22T14:25:27.498+0200] {logging_mixin.py:149} INFO - [2023-06-22T14:25:27.498+0200] {workday.py:36} WARNING - Could not import pandas. Holidays will not be considered.
[2023-06-22T14:25:27.498+0200] {processor.py:838} WARNING - No viable dags retrieved from /Users/saumyagoyal/JupyterNotebook/MLCon/MLCon_23/2_airflow/.venv/lib/python3.11/site-packages/airflow/example_dags/plugins/workday.py
[2023-06-22T14:25:28.119+0200] {processor.py:179} INFO - Processing /Users/saumyagoyal/JupyterNotebook/MLCon/MLCon_23/2_airflow/.venv/lib/python3.11/site-packages/airflow/example_dags/plugins/workday.py took 0.625 seconds
[2023-06-22T14:27:29.003+0200] {processor.py:157} INFO - Started process (PID=84307) to work on /Users/saumyagoyal/JupyterNotebook/MLCon/MLCon_23/2_airflow/.venv/lib/python3.11/site-packages/airflow/example_dags/plugins/workday.py
[2023-06-22T14:27:29.006+0200] {processor.py:826} INFO - Processing file /Users/saumyagoyal/JupyterNotebook/MLCon/MLCon_23/2_airflow/.venv/lib/python3.11/site-packages/airflow/example_dags/plugins/workday.py for tasks to queue
[2023-06-22T14:27:29.007+0200] {logging_mixin.py:149} INFO - [2023-06-22T14:27:29.006+0200] {dagbag.py:541} INFO - Filling up the DagBag from /Users/saumyagoyal/JupyterNotebook/MLCon/MLCon_23/2_airflow/.venv/lib/python3.11/site-packages/airflow/example_dags/plugins/workday.py
[2023-06-22T14:27:29.008+0200] {logging_mixin.py:149} INFO - [2023-06-22T14:27:29.008+0200] {workday.py:36} WARNING - Could not import pandas. Holidays will not be considered.
[2023-06-22T14:27:29.008+0200] {processor.py:838} WARNING - No viable dags retrieved from /Users/saumyagoyal/JupyterNotebook/MLCon/MLCon_23/2_airflow/.venv/lib/python3.11/site-packages/airflow/example_dags/plugins/workday.py
[2023-06-22T14:27:29.689+0200] {processor.py:179} INFO - Processing /Users/saumyagoyal/JupyterNotebook/MLCon/MLCon_23/2_airflow/.venv/lib/python3.11/site-packages/airflow/example_dags/plugins/workday.py took 0.686 seconds
[2023-06-22T14:28:55.862+0200] {processor.py:157} INFO - Started process (PID=84356) to work on /Users/saumyagoyal/JupyterNotebook/MLCon/MLCon_23/2_airflow/.venv/lib/python3.11/site-packages/airflow/example_dags/plugins/workday.py
[2023-06-22T14:28:55.864+0200] {processor.py:826} INFO - Processing file /Users/saumyagoyal/JupyterNotebook/MLCon/MLCon_23/2_airflow/.venv/lib/python3.11/site-packages/airflow/example_dags/plugins/workday.py for tasks to queue
[2023-06-22T14:28:55.864+0200] {logging_mixin.py:149} INFO - [2023-06-22T14:28:55.864+0200] {dagbag.py:541} INFO - Filling up the DagBag from /Users/saumyagoyal/JupyterNotebook/MLCon/MLCon_23/2_airflow/.venv/lib/python3.11/site-packages/airflow/example_dags/plugins/workday.py
[2023-06-22T14:28:55.865+0200] {logging_mixin.py:149} INFO - [2023-06-22T14:28:55.865+0200] {workday.py:36} WARNING - Could not import pandas. Holidays will not be considered.
[2023-06-22T14:28:55.866+0200] {processor.py:838} WARNING - No viable dags retrieved from /Users/saumyagoyal/JupyterNotebook/MLCon/MLCon_23/2_airflow/.venv/lib/python3.11/site-packages/airflow/example_dags/plugins/workday.py
[2023-06-22T14:28:56.450+0200] {processor.py:179} INFO - Processing /Users/saumyagoyal/JupyterNotebook/MLCon/MLCon_23/2_airflow/.venv/lib/python3.11/site-packages/airflow/example_dags/plugins/workday.py took 0.589 seconds
[2023-06-22T14:30:11.576+0200] {processor.py:157} INFO - Started process (PID=84396) to work on /Users/saumyagoyal/JupyterNotebook/MLCon/MLCon_23/2_airflow/.venv/lib/python3.11/site-packages/airflow/example_dags/plugins/workday.py
[2023-06-22T14:30:11.579+0200] {processor.py:826} INFO - Processing file /Users/saumyagoyal/JupyterNotebook/MLCon/MLCon_23/2_airflow/.venv/lib/python3.11/site-packages/airflow/example_dags/plugins/workday.py for tasks to queue
[2023-06-22T14:30:11.579+0200] {logging_mixin.py:149} INFO - [2023-06-22T14:30:11.579+0200] {dagbag.py:541} INFO - Filling up the DagBag from /Users/saumyagoyal/JupyterNotebook/MLCon/MLCon_23/2_airflow/.venv/lib/python3.11/site-packages/airflow/example_dags/plugins/workday.py
[2023-06-22T14:30:11.580+0200] {logging_mixin.py:149} INFO - [2023-06-22T14:30:11.580+0200] {workday.py:36} WARNING - Could not import pandas. Holidays will not be considered.
[2023-06-22T14:30:11.580+0200] {processor.py:838} WARNING - No viable dags retrieved from /Users/saumyagoyal/JupyterNotebook/MLCon/MLCon_23/2_airflow/.venv/lib/python3.11/site-packages/airflow/example_dags/plugins/workday.py
[2023-06-22T14:30:12.157+0200] {processor.py:179} INFO - Processing /Users/saumyagoyal/JupyterNotebook/MLCon/MLCon_23/2_airflow/.venv/lib/python3.11/site-packages/airflow/example_dags/plugins/workday.py took 0.581 seconds
[2023-06-22T14:31:25.653+0200] {processor.py:157} INFO - Started process (PID=84439) to work on /Users/saumyagoyal/JupyterNotebook/MLCon/MLCon_23/2_airflow/.venv/lib/python3.11/site-packages/airflow/example_dags/plugins/workday.py
[2023-06-22T14:31:25.655+0200] {processor.py:826} INFO - Processing file /Users/saumyagoyal/JupyterNotebook/MLCon/MLCon_23/2_airflow/.venv/lib/python3.11/site-packages/airflow/example_dags/plugins/workday.py for tasks to queue
[2023-06-22T14:31:25.656+0200] {logging_mixin.py:149} INFO - [2023-06-22T14:31:25.656+0200] {dagbag.py:541} INFO - Filling up the DagBag from /Users/saumyagoyal/JupyterNotebook/MLCon/MLCon_23/2_airflow/.venv/lib/python3.11/site-packages/airflow/example_dags/plugins/workday.py
[2023-06-22T14:31:25.657+0200] {logging_mixin.py:149} INFO - [2023-06-22T14:31:25.657+0200] {workday.py:36} WARNING - Could not import pandas. Holidays will not be considered.
[2023-06-22T14:31:25.657+0200] {processor.py:838} WARNING - No viable dags retrieved from /Users/saumyagoyal/JupyterNotebook/MLCon/MLCon_23/2_airflow/.venv/lib/python3.11/site-packages/airflow/example_dags/plugins/workday.py
[2023-06-22T14:31:26.269+0200] {processor.py:179} INFO - Processing /Users/saumyagoyal/JupyterNotebook/MLCon/MLCon_23/2_airflow/.venv/lib/python3.11/site-packages/airflow/example_dags/plugins/workday.py took 0.616 seconds
[2023-06-22T14:32:43.810+0200] {processor.py:157} INFO - Started process (PID=84481) to work on /Users/saumyagoyal/JupyterNotebook/MLCon/MLCon_23/2_airflow/.venv/lib/python3.11/site-packages/airflow/example_dags/plugins/workday.py
[2023-06-22T14:32:43.812+0200] {processor.py:826} INFO - Processing file /Users/saumyagoyal/JupyterNotebook/MLCon/MLCon_23/2_airflow/.venv/lib/python3.11/site-packages/airflow/example_dags/plugins/workday.py for tasks to queue
[2023-06-22T14:32:43.813+0200] {logging_mixin.py:149} INFO - [2023-06-22T14:32:43.813+0200] {dagbag.py:541} INFO - Filling up the DagBag from /Users/saumyagoyal/JupyterNotebook/MLCon/MLCon_23/2_airflow/.venv/lib/python3.11/site-packages/airflow/example_dags/plugins/workday.py
[2023-06-22T14:32:43.814+0200] {logging_mixin.py:149} INFO - [2023-06-22T14:32:43.814+0200] {workday.py:36} WARNING - Could not import pandas. Holidays will not be considered.
[2023-06-22T14:32:43.814+0200] {processor.py:838} WARNING - No viable dags retrieved from /Users/saumyagoyal/JupyterNotebook/MLCon/MLCon_23/2_airflow/.venv/lib/python3.11/site-packages/airflow/example_dags/plugins/workday.py
[2023-06-22T14:32:44.396+0200] {processor.py:179} INFO - Processing /Users/saumyagoyal/JupyterNotebook/MLCon/MLCon_23/2_airflow/.venv/lib/python3.11/site-packages/airflow/example_dags/plugins/workday.py took 0.587 seconds
[2023-06-22T14:34:07.056+0200] {processor.py:157} INFO - Started process (PID=84679) to work on /Users/saumyagoyal/JupyterNotebook/MLCon/MLCon_23/2_airflow/.venv/lib/python3.11/site-packages/airflow/example_dags/plugins/workday.py
[2023-06-22T14:34:07.058+0200] {processor.py:826} INFO - Processing file /Users/saumyagoyal/JupyterNotebook/MLCon/MLCon_23/2_airflow/.venv/lib/python3.11/site-packages/airflow/example_dags/plugins/workday.py for tasks to queue
[2023-06-22T14:34:07.058+0200] {logging_mixin.py:149} INFO - [2023-06-22T14:34:07.058+0200] {dagbag.py:541} INFO - Filling up the DagBag from /Users/saumyagoyal/JupyterNotebook/MLCon/MLCon_23/2_airflow/.venv/lib/python3.11/site-packages/airflow/example_dags/plugins/workday.py
[2023-06-22T14:34:07.059+0200] {logging_mixin.py:149} INFO - [2023-06-22T14:34:07.059+0200] {workday.py:36} WARNING - Could not import pandas. Holidays will not be considered.
[2023-06-22T14:34:07.059+0200] {processor.py:838} WARNING - No viable dags retrieved from /Users/saumyagoyal/JupyterNotebook/MLCon/MLCon_23/2_airflow/.venv/lib/python3.11/site-packages/airflow/example_dags/plugins/workday.py
[2023-06-22T14:34:07.630+0200] {processor.py:179} INFO - Processing /Users/saumyagoyal/JupyterNotebook/MLCon/MLCon_23/2_airflow/.venv/lib/python3.11/site-packages/airflow/example_dags/plugins/workday.py took 0.575 seconds
[2023-06-22T14:35:37.938+0200] {processor.py:157} INFO - Started process (PID=84748) to work on /Users/saumyagoyal/JupyterNotebook/MLCon/MLCon_23/2_airflow/.venv/lib/python3.11/site-packages/airflow/example_dags/plugins/workday.py
[2023-06-22T14:35:37.940+0200] {processor.py:826} INFO - Processing file /Users/saumyagoyal/JupyterNotebook/MLCon/MLCon_23/2_airflow/.venv/lib/python3.11/site-packages/airflow/example_dags/plugins/workday.py for tasks to queue
[2023-06-22T14:35:37.941+0200] {logging_mixin.py:149} INFO - [2023-06-22T14:35:37.940+0200] {dagbag.py:541} INFO - Filling up the DagBag from /Users/saumyagoyal/JupyterNotebook/MLCon/MLCon_23/2_airflow/.venv/lib/python3.11/site-packages/airflow/example_dags/plugins/workday.py
[2023-06-22T14:35:37.941+0200] {logging_mixin.py:149} INFO - [2023-06-22T14:35:37.941+0200] {workday.py:36} WARNING - Could not import pandas. Holidays will not be considered.
[2023-06-22T14:35:37.942+0200] {processor.py:838} WARNING - No viable dags retrieved from /Users/saumyagoyal/JupyterNotebook/MLCon/MLCon_23/2_airflow/.venv/lib/python3.11/site-packages/airflow/example_dags/plugins/workday.py
[2023-06-22T14:35:38.567+0200] {processor.py:179} INFO - Processing /Users/saumyagoyal/JupyterNotebook/MLCon/MLCon_23/2_airflow/.venv/lib/python3.11/site-packages/airflow/example_dags/plugins/workday.py took 0.629 seconds
[2023-06-22T14:37:08.716+0200] {processor.py:157} INFO - Started process (PID=84944) to work on /Users/saumyagoyal/JupyterNotebook/MLCon/MLCon_23/2_airflow/.venv/lib/python3.11/site-packages/airflow/example_dags/plugins/workday.py
[2023-06-22T14:37:08.719+0200] {processor.py:826} INFO - Processing file /Users/saumyagoyal/JupyterNotebook/MLCon/MLCon_23/2_airflow/.venv/lib/python3.11/site-packages/airflow/example_dags/plugins/workday.py for tasks to queue
[2023-06-22T14:37:08.719+0200] {logging_mixin.py:149} INFO - [2023-06-22T14:37:08.719+0200] {dagbag.py:541} INFO - Filling up the DagBag from /Users/saumyagoyal/JupyterNotebook/MLCon/MLCon_23/2_airflow/.venv/lib/python3.11/site-packages/airflow/example_dags/plugins/workday.py
[2023-06-22T14:37:08.721+0200] {logging_mixin.py:149} INFO - [2023-06-22T14:37:08.720+0200] {workday.py:36} WARNING - Could not import pandas. Holidays will not be considered.
[2023-06-22T14:37:08.721+0200] {processor.py:838} WARNING - No viable dags retrieved from /Users/saumyagoyal/JupyterNotebook/MLCon/MLCon_23/2_airflow/.venv/lib/python3.11/site-packages/airflow/example_dags/plugins/workday.py
[2023-06-22T14:37:09.351+0200] {processor.py:179} INFO - Processing /Users/saumyagoyal/JupyterNotebook/MLCon/MLCon_23/2_airflow/.venv/lib/python3.11/site-packages/airflow/example_dags/plugins/workday.py took 0.636 seconds
[2023-06-22T14:38:36.639+0200] {processor.py:157} INFO - Started process (PID=85049) to work on /Users/saumyagoyal/JupyterNotebook/MLCon/MLCon_23/2_airflow/.venv/lib/python3.11/site-packages/airflow/example_dags/plugins/workday.py
[2023-06-22T14:38:36.642+0200] {processor.py:826} INFO - Processing file /Users/saumyagoyal/JupyterNotebook/MLCon/MLCon_23/2_airflow/.venv/lib/python3.11/site-packages/airflow/example_dags/plugins/workday.py for tasks to queue
[2023-06-22T14:38:36.643+0200] {logging_mixin.py:149} INFO - [2023-06-22T14:38:36.643+0200] {dagbag.py:541} INFO - Filling up the DagBag from /Users/saumyagoyal/JupyterNotebook/MLCon/MLCon_23/2_airflow/.venv/lib/python3.11/site-packages/airflow/example_dags/plugins/workday.py
[2023-06-22T14:38:36.644+0200] {logging_mixin.py:149} INFO - [2023-06-22T14:38:36.644+0200] {workday.py:36} WARNING - Could not import pandas. Holidays will not be considered.
[2023-06-22T14:38:36.644+0200] {processor.py:838} WARNING - No viable dags retrieved from /Users/saumyagoyal/JupyterNotebook/MLCon/MLCon_23/2_airflow/.venv/lib/python3.11/site-packages/airflow/example_dags/plugins/workday.py
[2023-06-22T14:38:37.237+0200] {processor.py:179} INFO - Processing /Users/saumyagoyal/JupyterNotebook/MLCon/MLCon_23/2_airflow/.venv/lib/python3.11/site-packages/airflow/example_dags/plugins/workday.py took 0.599 seconds
[2023-06-22T14:40:06.365+0200] {processor.py:157} INFO - Started process (PID=85180) to work on /Users/saumyagoyal/JupyterNotebook/MLCon/MLCon_23/2_airflow/.venv/lib/python3.11/site-packages/airflow/example_dags/plugins/workday.py
[2023-06-22T14:40:06.369+0200] {processor.py:826} INFO - Processing file /Users/saumyagoyal/JupyterNotebook/MLCon/MLCon_23/2_airflow/.venv/lib/python3.11/site-packages/airflow/example_dags/plugins/workday.py for tasks to queue
[2023-06-22T14:40:06.369+0200] {logging_mixin.py:149} INFO - [2023-06-22T14:40:06.369+0200] {dagbag.py:541} INFO - Filling up the DagBag from /Users/saumyagoyal/JupyterNotebook/MLCon/MLCon_23/2_airflow/.venv/lib/python3.11/site-packages/airflow/example_dags/plugins/workday.py
[2023-06-22T14:40:06.370+0200] {logging_mixin.py:149} INFO - [2023-06-22T14:40:06.370+0200] {workday.py:36} WARNING - Could not import pandas. Holidays will not be considered.
[2023-06-22T14:40:06.370+0200] {processor.py:838} WARNING - No viable dags retrieved from /Users/saumyagoyal/JupyterNotebook/MLCon/MLCon_23/2_airflow/.venv/lib/python3.11/site-packages/airflow/example_dags/plugins/workday.py
[2023-06-22T14:40:07.018+0200] {processor.py:179} INFO - Processing /Users/saumyagoyal/JupyterNotebook/MLCon/MLCon_23/2_airflow/.venv/lib/python3.11/site-packages/airflow/example_dags/plugins/workday.py took 0.654 seconds
[2023-06-22T14:41:35.478+0200] {processor.py:157} INFO - Started process (PID=85307) to work on /Users/saumyagoyal/JupyterNotebook/MLCon/MLCon_23/2_airflow/.venv/lib/python3.11/site-packages/airflow/example_dags/plugins/workday.py
[2023-06-22T14:41:35.480+0200] {processor.py:826} INFO - Processing file /Users/saumyagoyal/JupyterNotebook/MLCon/MLCon_23/2_airflow/.venv/lib/python3.11/site-packages/airflow/example_dags/plugins/workday.py for tasks to queue
[2023-06-22T14:41:35.480+0200] {logging_mixin.py:149} INFO - [2023-06-22T14:41:35.480+0200] {dagbag.py:541} INFO - Filling up the DagBag from /Users/saumyagoyal/JupyterNotebook/MLCon/MLCon_23/2_airflow/.venv/lib/python3.11/site-packages/airflow/example_dags/plugins/workday.py
[2023-06-22T14:41:35.481+0200] {logging_mixin.py:149} INFO - [2023-06-22T14:41:35.481+0200] {workday.py:36} WARNING - Could not import pandas. Holidays will not be considered.
[2023-06-22T14:41:35.481+0200] {processor.py:838} WARNING - No viable dags retrieved from /Users/saumyagoyal/JupyterNotebook/MLCon/MLCon_23/2_airflow/.venv/lib/python3.11/site-packages/airflow/example_dags/plugins/workday.py
[2023-06-22T14:41:36.044+0200] {processor.py:179} INFO - Processing /Users/saumyagoyal/JupyterNotebook/MLCon/MLCon_23/2_airflow/.venv/lib/python3.11/site-packages/airflow/example_dags/plugins/workday.py took 0.567 seconds
[2023-06-22T14:43:00.573+0200] {processor.py:157} INFO - Started process (PID=85407) to work on /Users/saumyagoyal/JupyterNotebook/MLCon/MLCon_23/2_airflow/.venv/lib/python3.11/site-packages/airflow/example_dags/plugins/workday.py
[2023-06-22T14:43:00.575+0200] {processor.py:826} INFO - Processing file /Users/saumyagoyal/JupyterNotebook/MLCon/MLCon_23/2_airflow/.venv/lib/python3.11/site-packages/airflow/example_dags/plugins/workday.py for tasks to queue
[2023-06-22T14:43:00.575+0200] {logging_mixin.py:149} INFO - [2023-06-22T14:43:00.575+0200] {dagbag.py:541} INFO - Filling up the DagBag from /Users/saumyagoyal/JupyterNotebook/MLCon/MLCon_23/2_airflow/.venv/lib/python3.11/site-packages/airflow/example_dags/plugins/workday.py
[2023-06-22T14:43:00.576+0200] {logging_mixin.py:149} INFO - [2023-06-22T14:43:00.576+0200] {workday.py:36} WARNING - Could not import pandas. Holidays will not be considered.
[2023-06-22T14:43:00.576+0200] {processor.py:838} WARNING - No viable dags retrieved from /Users/saumyagoyal/JupyterNotebook/MLCon/MLCon_23/2_airflow/.venv/lib/python3.11/site-packages/airflow/example_dags/plugins/workday.py
[2023-06-22T14:43:01.233+0200] {processor.py:179} INFO - Processing /Users/saumyagoyal/JupyterNotebook/MLCon/MLCon_23/2_airflow/.venv/lib/python3.11/site-packages/airflow/example_dags/plugins/workday.py took 0.661 seconds
[2023-06-22T14:44:25.325+0200] {processor.py:157} INFO - Started process (PID=85453) to work on /Users/saumyagoyal/JupyterNotebook/MLCon/MLCon_23/2_airflow/.venv/lib/python3.11/site-packages/airflow/example_dags/plugins/workday.py
[2023-06-22T14:44:25.328+0200] {processor.py:826} INFO - Processing file /Users/saumyagoyal/JupyterNotebook/MLCon/MLCon_23/2_airflow/.venv/lib/python3.11/site-packages/airflow/example_dags/plugins/workday.py for tasks to queue
[2023-06-22T14:44:25.328+0200] {logging_mixin.py:149} INFO - [2023-06-22T14:44:25.328+0200] {dagbag.py:541} INFO - Filling up the DagBag from /Users/saumyagoyal/JupyterNotebook/MLCon/MLCon_23/2_airflow/.venv/lib/python3.11/site-packages/airflow/example_dags/plugins/workday.py
[2023-06-22T14:44:25.330+0200] {logging_mixin.py:149} INFO - [2023-06-22T14:44:25.330+0200] {workday.py:36} WARNING - Could not import pandas. Holidays will not be considered.
[2023-06-22T14:44:25.330+0200] {processor.py:838} WARNING - No viable dags retrieved from /Users/saumyagoyal/JupyterNotebook/MLCon/MLCon_23/2_airflow/.venv/lib/python3.11/site-packages/airflow/example_dags/plugins/workday.py
[2023-06-22T14:44:26.031+0200] {processor.py:179} INFO - Processing /Users/saumyagoyal/JupyterNotebook/MLCon/MLCon_23/2_airflow/.venv/lib/python3.11/site-packages/airflow/example_dags/plugins/workday.py took 0.707 seconds
