[2023-06-22T14:25:24.915+0200] {processor.py:157} INFO - Started process (PID=84224) to work on /Users/saumyagoyal/JupyterNotebook/MLCon/MLCon_23/2_airflow/.venv/lib/python3.11/site-packages/airflow/example_dags/subdags/subdag.py
[2023-06-22T14:25:24.917+0200] {processor.py:826} INFO - Processing file /Users/saumyagoyal/JupyterNotebook/MLCon/MLCon_23/2_airflow/.venv/lib/python3.11/site-packages/airflow/example_dags/subdags/subdag.py for tasks to queue
[2023-06-22T14:25:24.917+0200] {logging_mixin.py:149} INFO - [2023-06-22T14:25:24.917+0200] {dagbag.py:541} INFO - Filling up the DagBag from /Users/saumyagoyal/JupyterNotebook/MLCon/MLCon_23/2_airflow/.venv/lib/python3.11/site-packages/airflow/example_dags/subdags/subdag.py
[2023-06-22T14:25:24.918+0200] {processor.py:838} WARNING - No viable dags retrieved from /Users/saumyagoyal/JupyterNotebook/MLCon/MLCon_23/2_airflow/.venv/lib/python3.11/site-packages/airflow/example_dags/subdags/subdag.py
[2023-06-22T14:25:25.509+0200] {processor.py:179} INFO - Processing /Users/saumyagoyal/JupyterNotebook/MLCon/MLCon_23/2_airflow/.venv/lib/python3.11/site-packages/airflow/example_dags/subdags/subdag.py took 0.595 seconds
[2023-06-22T14:27:26.302+0200] {processor.py:157} INFO - Started process (PID=84301) to work on /Users/saumyagoyal/JupyterNotebook/MLCon/MLCon_23/2_airflow/.venv/lib/python3.11/site-packages/airflow/example_dags/subdags/subdag.py
[2023-06-22T14:27:26.305+0200] {processor.py:826} INFO - Processing file /Users/saumyagoyal/JupyterNotebook/MLCon/MLCon_23/2_airflow/.venv/lib/python3.11/site-packages/airflow/example_dags/subdags/subdag.py for tasks to queue
[2023-06-22T14:27:26.305+0200] {logging_mixin.py:149} INFO - [2023-06-22T14:27:26.305+0200] {dagbag.py:541} INFO - Filling up the DagBag from /Users/saumyagoyal/JupyterNotebook/MLCon/MLCon_23/2_airflow/.venv/lib/python3.11/site-packages/airflow/example_dags/subdags/subdag.py
[2023-06-22T14:27:26.306+0200] {processor.py:838} WARNING - No viable dags retrieved from /Users/saumyagoyal/JupyterNotebook/MLCon/MLCon_23/2_airflow/.venv/lib/python3.11/site-packages/airflow/example_dags/subdags/subdag.py
[2023-06-22T14:27:26.977+0200] {processor.py:179} INFO - Processing /Users/saumyagoyal/JupyterNotebook/MLCon/MLCon_23/2_airflow/.venv/lib/python3.11/site-packages/airflow/example_dags/subdags/subdag.py took 0.675 seconds
[2023-06-22T14:28:53.375+0200] {processor.py:157} INFO - Started process (PID=84354) to work on /Users/saumyagoyal/JupyterNotebook/MLCon/MLCon_23/2_airflow/.venv/lib/python3.11/site-packages/airflow/example_dags/subdags/subdag.py
[2023-06-22T14:28:53.377+0200] {processor.py:826} INFO - Processing file /Users/saumyagoyal/JupyterNotebook/MLCon/MLCon_23/2_airflow/.venv/lib/python3.11/site-packages/airflow/example_dags/subdags/subdag.py for tasks to queue
[2023-06-22T14:28:53.378+0200] {logging_mixin.py:149} INFO - [2023-06-22T14:28:53.378+0200] {dagbag.py:541} INFO - Filling up the DagBag from /Users/saumyagoyal/JupyterNotebook/MLCon/MLCon_23/2_airflow/.venv/lib/python3.11/site-packages/airflow/example_dags/subdags/subdag.py
[2023-06-22T14:28:53.379+0200] {processor.py:838} WARNING - No viable dags retrieved from /Users/saumyagoyal/JupyterNotebook/MLCon/MLCon_23/2_airflow/.venv/lib/python3.11/site-packages/airflow/example_dags/subdags/subdag.py
[2023-06-22T14:28:53.965+0200] {processor.py:179} INFO - Processing /Users/saumyagoyal/JupyterNotebook/MLCon/MLCon_23/2_airflow/.venv/lib/python3.11/site-packages/airflow/example_dags/subdags/subdag.py took 0.591 seconds
[2023-06-22T14:30:09.081+0200] {processor.py:157} INFO - Started process (PID=84395) to work on /Users/saumyagoyal/JupyterNotebook/MLCon/MLCon_23/2_airflow/.venv/lib/python3.11/site-packages/airflow/example_dags/subdags/subdag.py
[2023-06-22T14:30:09.083+0200] {processor.py:826} INFO - Processing file /Users/saumyagoyal/JupyterNotebook/MLCon/MLCon_23/2_airflow/.venv/lib/python3.11/site-packages/airflow/example_dags/subdags/subdag.py for tasks to queue
[2023-06-22T14:30:09.084+0200] {logging_mixin.py:149} INFO - [2023-06-22T14:30:09.083+0200] {dagbag.py:541} INFO - Filling up the DagBag from /Users/saumyagoyal/JupyterNotebook/MLCon/MLCon_23/2_airflow/.venv/lib/python3.11/site-packages/airflow/example_dags/subdags/subdag.py
[2023-06-22T14:30:09.085+0200] {processor.py:838} WARNING - No viable dags retrieved from /Users/saumyagoyal/JupyterNotebook/MLCon/MLCon_23/2_airflow/.venv/lib/python3.11/site-packages/airflow/example_dags/subdags/subdag.py
[2023-06-22T14:30:09.672+0200] {processor.py:179} INFO - Processing /Users/saumyagoyal/JupyterNotebook/MLCon/MLCon_23/2_airflow/.venv/lib/python3.11/site-packages/airflow/example_dags/subdags/subdag.py took 0.592 seconds
[2023-06-22T14:31:23.476+0200] {processor.py:157} INFO - Started process (PID=84438) to work on /Users/saumyagoyal/JupyterNotebook/MLCon/MLCon_23/2_airflow/.venv/lib/python3.11/site-packages/airflow/example_dags/subdags/subdag.py
[2023-06-22T14:31:23.479+0200] {processor.py:826} INFO - Processing file /Users/saumyagoyal/JupyterNotebook/MLCon/MLCon_23/2_airflow/.venv/lib/python3.11/site-packages/airflow/example_dags/subdags/subdag.py for tasks to queue
[2023-06-22T14:31:23.479+0200] {logging_mixin.py:149} INFO - [2023-06-22T14:31:23.479+0200] {dagbag.py:541} INFO - Filling up the DagBag from /Users/saumyagoyal/JupyterNotebook/MLCon/MLCon_23/2_airflow/.venv/lib/python3.11/site-packages/airflow/example_dags/subdags/subdag.py
[2023-06-22T14:31:23.480+0200] {processor.py:838} WARNING - No viable dags retrieved from /Users/saumyagoyal/JupyterNotebook/MLCon/MLCon_23/2_airflow/.venv/lib/python3.11/site-packages/airflow/example_dags/subdags/subdag.py
[2023-06-22T14:31:24.083+0200] {processor.py:179} INFO - Processing /Users/saumyagoyal/JupyterNotebook/MLCon/MLCon_23/2_airflow/.venv/lib/python3.11/site-packages/airflow/example_dags/subdags/subdag.py took 0.607 seconds
[2023-06-22T14:32:41.290+0200] {processor.py:157} INFO - Started process (PID=84480) to work on /Users/saumyagoyal/JupyterNotebook/MLCon/MLCon_23/2_airflow/.venv/lib/python3.11/site-packages/airflow/example_dags/subdags/subdag.py
[2023-06-22T14:32:41.293+0200] {processor.py:826} INFO - Processing file /Users/saumyagoyal/JupyterNotebook/MLCon/MLCon_23/2_airflow/.venv/lib/python3.11/site-packages/airflow/example_dags/subdags/subdag.py for tasks to queue
[2023-06-22T14:32:41.293+0200] {logging_mixin.py:149} INFO - [2023-06-22T14:32:41.293+0200] {dagbag.py:541} INFO - Filling up the DagBag from /Users/saumyagoyal/JupyterNotebook/MLCon/MLCon_23/2_airflow/.venv/lib/python3.11/site-packages/airflow/example_dags/subdags/subdag.py
[2023-06-22T14:32:41.294+0200] {processor.py:838} WARNING - No viable dags retrieved from /Users/saumyagoyal/JupyterNotebook/MLCon/MLCon_23/2_airflow/.venv/lib/python3.11/site-packages/airflow/example_dags/subdags/subdag.py
[2023-06-22T14:32:41.866+0200] {processor.py:179} INFO - Processing /Users/saumyagoyal/JupyterNotebook/MLCon/MLCon_23/2_airflow/.venv/lib/python3.11/site-packages/airflow/example_dags/subdags/subdag.py took 0.576 seconds
[2023-06-22T14:34:04.575+0200] {processor.py:157} INFO - Started process (PID=84678) to work on /Users/saumyagoyal/JupyterNotebook/MLCon/MLCon_23/2_airflow/.venv/lib/python3.11/site-packages/airflow/example_dags/subdags/subdag.py
[2023-06-22T14:34:04.577+0200] {processor.py:826} INFO - Processing file /Users/saumyagoyal/JupyterNotebook/MLCon/MLCon_23/2_airflow/.venv/lib/python3.11/site-packages/airflow/example_dags/subdags/subdag.py for tasks to queue
[2023-06-22T14:34:04.577+0200] {logging_mixin.py:149} INFO - [2023-06-22T14:34:04.577+0200] {dagbag.py:541} INFO - Filling up the DagBag from /Users/saumyagoyal/JupyterNotebook/MLCon/MLCon_23/2_airflow/.venv/lib/python3.11/site-packages/airflow/example_dags/subdags/subdag.py
[2023-06-22T14:34:04.578+0200] {processor.py:838} WARNING - No viable dags retrieved from /Users/saumyagoyal/JupyterNotebook/MLCon/MLCon_23/2_airflow/.venv/lib/python3.11/site-packages/airflow/example_dags/subdags/subdag.py
[2023-06-22T14:34:05.146+0200] {processor.py:179} INFO - Processing /Users/saumyagoyal/JupyterNotebook/MLCon/MLCon_23/2_airflow/.venv/lib/python3.11/site-packages/airflow/example_dags/subdags/subdag.py took 0.572 seconds
[2023-06-22T14:35:35.340+0200] {processor.py:157} INFO - Started process (PID=84747) to work on /Users/saumyagoyal/JupyterNotebook/MLCon/MLCon_23/2_airflow/.venv/lib/python3.11/site-packages/airflow/example_dags/subdags/subdag.py
[2023-06-22T14:35:35.343+0200] {processor.py:826} INFO - Processing file /Users/saumyagoyal/JupyterNotebook/MLCon/MLCon_23/2_airflow/.venv/lib/python3.11/site-packages/airflow/example_dags/subdags/subdag.py for tasks to queue
[2023-06-22T14:35:35.343+0200] {logging_mixin.py:149} INFO - [2023-06-22T14:35:35.343+0200] {dagbag.py:541} INFO - Filling up the DagBag from /Users/saumyagoyal/JupyterNotebook/MLCon/MLCon_23/2_airflow/.venv/lib/python3.11/site-packages/airflow/example_dags/subdags/subdag.py
[2023-06-22T14:35:35.345+0200] {processor.py:838} WARNING - No viable dags retrieved from /Users/saumyagoyal/JupyterNotebook/MLCon/MLCon_23/2_airflow/.venv/lib/python3.11/site-packages/airflow/example_dags/subdags/subdag.py
[2023-06-22T14:35:35.976+0200] {processor.py:179} INFO - Processing /Users/saumyagoyal/JupyterNotebook/MLCon/MLCon_23/2_airflow/.venv/lib/python3.11/site-packages/airflow/example_dags/subdags/subdag.py took 0.636 seconds
[2023-06-22T14:37:06.116+0200] {processor.py:157} INFO - Started process (PID=84941) to work on /Users/saumyagoyal/JupyterNotebook/MLCon/MLCon_23/2_airflow/.venv/lib/python3.11/site-packages/airflow/example_dags/subdags/subdag.py
[2023-06-22T14:37:06.119+0200] {processor.py:826} INFO - Processing file /Users/saumyagoyal/JupyterNotebook/MLCon/MLCon_23/2_airflow/.venv/lib/python3.11/site-packages/airflow/example_dags/subdags/subdag.py for tasks to queue
[2023-06-22T14:37:06.119+0200] {logging_mixin.py:149} INFO - [2023-06-22T14:37:06.119+0200] {dagbag.py:541} INFO - Filling up the DagBag from /Users/saumyagoyal/JupyterNotebook/MLCon/MLCon_23/2_airflow/.venv/lib/python3.11/site-packages/airflow/example_dags/subdags/subdag.py
[2023-06-22T14:37:06.121+0200] {processor.py:838} WARNING - No viable dags retrieved from /Users/saumyagoyal/JupyterNotebook/MLCon/MLCon_23/2_airflow/.venv/lib/python3.11/site-packages/airflow/example_dags/subdags/subdag.py
[2023-06-22T14:37:06.731+0200] {processor.py:179} INFO - Processing /Users/saumyagoyal/JupyterNotebook/MLCon/MLCon_23/2_airflow/.venv/lib/python3.11/site-packages/airflow/example_dags/subdags/subdag.py took 0.616 seconds
[2023-06-22T14:38:34.147+0200] {processor.py:157} INFO - Started process (PID=85048) to work on /Users/saumyagoyal/JupyterNotebook/MLCon/MLCon_23/2_airflow/.venv/lib/python3.11/site-packages/airflow/example_dags/subdags/subdag.py
[2023-06-22T14:38:34.150+0200] {processor.py:826} INFO - Processing file /Users/saumyagoyal/JupyterNotebook/MLCon/MLCon_23/2_airflow/.venv/lib/python3.11/site-packages/airflow/example_dags/subdags/subdag.py for tasks to queue
[2023-06-22T14:38:34.150+0200] {logging_mixin.py:149} INFO - [2023-06-22T14:38:34.150+0200] {dagbag.py:541} INFO - Filling up the DagBag from /Users/saumyagoyal/JupyterNotebook/MLCon/MLCon_23/2_airflow/.venv/lib/python3.11/site-packages/airflow/example_dags/subdags/subdag.py
[2023-06-22T14:38:34.152+0200] {processor.py:838} WARNING - No viable dags retrieved from /Users/saumyagoyal/JupyterNotebook/MLCon/MLCon_23/2_airflow/.venv/lib/python3.11/site-packages/airflow/example_dags/subdags/subdag.py
[2023-06-22T14:38:34.737+0200] {processor.py:179} INFO - Processing /Users/saumyagoyal/JupyterNotebook/MLCon/MLCon_23/2_airflow/.venv/lib/python3.11/site-packages/airflow/example_dags/subdags/subdag.py took 0.590 seconds
[2023-06-22T14:40:03.777+0200] {processor.py:157} INFO - Started process (PID=85176) to work on /Users/saumyagoyal/JupyterNotebook/MLCon/MLCon_23/2_airflow/.venv/lib/python3.11/site-packages/airflow/example_dags/subdags/subdag.py
[2023-06-22T14:40:03.780+0200] {processor.py:826} INFO - Processing file /Users/saumyagoyal/JupyterNotebook/MLCon/MLCon_23/2_airflow/.venv/lib/python3.11/site-packages/airflow/example_dags/subdags/subdag.py for tasks to queue
[2023-06-22T14:40:03.780+0200] {logging_mixin.py:149} INFO - [2023-06-22T14:40:03.780+0200] {dagbag.py:541} INFO - Filling up the DagBag from /Users/saumyagoyal/JupyterNotebook/MLCon/MLCon_23/2_airflow/.venv/lib/python3.11/site-packages/airflow/example_dags/subdags/subdag.py
[2023-06-22T14:40:03.782+0200] {processor.py:838} WARNING - No viable dags retrieved from /Users/saumyagoyal/JupyterNotebook/MLCon/MLCon_23/2_airflow/.venv/lib/python3.11/site-packages/airflow/example_dags/subdags/subdag.py
[2023-06-22T14:40:04.401+0200] {processor.py:179} INFO - Processing /Users/saumyagoyal/JupyterNotebook/MLCon/MLCon_23/2_airflow/.venv/lib/python3.11/site-packages/airflow/example_dags/subdags/subdag.py took 0.624 seconds
[2023-06-22T14:41:33.042+0200] {processor.py:157} INFO - Started process (PID=85306) to work on /Users/saumyagoyal/JupyterNotebook/MLCon/MLCon_23/2_airflow/.venv/lib/python3.11/site-packages/airflow/example_dags/subdags/subdag.py
[2023-06-22T14:41:33.044+0200] {processor.py:826} INFO - Processing file /Users/saumyagoyal/JupyterNotebook/MLCon/MLCon_23/2_airflow/.venv/lib/python3.11/site-packages/airflow/example_dags/subdags/subdag.py for tasks to queue
[2023-06-22T14:41:33.044+0200] {logging_mixin.py:149} INFO - [2023-06-22T14:41:33.044+0200] {dagbag.py:541} INFO - Filling up the DagBag from /Users/saumyagoyal/JupyterNotebook/MLCon/MLCon_23/2_airflow/.venv/lib/python3.11/site-packages/airflow/example_dags/subdags/subdag.py
[2023-06-22T14:41:33.046+0200] {processor.py:838} WARNING - No viable dags retrieved from /Users/saumyagoyal/JupyterNotebook/MLCon/MLCon_23/2_airflow/.venv/lib/python3.11/site-packages/airflow/example_dags/subdags/subdag.py
[2023-06-22T14:41:33.606+0200] {processor.py:179} INFO - Processing /Users/saumyagoyal/JupyterNotebook/MLCon/MLCon_23/2_airflow/.venv/lib/python3.11/site-packages/airflow/example_dags/subdags/subdag.py took 0.565 seconds
[2023-06-22T14:42:58.030+0200] {processor.py:157} INFO - Started process (PID=85406) to work on /Users/saumyagoyal/JupyterNotebook/MLCon/MLCon_23/2_airflow/.venv/lib/python3.11/site-packages/airflow/example_dags/subdags/subdag.py
[2023-06-22T14:42:58.032+0200] {processor.py:826} INFO - Processing file /Users/saumyagoyal/JupyterNotebook/MLCon/MLCon_23/2_airflow/.venv/lib/python3.11/site-packages/airflow/example_dags/subdags/subdag.py for tasks to queue
[2023-06-22T14:42:58.033+0200] {logging_mixin.py:149} INFO - [2023-06-22T14:42:58.032+0200] {dagbag.py:541} INFO - Filling up the DagBag from /Users/saumyagoyal/JupyterNotebook/MLCon/MLCon_23/2_airflow/.venv/lib/python3.11/site-packages/airflow/example_dags/subdags/subdag.py
[2023-06-22T14:42:58.034+0200] {processor.py:838} WARNING - No viable dags retrieved from /Users/saumyagoyal/JupyterNotebook/MLCon/MLCon_23/2_airflow/.venv/lib/python3.11/site-packages/airflow/example_dags/subdags/subdag.py
[2023-06-22T14:42:58.630+0200] {processor.py:179} INFO - Processing /Users/saumyagoyal/JupyterNotebook/MLCon/MLCon_23/2_airflow/.venv/lib/python3.11/site-packages/airflow/example_dags/subdags/subdag.py took 0.601 seconds
[2023-06-22T14:44:22.676+0200] {processor.py:157} INFO - Started process (PID=85451) to work on /Users/saumyagoyal/JupyterNotebook/MLCon/MLCon_23/2_airflow/.venv/lib/python3.11/site-packages/airflow/example_dags/subdags/subdag.py
[2023-06-22T14:44:22.679+0200] {processor.py:826} INFO - Processing file /Users/saumyagoyal/JupyterNotebook/MLCon/MLCon_23/2_airflow/.venv/lib/python3.11/site-packages/airflow/example_dags/subdags/subdag.py for tasks to queue
[2023-06-22T14:44:22.680+0200] {logging_mixin.py:149} INFO - [2023-06-22T14:44:22.680+0200] {dagbag.py:541} INFO - Filling up the DagBag from /Users/saumyagoyal/JupyterNotebook/MLCon/MLCon_23/2_airflow/.venv/lib/python3.11/site-packages/airflow/example_dags/subdags/subdag.py
[2023-06-22T14:44:22.682+0200] {processor.py:838} WARNING - No viable dags retrieved from /Users/saumyagoyal/JupyterNotebook/MLCon/MLCon_23/2_airflow/.venv/lib/python3.11/site-packages/airflow/example_dags/subdags/subdag.py
[2023-06-22T14:44:23.289+0200] {processor.py:179} INFO - Processing /Users/saumyagoyal/JupyterNotebook/MLCon/MLCon_23/2_airflow/.venv/lib/python3.11/site-packages/airflow/example_dags/subdags/subdag.py took 0.614 seconds
