[2023-06-22T14:26:46.124+0200] {processor.py:157} INFO - Started process (PID=84276) to work on /Users/saumyagoyal/JupyterNotebook/MLCon/MLCon_23/2_airflow/.venv/lib/python3.11/site-packages/airflow/example_dags/example_latest_only_with_trigger.py
[2023-06-22T14:26:46.127+0200] {processor.py:826} INFO - Processing file /Users/saumyagoyal/JupyterNotebook/MLCon/MLCon_23/2_airflow/.venv/lib/python3.11/site-packages/airflow/example_dags/example_latest_only_with_trigger.py for tasks to queue
[2023-06-22T14:26:46.127+0200] {logging_mixin.py:149} INFO - [2023-06-22T14:26:46.127+0200] {dagbag.py:541} INFO - Filling up the DagBag from /Users/saumyagoyal/JupyterNotebook/MLCon/MLCon_23/2_airflow/.venv/lib/python3.11/site-packages/airflow/example_dags/example_latest_only_with_trigger.py
[2023-06-22T14:26:46.140+0200] {processor.py:836} INFO - DAG(s) dict_keys(['latest_only_with_trigger']) retrieved from /Users/saumyagoyal/JupyterNotebook/MLCon/MLCon_23/2_airflow/.venv/lib/python3.11/site-packages/airflow/example_dags/example_latest_only_with_trigger.py
[2023-06-22T14:26:46.836+0200] {logging_mixin.py:149} INFO - [2023-06-22T14:26:46.835+0200] {manager.py:504} INFO - Created Permission View: can delete on DAG:latest_only_with_trigger
[2023-06-22T14:26:46.841+0200] {logging_mixin.py:149} INFO - [2023-06-22T14:26:46.840+0200] {manager.py:504} INFO - Created Permission View: can read on DAG:latest_only_with_trigger
[2023-06-22T14:26:46.847+0200] {logging_mixin.py:149} INFO - [2023-06-22T14:26:46.847+0200] {manager.py:504} INFO - Created Permission View: can edit on DAG:latest_only_with_trigger
[2023-06-22T14:26:46.847+0200] {logging_mixin.py:149} INFO - [2023-06-22T14:26:46.847+0200] {dag.py:2726} INFO - Sync 1 DAGs
[2023-06-22T14:26:46.858+0200] {logging_mixin.py:149} INFO - [2023-06-22T14:26:46.858+0200] {dag.py:2747} INFO - Creating ORM DAG for latest_only_with_trigger
[2023-06-22T14:26:46.864+0200] {logging_mixin.py:149} INFO - [2023-06-22T14:26:46.863+0200] {dag.py:3486} INFO - Setting next_dagrun for latest_only_with_trigger to 2023-06-22T08:26:46.863887+00:00, run_after=2023-06-22T12:26:46.863887+00:00
[2023-06-22T14:26:46.875+0200] {processor.py:179} INFO - Processing /Users/saumyagoyal/JupyterNotebook/MLCon/MLCon_23/2_airflow/.venv/lib/python3.11/site-packages/airflow/example_dags/example_latest_only_with_trigger.py took 0.751 seconds
[2023-06-22T14:28:44.148+0200] {processor.py:157} INFO - Started process (PID=84349) to work on /Users/saumyagoyal/JupyterNotebook/MLCon/MLCon_23/2_airflow/.venv/lib/python3.11/site-packages/airflow/example_dags/example_latest_only_with_trigger.py
[2023-06-22T14:28:44.151+0200] {processor.py:826} INFO - Processing file /Users/saumyagoyal/JupyterNotebook/MLCon/MLCon_23/2_airflow/.venv/lib/python3.11/site-packages/airflow/example_dags/example_latest_only_with_trigger.py for tasks to queue
[2023-06-22T14:28:44.151+0200] {logging_mixin.py:149} INFO - [2023-06-22T14:28:44.151+0200] {dagbag.py:541} INFO - Filling up the DagBag from /Users/saumyagoyal/JupyterNotebook/MLCon/MLCon_23/2_airflow/.venv/lib/python3.11/site-packages/airflow/example_dags/example_latest_only_with_trigger.py
[2023-06-22T14:28:44.163+0200] {processor.py:836} INFO - DAG(s) dict_keys(['latest_only_with_trigger']) retrieved from /Users/saumyagoyal/JupyterNotebook/MLCon/MLCon_23/2_airflow/.venv/lib/python3.11/site-packages/airflow/example_dags/example_latest_only_with_trigger.py
[2023-06-22T14:28:44.792+0200] {logging_mixin.py:149} INFO - [2023-06-22T14:28:44.792+0200] {dag.py:2726} INFO - Sync 1 DAGs
[2023-06-22T14:28:44.805+0200] {logging_mixin.py:149} INFO - [2023-06-22T14:28:44.804+0200] {dag.py:3486} INFO - Setting next_dagrun for latest_only_with_trigger to 2023-06-22T08:28:44.804863+00:00, run_after=2023-06-22T12:28:44.804863+00:00
[2023-06-22T14:28:44.821+0200] {processor.py:179} INFO - Processing /Users/saumyagoyal/JupyterNotebook/MLCon/MLCon_23/2_airflow/.venv/lib/python3.11/site-packages/airflow/example_dags/example_latest_only_with_trigger.py took 0.673 seconds
[2023-06-22T14:31:14.240+0200] {processor.py:157} INFO - Started process (PID=84433) to work on /Users/saumyagoyal/JupyterNotebook/MLCon/MLCon_23/2_airflow/.venv/lib/python3.11/site-packages/airflow/example_dags/example_latest_only_with_trigger.py
[2023-06-22T14:31:14.243+0200] {processor.py:826} INFO - Processing file /Users/saumyagoyal/JupyterNotebook/MLCon/MLCon_23/2_airflow/.venv/lib/python3.11/site-packages/airflow/example_dags/example_latest_only_with_trigger.py for tasks to queue
[2023-06-22T14:31:14.243+0200] {logging_mixin.py:149} INFO - [2023-06-22T14:31:14.243+0200] {dagbag.py:541} INFO - Filling up the DagBag from /Users/saumyagoyal/JupyterNotebook/MLCon/MLCon_23/2_airflow/.venv/lib/python3.11/site-packages/airflow/example_dags/example_latest_only_with_trigger.py
[2023-06-22T14:31:14.258+0200] {processor.py:836} INFO - DAG(s) dict_keys(['latest_only_with_trigger']) retrieved from /Users/saumyagoyal/JupyterNotebook/MLCon/MLCon_23/2_airflow/.venv/lib/python3.11/site-packages/airflow/example_dags/example_latest_only_with_trigger.py
[2023-06-22T14:31:14.975+0200] {logging_mixin.py:149} INFO - [2023-06-22T14:31:14.975+0200] {dag.py:2726} INFO - Sync 1 DAGs
[2023-06-22T14:31:14.988+0200] {logging_mixin.py:149} INFO - [2023-06-22T14:31:14.988+0200] {dag.py:3486} INFO - Setting next_dagrun for latest_only_with_trigger to 2023-06-22T08:31:14.988103+00:00, run_after=2023-06-22T12:31:14.988103+00:00
[2023-06-22T14:31:15.002+0200] {processor.py:179} INFO - Processing /Users/saumyagoyal/JupyterNotebook/MLCon/MLCon_23/2_airflow/.venv/lib/python3.11/site-packages/airflow/example_dags/example_latest_only_with_trigger.py took 0.762 seconds
[2023-06-22T14:33:54.185+0200] {processor.py:157} INFO - Started process (PID=84667) to work on /Users/saumyagoyal/JupyterNotebook/MLCon/MLCon_23/2_airflow/.venv/lib/python3.11/site-packages/airflow/example_dags/example_latest_only_with_trigger.py
[2023-06-22T14:33:54.188+0200] {processor.py:826} INFO - Processing file /Users/saumyagoyal/JupyterNotebook/MLCon/MLCon_23/2_airflow/.venv/lib/python3.11/site-packages/airflow/example_dags/example_latest_only_with_trigger.py for tasks to queue
[2023-06-22T14:33:54.188+0200] {logging_mixin.py:149} INFO - [2023-06-22T14:33:54.188+0200] {dagbag.py:541} INFO - Filling up the DagBag from /Users/saumyagoyal/JupyterNotebook/MLCon/MLCon_23/2_airflow/.venv/lib/python3.11/site-packages/airflow/example_dags/example_latest_only_with_trigger.py
[2023-06-22T14:33:54.203+0200] {processor.py:836} INFO - DAG(s) dict_keys(['latest_only_with_trigger']) retrieved from /Users/saumyagoyal/JupyterNotebook/MLCon/MLCon_23/2_airflow/.venv/lib/python3.11/site-packages/airflow/example_dags/example_latest_only_with_trigger.py
[2023-06-22T14:33:54.839+0200] {logging_mixin.py:149} INFO - [2023-06-22T14:33:54.839+0200] {dag.py:2726} INFO - Sync 1 DAGs
[2023-06-22T14:33:54.852+0200] {logging_mixin.py:149} INFO - [2023-06-22T14:33:54.852+0200] {dag.py:3486} INFO - Setting next_dagrun for latest_only_with_trigger to 2023-06-22T08:33:54.852267+00:00, run_after=2023-06-22T12:33:54.852267+00:00
[2023-06-22T14:33:54.865+0200] {processor.py:179} INFO - Processing /Users/saumyagoyal/JupyterNotebook/MLCon/MLCon_23/2_airflow/.venv/lib/python3.11/site-packages/airflow/example_dags/example_latest_only_with_trigger.py took 0.680 seconds
[2023-06-22T14:36:55.751+0200] {processor.py:157} INFO - Started process (PID=84906) to work on /Users/saumyagoyal/JupyterNotebook/MLCon/MLCon_23/2_airflow/.venv/lib/python3.11/site-packages/airflow/example_dags/example_latest_only_with_trigger.py
[2023-06-22T14:36:55.755+0200] {processor.py:826} INFO - Processing file /Users/saumyagoyal/JupyterNotebook/MLCon/MLCon_23/2_airflow/.venv/lib/python3.11/site-packages/airflow/example_dags/example_latest_only_with_trigger.py for tasks to queue
[2023-06-22T14:36:55.755+0200] {logging_mixin.py:149} INFO - [2023-06-22T14:36:55.755+0200] {dagbag.py:541} INFO - Filling up the DagBag from /Users/saumyagoyal/JupyterNotebook/MLCon/MLCon_23/2_airflow/.venv/lib/python3.11/site-packages/airflow/example_dags/example_latest_only_with_trigger.py
[2023-06-22T14:36:55.770+0200] {processor.py:836} INFO - DAG(s) dict_keys(['latest_only_with_trigger']) retrieved from /Users/saumyagoyal/JupyterNotebook/MLCon/MLCon_23/2_airflow/.venv/lib/python3.11/site-packages/airflow/example_dags/example_latest_only_with_trigger.py
[2023-06-22T14:36:56.396+0200] {logging_mixin.py:149} INFO - [2023-06-22T14:36:56.396+0200] {dag.py:2726} INFO - Sync 1 DAGs
[2023-06-22T14:36:56.407+0200] {logging_mixin.py:149} INFO - [2023-06-22T14:36:56.407+0200] {dag.py:3486} INFO - Setting next_dagrun for latest_only_with_trigger to 2023-06-22T08:36:56.407183+00:00, run_after=2023-06-22T12:36:56.407183+00:00
[2023-06-22T14:36:56.423+0200] {processor.py:179} INFO - Processing /Users/saumyagoyal/JupyterNotebook/MLCon/MLCon_23/2_airflow/.venv/lib/python3.11/site-packages/airflow/example_dags/example_latest_only_with_trigger.py took 0.672 seconds
[2023-06-22T14:39:53.130+0200] {processor.py:157} INFO - Started process (PID=85144) to work on /Users/saumyagoyal/JupyterNotebook/MLCon/MLCon_23/2_airflow/.venv/lib/python3.11/site-packages/airflow/example_dags/example_latest_only_with_trigger.py
[2023-06-22T14:39:53.133+0200] {processor.py:826} INFO - Processing file /Users/saumyagoyal/JupyterNotebook/MLCon/MLCon_23/2_airflow/.venv/lib/python3.11/site-packages/airflow/example_dags/example_latest_only_with_trigger.py for tasks to queue
[2023-06-22T14:39:53.134+0200] {logging_mixin.py:149} INFO - [2023-06-22T14:39:53.134+0200] {dagbag.py:541} INFO - Filling up the DagBag from /Users/saumyagoyal/JupyterNotebook/MLCon/MLCon_23/2_airflow/.venv/lib/python3.11/site-packages/airflow/example_dags/example_latest_only_with_trigger.py
[2023-06-22T14:39:53.151+0200] {processor.py:836} INFO - DAG(s) dict_keys(['latest_only_with_trigger']) retrieved from /Users/saumyagoyal/JupyterNotebook/MLCon/MLCon_23/2_airflow/.venv/lib/python3.11/site-packages/airflow/example_dags/example_latest_only_with_trigger.py
[2023-06-22T14:39:53.762+0200] {logging_mixin.py:149} INFO - [2023-06-22T14:39:53.762+0200] {dag.py:2726} INFO - Sync 1 DAGs
[2023-06-22T14:39:53.774+0200] {logging_mixin.py:149} INFO - [2023-06-22T14:39:53.774+0200] {dag.py:3486} INFO - Setting next_dagrun for latest_only_with_trigger to 2023-06-22T08:39:53.774695+00:00, run_after=2023-06-22T12:39:53.774695+00:00
[2023-06-22T14:39:53.787+0200] {processor.py:179} INFO - Processing /Users/saumyagoyal/JupyterNotebook/MLCon/MLCon_23/2_airflow/.venv/lib/python3.11/site-packages/airflow/example_dags/example_latest_only_with_trigger.py took 0.657 seconds
[2023-06-22T14:42:47.562+0200] {processor.py:157} INFO - Started process (PID=85383) to work on /Users/saumyagoyal/JupyterNotebook/MLCon/MLCon_23/2_airflow/.venv/lib/python3.11/site-packages/airflow/example_dags/example_latest_only_with_trigger.py
[2023-06-22T14:42:47.564+0200] {processor.py:826} INFO - Processing file /Users/saumyagoyal/JupyterNotebook/MLCon/MLCon_23/2_airflow/.venv/lib/python3.11/site-packages/airflow/example_dags/example_latest_only_with_trigger.py for tasks to queue
[2023-06-22T14:42:47.565+0200] {logging_mixin.py:149} INFO - [2023-06-22T14:42:47.564+0200] {dagbag.py:541} INFO - Filling up the DagBag from /Users/saumyagoyal/JupyterNotebook/MLCon/MLCon_23/2_airflow/.venv/lib/python3.11/site-packages/airflow/example_dags/example_latest_only_with_trigger.py
[2023-06-22T14:42:47.576+0200] {processor.py:836} INFO - DAG(s) dict_keys(['latest_only_with_trigger']) retrieved from /Users/saumyagoyal/JupyterNotebook/MLCon/MLCon_23/2_airflow/.venv/lib/python3.11/site-packages/airflow/example_dags/example_latest_only_with_trigger.py
[2023-06-22T14:42:48.215+0200] {logging_mixin.py:149} INFO - [2023-06-22T14:42:48.215+0200] {dag.py:2726} INFO - Sync 1 DAGs
[2023-06-22T14:42:48.228+0200] {logging_mixin.py:149} INFO - [2023-06-22T14:42:48.228+0200] {dag.py:3486} INFO - Setting next_dagrun for latest_only_with_trigger to 2023-06-22T08:42:48.228655+00:00, run_after=2023-06-22T12:42:48.228655+00:00
[2023-06-22T14:42:48.241+0200] {processor.py:179} INFO - Processing /Users/saumyagoyal/JupyterNotebook/MLCon/MLCon_23/2_airflow/.venv/lib/python3.11/site-packages/airflow/example_dags/example_latest_only_with_trigger.py took 0.679 seconds
