[2023-06-22T14:26:11.545+0200] {processor.py:157} INFO - Started process (PID=84259) to work on /Users/saumyagoyal/JupyterNotebook/MLCon/MLCon_23/2_airflow/.venv/lib/python3.11/site-packages/airflow/example_dags/example_skip_dag.py
[2023-06-22T14:26:11.549+0200] {processor.py:826} INFO - Processing file /Users/saumyagoyal/JupyterNotebook/MLCon/MLCon_23/2_airflow/.venv/lib/python3.11/site-packages/airflow/example_dags/example_skip_dag.py for tasks to queue
[2023-06-22T14:26:11.549+0200] {logging_mixin.py:149} INFO - [2023-06-22T14:26:11.549+0200] {dagbag.py:541} INFO - Filling up the DagBag from /Users/saumyagoyal/JupyterNotebook/MLCon/MLCon_23/2_airflow/.venv/lib/python3.11/site-packages/airflow/example_dags/example_skip_dag.py
[2023-06-22T14:26:11.563+0200] {processor.py:836} INFO - DAG(s) dict_keys(['example_skip_dag']) retrieved from /Users/saumyagoyal/JupyterNotebook/MLCon/MLCon_23/2_airflow/.venv/lib/python3.11/site-packages/airflow/example_dags/example_skip_dag.py
[2023-06-22T14:26:12.321+0200] {logging_mixin.py:149} INFO - [2023-06-22T14:26:12.321+0200] {manager.py:504} INFO - Created Permission View: can read on DAG:example_skip_dag
[2023-06-22T14:26:12.327+0200] {logging_mixin.py:149} INFO - [2023-06-22T14:26:12.327+0200] {manager.py:504} INFO - Created Permission View: can delete on DAG:example_skip_dag
[2023-06-22T14:26:12.331+0200] {logging_mixin.py:149} INFO - [2023-06-22T14:26:12.331+0200] {manager.py:504} INFO - Created Permission View: can edit on DAG:example_skip_dag
[2023-06-22T14:26:12.331+0200] {logging_mixin.py:149} INFO - [2023-06-22T14:26:12.331+0200] {dag.py:2726} INFO - Sync 1 DAGs
[2023-06-22T14:26:12.339+0200] {logging_mixin.py:149} INFO - [2023-06-22T14:26:12.339+0200] {dag.py:2747} INFO - Creating ORM DAG for example_skip_dag
[2023-06-22T14:26:12.345+0200] {logging_mixin.py:149} INFO - [2023-06-22T14:26:12.345+0200] {dag.py:3486} INFO - Setting next_dagrun for example_skip_dag to 2023-06-21T12:26:12.345409+00:00, run_after=2023-06-22T12:26:12.345409+00:00
[2023-06-22T14:26:12.357+0200] {processor.py:179} INFO - Processing /Users/saumyagoyal/JupyterNotebook/MLCon/MLCon_23/2_airflow/.venv/lib/python3.11/site-packages/airflow/example_dags/example_skip_dag.py took 0.813 seconds
[2023-06-22T14:28:12.487+0200] {processor.py:157} INFO - Started process (PID=84331) to work on /Users/saumyagoyal/JupyterNotebook/MLCon/MLCon_23/2_airflow/.venv/lib/python3.11/site-packages/airflow/example_dags/example_skip_dag.py
[2023-06-22T14:28:12.489+0200] {processor.py:826} INFO - Processing file /Users/saumyagoyal/JupyterNotebook/MLCon/MLCon_23/2_airflow/.venv/lib/python3.11/site-packages/airflow/example_dags/example_skip_dag.py for tasks to queue
[2023-06-22T14:28:12.489+0200] {logging_mixin.py:149} INFO - [2023-06-22T14:28:12.489+0200] {dagbag.py:541} INFO - Filling up the DagBag from /Users/saumyagoyal/JupyterNotebook/MLCon/MLCon_23/2_airflow/.venv/lib/python3.11/site-packages/airflow/example_dags/example_skip_dag.py
[2023-06-22T14:28:12.502+0200] {processor.py:836} INFO - DAG(s) dict_keys(['example_skip_dag']) retrieved from /Users/saumyagoyal/JupyterNotebook/MLCon/MLCon_23/2_airflow/.venv/lib/python3.11/site-packages/airflow/example_dags/example_skip_dag.py
[2023-06-22T14:28:13.171+0200] {logging_mixin.py:149} INFO - [2023-06-22T14:28:13.170+0200] {dag.py:2726} INFO - Sync 1 DAGs
[2023-06-22T14:28:13.182+0200] {logging_mixin.py:149} INFO - [2023-06-22T14:28:13.182+0200] {dag.py:3486} INFO - Setting next_dagrun for example_skip_dag to 2023-06-21T12:28:13.182055+00:00, run_after=2023-06-22T12:28:13.182055+00:00
[2023-06-22T14:28:13.195+0200] {processor.py:179} INFO - Processing /Users/saumyagoyal/JupyterNotebook/MLCon/MLCon_23/2_airflow/.venv/lib/python3.11/site-packages/airflow/example_dags/example_skip_dag.py took 0.709 seconds
[2023-06-22T14:29:32.999+0200] {processor.py:157} INFO - Started process (PID=84375) to work on /Users/saumyagoyal/JupyterNotebook/MLCon/MLCon_23/2_airflow/.venv/lib/python3.11/site-packages/airflow/example_dags/example_skip_dag.py
[2023-06-22T14:29:33.001+0200] {processor.py:826} INFO - Processing file /Users/saumyagoyal/JupyterNotebook/MLCon/MLCon_23/2_airflow/.venv/lib/python3.11/site-packages/airflow/example_dags/example_skip_dag.py for tasks to queue
[2023-06-22T14:29:33.002+0200] {logging_mixin.py:149} INFO - [2023-06-22T14:29:33.002+0200] {dagbag.py:541} INFO - Filling up the DagBag from /Users/saumyagoyal/JupyterNotebook/MLCon/MLCon_23/2_airflow/.venv/lib/python3.11/site-packages/airflow/example_dags/example_skip_dag.py
[2023-06-22T14:29:33.014+0200] {processor.py:836} INFO - DAG(s) dict_keys(['example_skip_dag']) retrieved from /Users/saumyagoyal/JupyterNotebook/MLCon/MLCon_23/2_airflow/.venv/lib/python3.11/site-packages/airflow/example_dags/example_skip_dag.py
[2023-06-22T14:29:33.643+0200] {logging_mixin.py:149} INFO - [2023-06-22T14:29:33.643+0200] {dag.py:2726} INFO - Sync 1 DAGs
[2023-06-22T14:29:33.655+0200] {logging_mixin.py:149} INFO - [2023-06-22T14:29:33.655+0200] {dag.py:3486} INFO - Setting next_dagrun for example_skip_dag to 2023-06-21T12:29:33.655743+00:00, run_after=2023-06-22T12:29:33.655743+00:00
[2023-06-22T14:29:33.672+0200] {processor.py:179} INFO - Processing /Users/saumyagoyal/JupyterNotebook/MLCon/MLCon_23/2_airflow/.venv/lib/python3.11/site-packages/airflow/example_dags/example_skip_dag.py took 0.673 seconds
[2023-06-22T14:30:48.053+0200] {processor.py:157} INFO - Started process (PID=84420) to work on /Users/saumyagoyal/JupyterNotebook/MLCon/MLCon_23/2_airflow/.venv/lib/python3.11/site-packages/airflow/example_dags/example_skip_dag.py
[2023-06-22T14:30:48.055+0200] {processor.py:826} INFO - Processing file /Users/saumyagoyal/JupyterNotebook/MLCon/MLCon_23/2_airflow/.venv/lib/python3.11/site-packages/airflow/example_dags/example_skip_dag.py for tasks to queue
[2023-06-22T14:30:48.055+0200] {logging_mixin.py:149} INFO - [2023-06-22T14:30:48.055+0200] {dagbag.py:541} INFO - Filling up the DagBag from /Users/saumyagoyal/JupyterNotebook/MLCon/MLCon_23/2_airflow/.venv/lib/python3.11/site-packages/airflow/example_dags/example_skip_dag.py
[2023-06-22T14:30:48.068+0200] {processor.py:836} INFO - DAG(s) dict_keys(['example_skip_dag']) retrieved from /Users/saumyagoyal/JupyterNotebook/MLCon/MLCon_23/2_airflow/.venv/lib/python3.11/site-packages/airflow/example_dags/example_skip_dag.py
[2023-06-22T14:30:48.681+0200] {logging_mixin.py:149} INFO - [2023-06-22T14:30:48.681+0200] {dag.py:2726} INFO - Sync 1 DAGs
[2023-06-22T14:30:48.691+0200] {logging_mixin.py:149} INFO - [2023-06-22T14:30:48.691+0200] {dag.py:3486} INFO - Setting next_dagrun for example_skip_dag to 2023-06-21T12:30:48.691764+00:00, run_after=2023-06-22T12:30:48.691764+00:00
[2023-06-22T14:30:48.708+0200] {processor.py:179} INFO - Processing /Users/saumyagoyal/JupyterNotebook/MLCon/MLCon_23/2_airflow/.venv/lib/python3.11/site-packages/airflow/example_dags/example_skip_dag.py took 0.655 seconds
[2023-06-22T14:32:02.299+0200] {processor.py:157} INFO - Started process (PID=84459) to work on /Users/saumyagoyal/JupyterNotebook/MLCon/MLCon_23/2_airflow/.venv/lib/python3.11/site-packages/airflow/example_dags/example_skip_dag.py
[2023-06-22T14:32:02.301+0200] {processor.py:826} INFO - Processing file /Users/saumyagoyal/JupyterNotebook/MLCon/MLCon_23/2_airflow/.venv/lib/python3.11/site-packages/airflow/example_dags/example_skip_dag.py for tasks to queue
[2023-06-22T14:32:02.302+0200] {logging_mixin.py:149} INFO - [2023-06-22T14:32:02.302+0200] {dagbag.py:541} INFO - Filling up the DagBag from /Users/saumyagoyal/JupyterNotebook/MLCon/MLCon_23/2_airflow/.venv/lib/python3.11/site-packages/airflow/example_dags/example_skip_dag.py
[2023-06-22T14:32:02.316+0200] {processor.py:836} INFO - DAG(s) dict_keys(['example_skip_dag']) retrieved from /Users/saumyagoyal/JupyterNotebook/MLCon/MLCon_23/2_airflow/.venv/lib/python3.11/site-packages/airflow/example_dags/example_skip_dag.py
[2023-06-22T14:32:02.970+0200] {logging_mixin.py:149} INFO - [2023-06-22T14:32:02.970+0200] {dag.py:2726} INFO - Sync 1 DAGs
[2023-06-22T14:32:02.982+0200] {logging_mixin.py:149} INFO - [2023-06-22T14:32:02.982+0200] {dag.py:3486} INFO - Setting next_dagrun for example_skip_dag to 2023-06-21T12:32:02.981993+00:00, run_after=2023-06-22T12:32:02.981993+00:00
[2023-06-22T14:32:02.993+0200] {processor.py:179} INFO - Processing /Users/saumyagoyal/JupyterNotebook/MLCon/MLCon_23/2_airflow/.venv/lib/python3.11/site-packages/airflow/example_dags/example_skip_dag.py took 0.695 seconds
[2023-06-22T14:33:21.487+0200] {processor.py:157} INFO - Started process (PID=84616) to work on /Users/saumyagoyal/JupyterNotebook/MLCon/MLCon_23/2_airflow/.venv/lib/python3.11/site-packages/airflow/example_dags/example_skip_dag.py
[2023-06-22T14:33:21.489+0200] {processor.py:826} INFO - Processing file /Users/saumyagoyal/JupyterNotebook/MLCon/MLCon_23/2_airflow/.venv/lib/python3.11/site-packages/airflow/example_dags/example_skip_dag.py for tasks to queue
[2023-06-22T14:33:21.490+0200] {logging_mixin.py:149} INFO - [2023-06-22T14:33:21.489+0200] {dagbag.py:541} INFO - Filling up the DagBag from /Users/saumyagoyal/JupyterNotebook/MLCon/MLCon_23/2_airflow/.venv/lib/python3.11/site-packages/airflow/example_dags/example_skip_dag.py
[2023-06-22T14:33:21.502+0200] {processor.py:836} INFO - DAG(s) dict_keys(['example_skip_dag']) retrieved from /Users/saumyagoyal/JupyterNotebook/MLCon/MLCon_23/2_airflow/.venv/lib/python3.11/site-packages/airflow/example_dags/example_skip_dag.py
[2023-06-22T14:33:22.138+0200] {logging_mixin.py:149} INFO - [2023-06-22T14:33:22.138+0200] {dag.py:2726} INFO - Sync 1 DAGs
[2023-06-22T14:33:22.151+0200] {logging_mixin.py:149} INFO - [2023-06-22T14:33:22.151+0200] {dag.py:3486} INFO - Setting next_dagrun for example_skip_dag to 2023-06-21T12:33:22.150953+00:00, run_after=2023-06-22T12:33:22.150953+00:00
[2023-06-22T14:33:22.163+0200] {processor.py:179} INFO - Processing /Users/saumyagoyal/JupyterNotebook/MLCon/MLCon_23/2_airflow/.venv/lib/python3.11/site-packages/airflow/example_dags/example_skip_dag.py took 0.677 seconds
[2023-06-22T14:34:48.580+0200] {processor.py:157} INFO - Started process (PID=84713) to work on /Users/saumyagoyal/JupyterNotebook/MLCon/MLCon_23/2_airflow/.venv/lib/python3.11/site-packages/airflow/example_dags/example_skip_dag.py
[2023-06-22T14:34:48.583+0200] {processor.py:826} INFO - Processing file /Users/saumyagoyal/JupyterNotebook/MLCon/MLCon_23/2_airflow/.venv/lib/python3.11/site-packages/airflow/example_dags/example_skip_dag.py for tasks to queue
[2023-06-22T14:34:48.583+0200] {logging_mixin.py:149} INFO - [2023-06-22T14:34:48.583+0200] {dagbag.py:541} INFO - Filling up the DagBag from /Users/saumyagoyal/JupyterNotebook/MLCon/MLCon_23/2_airflow/.venv/lib/python3.11/site-packages/airflow/example_dags/example_skip_dag.py
[2023-06-22T14:34:48.596+0200] {processor.py:836} INFO - DAG(s) dict_keys(['example_skip_dag']) retrieved from /Users/saumyagoyal/JupyterNotebook/MLCon/MLCon_23/2_airflow/.venv/lib/python3.11/site-packages/airflow/example_dags/example_skip_dag.py
[2023-06-22T14:34:49.296+0200] {logging_mixin.py:149} INFO - [2023-06-22T14:34:49.295+0200] {dag.py:2726} INFO - Sync 1 DAGs
[2023-06-22T14:34:49.308+0200] {logging_mixin.py:149} INFO - [2023-06-22T14:34:49.308+0200] {dag.py:3486} INFO - Setting next_dagrun for example_skip_dag to 2023-06-21T12:34:49.308496+00:00, run_after=2023-06-22T12:34:49.308496+00:00
[2023-06-22T14:34:49.321+0200] {processor.py:179} INFO - Processing /Users/saumyagoyal/JupyterNotebook/MLCon/MLCon_23/2_airflow/.venv/lib/python3.11/site-packages/airflow/example_dags/example_skip_dag.py took 0.742 seconds
[2023-06-22T14:36:21.317+0200] {processor.py:157} INFO - Started process (PID=84790) to work on /Users/saumyagoyal/JupyterNotebook/MLCon/MLCon_23/2_airflow/.venv/lib/python3.11/site-packages/airflow/example_dags/example_skip_dag.py
[2023-06-22T14:36:21.321+0200] {processor.py:826} INFO - Processing file /Users/saumyagoyal/JupyterNotebook/MLCon/MLCon_23/2_airflow/.venv/lib/python3.11/site-packages/airflow/example_dags/example_skip_dag.py for tasks to queue
[2023-06-22T14:36:21.321+0200] {logging_mixin.py:149} INFO - [2023-06-22T14:36:21.321+0200] {dagbag.py:541} INFO - Filling up the DagBag from /Users/saumyagoyal/JupyterNotebook/MLCon/MLCon_23/2_airflow/.venv/lib/python3.11/site-packages/airflow/example_dags/example_skip_dag.py
[2023-06-22T14:36:21.337+0200] {processor.py:836} INFO - DAG(s) dict_keys(['example_skip_dag']) retrieved from /Users/saumyagoyal/JupyterNotebook/MLCon/MLCon_23/2_airflow/.venv/lib/python3.11/site-packages/airflow/example_dags/example_skip_dag.py
[2023-06-22T14:36:22.000+0200] {logging_mixin.py:149} INFO - [2023-06-22T14:36:22.000+0200] {dag.py:2726} INFO - Sync 1 DAGs
[2023-06-22T14:36:22.015+0200] {logging_mixin.py:149} INFO - [2023-06-22T14:36:22.015+0200] {dag.py:3486} INFO - Setting next_dagrun for example_skip_dag to 2023-06-21T12:36:22.015232+00:00, run_after=2023-06-22T12:36:22.015232+00:00
[2023-06-22T14:36:22.028+0200] {processor.py:179} INFO - Processing /Users/saumyagoyal/JupyterNotebook/MLCon/MLCon_23/2_airflow/.venv/lib/python3.11/site-packages/airflow/example_dags/example_skip_dag.py took 0.711 seconds
[2023-06-22T14:37:48.856+0200] {processor.py:157} INFO - Started process (PID=85016) to work on /Users/saumyagoyal/JupyterNotebook/MLCon/MLCon_23/2_airflow/.venv/lib/python3.11/site-packages/airflow/example_dags/example_skip_dag.py
[2023-06-22T14:37:48.859+0200] {processor.py:826} INFO - Processing file /Users/saumyagoyal/JupyterNotebook/MLCon/MLCon_23/2_airflow/.venv/lib/python3.11/site-packages/airflow/example_dags/example_skip_dag.py for tasks to queue
[2023-06-22T14:37:48.860+0200] {logging_mixin.py:149} INFO - [2023-06-22T14:37:48.860+0200] {dagbag.py:541} INFO - Filling up the DagBag from /Users/saumyagoyal/JupyterNotebook/MLCon/MLCon_23/2_airflow/.venv/lib/python3.11/site-packages/airflow/example_dags/example_skip_dag.py
[2023-06-22T14:37:48.875+0200] {processor.py:836} INFO - DAG(s) dict_keys(['example_skip_dag']) retrieved from /Users/saumyagoyal/JupyterNotebook/MLCon/MLCon_23/2_airflow/.venv/lib/python3.11/site-packages/airflow/example_dags/example_skip_dag.py
[2023-06-22T14:37:49.497+0200] {logging_mixin.py:149} INFO - [2023-06-22T14:37:49.497+0200] {dag.py:2726} INFO - Sync 1 DAGs
[2023-06-22T14:37:49.508+0200] {logging_mixin.py:149} INFO - [2023-06-22T14:37:49.508+0200] {dag.py:3486} INFO - Setting next_dagrun for example_skip_dag to 2023-06-21T12:37:49.508307+00:00, run_after=2023-06-22T12:37:49.508307+00:00
[2023-06-22T14:37:49.524+0200] {processor.py:179} INFO - Processing /Users/saumyagoyal/JupyterNotebook/MLCon/MLCon_23/2_airflow/.venv/lib/python3.11/site-packages/airflow/example_dags/example_skip_dag.py took 0.669 seconds
[2023-06-22T14:39:18.536+0200] {processor.py:157} INFO - Started process (PID=85070) to work on /Users/saumyagoyal/JupyterNotebook/MLCon/MLCon_23/2_airflow/.venv/lib/python3.11/site-packages/airflow/example_dags/example_skip_dag.py
[2023-06-22T14:39:18.538+0200] {processor.py:826} INFO - Processing file /Users/saumyagoyal/JupyterNotebook/MLCon/MLCon_23/2_airflow/.venv/lib/python3.11/site-packages/airflow/example_dags/example_skip_dag.py for tasks to queue
[2023-06-22T14:39:18.538+0200] {logging_mixin.py:149} INFO - [2023-06-22T14:39:18.538+0200] {dagbag.py:541} INFO - Filling up the DagBag from /Users/saumyagoyal/JupyterNotebook/MLCon/MLCon_23/2_airflow/.venv/lib/python3.11/site-packages/airflow/example_dags/example_skip_dag.py
[2023-06-22T14:39:18.551+0200] {processor.py:836} INFO - DAG(s) dict_keys(['example_skip_dag']) retrieved from /Users/saumyagoyal/JupyterNotebook/MLCon/MLCon_23/2_airflow/.venv/lib/python3.11/site-packages/airflow/example_dags/example_skip_dag.py
[2023-06-22T14:39:19.223+0200] {logging_mixin.py:149} INFO - [2023-06-22T14:39:19.223+0200] {dag.py:2726} INFO - Sync 1 DAGs
[2023-06-22T14:39:19.236+0200] {logging_mixin.py:149} INFO - [2023-06-22T14:39:19.236+0200] {dag.py:3486} INFO - Setting next_dagrun for example_skip_dag to 2023-06-21T12:39:19.236429+00:00, run_after=2023-06-22T12:39:19.236429+00:00
[2023-06-22T14:39:19.248+0200] {processor.py:179} INFO - Processing /Users/saumyagoyal/JupyterNotebook/MLCon/MLCon_23/2_airflow/.venv/lib/python3.11/site-packages/airflow/example_dags/example_skip_dag.py took 0.713 seconds
[2023-06-22T14:40:48.777+0200] {processor.py:157} INFO - Started process (PID=85221) to work on /Users/saumyagoyal/JupyterNotebook/MLCon/MLCon_23/2_airflow/.venv/lib/python3.11/site-packages/airflow/example_dags/example_skip_dag.py
[2023-06-22T14:40:48.779+0200] {processor.py:826} INFO - Processing file /Users/saumyagoyal/JupyterNotebook/MLCon/MLCon_23/2_airflow/.venv/lib/python3.11/site-packages/airflow/example_dags/example_skip_dag.py for tasks to queue
[2023-06-22T14:40:48.779+0200] {logging_mixin.py:149} INFO - [2023-06-22T14:40:48.779+0200] {dagbag.py:541} INFO - Filling up the DagBag from /Users/saumyagoyal/JupyterNotebook/MLCon/MLCon_23/2_airflow/.venv/lib/python3.11/site-packages/airflow/example_dags/example_skip_dag.py
[2023-06-22T14:40:48.792+0200] {processor.py:836} INFO - DAG(s) dict_keys(['example_skip_dag']) retrieved from /Users/saumyagoyal/JupyterNotebook/MLCon/MLCon_23/2_airflow/.venv/lib/python3.11/site-packages/airflow/example_dags/example_skip_dag.py
[2023-06-22T14:40:49.454+0200] {logging_mixin.py:149} INFO - [2023-06-22T14:40:49.454+0200] {dag.py:2726} INFO - Sync 1 DAGs
[2023-06-22T14:40:49.465+0200] {logging_mixin.py:149} INFO - [2023-06-22T14:40:49.465+0200] {dag.py:3486} INFO - Setting next_dagrun for example_skip_dag to 2023-06-21T12:40:49.465038+00:00, run_after=2023-06-22T12:40:49.465038+00:00
[2023-06-22T14:40:49.481+0200] {processor.py:179} INFO - Processing /Users/saumyagoyal/JupyterNotebook/MLCon/MLCon_23/2_airflow/.venv/lib/python3.11/site-packages/airflow/example_dags/example_skip_dag.py took 0.705 seconds
[2023-06-22T14:42:15.934+0200] {processor.py:157} INFO - Started process (PID=85359) to work on /Users/saumyagoyal/JupyterNotebook/MLCon/MLCon_23/2_airflow/.venv/lib/python3.11/site-packages/airflow/example_dags/example_skip_dag.py
[2023-06-22T14:42:15.937+0200] {processor.py:826} INFO - Processing file /Users/saumyagoyal/JupyterNotebook/MLCon/MLCon_23/2_airflow/.venv/lib/python3.11/site-packages/airflow/example_dags/example_skip_dag.py for tasks to queue
[2023-06-22T14:42:15.937+0200] {logging_mixin.py:149} INFO - [2023-06-22T14:42:15.937+0200] {dagbag.py:541} INFO - Filling up the DagBag from /Users/saumyagoyal/JupyterNotebook/MLCon/MLCon_23/2_airflow/.venv/lib/python3.11/site-packages/airflow/example_dags/example_skip_dag.py
[2023-06-22T14:42:15.950+0200] {processor.py:836} INFO - DAG(s) dict_keys(['example_skip_dag']) retrieved from /Users/saumyagoyal/JupyterNotebook/MLCon/MLCon_23/2_airflow/.venv/lib/python3.11/site-packages/airflow/example_dags/example_skip_dag.py
[2023-06-22T14:42:16.606+0200] {logging_mixin.py:149} INFO - [2023-06-22T14:42:16.606+0200] {dag.py:2726} INFO - Sync 1 DAGs
[2023-06-22T14:42:16.620+0200] {logging_mixin.py:149} INFO - [2023-06-22T14:42:16.619+0200] {dag.py:3486} INFO - Setting next_dagrun for example_skip_dag to 2023-06-21T12:42:16.619757+00:00, run_after=2023-06-22T12:42:16.619757+00:00
[2023-06-22T14:42:16.633+0200] {processor.py:179} INFO - Processing /Users/saumyagoyal/JupyterNotebook/MLCon/MLCon_23/2_airflow/.venv/lib/python3.11/site-packages/airflow/example_dags/example_skip_dag.py took 0.700 seconds
[2023-06-22T14:43:41.368+0200] {processor.py:157} INFO - Started process (PID=85427) to work on /Users/saumyagoyal/JupyterNotebook/MLCon/MLCon_23/2_airflow/.venv/lib/python3.11/site-packages/airflow/example_dags/example_skip_dag.py
[2023-06-22T14:43:41.370+0200] {processor.py:826} INFO - Processing file /Users/saumyagoyal/JupyterNotebook/MLCon/MLCon_23/2_airflow/.venv/lib/python3.11/site-packages/airflow/example_dags/example_skip_dag.py for tasks to queue
[2023-06-22T14:43:41.371+0200] {logging_mixin.py:149} INFO - [2023-06-22T14:43:41.371+0200] {dagbag.py:541} INFO - Filling up the DagBag from /Users/saumyagoyal/JupyterNotebook/MLCon/MLCon_23/2_airflow/.venv/lib/python3.11/site-packages/airflow/example_dags/example_skip_dag.py
[2023-06-22T14:43:41.384+0200] {processor.py:836} INFO - DAG(s) dict_keys(['example_skip_dag']) retrieved from /Users/saumyagoyal/JupyterNotebook/MLCon/MLCon_23/2_airflow/.venv/lib/python3.11/site-packages/airflow/example_dags/example_skip_dag.py
[2023-06-22T14:43:42.033+0200] {logging_mixin.py:149} INFO - [2023-06-22T14:43:42.033+0200] {dag.py:2726} INFO - Sync 1 DAGs
[2023-06-22T14:43:42.045+0200] {logging_mixin.py:149} INFO - [2023-06-22T14:43:42.045+0200] {dag.py:3486} INFO - Setting next_dagrun for example_skip_dag to 2023-06-21T12:43:42.045222+00:00, run_after=2023-06-22T12:43:42.045222+00:00
[2023-06-22T14:43:42.057+0200] {processor.py:179} INFO - Processing /Users/saumyagoyal/JupyterNotebook/MLCon/MLCon_23/2_airflow/.venv/lib/python3.11/site-packages/airflow/example_dags/example_skip_dag.py took 0.689 seconds
[2023-06-22T14:45:05.067+0200] {processor.py:157} INFO - Started process (PID=85487) to work on /Users/saumyagoyal/JupyterNotebook/MLCon/MLCon_23/2_airflow/.venv/lib/python3.11/site-packages/airflow/example_dags/example_skip_dag.py
[2023-06-22T14:45:05.070+0200] {processor.py:826} INFO - Processing file /Users/saumyagoyal/JupyterNotebook/MLCon/MLCon_23/2_airflow/.venv/lib/python3.11/site-packages/airflow/example_dags/example_skip_dag.py for tasks to queue
[2023-06-22T14:45:05.070+0200] {logging_mixin.py:149} INFO - [2023-06-22T14:45:05.070+0200] {dagbag.py:541} INFO - Filling up the DagBag from /Users/saumyagoyal/JupyterNotebook/MLCon/MLCon_23/2_airflow/.venv/lib/python3.11/site-packages/airflow/example_dags/example_skip_dag.py
[2023-06-22T14:45:05.084+0200] {processor.py:836} INFO - DAG(s) dict_keys(['example_skip_dag']) retrieved from /Users/saumyagoyal/JupyterNotebook/MLCon/MLCon_23/2_airflow/.venv/lib/python3.11/site-packages/airflow/example_dags/example_skip_dag.py
[2023-06-22T14:45:05.712+0200] {logging_mixin.py:149} INFO - [2023-06-22T14:45:05.712+0200] {dag.py:2726} INFO - Sync 1 DAGs
[2023-06-22T14:45:05.725+0200] {logging_mixin.py:149} INFO - [2023-06-22T14:45:05.725+0200] {dag.py:3486} INFO - Setting next_dagrun for example_skip_dag to 2023-06-21T12:45:05.725665+00:00, run_after=2023-06-22T12:45:05.725665+00:00
[2023-06-22T14:45:05.740+0200] {processor.py:179} INFO - Processing /Users/saumyagoyal/JupyterNotebook/MLCon/MLCon_23/2_airflow/.venv/lib/python3.11/site-packages/airflow/example_dags/example_skip_dag.py took 0.673 seconds
