[2023-06-22T14:25:52.323+0200] {processor.py:157} INFO - Started process (PID=84242) to work on /Users/saumyagoyal/JupyterNotebook/MLCon/MLCon_23/2_airflow/.venv/lib/python3.11/site-packages/airflow/example_dags/example_trigger_target_dag.py
[2023-06-22T14:25:52.325+0200] {processor.py:826} INFO - Processing file /Users/saumyagoyal/JupyterNotebook/MLCon/MLCon_23/2_airflow/.venv/lib/python3.11/site-packages/airflow/example_dags/example_trigger_target_dag.py for tasks to queue
[2023-06-22T14:25:52.326+0200] {logging_mixin.py:149} INFO - [2023-06-22T14:25:52.326+0200] {dagbag.py:541} INFO - Filling up the DagBag from /Users/saumyagoyal/JupyterNotebook/MLCon/MLCon_23/2_airflow/.venv/lib/python3.11/site-packages/airflow/example_dags/example_trigger_target_dag.py
[2023-06-22T14:25:52.361+0200] {processor.py:836} INFO - DAG(s) dict_keys(['example_trigger_target_dag']) retrieved from /Users/saumyagoyal/JupyterNotebook/MLCon/MLCon_23/2_airflow/.venv/lib/python3.11/site-packages/airflow/example_dags/example_trigger_target_dag.py
[2023-06-22T14:25:53.067+0200] {logging_mixin.py:149} INFO - [2023-06-22T14:25:53.066+0200] {manager.py:504} INFO - Created Permission View: can read on DAG:example_trigger_target_dag
[2023-06-22T14:25:53.073+0200] {logging_mixin.py:149} INFO - [2023-06-22T14:25:53.073+0200] {manager.py:504} INFO - Created Permission View: can delete on DAG:example_trigger_target_dag
[2023-06-22T14:25:53.077+0200] {logging_mixin.py:149} INFO - [2023-06-22T14:25:53.077+0200] {manager.py:504} INFO - Created Permission View: can edit on DAG:example_trigger_target_dag
[2023-06-22T14:25:53.077+0200] {logging_mixin.py:149} INFO - [2023-06-22T14:25:53.077+0200] {dag.py:2726} INFO - Sync 1 DAGs
[2023-06-22T14:25:53.084+0200] {logging_mixin.py:149} INFO - [2023-06-22T14:25:53.084+0200] {dag.py:2747} INFO - Creating ORM DAG for example_trigger_target_dag
[2023-06-22T14:25:53.090+0200] {logging_mixin.py:149} INFO - [2023-06-22T14:25:53.090+0200] {dag.py:3486} INFO - Setting next_dagrun for example_trigger_target_dag to None, run_after=None
[2023-06-22T14:25:53.100+0200] {processor.py:179} INFO - Processing /Users/saumyagoyal/JupyterNotebook/MLCon/MLCon_23/2_airflow/.venv/lib/python3.11/site-packages/airflow/example_dags/example_trigger_target_dag.py took 0.777 seconds
[2023-06-22T14:27:53.693+0200] {processor.py:157} INFO - Started process (PID=84321) to work on /Users/saumyagoyal/JupyterNotebook/MLCon/MLCon_23/2_airflow/.venv/lib/python3.11/site-packages/airflow/example_dags/example_trigger_target_dag.py
[2023-06-22T14:27:53.695+0200] {processor.py:826} INFO - Processing file /Users/saumyagoyal/JupyterNotebook/MLCon/MLCon_23/2_airflow/.venv/lib/python3.11/site-packages/airflow/example_dags/example_trigger_target_dag.py for tasks to queue
[2023-06-22T14:27:53.695+0200] {logging_mixin.py:149} INFO - [2023-06-22T14:27:53.695+0200] {dagbag.py:541} INFO - Filling up the DagBag from /Users/saumyagoyal/JupyterNotebook/MLCon/MLCon_23/2_airflow/.venv/lib/python3.11/site-packages/airflow/example_dags/example_trigger_target_dag.py
[2023-06-22T14:27:53.732+0200] {processor.py:836} INFO - DAG(s) dict_keys(['example_trigger_target_dag']) retrieved from /Users/saumyagoyal/JupyterNotebook/MLCon/MLCon_23/2_airflow/.venv/lib/python3.11/site-packages/airflow/example_dags/example_trigger_target_dag.py
[2023-06-22T14:27:54.394+0200] {logging_mixin.py:149} INFO - [2023-06-22T14:27:54.394+0200] {dag.py:2726} INFO - Sync 1 DAGs
[2023-06-22T14:27:54.404+0200] {logging_mixin.py:149} INFO - [2023-06-22T14:27:54.404+0200] {dag.py:3486} INFO - Setting next_dagrun for example_trigger_target_dag to None, run_after=None
[2023-06-22T14:27:54.416+0200] {processor.py:179} INFO - Processing /Users/saumyagoyal/JupyterNotebook/MLCon/MLCon_23/2_airflow/.venv/lib/python3.11/site-packages/airflow/example_dags/example_trigger_target_dag.py took 0.724 seconds
[2023-06-22T14:29:16.755+0200] {processor.py:157} INFO - Started process (PID=84367) to work on /Users/saumyagoyal/JupyterNotebook/MLCon/MLCon_23/2_airflow/.venv/lib/python3.11/site-packages/airflow/example_dags/example_trigger_target_dag.py
[2023-06-22T14:29:16.757+0200] {processor.py:826} INFO - Processing file /Users/saumyagoyal/JupyterNotebook/MLCon/MLCon_23/2_airflow/.venv/lib/python3.11/site-packages/airflow/example_dags/example_trigger_target_dag.py for tasks to queue
[2023-06-22T14:29:16.757+0200] {logging_mixin.py:149} INFO - [2023-06-22T14:29:16.757+0200] {dagbag.py:541} INFO - Filling up the DagBag from /Users/saumyagoyal/JupyterNotebook/MLCon/MLCon_23/2_airflow/.venv/lib/python3.11/site-packages/airflow/example_dags/example_trigger_target_dag.py
[2023-06-22T14:29:16.792+0200] {processor.py:836} INFO - DAG(s) dict_keys(['example_trigger_target_dag']) retrieved from /Users/saumyagoyal/JupyterNotebook/MLCon/MLCon_23/2_airflow/.venv/lib/python3.11/site-packages/airflow/example_dags/example_trigger_target_dag.py
[2023-06-22T14:29:17.422+0200] {logging_mixin.py:149} INFO - [2023-06-22T14:29:17.422+0200] {dag.py:2726} INFO - Sync 1 DAGs
[2023-06-22T14:29:17.432+0200] {logging_mixin.py:149} INFO - [2023-06-22T14:29:17.432+0200] {dag.py:3486} INFO - Setting next_dagrun for example_trigger_target_dag to None, run_after=None
[2023-06-22T14:29:17.445+0200] {processor.py:179} INFO - Processing /Users/saumyagoyal/JupyterNotebook/MLCon/MLCon_23/2_airflow/.venv/lib/python3.11/site-packages/airflow/example_dags/example_trigger_target_dag.py took 0.691 seconds
[2023-06-22T14:30:32.058+0200] {processor.py:157} INFO - Started process (PID=84411) to work on /Users/saumyagoyal/JupyterNotebook/MLCon/MLCon_23/2_airflow/.venv/lib/python3.11/site-packages/airflow/example_dags/example_trigger_target_dag.py
[2023-06-22T14:30:32.061+0200] {processor.py:826} INFO - Processing file /Users/saumyagoyal/JupyterNotebook/MLCon/MLCon_23/2_airflow/.venv/lib/python3.11/site-packages/airflow/example_dags/example_trigger_target_dag.py for tasks to queue
[2023-06-22T14:30:32.061+0200] {logging_mixin.py:149} INFO - [2023-06-22T14:30:32.061+0200] {dagbag.py:541} INFO - Filling up the DagBag from /Users/saumyagoyal/JupyterNotebook/MLCon/MLCon_23/2_airflow/.venv/lib/python3.11/site-packages/airflow/example_dags/example_trigger_target_dag.py
[2023-06-22T14:30:32.094+0200] {processor.py:836} INFO - DAG(s) dict_keys(['example_trigger_target_dag']) retrieved from /Users/saumyagoyal/JupyterNotebook/MLCon/MLCon_23/2_airflow/.venv/lib/python3.11/site-packages/airflow/example_dags/example_trigger_target_dag.py
[2023-06-22T14:30:32.710+0200] {logging_mixin.py:149} INFO - [2023-06-22T14:30:32.709+0200] {dag.py:2726} INFO - Sync 1 DAGs
[2023-06-22T14:30:32.719+0200] {logging_mixin.py:149} INFO - [2023-06-22T14:30:32.719+0200] {dag.py:3486} INFO - Setting next_dagrun for example_trigger_target_dag to None, run_after=None
[2023-06-22T14:30:32.736+0200] {processor.py:179} INFO - Processing /Users/saumyagoyal/JupyterNotebook/MLCon/MLCon_23/2_airflow/.venv/lib/python3.11/site-packages/airflow/example_dags/example_trigger_target_dag.py took 0.678 seconds
[2023-06-22T14:31:46.157+0200] {processor.py:157} INFO - Started process (PID=84451) to work on /Users/saumyagoyal/JupyterNotebook/MLCon/MLCon_23/2_airflow/.venv/lib/python3.11/site-packages/airflow/example_dags/example_trigger_target_dag.py
[2023-06-22T14:31:46.159+0200] {processor.py:826} INFO - Processing file /Users/saumyagoyal/JupyterNotebook/MLCon/MLCon_23/2_airflow/.venv/lib/python3.11/site-packages/airflow/example_dags/example_trigger_target_dag.py for tasks to queue
[2023-06-22T14:31:46.160+0200] {logging_mixin.py:149} INFO - [2023-06-22T14:31:46.160+0200] {dagbag.py:541} INFO - Filling up the DagBag from /Users/saumyagoyal/JupyterNotebook/MLCon/MLCon_23/2_airflow/.venv/lib/python3.11/site-packages/airflow/example_dags/example_trigger_target_dag.py
[2023-06-22T14:31:46.193+0200] {processor.py:836} INFO - DAG(s) dict_keys(['example_trigger_target_dag']) retrieved from /Users/saumyagoyal/JupyterNotebook/MLCon/MLCon_23/2_airflow/.venv/lib/python3.11/site-packages/airflow/example_dags/example_trigger_target_dag.py
[2023-06-22T14:31:46.822+0200] {logging_mixin.py:149} INFO - [2023-06-22T14:31:46.821+0200] {dag.py:2726} INFO - Sync 1 DAGs
[2023-06-22T14:31:46.831+0200] {logging_mixin.py:149} INFO - [2023-06-22T14:31:46.831+0200] {dag.py:3486} INFO - Setting next_dagrun for example_trigger_target_dag to None, run_after=None
[2023-06-22T14:31:46.843+0200] {processor.py:179} INFO - Processing /Users/saumyagoyal/JupyterNotebook/MLCon/MLCon_23/2_airflow/.venv/lib/python3.11/site-packages/airflow/example_dags/example_trigger_target_dag.py took 0.687 seconds
[2023-06-22T14:33:04.703+0200] {processor.py:157} INFO - Started process (PID=84564) to work on /Users/saumyagoyal/JupyterNotebook/MLCon/MLCon_23/2_airflow/.venv/lib/python3.11/site-packages/airflow/example_dags/example_trigger_target_dag.py
[2023-06-22T14:33:04.705+0200] {processor.py:826} INFO - Processing file /Users/saumyagoyal/JupyterNotebook/MLCon/MLCon_23/2_airflow/.venv/lib/python3.11/site-packages/airflow/example_dags/example_trigger_target_dag.py for tasks to queue
[2023-06-22T14:33:04.705+0200] {logging_mixin.py:149} INFO - [2023-06-22T14:33:04.705+0200] {dagbag.py:541} INFO - Filling up the DagBag from /Users/saumyagoyal/JupyterNotebook/MLCon/MLCon_23/2_airflow/.venv/lib/python3.11/site-packages/airflow/example_dags/example_trigger_target_dag.py
[2023-06-22T14:33:04.739+0200] {processor.py:836} INFO - DAG(s) dict_keys(['example_trigger_target_dag']) retrieved from /Users/saumyagoyal/JupyterNotebook/MLCon/MLCon_23/2_airflow/.venv/lib/python3.11/site-packages/airflow/example_dags/example_trigger_target_dag.py
[2023-06-22T14:33:05.363+0200] {logging_mixin.py:149} INFO - [2023-06-22T14:33:05.363+0200] {dag.py:2726} INFO - Sync 1 DAGs
[2023-06-22T14:33:05.373+0200] {logging_mixin.py:149} INFO - [2023-06-22T14:33:05.373+0200] {dag.py:3486} INFO - Setting next_dagrun for example_trigger_target_dag to None, run_after=None
[2023-06-22T14:33:05.384+0200] {processor.py:179} INFO - Processing /Users/saumyagoyal/JupyterNotebook/MLCon/MLCon_23/2_airflow/.venv/lib/python3.11/site-packages/airflow/example_dags/example_trigger_target_dag.py took 0.682 seconds
[2023-06-22T14:34:29.583+0200] {processor.py:157} INFO - Started process (PID=84691) to work on /Users/saumyagoyal/JupyterNotebook/MLCon/MLCon_23/2_airflow/.venv/lib/python3.11/site-packages/airflow/example_dags/example_trigger_target_dag.py
[2023-06-22T14:34:29.586+0200] {processor.py:826} INFO - Processing file /Users/saumyagoyal/JupyterNotebook/MLCon/MLCon_23/2_airflow/.venv/lib/python3.11/site-packages/airflow/example_dags/example_trigger_target_dag.py for tasks to queue
[2023-06-22T14:34:29.586+0200] {logging_mixin.py:149} INFO - [2023-06-22T14:34:29.586+0200] {dagbag.py:541} INFO - Filling up the DagBag from /Users/saumyagoyal/JupyterNotebook/MLCon/MLCon_23/2_airflow/.venv/lib/python3.11/site-packages/airflow/example_dags/example_trigger_target_dag.py
[2023-06-22T14:34:29.627+0200] {processor.py:836} INFO - DAG(s) dict_keys(['example_trigger_target_dag']) retrieved from /Users/saumyagoyal/JupyterNotebook/MLCon/MLCon_23/2_airflow/.venv/lib/python3.11/site-packages/airflow/example_dags/example_trigger_target_dag.py
[2023-06-22T14:34:30.332+0200] {logging_mixin.py:149} INFO - [2023-06-22T14:34:30.332+0200] {dag.py:2726} INFO - Sync 1 DAGs
[2023-06-22T14:34:30.344+0200] {logging_mixin.py:149} INFO - [2023-06-22T14:34:30.343+0200] {dag.py:3486} INFO - Setting next_dagrun for example_trigger_target_dag to None, run_after=None
[2023-06-22T14:34:30.358+0200] {processor.py:179} INFO - Processing /Users/saumyagoyal/JupyterNotebook/MLCon/MLCon_23/2_airflow/.venv/lib/python3.11/site-packages/airflow/example_dags/example_trigger_target_dag.py took 0.775 seconds
[2023-06-22T14:36:02.065+0200] {processor.py:157} INFO - Started process (PID=84770) to work on /Users/saumyagoyal/JupyterNotebook/MLCon/MLCon_23/2_airflow/.venv/lib/python3.11/site-packages/airflow/example_dags/example_trigger_target_dag.py
[2023-06-22T14:36:02.068+0200] {processor.py:826} INFO - Processing file /Users/saumyagoyal/JupyterNotebook/MLCon/MLCon_23/2_airflow/.venv/lib/python3.11/site-packages/airflow/example_dags/example_trigger_target_dag.py for tasks to queue
[2023-06-22T14:36:02.069+0200] {logging_mixin.py:149} INFO - [2023-06-22T14:36:02.069+0200] {dagbag.py:541} INFO - Filling up the DagBag from /Users/saumyagoyal/JupyterNotebook/MLCon/MLCon_23/2_airflow/.venv/lib/python3.11/site-packages/airflow/example_dags/example_trigger_target_dag.py
[2023-06-22T14:36:02.106+0200] {processor.py:836} INFO - DAG(s) dict_keys(['example_trigger_target_dag']) retrieved from /Users/saumyagoyal/JupyterNotebook/MLCon/MLCon_23/2_airflow/.venv/lib/python3.11/site-packages/airflow/example_dags/example_trigger_target_dag.py
[2023-06-22T14:36:02.750+0200] {logging_mixin.py:149} INFO - [2023-06-22T14:36:02.750+0200] {dag.py:2726} INFO - Sync 1 DAGs
[2023-06-22T14:36:02.762+0200] {logging_mixin.py:149} INFO - [2023-06-22T14:36:02.762+0200] {dag.py:3486} INFO - Setting next_dagrun for example_trigger_target_dag to None, run_after=None
[2023-06-22T14:36:02.775+0200] {processor.py:179} INFO - Processing /Users/saumyagoyal/JupyterNotebook/MLCon/MLCon_23/2_airflow/.venv/lib/python3.11/site-packages/airflow/example_dags/example_trigger_target_dag.py took 0.710 seconds
[2023-06-22T14:37:30.738+0200] {processor.py:157} INFO - Started process (PID=84972) to work on /Users/saumyagoyal/JupyterNotebook/MLCon/MLCon_23/2_airflow/.venv/lib/python3.11/site-packages/airflow/example_dags/example_trigger_target_dag.py
[2023-06-22T14:37:30.741+0200] {processor.py:826} INFO - Processing file /Users/saumyagoyal/JupyterNotebook/MLCon/MLCon_23/2_airflow/.venv/lib/python3.11/site-packages/airflow/example_dags/example_trigger_target_dag.py for tasks to queue
[2023-06-22T14:37:30.741+0200] {logging_mixin.py:149} INFO - [2023-06-22T14:37:30.741+0200] {dagbag.py:541} INFO - Filling up the DagBag from /Users/saumyagoyal/JupyterNotebook/MLCon/MLCon_23/2_airflow/.venv/lib/python3.11/site-packages/airflow/example_dags/example_trigger_target_dag.py
[2023-06-22T14:37:30.777+0200] {processor.py:836} INFO - DAG(s) dict_keys(['example_trigger_target_dag']) retrieved from /Users/saumyagoyal/JupyterNotebook/MLCon/MLCon_23/2_airflow/.venv/lib/python3.11/site-packages/airflow/example_dags/example_trigger_target_dag.py
[2023-06-22T14:37:31.381+0200] {logging_mixin.py:149} INFO - [2023-06-22T14:37:31.381+0200] {dag.py:2726} INFO - Sync 1 DAGs
[2023-06-22T14:37:31.391+0200] {logging_mixin.py:149} INFO - [2023-06-22T14:37:31.391+0200] {dag.py:3486} INFO - Setting next_dagrun for example_trigger_target_dag to None, run_after=None
[2023-06-22T14:37:31.403+0200] {processor.py:179} INFO - Processing /Users/saumyagoyal/JupyterNotebook/MLCon/MLCon_23/2_airflow/.venv/lib/python3.11/site-packages/airflow/example_dags/example_trigger_target_dag.py took 0.666 seconds
[2023-06-22T14:38:59.792+0200] {processor.py:157} INFO - Started process (PID=85061) to work on /Users/saumyagoyal/JupyterNotebook/MLCon/MLCon_23/2_airflow/.venv/lib/python3.11/site-packages/airflow/example_dags/example_trigger_target_dag.py
[2023-06-22T14:38:59.795+0200] {processor.py:826} INFO - Processing file /Users/saumyagoyal/JupyterNotebook/MLCon/MLCon_23/2_airflow/.venv/lib/python3.11/site-packages/airflow/example_dags/example_trigger_target_dag.py for tasks to queue
[2023-06-22T14:38:59.795+0200] {logging_mixin.py:149} INFO - [2023-06-22T14:38:59.795+0200] {dagbag.py:541} INFO - Filling up the DagBag from /Users/saumyagoyal/JupyterNotebook/MLCon/MLCon_23/2_airflow/.venv/lib/python3.11/site-packages/airflow/example_dags/example_trigger_target_dag.py
[2023-06-22T14:38:59.826+0200] {processor.py:836} INFO - DAG(s) dict_keys(['example_trigger_target_dag']) retrieved from /Users/saumyagoyal/JupyterNotebook/MLCon/MLCon_23/2_airflow/.venv/lib/python3.11/site-packages/airflow/example_dags/example_trigger_target_dag.py
[2023-06-22T14:39:00.442+0200] {logging_mixin.py:149} INFO - [2023-06-22T14:39:00.442+0200] {dag.py:2726} INFO - Sync 1 DAGs
[2023-06-22T14:39:00.452+0200] {logging_mixin.py:149} INFO - [2023-06-22T14:39:00.452+0200] {dag.py:3486} INFO - Setting next_dagrun for example_trigger_target_dag to None, run_after=None
[2023-06-22T14:39:00.467+0200] {processor.py:179} INFO - Processing /Users/saumyagoyal/JupyterNotebook/MLCon/MLCon_23/2_airflow/.venv/lib/python3.11/site-packages/airflow/example_dags/example_trigger_target_dag.py took 0.675 seconds
[2023-06-22T14:40:30.380+0200] {processor.py:157} INFO - Started process (PID=85212) to work on /Users/saumyagoyal/JupyterNotebook/MLCon/MLCon_23/2_airflow/.venv/lib/python3.11/site-packages/airflow/example_dags/example_trigger_target_dag.py
[2023-06-22T14:40:30.382+0200] {processor.py:826} INFO - Processing file /Users/saumyagoyal/JupyterNotebook/MLCon/MLCon_23/2_airflow/.venv/lib/python3.11/site-packages/airflow/example_dags/example_trigger_target_dag.py for tasks to queue
[2023-06-22T14:40:30.383+0200] {logging_mixin.py:149} INFO - [2023-06-22T14:40:30.383+0200] {dagbag.py:541} INFO - Filling up the DagBag from /Users/saumyagoyal/JupyterNotebook/MLCon/MLCon_23/2_airflow/.venv/lib/python3.11/site-packages/airflow/example_dags/example_trigger_target_dag.py
[2023-06-22T14:40:30.423+0200] {processor.py:836} INFO - DAG(s) dict_keys(['example_trigger_target_dag']) retrieved from /Users/saumyagoyal/JupyterNotebook/MLCon/MLCon_23/2_airflow/.venv/lib/python3.11/site-packages/airflow/example_dags/example_trigger_target_dag.py
[2023-06-22T14:40:31.069+0200] {logging_mixin.py:149} INFO - [2023-06-22T14:40:31.069+0200] {dag.py:2726} INFO - Sync 1 DAGs
[2023-06-22T14:40:31.079+0200] {logging_mixin.py:149} INFO - [2023-06-22T14:40:31.079+0200] {dag.py:3486} INFO - Setting next_dagrun for example_trigger_target_dag to None, run_after=None
[2023-06-22T14:40:31.091+0200] {processor.py:179} INFO - Processing /Users/saumyagoyal/JupyterNotebook/MLCon/MLCon_23/2_airflow/.venv/lib/python3.11/site-packages/airflow/example_dags/example_trigger_target_dag.py took 0.712 seconds
[2023-06-22T14:41:57.428+0200] {processor.py:157} INFO - Started process (PID=85337) to work on /Users/saumyagoyal/JupyterNotebook/MLCon/MLCon_23/2_airflow/.venv/lib/python3.11/site-packages/airflow/example_dags/example_trigger_target_dag.py
[2023-06-22T14:41:57.433+0200] {processor.py:826} INFO - Processing file /Users/saumyagoyal/JupyterNotebook/MLCon/MLCon_23/2_airflow/.venv/lib/python3.11/site-packages/airflow/example_dags/example_trigger_target_dag.py for tasks to queue
[2023-06-22T14:41:57.434+0200] {logging_mixin.py:149} INFO - [2023-06-22T14:41:57.433+0200] {dagbag.py:541} INFO - Filling up the DagBag from /Users/saumyagoyal/JupyterNotebook/MLCon/MLCon_23/2_airflow/.venv/lib/python3.11/site-packages/airflow/example_dags/example_trigger_target_dag.py
[2023-06-22T14:41:57.495+0200] {processor.py:836} INFO - DAG(s) dict_keys(['example_trigger_target_dag']) retrieved from /Users/saumyagoyal/JupyterNotebook/MLCon/MLCon_23/2_airflow/.venv/lib/python3.11/site-packages/airflow/example_dags/example_trigger_target_dag.py
[2023-06-22T14:41:58.091+0200] {logging_mixin.py:149} INFO - [2023-06-22T14:41:58.090+0200] {dag.py:2726} INFO - Sync 1 DAGs
[2023-06-22T14:41:58.100+0200] {logging_mixin.py:149} INFO - [2023-06-22T14:41:58.100+0200] {dag.py:3486} INFO - Setting next_dagrun for example_trigger_target_dag to None, run_after=None
[2023-06-22T14:41:58.112+0200] {processor.py:179} INFO - Processing /Users/saumyagoyal/JupyterNotebook/MLCon/MLCon_23/2_airflow/.venv/lib/python3.11/site-packages/airflow/example_dags/example_trigger_target_dag.py took 0.685 seconds
[2023-06-22T14:43:23.770+0200] {processor.py:157} INFO - Started process (PID=85419) to work on /Users/saumyagoyal/JupyterNotebook/MLCon/MLCon_23/2_airflow/.venv/lib/python3.11/site-packages/airflow/example_dags/example_trigger_target_dag.py
[2023-06-22T14:43:23.772+0200] {processor.py:826} INFO - Processing file /Users/saumyagoyal/JupyterNotebook/MLCon/MLCon_23/2_airflow/.venv/lib/python3.11/site-packages/airflow/example_dags/example_trigger_target_dag.py for tasks to queue
[2023-06-22T14:43:23.773+0200] {logging_mixin.py:149} INFO - [2023-06-22T14:43:23.772+0200] {dagbag.py:541} INFO - Filling up the DagBag from /Users/saumyagoyal/JupyterNotebook/MLCon/MLCon_23/2_airflow/.venv/lib/python3.11/site-packages/airflow/example_dags/example_trigger_target_dag.py
[2023-06-22T14:43:23.804+0200] {processor.py:836} INFO - DAG(s) dict_keys(['example_trigger_target_dag']) retrieved from /Users/saumyagoyal/JupyterNotebook/MLCon/MLCon_23/2_airflow/.venv/lib/python3.11/site-packages/airflow/example_dags/example_trigger_target_dag.py
[2023-06-22T14:43:24.414+0200] {logging_mixin.py:149} INFO - [2023-06-22T14:43:24.414+0200] {dag.py:2726} INFO - Sync 1 DAGs
[2023-06-22T14:43:24.424+0200] {logging_mixin.py:149} INFO - [2023-06-22T14:43:24.424+0200] {dag.py:3486} INFO - Setting next_dagrun for example_trigger_target_dag to None, run_after=None
[2023-06-22T14:43:24.436+0200] {processor.py:179} INFO - Processing /Users/saumyagoyal/JupyterNotebook/MLCon/MLCon_23/2_airflow/.venv/lib/python3.11/site-packages/airflow/example_dags/example_trigger_target_dag.py took 0.666 seconds
[2023-06-22T14:44:47.714+0200] {processor.py:157} INFO - Started process (PID=85473) to work on /Users/saumyagoyal/JupyterNotebook/MLCon/MLCon_23/2_airflow/.venv/lib/python3.11/site-packages/airflow/example_dags/example_trigger_target_dag.py
[2023-06-22T14:44:47.718+0200] {processor.py:826} INFO - Processing file /Users/saumyagoyal/JupyterNotebook/MLCon/MLCon_23/2_airflow/.venv/lib/python3.11/site-packages/airflow/example_dags/example_trigger_target_dag.py for tasks to queue
[2023-06-22T14:44:47.718+0200] {logging_mixin.py:149} INFO - [2023-06-22T14:44:47.718+0200] {dagbag.py:541} INFO - Filling up the DagBag from /Users/saumyagoyal/JupyterNotebook/MLCon/MLCon_23/2_airflow/.venv/lib/python3.11/site-packages/airflow/example_dags/example_trigger_target_dag.py
[2023-06-22T14:44:47.759+0200] {processor.py:836} INFO - DAG(s) dict_keys(['example_trigger_target_dag']) retrieved from /Users/saumyagoyal/JupyterNotebook/MLCon/MLCon_23/2_airflow/.venv/lib/python3.11/site-packages/airflow/example_dags/example_trigger_target_dag.py
[2023-06-22T14:44:48.471+0200] {logging_mixin.py:149} INFO - [2023-06-22T14:44:48.471+0200] {dag.py:2726} INFO - Sync 1 DAGs
[2023-06-22T14:44:48.483+0200] {logging_mixin.py:149} INFO - [2023-06-22T14:44:48.483+0200] {dag.py:3486} INFO - Setting next_dagrun for example_trigger_target_dag to None, run_after=None
[2023-06-22T14:44:48.496+0200] {processor.py:179} INFO - Processing /Users/saumyagoyal/JupyterNotebook/MLCon/MLCon_23/2_airflow/.venv/lib/python3.11/site-packages/airflow/example_dags/example_trigger_target_dag.py took 0.783 seconds
