[2023-06-22T14:27:10.235+0200] {processor.py:157} INFO - Started process (PID=84287) to work on /Users/saumyagoyal/JupyterNotebook/MLCon/MLCon_23/2_airflow/.venv/lib/python3.11/site-packages/airflow/example_dags/example_branch_operator_decorator.py
[2023-06-22T14:27:10.237+0200] {processor.py:826} INFO - Processing file /Users/saumyagoyal/JupyterNotebook/MLCon/MLCon_23/2_airflow/.venv/lib/python3.11/site-packages/airflow/example_dags/example_branch_operator_decorator.py for tasks to queue
[2023-06-22T14:27:10.237+0200] {logging_mixin.py:149} INFO - [2023-06-22T14:27:10.237+0200] {dagbag.py:541} INFO - Filling up the DagBag from /Users/saumyagoyal/JupyterNotebook/MLCon/MLCon_23/2_airflow/.venv/lib/python3.11/site-packages/airflow/example_dags/example_branch_operator_decorator.py
[2023-06-22T14:27:10.275+0200] {processor.py:836} INFO - DAG(s) dict_keys(['example_branch_python_operator_decorator']) retrieved from /Users/saumyagoyal/JupyterNotebook/MLCon/MLCon_23/2_airflow/.venv/lib/python3.11/site-packages/airflow/example_dags/example_branch_operator_decorator.py
[2023-06-22T14:27:10.968+0200] {logging_mixin.py:149} INFO - [2023-06-22T14:27:10.967+0200] {manager.py:504} INFO - Created Permission View: can read on DAG:example_branch_python_operator_decorator
[2023-06-22T14:27:10.975+0200] {logging_mixin.py:149} INFO - [2023-06-22T14:27:10.974+0200] {manager.py:504} INFO - Created Permission View: can edit on DAG:example_branch_python_operator_decorator
[2023-06-22T14:27:10.979+0200] {logging_mixin.py:149} INFO - [2023-06-22T14:27:10.979+0200] {manager.py:504} INFO - Created Permission View: can delete on DAG:example_branch_python_operator_decorator
[2023-06-22T14:27:10.979+0200] {logging_mixin.py:149} INFO - [2023-06-22T14:27:10.979+0200] {dag.py:2726} INFO - Sync 1 DAGs
[2023-06-22T14:27:10.987+0200] {logging_mixin.py:149} INFO - [2023-06-22T14:27:10.986+0200] {dag.py:2747} INFO - Creating ORM DAG for example_branch_python_operator_decorator
[2023-06-22T14:27:10.993+0200] {logging_mixin.py:149} INFO - [2023-06-22T14:27:10.993+0200] {dag.py:3486} INFO - Setting next_dagrun for example_branch_python_operator_decorator to 2023-06-21T00:00:00+00:00, run_after=2023-06-22T00:00:00+00:00
[2023-06-22T14:27:11.004+0200] {processor.py:179} INFO - Processing /Users/saumyagoyal/JupyterNotebook/MLCon/MLCon_23/2_airflow/.venv/lib/python3.11/site-packages/airflow/example_dags/example_branch_operator_decorator.py took 0.770 seconds
[2023-06-22T14:29:54.834+0200] {processor.py:157} INFO - Started process (PID=84386) to work on /Users/saumyagoyal/JupyterNotebook/MLCon/MLCon_23/2_airflow/.venv/lib/python3.11/site-packages/airflow/example_dags/example_branch_operator_decorator.py
[2023-06-22T14:29:54.837+0200] {processor.py:826} INFO - Processing file /Users/saumyagoyal/JupyterNotebook/MLCon/MLCon_23/2_airflow/.venv/lib/python3.11/site-packages/airflow/example_dags/example_branch_operator_decorator.py for tasks to queue
[2023-06-22T14:29:54.837+0200] {logging_mixin.py:149} INFO - [2023-06-22T14:29:54.837+0200] {dagbag.py:541} INFO - Filling up the DagBag from /Users/saumyagoyal/JupyterNotebook/MLCon/MLCon_23/2_airflow/.venv/lib/python3.11/site-packages/airflow/example_dags/example_branch_operator_decorator.py
[2023-06-22T14:29:54.874+0200] {processor.py:836} INFO - DAG(s) dict_keys(['example_branch_python_operator_decorator']) retrieved from /Users/saumyagoyal/JupyterNotebook/MLCon/MLCon_23/2_airflow/.venv/lib/python3.11/site-packages/airflow/example_dags/example_branch_operator_decorator.py
[2023-06-22T14:29:55.499+0200] {logging_mixin.py:149} INFO - [2023-06-22T14:29:55.499+0200] {dag.py:2726} INFO - Sync 1 DAGs
[2023-06-22T14:29:55.510+0200] {logging_mixin.py:149} INFO - [2023-06-22T14:29:55.510+0200] {dag.py:3486} INFO - Setting next_dagrun for example_branch_python_operator_decorator to 2023-06-21T00:00:00+00:00, run_after=2023-06-22T00:00:00+00:00
[2023-06-22T14:29:55.523+0200] {processor.py:179} INFO - Processing /Users/saumyagoyal/JupyterNotebook/MLCon/MLCon_23/2_airflow/.venv/lib/python3.11/site-packages/airflow/example_dags/example_branch_operator_decorator.py took 0.689 seconds
[2023-06-22T14:32:24.714+0200] {processor.py:157} INFO - Started process (PID=84470) to work on /Users/saumyagoyal/JupyterNotebook/MLCon/MLCon_23/2_airflow/.venv/lib/python3.11/site-packages/airflow/example_dags/example_branch_operator_decorator.py
[2023-06-22T14:32:24.717+0200] {processor.py:826} INFO - Processing file /Users/saumyagoyal/JupyterNotebook/MLCon/MLCon_23/2_airflow/.venv/lib/python3.11/site-packages/airflow/example_dags/example_branch_operator_decorator.py for tasks to queue
[2023-06-22T14:32:24.717+0200] {logging_mixin.py:149} INFO - [2023-06-22T14:32:24.717+0200] {dagbag.py:541} INFO - Filling up the DagBag from /Users/saumyagoyal/JupyterNotebook/MLCon/MLCon_23/2_airflow/.venv/lib/python3.11/site-packages/airflow/example_dags/example_branch_operator_decorator.py
[2023-06-22T14:32:24.755+0200] {processor.py:836} INFO - DAG(s) dict_keys(['example_branch_python_operator_decorator']) retrieved from /Users/saumyagoyal/JupyterNotebook/MLCon/MLCon_23/2_airflow/.venv/lib/python3.11/site-packages/airflow/example_dags/example_branch_operator_decorator.py
[2023-06-22T14:32:25.461+0200] {logging_mixin.py:149} INFO - [2023-06-22T14:32:25.461+0200] {dag.py:2726} INFO - Sync 1 DAGs
[2023-06-22T14:32:25.474+0200] {logging_mixin.py:149} INFO - [2023-06-22T14:32:25.474+0200] {dag.py:3486} INFO - Setting next_dagrun for example_branch_python_operator_decorator to 2023-06-21T00:00:00+00:00, run_after=2023-06-22T00:00:00+00:00
[2023-06-22T14:32:25.487+0200] {processor.py:179} INFO - Processing /Users/saumyagoyal/JupyterNotebook/MLCon/MLCon_23/2_airflow/.venv/lib/python3.11/site-packages/airflow/example_dags/example_branch_operator_decorator.py took 0.774 seconds
[2023-06-22T14:35:19.417+0200] {processor.py:157} INFO - Started process (PID=84732) to work on /Users/saumyagoyal/JupyterNotebook/MLCon/MLCon_23/2_airflow/.venv/lib/python3.11/site-packages/airflow/example_dags/example_branch_operator_decorator.py
[2023-06-22T14:35:19.421+0200] {processor.py:826} INFO - Processing file /Users/saumyagoyal/JupyterNotebook/MLCon/MLCon_23/2_airflow/.venv/lib/python3.11/site-packages/airflow/example_dags/example_branch_operator_decorator.py for tasks to queue
[2023-06-22T14:35:19.421+0200] {logging_mixin.py:149} INFO - [2023-06-22T14:35:19.421+0200] {dagbag.py:541} INFO - Filling up the DagBag from /Users/saumyagoyal/JupyterNotebook/MLCon/MLCon_23/2_airflow/.venv/lib/python3.11/site-packages/airflow/example_dags/example_branch_operator_decorator.py
[2023-06-22T14:35:19.475+0200] {processor.py:836} INFO - DAG(s) dict_keys(['example_branch_python_operator_decorator']) retrieved from /Users/saumyagoyal/JupyterNotebook/MLCon/MLCon_23/2_airflow/.venv/lib/python3.11/site-packages/airflow/example_dags/example_branch_operator_decorator.py
[2023-06-22T14:35:20.337+0200] {logging_mixin.py:149} INFO - [2023-06-22T14:35:20.337+0200] {dag.py:2726} INFO - Sync 1 DAGs
[2023-06-22T14:35:20.351+0200] {logging_mixin.py:149} INFO - [2023-06-22T14:35:20.351+0200] {dag.py:3486} INFO - Setting next_dagrun for example_branch_python_operator_decorator to 2023-06-21T00:00:00+00:00, run_after=2023-06-22T00:00:00+00:00
[2023-06-22T14:35:20.365+0200] {processor.py:179} INFO - Processing /Users/saumyagoyal/JupyterNotebook/MLCon/MLCon_23/2_airflow/.venv/lib/python3.11/site-packages/airflow/example_dags/example_branch_operator_decorator.py took 0.949 seconds
[2023-06-22T14:38:17.798+0200] {processor.py:157} INFO - Started process (PID=85035) to work on /Users/saumyagoyal/JupyterNotebook/MLCon/MLCon_23/2_airflow/.venv/lib/python3.11/site-packages/airflow/example_dags/example_branch_operator_decorator.py
[2023-06-22T14:38:17.801+0200] {processor.py:826} INFO - Processing file /Users/saumyagoyal/JupyterNotebook/MLCon/MLCon_23/2_airflow/.venv/lib/python3.11/site-packages/airflow/example_dags/example_branch_operator_decorator.py for tasks to queue
[2023-06-22T14:38:17.801+0200] {logging_mixin.py:149} INFO - [2023-06-22T14:38:17.801+0200] {dagbag.py:541} INFO - Filling up the DagBag from /Users/saumyagoyal/JupyterNotebook/MLCon/MLCon_23/2_airflow/.venv/lib/python3.11/site-packages/airflow/example_dags/example_branch_operator_decorator.py
[2023-06-22T14:38:17.838+0200] {processor.py:836} INFO - DAG(s) dict_keys(['example_branch_python_operator_decorator']) retrieved from /Users/saumyagoyal/JupyterNotebook/MLCon/MLCon_23/2_airflow/.venv/lib/python3.11/site-packages/airflow/example_dags/example_branch_operator_decorator.py
[2023-06-22T14:38:18.539+0200] {logging_mixin.py:149} INFO - [2023-06-22T14:38:18.539+0200] {dag.py:2726} INFO - Sync 1 DAGs
[2023-06-22T14:38:18.552+0200] {logging_mixin.py:149} INFO - [2023-06-22T14:38:18.552+0200] {dag.py:3486} INFO - Setting next_dagrun for example_branch_python_operator_decorator to 2023-06-21T00:00:00+00:00, run_after=2023-06-22T00:00:00+00:00
[2023-06-22T14:38:18.565+0200] {processor.py:179} INFO - Processing /Users/saumyagoyal/JupyterNotebook/MLCon/MLCon_23/2_airflow/.venv/lib/python3.11/site-packages/airflow/example_dags/example_branch_operator_decorator.py took 0.767 seconds
[2023-06-22T14:41:17.274+0200] {processor.py:157} INFO - Started process (PID=85283) to work on /Users/saumyagoyal/JupyterNotebook/MLCon/MLCon_23/2_airflow/.venv/lib/python3.11/site-packages/airflow/example_dags/example_branch_operator_decorator.py
[2023-06-22T14:41:17.276+0200] {processor.py:826} INFO - Processing file /Users/saumyagoyal/JupyterNotebook/MLCon/MLCon_23/2_airflow/.venv/lib/python3.11/site-packages/airflow/example_dags/example_branch_operator_decorator.py for tasks to queue
[2023-06-22T14:41:17.276+0200] {logging_mixin.py:149} INFO - [2023-06-22T14:41:17.276+0200] {dagbag.py:541} INFO - Filling up the DagBag from /Users/saumyagoyal/JupyterNotebook/MLCon/MLCon_23/2_airflow/.venv/lib/python3.11/site-packages/airflow/example_dags/example_branch_operator_decorator.py
[2023-06-22T14:41:17.312+0200] {processor.py:836} INFO - DAG(s) dict_keys(['example_branch_python_operator_decorator']) retrieved from /Users/saumyagoyal/JupyterNotebook/MLCon/MLCon_23/2_airflow/.venv/lib/python3.11/site-packages/airflow/example_dags/example_branch_operator_decorator.py
[2023-06-22T14:41:17.946+0200] {logging_mixin.py:149} INFO - [2023-06-22T14:41:17.945+0200] {dag.py:2726} INFO - Sync 1 DAGs
[2023-06-22T14:41:17.956+0200] {logging_mixin.py:149} INFO - [2023-06-22T14:41:17.956+0200] {dag.py:3486} INFO - Setting next_dagrun for example_branch_python_operator_decorator to 2023-06-21T00:00:00+00:00, run_after=2023-06-22T00:00:00+00:00
[2023-06-22T14:41:17.969+0200] {processor.py:179} INFO - Processing /Users/saumyagoyal/JupyterNotebook/MLCon/MLCon_23/2_airflow/.venv/lib/python3.11/site-packages/airflow/example_dags/example_branch_operator_decorator.py took 0.696 seconds
[2023-06-22T14:44:06.710+0200] {processor.py:157} INFO - Started process (PID=85440) to work on /Users/saumyagoyal/JupyterNotebook/MLCon/MLCon_23/2_airflow/.venv/lib/python3.11/site-packages/airflow/example_dags/example_branch_operator_decorator.py
[2023-06-22T14:44:06.713+0200] {processor.py:826} INFO - Processing file /Users/saumyagoyal/JupyterNotebook/MLCon/MLCon_23/2_airflow/.venv/lib/python3.11/site-packages/airflow/example_dags/example_branch_operator_decorator.py for tasks to queue
[2023-06-22T14:44:06.713+0200] {logging_mixin.py:149} INFO - [2023-06-22T14:44:06.713+0200] {dagbag.py:541} INFO - Filling up the DagBag from /Users/saumyagoyal/JupyterNotebook/MLCon/MLCon_23/2_airflow/.venv/lib/python3.11/site-packages/airflow/example_dags/example_branch_operator_decorator.py
[2023-06-22T14:44:06.752+0200] {processor.py:836} INFO - DAG(s) dict_keys(['example_branch_python_operator_decorator']) retrieved from /Users/saumyagoyal/JupyterNotebook/MLCon/MLCon_23/2_airflow/.venv/lib/python3.11/site-packages/airflow/example_dags/example_branch_operator_decorator.py
[2023-06-22T14:44:07.385+0200] {logging_mixin.py:149} INFO - [2023-06-22T14:44:07.385+0200] {dag.py:2726} INFO - Sync 1 DAGs
[2023-06-22T14:44:07.396+0200] {logging_mixin.py:149} INFO - [2023-06-22T14:44:07.396+0200] {dag.py:3486} INFO - Setting next_dagrun for example_branch_python_operator_decorator to 2023-06-21T00:00:00+00:00, run_after=2023-06-22T00:00:00+00:00
[2023-06-22T14:44:07.409+0200] {processor.py:179} INFO - Processing /Users/saumyagoyal/JupyterNotebook/MLCon/MLCon_23/2_airflow/.venv/lib/python3.11/site-packages/airflow/example_dags/example_branch_operator_decorator.py took 0.700 seconds
