[2023-06-22T14:27:23.608+0200] {processor.py:157} INFO - Started process (PID=84297) to work on /Users/saumyagoyal/JupyterNotebook/MLCon/MLCon_23/2_airflow/.venv/lib/python3.11/site-packages/airflow/example_dags/example_bash_operator.py
[2023-06-22T14:27:23.610+0200] {processor.py:826} INFO - Processing file /Users/saumyagoyal/JupyterNotebook/MLCon/MLCon_23/2_airflow/.venv/lib/python3.11/site-packages/airflow/example_dags/example_bash_operator.py for tasks to queue
[2023-06-22T14:27:23.610+0200] {logging_mixin.py:149} INFO - [2023-06-22T14:27:23.610+0200] {dagbag.py:541} INFO - Filling up the DagBag from /Users/saumyagoyal/JupyterNotebook/MLCon/MLCon_23/2_airflow/.venv/lib/python3.11/site-packages/airflow/example_dags/example_bash_operator.py
[2023-06-22T14:27:23.643+0200] {processor.py:836} INFO - DAG(s) dict_keys(['example_bash_operator']) retrieved from /Users/saumyagoyal/JupyterNotebook/MLCon/MLCon_23/2_airflow/.venv/lib/python3.11/site-packages/airflow/example_dags/example_bash_operator.py
[2023-06-22T14:27:24.334+0200] {logging_mixin.py:149} INFO - [2023-06-22T14:27:24.334+0200] {manager.py:504} INFO - Created Permission View: can delete on DAG:example_bash_operator
[2023-06-22T14:27:24.340+0200] {logging_mixin.py:149} INFO - [2023-06-22T14:27:24.339+0200] {manager.py:504} INFO - Created Permission View: can read on DAG:example_bash_operator
[2023-06-22T14:27:24.344+0200] {logging_mixin.py:149} INFO - [2023-06-22T14:27:24.344+0200] {manager.py:504} INFO - Created Permission View: can edit on DAG:example_bash_operator
[2023-06-22T14:27:24.344+0200] {logging_mixin.py:149} INFO - [2023-06-22T14:27:24.344+0200] {dag.py:2726} INFO - Sync 1 DAGs
[2023-06-22T14:27:24.352+0200] {logging_mixin.py:149} INFO - [2023-06-22T14:27:24.352+0200] {dag.py:2747} INFO - Creating ORM DAG for example_bash_operator
[2023-06-22T14:27:24.358+0200] {logging_mixin.py:149} INFO - [2023-06-22T14:27:24.358+0200] {dag.py:3486} INFO - Setting next_dagrun for example_bash_operator to 2023-06-21T00:00:00+00:00, run_after=2023-06-22T00:00:00+00:00
[2023-06-22T14:27:24.369+0200] {processor.py:179} INFO - Processing /Users/saumyagoyal/JupyterNotebook/MLCon/MLCon_23/2_airflow/.venv/lib/python3.11/site-packages/airflow/example_dags/example_bash_operator.py took 0.762 seconds
[2023-06-22T14:30:06.458+0200] {processor.py:157} INFO - Started process (PID=84394) to work on /Users/saumyagoyal/JupyterNotebook/MLCon/MLCon_23/2_airflow/.venv/lib/python3.11/site-packages/airflow/example_dags/example_bash_operator.py
[2023-06-22T14:30:06.460+0200] {processor.py:826} INFO - Processing file /Users/saumyagoyal/JupyterNotebook/MLCon/MLCon_23/2_airflow/.venv/lib/python3.11/site-packages/airflow/example_dags/example_bash_operator.py for tasks to queue
[2023-06-22T14:30:06.460+0200] {logging_mixin.py:149} INFO - [2023-06-22T14:30:06.460+0200] {dagbag.py:541} INFO - Filling up the DagBag from /Users/saumyagoyal/JupyterNotebook/MLCon/MLCon_23/2_airflow/.venv/lib/python3.11/site-packages/airflow/example_dags/example_bash_operator.py
[2023-06-22T14:30:06.492+0200] {processor.py:836} INFO - DAG(s) dict_keys(['example_bash_operator']) retrieved from /Users/saumyagoyal/JupyterNotebook/MLCon/MLCon_23/2_airflow/.venv/lib/python3.11/site-packages/airflow/example_dags/example_bash_operator.py
[2023-06-22T14:30:07.113+0200] {logging_mixin.py:149} INFO - [2023-06-22T14:30:07.113+0200] {dag.py:2726} INFO - Sync 1 DAGs
[2023-06-22T14:30:07.125+0200] {logging_mixin.py:149} INFO - [2023-06-22T14:30:07.125+0200] {dag.py:3486} INFO - Setting next_dagrun for example_bash_operator to 2023-06-21T00:00:00+00:00, run_after=2023-06-22T00:00:00+00:00
[2023-06-22T14:30:07.141+0200] {processor.py:179} INFO - Processing /Users/saumyagoyal/JupyterNotebook/MLCon/MLCon_23/2_airflow/.venv/lib/python3.11/site-packages/airflow/example_dags/example_bash_operator.py took 0.684 seconds
[2023-06-22T14:32:38.714+0200] {processor.py:157} INFO - Started process (PID=84479) to work on /Users/saumyagoyal/JupyterNotebook/MLCon/MLCon_23/2_airflow/.venv/lib/python3.11/site-packages/airflow/example_dags/example_bash_operator.py
[2023-06-22T14:32:38.716+0200] {processor.py:826} INFO - Processing file /Users/saumyagoyal/JupyterNotebook/MLCon/MLCon_23/2_airflow/.venv/lib/python3.11/site-packages/airflow/example_dags/example_bash_operator.py for tasks to queue
[2023-06-22T14:32:38.717+0200] {logging_mixin.py:149} INFO - [2023-06-22T14:32:38.717+0200] {dagbag.py:541} INFO - Filling up the DagBag from /Users/saumyagoyal/JupyterNotebook/MLCon/MLCon_23/2_airflow/.venv/lib/python3.11/site-packages/airflow/example_dags/example_bash_operator.py
[2023-06-22T14:32:38.748+0200] {processor.py:836} INFO - DAG(s) dict_keys(['example_bash_operator']) retrieved from /Users/saumyagoyal/JupyterNotebook/MLCon/MLCon_23/2_airflow/.venv/lib/python3.11/site-packages/airflow/example_dags/example_bash_operator.py
[2023-06-22T14:32:39.354+0200] {logging_mixin.py:149} INFO - [2023-06-22T14:32:39.353+0200] {dag.py:2726} INFO - Sync 1 DAGs
[2023-06-22T14:32:39.365+0200] {logging_mixin.py:149} INFO - [2023-06-22T14:32:39.365+0200] {dag.py:3486} INFO - Setting next_dagrun for example_bash_operator to 2023-06-21T00:00:00+00:00, run_after=2023-06-22T00:00:00+00:00
[2023-06-22T14:32:39.376+0200] {processor.py:179} INFO - Processing /Users/saumyagoyal/JupyterNotebook/MLCon/MLCon_23/2_airflow/.venv/lib/python3.11/site-packages/airflow/example_dags/example_bash_operator.py took 0.663 seconds
[2023-06-22T14:35:32.668+0200] {processor.py:157} INFO - Started process (PID=84746) to work on /Users/saumyagoyal/JupyterNotebook/MLCon/MLCon_23/2_airflow/.venv/lib/python3.11/site-packages/airflow/example_dags/example_bash_operator.py
[2023-06-22T14:35:32.671+0200] {processor.py:826} INFO - Processing file /Users/saumyagoyal/JupyterNotebook/MLCon/MLCon_23/2_airflow/.venv/lib/python3.11/site-packages/airflow/example_dags/example_bash_operator.py for tasks to queue
[2023-06-22T14:35:32.671+0200] {logging_mixin.py:149} INFO - [2023-06-22T14:35:32.671+0200] {dagbag.py:541} INFO - Filling up the DagBag from /Users/saumyagoyal/JupyterNotebook/MLCon/MLCon_23/2_airflow/.venv/lib/python3.11/site-packages/airflow/example_dags/example_bash_operator.py
[2023-06-22T14:35:32.704+0200] {processor.py:836} INFO - DAG(s) dict_keys(['example_bash_operator']) retrieved from /Users/saumyagoyal/JupyterNotebook/MLCon/MLCon_23/2_airflow/.venv/lib/python3.11/site-packages/airflow/example_dags/example_bash_operator.py
[2023-06-22T14:35:33.366+0200] {logging_mixin.py:149} INFO - [2023-06-22T14:35:33.366+0200] {dag.py:2726} INFO - Sync 1 DAGs
[2023-06-22T14:35:33.379+0200] {logging_mixin.py:149} INFO - [2023-06-22T14:35:33.379+0200] {dag.py:3486} INFO - Setting next_dagrun for example_bash_operator to 2023-06-21T00:00:00+00:00, run_after=2023-06-22T00:00:00+00:00
[2023-06-22T14:35:33.395+0200] {processor.py:179} INFO - Processing /Users/saumyagoyal/JupyterNotebook/MLCon/MLCon_23/2_airflow/.venv/lib/python3.11/site-packages/airflow/example_dags/example_bash_operator.py took 0.727 seconds
[2023-06-22T14:38:31.555+0200] {processor.py:157} INFO - Started process (PID=85047) to work on /Users/saumyagoyal/JupyterNotebook/MLCon/MLCon_23/2_airflow/.venv/lib/python3.11/site-packages/airflow/example_dags/example_bash_operator.py
[2023-06-22T14:38:31.559+0200] {processor.py:826} INFO - Processing file /Users/saumyagoyal/JupyterNotebook/MLCon/MLCon_23/2_airflow/.venv/lib/python3.11/site-packages/airflow/example_dags/example_bash_operator.py for tasks to queue
[2023-06-22T14:38:31.560+0200] {logging_mixin.py:149} INFO - [2023-06-22T14:38:31.559+0200] {dagbag.py:541} INFO - Filling up the DagBag from /Users/saumyagoyal/JupyterNotebook/MLCon/MLCon_23/2_airflow/.venv/lib/python3.11/site-packages/airflow/example_dags/example_bash_operator.py
[2023-06-22T14:38:31.599+0200] {processor.py:836} INFO - DAG(s) dict_keys(['example_bash_operator']) retrieved from /Users/saumyagoyal/JupyterNotebook/MLCon/MLCon_23/2_airflow/.venv/lib/python3.11/site-packages/airflow/example_dags/example_bash_operator.py
[2023-06-22T14:38:32.225+0200] {logging_mixin.py:149} INFO - [2023-06-22T14:38:32.225+0200] {dag.py:2726} INFO - Sync 1 DAGs
[2023-06-22T14:38:32.240+0200] {logging_mixin.py:149} INFO - [2023-06-22T14:38:32.239+0200] {dag.py:3486} INFO - Setting next_dagrun for example_bash_operator to 2023-06-21T00:00:00+00:00, run_after=2023-06-22T00:00:00+00:00
[2023-06-22T14:38:32.253+0200] {processor.py:179} INFO - Processing /Users/saumyagoyal/JupyterNotebook/MLCon/MLCon_23/2_airflow/.venv/lib/python3.11/site-packages/airflow/example_dags/example_bash_operator.py took 0.698 seconds
[2023-06-22T14:41:30.473+0200] {processor.py:157} INFO - Started process (PID=85304) to work on /Users/saumyagoyal/JupyterNotebook/MLCon/MLCon_23/2_airflow/.venv/lib/python3.11/site-packages/airflow/example_dags/example_bash_operator.py
[2023-06-22T14:41:30.476+0200] {processor.py:826} INFO - Processing file /Users/saumyagoyal/JupyterNotebook/MLCon/MLCon_23/2_airflow/.venv/lib/python3.11/site-packages/airflow/example_dags/example_bash_operator.py for tasks to queue
[2023-06-22T14:41:30.476+0200] {logging_mixin.py:149} INFO - [2023-06-22T14:41:30.476+0200] {dagbag.py:541} INFO - Filling up the DagBag from /Users/saumyagoyal/JupyterNotebook/MLCon/MLCon_23/2_airflow/.venv/lib/python3.11/site-packages/airflow/example_dags/example_bash_operator.py
[2023-06-22T14:41:30.507+0200] {processor.py:836} INFO - DAG(s) dict_keys(['example_bash_operator']) retrieved from /Users/saumyagoyal/JupyterNotebook/MLCon/MLCon_23/2_airflow/.venv/lib/python3.11/site-packages/airflow/example_dags/example_bash_operator.py
[2023-06-22T14:41:31.137+0200] {logging_mixin.py:149} INFO - [2023-06-22T14:41:31.137+0200] {dag.py:2726} INFO - Sync 1 DAGs
[2023-06-22T14:41:31.148+0200] {logging_mixin.py:149} INFO - [2023-06-22T14:41:31.148+0200] {dag.py:3486} INFO - Setting next_dagrun for example_bash_operator to 2023-06-21T00:00:00+00:00, run_after=2023-06-22T00:00:00+00:00
[2023-06-22T14:41:31.162+0200] {processor.py:179} INFO - Processing /Users/saumyagoyal/JupyterNotebook/MLCon/MLCon_23/2_airflow/.venv/lib/python3.11/site-packages/airflow/example_dags/example_bash_operator.py took 0.689 seconds
[2023-06-22T14:44:20.014+0200] {processor.py:157} INFO - Started process (PID=85450) to work on /Users/saumyagoyal/JupyterNotebook/MLCon/MLCon_23/2_airflow/.venv/lib/python3.11/site-packages/airflow/example_dags/example_bash_operator.py
[2023-06-22T14:44:20.017+0200] {processor.py:826} INFO - Processing file /Users/saumyagoyal/JupyterNotebook/MLCon/MLCon_23/2_airflow/.venv/lib/python3.11/site-packages/airflow/example_dags/example_bash_operator.py for tasks to queue
[2023-06-22T14:44:20.018+0200] {logging_mixin.py:149} INFO - [2023-06-22T14:44:20.018+0200] {dagbag.py:541} INFO - Filling up the DagBag from /Users/saumyagoyal/JupyterNotebook/MLCon/MLCon_23/2_airflow/.venv/lib/python3.11/site-packages/airflow/example_dags/example_bash_operator.py
[2023-06-22T14:44:20.050+0200] {processor.py:836} INFO - DAG(s) dict_keys(['example_bash_operator']) retrieved from /Users/saumyagoyal/JupyterNotebook/MLCon/MLCon_23/2_airflow/.venv/lib/python3.11/site-packages/airflow/example_dags/example_bash_operator.py
[2023-06-22T14:44:20.705+0200] {logging_mixin.py:149} INFO - [2023-06-22T14:44:20.705+0200] {dag.py:2726} INFO - Sync 1 DAGs
[2023-06-22T14:44:20.717+0200] {logging_mixin.py:149} INFO - [2023-06-22T14:44:20.717+0200] {dag.py:3486} INFO - Setting next_dagrun for example_bash_operator to 2023-06-21T00:00:00+00:00, run_after=2023-06-22T00:00:00+00:00
[2023-06-22T14:44:20.732+0200] {processor.py:179} INFO - Processing /Users/saumyagoyal/JupyterNotebook/MLCon/MLCon_23/2_airflow/.venv/lib/python3.11/site-packages/airflow/example_dags/example_bash_operator.py took 0.718 seconds
