[2023-06-22T14:27:04.920+0200] {processor.py:157} INFO - Started process (PID=84285) to work on /Users/saumyagoyal/JupyterNotebook/MLCon/MLCon_23/2_airflow/.venv/lib/python3.11/site-packages/airflow/example_dags/example_complex.py
[2023-06-22T14:27:04.922+0200] {processor.py:826} INFO - Processing file /Users/saumyagoyal/JupyterNotebook/MLCon/MLCon_23/2_airflow/.venv/lib/python3.11/site-packages/airflow/example_dags/example_complex.py for tasks to queue
[2023-06-22T14:27:04.923+0200] {logging_mixin.py:149} INFO - [2023-06-22T14:27:04.923+0200] {dagbag.py:541} INFO - Filling up the DagBag from /Users/saumyagoyal/JupyterNotebook/MLCon/MLCon_23/2_airflow/.venv/lib/python3.11/site-packages/airflow/example_dags/example_complex.py
[2023-06-22T14:27:04.929+0200] {logging_mixin.py:149} INFO - [2023-06-22T14:27:04.929+0200] {taskmixin.py:211} WARNING - Dependency <Task(BashOperator): create_entry_group>, delete_entry_group already registered for DAG: example_complex
[2023-06-22T14:27:04.929+0200] {logging_mixin.py:149} INFO - [2023-06-22T14:27:04.929+0200] {taskmixin.py:211} WARNING - Dependency <Task(BashOperator): delete_entry_group>, create_entry_group already registered for DAG: example_complex
[2023-06-22T14:27:04.929+0200] {logging_mixin.py:149} INFO - [2023-06-22T14:27:04.929+0200] {taskmixin.py:211} WARNING - Dependency <Task(BashOperator): create_entry_gcs>, delete_entry already registered for DAG: example_complex
[2023-06-22T14:27:04.929+0200] {logging_mixin.py:149} INFO - [2023-06-22T14:27:04.929+0200] {taskmixin.py:211} WARNING - Dependency <Task(BashOperator): delete_entry>, create_entry_gcs already registered for DAG: example_complex
[2023-06-22T14:27:04.930+0200] {logging_mixin.py:149} INFO - [2023-06-22T14:27:04.929+0200] {taskmixin.py:211} WARNING - Dependency <Task(BashOperator): create_tag>, delete_tag already registered for DAG: example_complex
[2023-06-22T14:27:04.930+0200] {logging_mixin.py:149} INFO - [2023-06-22T14:27:04.930+0200] {taskmixin.py:211} WARNING - Dependency <Task(BashOperator): delete_tag>, create_tag already registered for DAG: example_complex
[2023-06-22T14:27:04.941+0200] {processor.py:836} INFO - DAG(s) dict_keys(['example_complex']) retrieved from /Users/saumyagoyal/JupyterNotebook/MLCon/MLCon_23/2_airflow/.venv/lib/python3.11/site-packages/airflow/example_dags/example_complex.py
[2023-06-22T14:27:05.646+0200] {logging_mixin.py:149} INFO - [2023-06-22T14:27:05.645+0200] {manager.py:504} INFO - Created Permission View: can edit on DAG:example_complex
[2023-06-22T14:27:05.652+0200] {logging_mixin.py:149} INFO - [2023-06-22T14:27:05.652+0200] {manager.py:504} INFO - Created Permission View: can delete on DAG:example_complex
[2023-06-22T14:27:05.656+0200] {logging_mixin.py:149} INFO - [2023-06-22T14:27:05.656+0200] {manager.py:504} INFO - Created Permission View: can read on DAG:example_complex
[2023-06-22T14:27:05.656+0200] {logging_mixin.py:149} INFO - [2023-06-22T14:27:05.656+0200] {dag.py:2726} INFO - Sync 1 DAGs
[2023-06-22T14:27:05.664+0200] {logging_mixin.py:149} INFO - [2023-06-22T14:27:05.664+0200] {dag.py:2747} INFO - Creating ORM DAG for example_complex
[2023-06-22T14:27:05.670+0200] {logging_mixin.py:149} INFO - [2023-06-22T14:27:05.670+0200] {dag.py:3486} INFO - Setting next_dagrun for example_complex to None, run_after=None
[2023-06-22T14:27:05.686+0200] {processor.py:179} INFO - Processing /Users/saumyagoyal/JupyterNotebook/MLCon/MLCon_23/2_airflow/.venv/lib/python3.11/site-packages/airflow/example_dags/example_complex.py took 0.766 seconds
[2023-06-22T14:29:49.629+0200] {processor.py:157} INFO - Started process (PID=84384) to work on /Users/saumyagoyal/JupyterNotebook/MLCon/MLCon_23/2_airflow/.venv/lib/python3.11/site-packages/airflow/example_dags/example_complex.py
[2023-06-22T14:29:49.631+0200] {processor.py:826} INFO - Processing file /Users/saumyagoyal/JupyterNotebook/MLCon/MLCon_23/2_airflow/.venv/lib/python3.11/site-packages/airflow/example_dags/example_complex.py for tasks to queue
[2023-06-22T14:29:49.632+0200] {logging_mixin.py:149} INFO - [2023-06-22T14:29:49.632+0200] {dagbag.py:541} INFO - Filling up the DagBag from /Users/saumyagoyal/JupyterNotebook/MLCon/MLCon_23/2_airflow/.venv/lib/python3.11/site-packages/airflow/example_dags/example_complex.py
[2023-06-22T14:29:49.638+0200] {logging_mixin.py:149} INFO - [2023-06-22T14:29:49.638+0200] {taskmixin.py:211} WARNING - Dependency <Task(BashOperator): create_entry_group>, delete_entry_group already registered for DAG: example_complex
[2023-06-22T14:29:49.638+0200] {logging_mixin.py:149} INFO - [2023-06-22T14:29:49.638+0200] {taskmixin.py:211} WARNING - Dependency <Task(BashOperator): delete_entry_group>, create_entry_group already registered for DAG: example_complex
[2023-06-22T14:29:49.639+0200] {logging_mixin.py:149} INFO - [2023-06-22T14:29:49.639+0200] {taskmixin.py:211} WARNING - Dependency <Task(BashOperator): create_entry_gcs>, delete_entry already registered for DAG: example_complex
[2023-06-22T14:29:49.639+0200] {logging_mixin.py:149} INFO - [2023-06-22T14:29:49.639+0200] {taskmixin.py:211} WARNING - Dependency <Task(BashOperator): delete_entry>, create_entry_gcs already registered for DAG: example_complex
[2023-06-22T14:29:49.639+0200] {logging_mixin.py:149} INFO - [2023-06-22T14:29:49.639+0200] {taskmixin.py:211} WARNING - Dependency <Task(BashOperator): create_tag>, delete_tag already registered for DAG: example_complex
[2023-06-22T14:29:49.639+0200] {logging_mixin.py:149} INFO - [2023-06-22T14:29:49.639+0200] {taskmixin.py:211} WARNING - Dependency <Task(BashOperator): delete_tag>, create_tag already registered for DAG: example_complex
[2023-06-22T14:29:49.649+0200] {processor.py:836} INFO - DAG(s) dict_keys(['example_complex']) retrieved from /Users/saumyagoyal/JupyterNotebook/MLCon/MLCon_23/2_airflow/.venv/lib/python3.11/site-packages/airflow/example_dags/example_complex.py
[2023-06-22T14:29:50.270+0200] {logging_mixin.py:149} INFO - [2023-06-22T14:29:50.270+0200] {dag.py:2726} INFO - Sync 1 DAGs
[2023-06-22T14:29:50.281+0200] {logging_mixin.py:149} INFO - [2023-06-22T14:29:50.281+0200] {dag.py:3486} INFO - Setting next_dagrun for example_complex to None, run_after=None
[2023-06-22T14:29:50.294+0200] {processor.py:179} INFO - Processing /Users/saumyagoyal/JupyterNotebook/MLCon/MLCon_23/2_airflow/.venv/lib/python3.11/site-packages/airflow/example_dags/example_complex.py took 0.666 seconds
[2023-06-22T14:32:19.257+0200] {processor.py:157} INFO - Started process (PID=84468) to work on /Users/saumyagoyal/JupyterNotebook/MLCon/MLCon_23/2_airflow/.venv/lib/python3.11/site-packages/airflow/example_dags/example_complex.py
[2023-06-22T14:32:19.259+0200] {processor.py:826} INFO - Processing file /Users/saumyagoyal/JupyterNotebook/MLCon/MLCon_23/2_airflow/.venv/lib/python3.11/site-packages/airflow/example_dags/example_complex.py for tasks to queue
[2023-06-22T14:32:19.259+0200] {logging_mixin.py:149} INFO - [2023-06-22T14:32:19.259+0200] {dagbag.py:541} INFO - Filling up the DagBag from /Users/saumyagoyal/JupyterNotebook/MLCon/MLCon_23/2_airflow/.venv/lib/python3.11/site-packages/airflow/example_dags/example_complex.py
[2023-06-22T14:32:19.266+0200] {logging_mixin.py:149} INFO - [2023-06-22T14:32:19.266+0200] {taskmixin.py:211} WARNING - Dependency <Task(BashOperator): create_entry_group>, delete_entry_group already registered for DAG: example_complex
[2023-06-22T14:32:19.266+0200] {logging_mixin.py:149} INFO - [2023-06-22T14:32:19.266+0200] {taskmixin.py:211} WARNING - Dependency <Task(BashOperator): delete_entry_group>, create_entry_group already registered for DAG: example_complex
[2023-06-22T14:32:19.266+0200] {logging_mixin.py:149} INFO - [2023-06-22T14:32:19.266+0200] {taskmixin.py:211} WARNING - Dependency <Task(BashOperator): create_entry_gcs>, delete_entry already registered for DAG: example_complex
[2023-06-22T14:32:19.266+0200] {logging_mixin.py:149} INFO - [2023-06-22T14:32:19.266+0200] {taskmixin.py:211} WARNING - Dependency <Task(BashOperator): delete_entry>, create_entry_gcs already registered for DAG: example_complex
[2023-06-22T14:32:19.266+0200] {logging_mixin.py:149} INFO - [2023-06-22T14:32:19.266+0200] {taskmixin.py:211} WARNING - Dependency <Task(BashOperator): create_tag>, delete_tag already registered for DAG: example_complex
[2023-06-22T14:32:19.267+0200] {logging_mixin.py:149} INFO - [2023-06-22T14:32:19.266+0200] {taskmixin.py:211} WARNING - Dependency <Task(BashOperator): delete_tag>, create_tag already registered for DAG: example_complex
[2023-06-22T14:32:19.276+0200] {processor.py:836} INFO - DAG(s) dict_keys(['example_complex']) retrieved from /Users/saumyagoyal/JupyterNotebook/MLCon/MLCon_23/2_airflow/.venv/lib/python3.11/site-packages/airflow/example_dags/example_complex.py
[2023-06-22T14:32:19.932+0200] {logging_mixin.py:149} INFO - [2023-06-22T14:32:19.932+0200] {dag.py:2726} INFO - Sync 1 DAGs
[2023-06-22T14:32:19.945+0200] {logging_mixin.py:149} INFO - [2023-06-22T14:32:19.945+0200] {dag.py:3486} INFO - Setting next_dagrun for example_complex to None, run_after=None
[2023-06-22T14:32:19.960+0200] {processor.py:179} INFO - Processing /Users/saumyagoyal/JupyterNotebook/MLCon/MLCon_23/2_airflow/.venv/lib/python3.11/site-packages/airflow/example_dags/example_complex.py took 0.704 seconds
[2023-06-22T14:35:13.004+0200] {processor.py:157} INFO - Started process (PID=84726) to work on /Users/saumyagoyal/JupyterNotebook/MLCon/MLCon_23/2_airflow/.venv/lib/python3.11/site-packages/airflow/example_dags/example_complex.py
[2023-06-22T14:35:13.010+0200] {processor.py:826} INFO - Processing file /Users/saumyagoyal/JupyterNotebook/MLCon/MLCon_23/2_airflow/.venv/lib/python3.11/site-packages/airflow/example_dags/example_complex.py for tasks to queue
[2023-06-22T14:35:13.010+0200] {logging_mixin.py:149} INFO - [2023-06-22T14:35:13.010+0200] {dagbag.py:541} INFO - Filling up the DagBag from /Users/saumyagoyal/JupyterNotebook/MLCon/MLCon_23/2_airflow/.venv/lib/python3.11/site-packages/airflow/example_dags/example_complex.py
[2023-06-22T14:35:13.023+0200] {logging_mixin.py:149} INFO - [2023-06-22T14:35:13.022+0200] {taskmixin.py:211} WARNING - Dependency <Task(BashOperator): create_entry_group>, delete_entry_group already registered for DAG: example_complex
[2023-06-22T14:35:13.023+0200] {logging_mixin.py:149} INFO - [2023-06-22T14:35:13.023+0200] {taskmixin.py:211} WARNING - Dependency <Task(BashOperator): delete_entry_group>, create_entry_group already registered for DAG: example_complex
[2023-06-22T14:35:13.023+0200] {logging_mixin.py:149} INFO - [2023-06-22T14:35:13.023+0200] {taskmixin.py:211} WARNING - Dependency <Task(BashOperator): create_entry_gcs>, delete_entry already registered for DAG: example_complex
[2023-06-22T14:35:13.023+0200] {logging_mixin.py:149} INFO - [2023-06-22T14:35:13.023+0200] {taskmixin.py:211} WARNING - Dependency <Task(BashOperator): delete_entry>, create_entry_gcs already registered for DAG: example_complex
[2023-06-22T14:35:13.024+0200] {logging_mixin.py:149} INFO - [2023-06-22T14:35:13.024+0200] {taskmixin.py:211} WARNING - Dependency <Task(BashOperator): create_tag>, delete_tag already registered for DAG: example_complex
[2023-06-22T14:35:13.024+0200] {logging_mixin.py:149} INFO - [2023-06-22T14:35:13.024+0200] {taskmixin.py:211} WARNING - Dependency <Task(BashOperator): delete_tag>, create_tag already registered for DAG: example_complex
[2023-06-22T14:35:13.040+0200] {processor.py:836} INFO - DAG(s) dict_keys(['example_complex']) retrieved from /Users/saumyagoyal/JupyterNotebook/MLCon/MLCon_23/2_airflow/.venv/lib/python3.11/site-packages/airflow/example_dags/example_complex.py
[2023-06-22T14:35:13.913+0200] {logging_mixin.py:149} INFO - [2023-06-22T14:35:13.913+0200] {dag.py:2726} INFO - Sync 1 DAGs
[2023-06-22T14:35:13.929+0200] {logging_mixin.py:149} INFO - [2023-06-22T14:35:13.929+0200] {dag.py:3486} INFO - Setting next_dagrun for example_complex to None, run_after=None
[2023-06-22T14:35:13.944+0200] {processor.py:179} INFO - Processing /Users/saumyagoyal/JupyterNotebook/MLCon/MLCon_23/2_airflow/.venv/lib/python3.11/site-packages/airflow/example_dags/example_complex.py took 0.940 seconds
[2023-06-22T14:38:12.606+0200] {processor.py:157} INFO - Started process (PID=85032) to work on /Users/saumyagoyal/JupyterNotebook/MLCon/MLCon_23/2_airflow/.venv/lib/python3.11/site-packages/airflow/example_dags/example_complex.py
[2023-06-22T14:38:12.609+0200] {processor.py:826} INFO - Processing file /Users/saumyagoyal/JupyterNotebook/MLCon/MLCon_23/2_airflow/.venv/lib/python3.11/site-packages/airflow/example_dags/example_complex.py for tasks to queue
[2023-06-22T14:38:12.609+0200] {logging_mixin.py:149} INFO - [2023-06-22T14:38:12.609+0200] {dagbag.py:541} INFO - Filling up the DagBag from /Users/saumyagoyal/JupyterNotebook/MLCon/MLCon_23/2_airflow/.venv/lib/python3.11/site-packages/airflow/example_dags/example_complex.py
[2023-06-22T14:38:12.618+0200] {logging_mixin.py:149} INFO - [2023-06-22T14:38:12.618+0200] {taskmixin.py:211} WARNING - Dependency <Task(BashOperator): create_entry_group>, delete_entry_group already registered for DAG: example_complex
[2023-06-22T14:38:12.618+0200] {logging_mixin.py:149} INFO - [2023-06-22T14:38:12.618+0200] {taskmixin.py:211} WARNING - Dependency <Task(BashOperator): delete_entry_group>, create_entry_group already registered for DAG: example_complex
[2023-06-22T14:38:12.619+0200] {logging_mixin.py:149} INFO - [2023-06-22T14:38:12.618+0200] {taskmixin.py:211} WARNING - Dependency <Task(BashOperator): create_entry_gcs>, delete_entry already registered for DAG: example_complex
[2023-06-22T14:38:12.619+0200] {logging_mixin.py:149} INFO - [2023-06-22T14:38:12.619+0200] {taskmixin.py:211} WARNING - Dependency <Task(BashOperator): delete_entry>, create_entry_gcs already registered for DAG: example_complex
[2023-06-22T14:38:12.619+0200] {logging_mixin.py:149} INFO - [2023-06-22T14:38:12.619+0200] {taskmixin.py:211} WARNING - Dependency <Task(BashOperator): create_tag>, delete_tag already registered for DAG: example_complex
[2023-06-22T14:38:12.619+0200] {logging_mixin.py:149} INFO - [2023-06-22T14:38:12.619+0200] {taskmixin.py:211} WARNING - Dependency <Task(BashOperator): delete_tag>, create_tag already registered for DAG: example_complex
[2023-06-22T14:38:12.633+0200] {processor.py:836} INFO - DAG(s) dict_keys(['example_complex']) retrieved from /Users/saumyagoyal/JupyterNotebook/MLCon/MLCon_23/2_airflow/.venv/lib/python3.11/site-packages/airflow/example_dags/example_complex.py
[2023-06-22T14:38:13.289+0200] {logging_mixin.py:149} INFO - [2023-06-22T14:38:13.289+0200] {dag.py:2726} INFO - Sync 1 DAGs
[2023-06-22T14:38:13.301+0200] {logging_mixin.py:149} INFO - [2023-06-22T14:38:13.301+0200] {dag.py:3486} INFO - Setting next_dagrun for example_complex to None, run_after=None
[2023-06-22T14:38:13.315+0200] {processor.py:179} INFO - Processing /Users/saumyagoyal/JupyterNotebook/MLCon/MLCon_23/2_airflow/.venv/lib/python3.11/site-packages/airflow/example_dags/example_complex.py took 0.710 seconds
[2023-06-22T14:41:12.085+0200] {processor.py:157} INFO - Started process (PID=85272) to work on /Users/saumyagoyal/JupyterNotebook/MLCon/MLCon_23/2_airflow/.venv/lib/python3.11/site-packages/airflow/example_dags/example_complex.py
[2023-06-22T14:41:12.087+0200] {processor.py:826} INFO - Processing file /Users/saumyagoyal/JupyterNotebook/MLCon/MLCon_23/2_airflow/.venv/lib/python3.11/site-packages/airflow/example_dags/example_complex.py for tasks to queue
[2023-06-22T14:41:12.087+0200] {logging_mixin.py:149} INFO - [2023-06-22T14:41:12.087+0200] {dagbag.py:541} INFO - Filling up the DagBag from /Users/saumyagoyal/JupyterNotebook/MLCon/MLCon_23/2_airflow/.venv/lib/python3.11/site-packages/airflow/example_dags/example_complex.py
[2023-06-22T14:41:12.094+0200] {logging_mixin.py:149} INFO - [2023-06-22T14:41:12.094+0200] {taskmixin.py:211} WARNING - Dependency <Task(BashOperator): create_entry_group>, delete_entry_group already registered for DAG: example_complex
[2023-06-22T14:41:12.094+0200] {logging_mixin.py:149} INFO - [2023-06-22T14:41:12.094+0200] {taskmixin.py:211} WARNING - Dependency <Task(BashOperator): delete_entry_group>, create_entry_group already registered for DAG: example_complex
[2023-06-22T14:41:12.094+0200] {logging_mixin.py:149} INFO - [2023-06-22T14:41:12.094+0200] {taskmixin.py:211} WARNING - Dependency <Task(BashOperator): create_entry_gcs>, delete_entry already registered for DAG: example_complex
[2023-06-22T14:41:12.094+0200] {logging_mixin.py:149} INFO - [2023-06-22T14:41:12.094+0200] {taskmixin.py:211} WARNING - Dependency <Task(BashOperator): delete_entry>, create_entry_gcs already registered for DAG: example_complex
[2023-06-22T14:41:12.094+0200] {logging_mixin.py:149} INFO - [2023-06-22T14:41:12.094+0200] {taskmixin.py:211} WARNING - Dependency <Task(BashOperator): create_tag>, delete_tag already registered for DAG: example_complex
[2023-06-22T14:41:12.094+0200] {logging_mixin.py:149} INFO - [2023-06-22T14:41:12.094+0200] {taskmixin.py:211} WARNING - Dependency <Task(BashOperator): delete_tag>, create_tag already registered for DAG: example_complex
[2023-06-22T14:41:12.105+0200] {processor.py:836} INFO - DAG(s) dict_keys(['example_complex']) retrieved from /Users/saumyagoyal/JupyterNotebook/MLCon/MLCon_23/2_airflow/.venv/lib/python3.11/site-packages/airflow/example_dags/example_complex.py
[2023-06-22T14:41:12.726+0200] {logging_mixin.py:149} INFO - [2023-06-22T14:41:12.726+0200] {dag.py:2726} INFO - Sync 1 DAGs
[2023-06-22T14:41:12.736+0200] {logging_mixin.py:149} INFO - [2023-06-22T14:41:12.736+0200] {dag.py:3486} INFO - Setting next_dagrun for example_complex to None, run_after=None
[2023-06-22T14:41:12.749+0200] {processor.py:179} INFO - Processing /Users/saumyagoyal/JupyterNotebook/MLCon/MLCon_23/2_airflow/.venv/lib/python3.11/site-packages/airflow/example_dags/example_complex.py took 0.665 seconds
[2023-06-22T14:44:01.317+0200] {processor.py:157} INFO - Started process (PID=85437) to work on /Users/saumyagoyal/JupyterNotebook/MLCon/MLCon_23/2_airflow/.venv/lib/python3.11/site-packages/airflow/example_dags/example_complex.py
[2023-06-22T14:44:01.321+0200] {processor.py:826} INFO - Processing file /Users/saumyagoyal/JupyterNotebook/MLCon/MLCon_23/2_airflow/.venv/lib/python3.11/site-packages/airflow/example_dags/example_complex.py for tasks to queue
[2023-06-22T14:44:01.321+0200] {logging_mixin.py:149} INFO - [2023-06-22T14:44:01.321+0200] {dagbag.py:541} INFO - Filling up the DagBag from /Users/saumyagoyal/JupyterNotebook/MLCon/MLCon_23/2_airflow/.venv/lib/python3.11/site-packages/airflow/example_dags/example_complex.py
[2023-06-22T14:44:01.329+0200] {logging_mixin.py:149} INFO - [2023-06-22T14:44:01.329+0200] {taskmixin.py:211} WARNING - Dependency <Task(BashOperator): create_entry_group>, delete_entry_group already registered for DAG: example_complex
[2023-06-22T14:44:01.330+0200] {logging_mixin.py:149} INFO - [2023-06-22T14:44:01.330+0200] {taskmixin.py:211} WARNING - Dependency <Task(BashOperator): delete_entry_group>, create_entry_group already registered for DAG: example_complex
[2023-06-22T14:44:01.330+0200] {logging_mixin.py:149} INFO - [2023-06-22T14:44:01.330+0200] {taskmixin.py:211} WARNING - Dependency <Task(BashOperator): create_entry_gcs>, delete_entry already registered for DAG: example_complex
[2023-06-22T14:44:01.330+0200] {logging_mixin.py:149} INFO - [2023-06-22T14:44:01.330+0200] {taskmixin.py:211} WARNING - Dependency <Task(BashOperator): delete_entry>, create_entry_gcs already registered for DAG: example_complex
[2023-06-22T14:44:01.330+0200] {logging_mixin.py:149} INFO - [2023-06-22T14:44:01.330+0200] {taskmixin.py:211} WARNING - Dependency <Task(BashOperator): create_tag>, delete_tag already registered for DAG: example_complex
[2023-06-22T14:44:01.330+0200] {logging_mixin.py:149} INFO - [2023-06-22T14:44:01.330+0200] {taskmixin.py:211} WARNING - Dependency <Task(BashOperator): delete_tag>, create_tag already registered for DAG: example_complex
[2023-06-22T14:44:01.341+0200] {processor.py:836} INFO - DAG(s) dict_keys(['example_complex']) retrieved from /Users/saumyagoyal/JupyterNotebook/MLCon/MLCon_23/2_airflow/.venv/lib/python3.11/site-packages/airflow/example_dags/example_complex.py
[2023-06-22T14:44:02.004+0200] {logging_mixin.py:149} INFO - [2023-06-22T14:44:02.004+0200] {dag.py:2726} INFO - Sync 1 DAGs
[2023-06-22T14:44:02.015+0200] {logging_mixin.py:149} INFO - [2023-06-22T14:44:02.015+0200] {dag.py:3486} INFO - Setting next_dagrun for example_complex to None, run_after=None
[2023-06-22T14:44:02.028+0200] {processor.py:179} INFO - Processing /Users/saumyagoyal/JupyterNotebook/MLCon/MLCon_23/2_airflow/.venv/lib/python3.11/site-packages/airflow/example_dags/example_complex.py took 0.711 seconds
