[2023-06-22T14:26:22.337+0200] {processor.py:157} INFO - Started process (PID=84264) to work on /Users/saumyagoyal/JupyterNotebook/MLCon/MLCon_23/2_airflow/.venv/lib/python3.11/site-packages/airflow/example_dags/example_setup_teardown.py
[2023-06-22T14:26:22.340+0200] {processor.py:826} INFO - Processing file /Users/saumyagoyal/JupyterNotebook/MLCon/MLCon_23/2_airflow/.venv/lib/python3.11/site-packages/airflow/example_dags/example_setup_teardown.py for tasks to queue
[2023-06-22T14:26:22.340+0200] {logging_mixin.py:149} INFO - [2023-06-22T14:26:22.340+0200] {dagbag.py:541} INFO - Filling up the DagBag from /Users/saumyagoyal/JupyterNotebook/MLCon/MLCon_23/2_airflow/.venv/lib/python3.11/site-packages/airflow/example_dags/example_setup_teardown.py
[2023-06-22T14:26:22.342+0200] {processor.py:838} WARNING - No viable dags retrieved from /Users/saumyagoyal/JupyterNotebook/MLCon/MLCon_23/2_airflow/.venv/lib/python3.11/site-packages/airflow/example_dags/example_setup_teardown.py
[2023-06-22T14:26:22.964+0200] {processor.py:179} INFO - Processing /Users/saumyagoyal/JupyterNotebook/MLCon/MLCon_23/2_airflow/.venv/lib/python3.11/site-packages/airflow/example_dags/example_setup_teardown.py took 0.628 seconds
[2023-06-22T14:28:23.001+0200] {processor.py:157} INFO - Started process (PID=84337) to work on /Users/saumyagoyal/JupyterNotebook/MLCon/MLCon_23/2_airflow/.venv/lib/python3.11/site-packages/airflow/example_dags/example_setup_teardown.py
[2023-06-22T14:28:23.003+0200] {processor.py:826} INFO - Processing file /Users/saumyagoyal/JupyterNotebook/MLCon/MLCon_23/2_airflow/.venv/lib/python3.11/site-packages/airflow/example_dags/example_setup_teardown.py for tasks to queue
[2023-06-22T14:28:23.003+0200] {logging_mixin.py:149} INFO - [2023-06-22T14:28:23.003+0200] {dagbag.py:541} INFO - Filling up the DagBag from /Users/saumyagoyal/JupyterNotebook/MLCon/MLCon_23/2_airflow/.venv/lib/python3.11/site-packages/airflow/example_dags/example_setup_teardown.py
[2023-06-22T14:28:23.005+0200] {processor.py:838} WARNING - No viable dags retrieved from /Users/saumyagoyal/JupyterNotebook/MLCon/MLCon_23/2_airflow/.venv/lib/python3.11/site-packages/airflow/example_dags/example_setup_teardown.py
[2023-06-22T14:28:23.595+0200] {processor.py:179} INFO - Processing /Users/saumyagoyal/JupyterNotebook/MLCon/MLCon_23/2_airflow/.venv/lib/python3.11/site-packages/airflow/example_dags/example_setup_teardown.py took 0.595 seconds
[2023-06-22T14:30:52.870+0200] {processor.py:157} INFO - Started process (PID=84422) to work on /Users/saumyagoyal/JupyterNotebook/MLCon/MLCon_23/2_airflow/.venv/lib/python3.11/site-packages/airflow/example_dags/example_setup_teardown.py
[2023-06-22T14:30:52.872+0200] {processor.py:826} INFO - Processing file /Users/saumyagoyal/JupyterNotebook/MLCon/MLCon_23/2_airflow/.venv/lib/python3.11/site-packages/airflow/example_dags/example_setup_teardown.py for tasks to queue
[2023-06-22T14:30:52.872+0200] {logging_mixin.py:149} INFO - [2023-06-22T14:30:52.872+0200] {dagbag.py:541} INFO - Filling up the DagBag from /Users/saumyagoyal/JupyterNotebook/MLCon/MLCon_23/2_airflow/.venv/lib/python3.11/site-packages/airflow/example_dags/example_setup_teardown.py
[2023-06-22T14:30:52.874+0200] {processor.py:838} WARNING - No viable dags retrieved from /Users/saumyagoyal/JupyterNotebook/MLCon/MLCon_23/2_airflow/.venv/lib/python3.11/site-packages/airflow/example_dags/example_setup_teardown.py
[2023-06-22T14:30:53.466+0200] {processor.py:179} INFO - Processing /Users/saumyagoyal/JupyterNotebook/MLCon/MLCon_23/2_airflow/.venv/lib/python3.11/site-packages/airflow/example_dags/example_setup_teardown.py took 0.597 seconds
[2023-06-22T14:33:31.014+0200] {processor.py:157} INFO - Started process (PID=84635) to work on /Users/saumyagoyal/JupyterNotebook/MLCon/MLCon_23/2_airflow/.venv/lib/python3.11/site-packages/airflow/example_dags/example_setup_teardown.py
[2023-06-22T14:33:31.016+0200] {processor.py:826} INFO - Processing file /Users/saumyagoyal/JupyterNotebook/MLCon/MLCon_23/2_airflow/.venv/lib/python3.11/site-packages/airflow/example_dags/example_setup_teardown.py for tasks to queue
[2023-06-22T14:33:31.017+0200] {logging_mixin.py:149} INFO - [2023-06-22T14:33:31.017+0200] {dagbag.py:541} INFO - Filling up the DagBag from /Users/saumyagoyal/JupyterNotebook/MLCon/MLCon_23/2_airflow/.venv/lib/python3.11/site-packages/airflow/example_dags/example_setup_teardown.py
[2023-06-22T14:33:31.019+0200] {processor.py:838} WARNING - No viable dags retrieved from /Users/saumyagoyal/JupyterNotebook/MLCon/MLCon_23/2_airflow/.venv/lib/python3.11/site-packages/airflow/example_dags/example_setup_teardown.py
[2023-06-22T14:33:31.659+0200] {processor.py:179} INFO - Processing /Users/saumyagoyal/JupyterNotebook/MLCon/MLCon_23/2_airflow/.venv/lib/python3.11/site-packages/airflow/example_dags/example_setup_teardown.py took 0.646 seconds
[2023-06-22T14:34:59.342+0200] {processor.py:157} INFO - Started process (PID=84718) to work on /Users/saumyagoyal/JupyterNotebook/MLCon/MLCon_23/2_airflow/.venv/lib/python3.11/site-packages/airflow/example_dags/example_setup_teardown.py
[2023-06-22T14:34:59.344+0200] {processor.py:826} INFO - Processing file /Users/saumyagoyal/JupyterNotebook/MLCon/MLCon_23/2_airflow/.venv/lib/python3.11/site-packages/airflow/example_dags/example_setup_teardown.py for tasks to queue
[2023-06-22T14:34:59.345+0200] {logging_mixin.py:149} INFO - [2023-06-22T14:34:59.345+0200] {dagbag.py:541} INFO - Filling up the DagBag from /Users/saumyagoyal/JupyterNotebook/MLCon/MLCon_23/2_airflow/.venv/lib/python3.11/site-packages/airflow/example_dags/example_setup_teardown.py
[2023-06-22T14:34:59.347+0200] {processor.py:838} WARNING - No viable dags retrieved from /Users/saumyagoyal/JupyterNotebook/MLCon/MLCon_23/2_airflow/.venv/lib/python3.11/site-packages/airflow/example_dags/example_setup_teardown.py
[2023-06-22T14:34:59.930+0200] {processor.py:179} INFO - Processing /Users/saumyagoyal/JupyterNotebook/MLCon/MLCon_23/2_airflow/.venv/lib/python3.11/site-packages/airflow/example_dags/example_setup_teardown.py took 0.588 seconds
[2023-06-22T14:36:31.867+0200] {processor.py:157} INFO - Started process (PID=84795) to work on /Users/saumyagoyal/JupyterNotebook/MLCon/MLCon_23/2_airflow/.venv/lib/python3.11/site-packages/airflow/example_dags/example_setup_teardown.py
[2023-06-22T14:36:31.870+0200] {processor.py:826} INFO - Processing file /Users/saumyagoyal/JupyterNotebook/MLCon/MLCon_23/2_airflow/.venv/lib/python3.11/site-packages/airflow/example_dags/example_setup_teardown.py for tasks to queue
[2023-06-22T14:36:31.870+0200] {logging_mixin.py:149} INFO - [2023-06-22T14:36:31.870+0200] {dagbag.py:541} INFO - Filling up the DagBag from /Users/saumyagoyal/JupyterNotebook/MLCon/MLCon_23/2_airflow/.venv/lib/python3.11/site-packages/airflow/example_dags/example_setup_teardown.py
[2023-06-22T14:36:31.874+0200] {processor.py:838} WARNING - No viable dags retrieved from /Users/saumyagoyal/JupyterNotebook/MLCon/MLCon_23/2_airflow/.venv/lib/python3.11/site-packages/airflow/example_dags/example_setup_teardown.py
[2023-06-22T14:36:32.545+0200] {processor.py:179} INFO - Processing /Users/saumyagoyal/JupyterNotebook/MLCon/MLCon_23/2_airflow/.venv/lib/python3.11/site-packages/airflow/example_dags/example_setup_teardown.py took 0.679 seconds
[2023-06-22T14:37:59.377+0200] {processor.py:157} INFO - Started process (PID=85021) to work on /Users/saumyagoyal/JupyterNotebook/MLCon/MLCon_23/2_airflow/.venv/lib/python3.11/site-packages/airflow/example_dags/example_setup_teardown.py
[2023-06-22T14:37:59.381+0200] {processor.py:826} INFO - Processing file /Users/saumyagoyal/JupyterNotebook/MLCon/MLCon_23/2_airflow/.venv/lib/python3.11/site-packages/airflow/example_dags/example_setup_teardown.py for tasks to queue
[2023-06-22T14:37:59.381+0200] {logging_mixin.py:149} INFO - [2023-06-22T14:37:59.381+0200] {dagbag.py:541} INFO - Filling up the DagBag from /Users/saumyagoyal/JupyterNotebook/MLCon/MLCon_23/2_airflow/.venv/lib/python3.11/site-packages/airflow/example_dags/example_setup_teardown.py
[2023-06-22T14:37:59.384+0200] {processor.py:838} WARNING - No viable dags retrieved from /Users/saumyagoyal/JupyterNotebook/MLCon/MLCon_23/2_airflow/.venv/lib/python3.11/site-packages/airflow/example_dags/example_setup_teardown.py
[2023-06-22T14:38:00.024+0200] {processor.py:179} INFO - Processing /Users/saumyagoyal/JupyterNotebook/MLCon/MLCon_23/2_airflow/.venv/lib/python3.11/site-packages/airflow/example_dags/example_setup_teardown.py took 0.647 seconds
[2023-06-22T14:39:29.204+0200] {processor.py:157} INFO - Started process (PID=85077) to work on /Users/saumyagoyal/JupyterNotebook/MLCon/MLCon_23/2_airflow/.venv/lib/python3.11/site-packages/airflow/example_dags/example_setup_teardown.py
[2023-06-22T14:39:29.206+0200] {processor.py:826} INFO - Processing file /Users/saumyagoyal/JupyterNotebook/MLCon/MLCon_23/2_airflow/.venv/lib/python3.11/site-packages/airflow/example_dags/example_setup_teardown.py for tasks to queue
[2023-06-22T14:39:29.207+0200] {logging_mixin.py:149} INFO - [2023-06-22T14:39:29.207+0200] {dagbag.py:541} INFO - Filling up the DagBag from /Users/saumyagoyal/JupyterNotebook/MLCon/MLCon_23/2_airflow/.venv/lib/python3.11/site-packages/airflow/example_dags/example_setup_teardown.py
[2023-06-22T14:39:29.209+0200] {processor.py:838} WARNING - No viable dags retrieved from /Users/saumyagoyal/JupyterNotebook/MLCon/MLCon_23/2_airflow/.venv/lib/python3.11/site-packages/airflow/example_dags/example_setup_teardown.py
[2023-06-22T14:39:29.877+0200] {processor.py:179} INFO - Processing /Users/saumyagoyal/JupyterNotebook/MLCon/MLCon_23/2_airflow/.venv/lib/python3.11/site-packages/airflow/example_dags/example_setup_teardown.py took 0.674 seconds
[2023-06-22T14:40:59.108+0200] {processor.py:157} INFO - Started process (PID=85252) to work on /Users/saumyagoyal/JupyterNotebook/MLCon/MLCon_23/2_airflow/.venv/lib/python3.11/site-packages/airflow/example_dags/example_setup_teardown.py
[2023-06-22T14:40:59.110+0200] {processor.py:826} INFO - Processing file /Users/saumyagoyal/JupyterNotebook/MLCon/MLCon_23/2_airflow/.venv/lib/python3.11/site-packages/airflow/example_dags/example_setup_teardown.py for tasks to queue
[2023-06-22T14:40:59.111+0200] {logging_mixin.py:149} INFO - [2023-06-22T14:40:59.111+0200] {dagbag.py:541} INFO - Filling up the DagBag from /Users/saumyagoyal/JupyterNotebook/MLCon/MLCon_23/2_airflow/.venv/lib/python3.11/site-packages/airflow/example_dags/example_setup_teardown.py
[2023-06-22T14:40:59.113+0200] {processor.py:838} WARNING - No viable dags retrieved from /Users/saumyagoyal/JupyterNotebook/MLCon/MLCon_23/2_airflow/.venv/lib/python3.11/site-packages/airflow/example_dags/example_setup_teardown.py
[2023-06-22T14:40:59.729+0200] {processor.py:179} INFO - Processing /Users/saumyagoyal/JupyterNotebook/MLCon/MLCon_23/2_airflow/.venv/lib/python3.11/site-packages/airflow/example_dags/example_setup_teardown.py took 0.622 seconds
[2023-06-22T14:42:26.544+0200] {processor.py:157} INFO - Started process (PID=85369) to work on /Users/saumyagoyal/JupyterNotebook/MLCon/MLCon_23/2_airflow/.venv/lib/python3.11/site-packages/airflow/example_dags/example_setup_teardown.py
[2023-06-22T14:42:26.548+0200] {processor.py:826} INFO - Processing file /Users/saumyagoyal/JupyterNotebook/MLCon/MLCon_23/2_airflow/.venv/lib/python3.11/site-packages/airflow/example_dags/example_setup_teardown.py for tasks to queue
[2023-06-22T14:42:26.548+0200] {logging_mixin.py:149} INFO - [2023-06-22T14:42:26.548+0200] {dagbag.py:541} INFO - Filling up the DagBag from /Users/saumyagoyal/JupyterNotebook/MLCon/MLCon_23/2_airflow/.venv/lib/python3.11/site-packages/airflow/example_dags/example_setup_teardown.py
[2023-06-22T14:42:26.550+0200] {processor.py:838} WARNING - No viable dags retrieved from /Users/saumyagoyal/JupyterNotebook/MLCon/MLCon_23/2_airflow/.venv/lib/python3.11/site-packages/airflow/example_dags/example_setup_teardown.py
[2023-06-22T14:42:27.175+0200] {processor.py:179} INFO - Processing /Users/saumyagoyal/JupyterNotebook/MLCon/MLCon_23/2_airflow/.venv/lib/python3.11/site-packages/airflow/example_dags/example_setup_teardown.py took 0.631 seconds
[2023-06-22T14:45:14.260+0200] {processor.py:157} INFO - Started process (PID=85492) to work on /Users/saumyagoyal/JupyterNotebook/MLCon/MLCon_23/2_airflow/.venv/lib/python3.11/site-packages/airflow/example_dags/example_setup_teardown.py
[2023-06-22T14:45:14.263+0200] {processor.py:826} INFO - Processing file /Users/saumyagoyal/JupyterNotebook/MLCon/MLCon_23/2_airflow/.venv/lib/python3.11/site-packages/airflow/example_dags/example_setup_teardown.py for tasks to queue
[2023-06-22T14:45:14.264+0200] {logging_mixin.py:149} INFO - [2023-06-22T14:45:14.263+0200] {dagbag.py:541} INFO - Filling up the DagBag from /Users/saumyagoyal/JupyterNotebook/MLCon/MLCon_23/2_airflow/.venv/lib/python3.11/site-packages/airflow/example_dags/example_setup_teardown.py
[2023-06-22T14:45:14.266+0200] {processor.py:838} WARNING - No viable dags retrieved from /Users/saumyagoyal/JupyterNotebook/MLCon/MLCon_23/2_airflow/.venv/lib/python3.11/site-packages/airflow/example_dags/example_setup_teardown.py
[2023-06-22T14:45:14.850+0200] {processor.py:179} INFO - Processing /Users/saumyagoyal/JupyterNotebook/MLCon/MLCon_23/2_airflow/.venv/lib/python3.11/site-packages/airflow/example_dags/example_setup_teardown.py took 0.590 seconds
