[2023-06-22T14:26:24.881+0200] {processor.py:157} INFO - Started process (PID=84266) to work on /Users/saumyagoyal/JupyterNotebook/MLCon/MLCon_23/2_airflow/.venv/lib/python3.11/site-packages/airflow/example_dags/example_sensors.py
[2023-06-22T14:26:24.884+0200] {processor.py:826} INFO - Processing file /Users/saumyagoyal/JupyterNotebook/MLCon/MLCon_23/2_airflow/.venv/lib/python3.11/site-packages/airflow/example_dags/example_sensors.py for tasks to queue
[2023-06-22T14:26:24.884+0200] {logging_mixin.py:149} INFO - [2023-06-22T14:26:24.884+0200] {dagbag.py:541} INFO - Filling up the DagBag from /Users/saumyagoyal/JupyterNotebook/MLCon/MLCon_23/2_airflow/.venv/lib/python3.11/site-packages/airflow/example_dags/example_sensors.py
[2023-06-22T14:26:24.903+0200] {processor.py:836} INFO - DAG(s) dict_keys(['example_sensors']) retrieved from /Users/saumyagoyal/JupyterNotebook/MLCon/MLCon_23/2_airflow/.venv/lib/python3.11/site-packages/airflow/example_dags/example_sensors.py
[2023-06-22T14:26:25.579+0200] {logging_mixin.py:149} INFO - [2023-06-22T14:26:25.579+0200] {manager.py:504} INFO - Created Permission View: can read on DAG:example_sensors
[2023-06-22T14:26:25.585+0200] {logging_mixin.py:149} INFO - [2023-06-22T14:26:25.585+0200] {manager.py:504} INFO - Created Permission View: can edit on DAG:example_sensors
[2023-06-22T14:26:25.592+0200] {logging_mixin.py:149} INFO - [2023-06-22T14:26:25.592+0200] {manager.py:504} INFO - Created Permission View: can delete on DAG:example_sensors
[2023-06-22T14:26:25.592+0200] {logging_mixin.py:149} INFO - [2023-06-22T14:26:25.592+0200] {dag.py:2726} INFO - Sync 1 DAGs
[2023-06-22T14:26:25.602+0200] {logging_mixin.py:149} INFO - [2023-06-22T14:26:25.602+0200] {dag.py:2747} INFO - Creating ORM DAG for example_sensors
[2023-06-22T14:26:25.607+0200] {logging_mixin.py:149} INFO - [2023-06-22T14:26:25.607+0200] {dag.py:3486} INFO - Setting next_dagrun for example_sensors to None, run_after=None
[2023-06-22T14:26:25.619+0200] {processor.py:179} INFO - Processing /Users/saumyagoyal/JupyterNotebook/MLCon/MLCon_23/2_airflow/.venv/lib/python3.11/site-packages/airflow/example_dags/example_sensors.py took 0.738 seconds
[2023-06-22T14:28:25.330+0200] {processor.py:157} INFO - Started process (PID=84339) to work on /Users/saumyagoyal/JupyterNotebook/MLCon/MLCon_23/2_airflow/.venv/lib/python3.11/site-packages/airflow/example_dags/example_sensors.py
[2023-06-22T14:28:25.332+0200] {processor.py:826} INFO - Processing file /Users/saumyagoyal/JupyterNotebook/MLCon/MLCon_23/2_airflow/.venv/lib/python3.11/site-packages/airflow/example_dags/example_sensors.py for tasks to queue
[2023-06-22T14:28:25.333+0200] {logging_mixin.py:149} INFO - [2023-06-22T14:28:25.333+0200] {dagbag.py:541} INFO - Filling up the DagBag from /Users/saumyagoyal/JupyterNotebook/MLCon/MLCon_23/2_airflow/.venv/lib/python3.11/site-packages/airflow/example_dags/example_sensors.py
[2023-06-22T14:28:25.354+0200] {processor.py:836} INFO - DAG(s) dict_keys(['example_sensors']) retrieved from /Users/saumyagoyal/JupyterNotebook/MLCon/MLCon_23/2_airflow/.venv/lib/python3.11/site-packages/airflow/example_dags/example_sensors.py
[2023-06-22T14:28:26.024+0200] {logging_mixin.py:149} INFO - [2023-06-22T14:28:26.024+0200] {dag.py:2726} INFO - Sync 1 DAGs
[2023-06-22T14:28:26.035+0200] {logging_mixin.py:149} INFO - [2023-06-22T14:28:26.035+0200] {dag.py:3486} INFO - Setting next_dagrun for example_sensors to None, run_after=None
[2023-06-22T14:28:26.047+0200] {processor.py:179} INFO - Processing /Users/saumyagoyal/JupyterNotebook/MLCon/MLCon_23/2_airflow/.venv/lib/python3.11/site-packages/airflow/example_dags/example_sensors.py took 0.718 seconds
[2023-06-22T14:30:54.642+0200] {processor.py:157} INFO - Started process (PID=84423) to work on /Users/saumyagoyal/JupyterNotebook/MLCon/MLCon_23/2_airflow/.venv/lib/python3.11/site-packages/airflow/example_dags/example_sensors.py
[2023-06-22T14:30:54.644+0200] {processor.py:826} INFO - Processing file /Users/saumyagoyal/JupyterNotebook/MLCon/MLCon_23/2_airflow/.venv/lib/python3.11/site-packages/airflow/example_dags/example_sensors.py for tasks to queue
[2023-06-22T14:30:54.644+0200] {logging_mixin.py:149} INFO - [2023-06-22T14:30:54.644+0200] {dagbag.py:541} INFO - Filling up the DagBag from /Users/saumyagoyal/JupyterNotebook/MLCon/MLCon_23/2_airflow/.venv/lib/python3.11/site-packages/airflow/example_dags/example_sensors.py
[2023-06-22T14:30:54.663+0200] {processor.py:836} INFO - DAG(s) dict_keys(['example_sensors']) retrieved from /Users/saumyagoyal/JupyterNotebook/MLCon/MLCon_23/2_airflow/.venv/lib/python3.11/site-packages/airflow/example_dags/example_sensors.py
[2023-06-22T14:30:55.314+0200] {logging_mixin.py:149} INFO - [2023-06-22T14:30:55.314+0200] {dag.py:2726} INFO - Sync 1 DAGs
[2023-06-22T14:30:55.326+0200] {logging_mixin.py:149} INFO - [2023-06-22T14:30:55.326+0200] {dag.py:3486} INFO - Setting next_dagrun for example_sensors to None, run_after=None
[2023-06-22T14:30:55.338+0200] {processor.py:179} INFO - Processing /Users/saumyagoyal/JupyterNotebook/MLCon/MLCon_23/2_airflow/.venv/lib/python3.11/site-packages/airflow/example_dags/example_sensors.py took 0.697 seconds
[2023-06-22T14:33:32.631+0200] {processor.py:157} INFO - Started process (PID=84636) to work on /Users/saumyagoyal/JupyterNotebook/MLCon/MLCon_23/2_airflow/.venv/lib/python3.11/site-packages/airflow/example_dags/example_sensors.py
[2023-06-22T14:33:32.634+0200] {processor.py:826} INFO - Processing file /Users/saumyagoyal/JupyterNotebook/MLCon/MLCon_23/2_airflow/.venv/lib/python3.11/site-packages/airflow/example_dags/example_sensors.py for tasks to queue
[2023-06-22T14:33:32.634+0200] {logging_mixin.py:149} INFO - [2023-06-22T14:33:32.634+0200] {dagbag.py:541} INFO - Filling up the DagBag from /Users/saumyagoyal/JupyterNotebook/MLCon/MLCon_23/2_airflow/.venv/lib/python3.11/site-packages/airflow/example_dags/example_sensors.py
[2023-06-22T14:33:32.654+0200] {processor.py:836} INFO - DAG(s) dict_keys(['example_sensors']) retrieved from /Users/saumyagoyal/JupyterNotebook/MLCon/MLCon_23/2_airflow/.venv/lib/python3.11/site-packages/airflow/example_dags/example_sensors.py
[2023-06-22T14:33:33.324+0200] {logging_mixin.py:149} INFO - [2023-06-22T14:33:33.324+0200] {dag.py:2726} INFO - Sync 1 DAGs
[2023-06-22T14:33:33.335+0200] {logging_mixin.py:149} INFO - [2023-06-22T14:33:33.335+0200] {dag.py:3486} INFO - Setting next_dagrun for example_sensors to None, run_after=None
[2023-06-22T14:33:33.349+0200] {processor.py:179} INFO - Processing /Users/saumyagoyal/JupyterNotebook/MLCon/MLCon_23/2_airflow/.venv/lib/python3.11/site-packages/airflow/example_dags/example_sensors.py took 0.718 seconds
[2023-06-22T14:35:01.923+0200] {processor.py:157} INFO - Started process (PID=84719) to work on /Users/saumyagoyal/JupyterNotebook/MLCon/MLCon_23/2_airflow/.venv/lib/python3.11/site-packages/airflow/example_dags/example_sensors.py
[2023-06-22T14:35:01.926+0200] {processor.py:826} INFO - Processing file /Users/saumyagoyal/JupyterNotebook/MLCon/MLCon_23/2_airflow/.venv/lib/python3.11/site-packages/airflow/example_dags/example_sensors.py for tasks to queue
[2023-06-22T14:35:01.927+0200] {logging_mixin.py:149} INFO - [2023-06-22T14:35:01.927+0200] {dagbag.py:541} INFO - Filling up the DagBag from /Users/saumyagoyal/JupyterNotebook/MLCon/MLCon_23/2_airflow/.venv/lib/python3.11/site-packages/airflow/example_dags/example_sensors.py
[2023-06-22T14:35:01.946+0200] {processor.py:836} INFO - DAG(s) dict_keys(['example_sensors']) retrieved from /Users/saumyagoyal/JupyterNotebook/MLCon/MLCon_23/2_airflow/.venv/lib/python3.11/site-packages/airflow/example_dags/example_sensors.py
[2023-06-22T14:35:02.591+0200] {logging_mixin.py:149} INFO - [2023-06-22T14:35:02.591+0200] {dag.py:2726} INFO - Sync 1 DAGs
[2023-06-22T14:35:02.602+0200] {logging_mixin.py:149} INFO - [2023-06-22T14:35:02.601+0200] {dag.py:3486} INFO - Setting next_dagrun for example_sensors to None, run_after=None
[2023-06-22T14:35:02.614+0200] {processor.py:179} INFO - Processing /Users/saumyagoyal/JupyterNotebook/MLCon/MLCon_23/2_airflow/.venv/lib/python3.11/site-packages/airflow/example_dags/example_sensors.py took 0.691 seconds
[2023-06-22T14:36:34.332+0200] {processor.py:157} INFO - Started process (PID=84796) to work on /Users/saumyagoyal/JupyterNotebook/MLCon/MLCon_23/2_airflow/.venv/lib/python3.11/site-packages/airflow/example_dags/example_sensors.py
[2023-06-22T14:36:34.335+0200] {processor.py:826} INFO - Processing file /Users/saumyagoyal/JupyterNotebook/MLCon/MLCon_23/2_airflow/.venv/lib/python3.11/site-packages/airflow/example_dags/example_sensors.py for tasks to queue
[2023-06-22T14:36:34.335+0200] {logging_mixin.py:149} INFO - [2023-06-22T14:36:34.335+0200] {dagbag.py:541} INFO - Filling up the DagBag from /Users/saumyagoyal/JupyterNotebook/MLCon/MLCon_23/2_airflow/.venv/lib/python3.11/site-packages/airflow/example_dags/example_sensors.py
[2023-06-22T14:36:34.364+0200] {processor.py:836} INFO - DAG(s) dict_keys(['example_sensors']) retrieved from /Users/saumyagoyal/JupyterNotebook/MLCon/MLCon_23/2_airflow/.venv/lib/python3.11/site-packages/airflow/example_dags/example_sensors.py
[2023-06-22T14:36:35.029+0200] {logging_mixin.py:149} INFO - [2023-06-22T14:36:35.028+0200] {dag.py:2726} INFO - Sync 1 DAGs
[2023-06-22T14:36:35.042+0200] {logging_mixin.py:149} INFO - [2023-06-22T14:36:35.041+0200] {dag.py:3486} INFO - Setting next_dagrun for example_sensors to None, run_after=None
[2023-06-22T14:36:35.055+0200] {processor.py:179} INFO - Processing /Users/saumyagoyal/JupyterNotebook/MLCon/MLCon_23/2_airflow/.venv/lib/python3.11/site-packages/airflow/example_dags/example_sensors.py took 0.724 seconds
[2023-06-22T14:38:01.938+0200] {processor.py:157} INFO - Started process (PID=85024) to work on /Users/saumyagoyal/JupyterNotebook/MLCon/MLCon_23/2_airflow/.venv/lib/python3.11/site-packages/airflow/example_dags/example_sensors.py
[2023-06-22T14:38:01.942+0200] {processor.py:826} INFO - Processing file /Users/saumyagoyal/JupyterNotebook/MLCon/MLCon_23/2_airflow/.venv/lib/python3.11/site-packages/airflow/example_dags/example_sensors.py for tasks to queue
[2023-06-22T14:38:01.943+0200] {logging_mixin.py:149} INFO - [2023-06-22T14:38:01.943+0200] {dagbag.py:541} INFO - Filling up the DagBag from /Users/saumyagoyal/JupyterNotebook/MLCon/MLCon_23/2_airflow/.venv/lib/python3.11/site-packages/airflow/example_dags/example_sensors.py
[2023-06-22T14:38:01.973+0200] {processor.py:836} INFO - DAG(s) dict_keys(['example_sensors']) retrieved from /Users/saumyagoyal/JupyterNotebook/MLCon/MLCon_23/2_airflow/.venv/lib/python3.11/site-packages/airflow/example_dags/example_sensors.py
[2023-06-22T14:38:02.623+0200] {logging_mixin.py:149} INFO - [2023-06-22T14:38:02.623+0200] {dag.py:2726} INFO - Sync 1 DAGs
[2023-06-22T14:38:02.633+0200] {logging_mixin.py:149} INFO - [2023-06-22T14:38:02.633+0200] {dag.py:3486} INFO - Setting next_dagrun for example_sensors to None, run_after=None
[2023-06-22T14:38:02.649+0200] {processor.py:179} INFO - Processing /Users/saumyagoyal/JupyterNotebook/MLCon/MLCon_23/2_airflow/.venv/lib/python3.11/site-packages/airflow/example_dags/example_sensors.py took 0.711 seconds
[2023-06-22T14:39:31.850+0200] {processor.py:157} INFO - Started process (PID=85079) to work on /Users/saumyagoyal/JupyterNotebook/MLCon/MLCon_23/2_airflow/.venv/lib/python3.11/site-packages/airflow/example_dags/example_sensors.py
[2023-06-22T14:39:31.852+0200] {processor.py:826} INFO - Processing file /Users/saumyagoyal/JupyterNotebook/MLCon/MLCon_23/2_airflow/.venv/lib/python3.11/site-packages/airflow/example_dags/example_sensors.py for tasks to queue
[2023-06-22T14:39:31.852+0200] {logging_mixin.py:149} INFO - [2023-06-22T14:39:31.852+0200] {dagbag.py:541} INFO - Filling up the DagBag from /Users/saumyagoyal/JupyterNotebook/MLCon/MLCon_23/2_airflow/.venv/lib/python3.11/site-packages/airflow/example_dags/example_sensors.py
[2023-06-22T14:39:31.872+0200] {processor.py:836} INFO - DAG(s) dict_keys(['example_sensors']) retrieved from /Users/saumyagoyal/JupyterNotebook/MLCon/MLCon_23/2_airflow/.venv/lib/python3.11/site-packages/airflow/example_dags/example_sensors.py
[2023-06-22T14:39:32.597+0200] {logging_mixin.py:149} INFO - [2023-06-22T14:39:32.597+0200] {dag.py:2726} INFO - Sync 1 DAGs
[2023-06-22T14:39:32.609+0200] {logging_mixin.py:149} INFO - [2023-06-22T14:39:32.609+0200] {dag.py:3486} INFO - Setting next_dagrun for example_sensors to None, run_after=None
[2023-06-22T14:39:32.623+0200] {processor.py:179} INFO - Processing /Users/saumyagoyal/JupyterNotebook/MLCon/MLCon_23/2_airflow/.venv/lib/python3.11/site-packages/airflow/example_dags/example_sensors.py took 0.774 seconds
[2023-06-22T14:41:01.662+0200] {processor.py:157} INFO - Started process (PID=85259) to work on /Users/saumyagoyal/JupyterNotebook/MLCon/MLCon_23/2_airflow/.venv/lib/python3.11/site-packages/airflow/example_dags/example_sensors.py
[2023-06-22T14:41:01.664+0200] {processor.py:826} INFO - Processing file /Users/saumyagoyal/JupyterNotebook/MLCon/MLCon_23/2_airflow/.venv/lib/python3.11/site-packages/airflow/example_dags/example_sensors.py for tasks to queue
[2023-06-22T14:41:01.665+0200] {logging_mixin.py:149} INFO - [2023-06-22T14:41:01.664+0200] {dagbag.py:541} INFO - Filling up the DagBag from /Users/saumyagoyal/JupyterNotebook/MLCon/MLCon_23/2_airflow/.venv/lib/python3.11/site-packages/airflow/example_dags/example_sensors.py
[2023-06-22T14:41:01.684+0200] {processor.py:836} INFO - DAG(s) dict_keys(['example_sensors']) retrieved from /Users/saumyagoyal/JupyterNotebook/MLCon/MLCon_23/2_airflow/.venv/lib/python3.11/site-packages/airflow/example_dags/example_sensors.py
[2023-06-22T14:41:02.330+0200] {logging_mixin.py:149} INFO - [2023-06-22T14:41:02.330+0200] {dag.py:2726} INFO - Sync 1 DAGs
[2023-06-22T14:41:02.341+0200] {logging_mixin.py:149} INFO - [2023-06-22T14:41:02.341+0200] {dag.py:3486} INFO - Setting next_dagrun for example_sensors to None, run_after=None
[2023-06-22T14:41:02.353+0200] {processor.py:179} INFO - Processing /Users/saumyagoyal/JupyterNotebook/MLCon/MLCon_23/2_airflow/.venv/lib/python3.11/site-packages/airflow/example_dags/example_sensors.py took 0.692 seconds
[2023-06-22T14:43:50.884+0200] {processor.py:157} INFO - Started process (PID=85432) to work on /Users/saumyagoyal/JupyterNotebook/MLCon/MLCon_23/2_airflow/.venv/lib/python3.11/site-packages/airflow/example_dags/example_sensors.py
[2023-06-22T14:43:50.887+0200] {processor.py:826} INFO - Processing file /Users/saumyagoyal/JupyterNotebook/MLCon/MLCon_23/2_airflow/.venv/lib/python3.11/site-packages/airflow/example_dags/example_sensors.py for tasks to queue
[2023-06-22T14:43:50.887+0200] {logging_mixin.py:149} INFO - [2023-06-22T14:43:50.887+0200] {dagbag.py:541} INFO - Filling up the DagBag from /Users/saumyagoyal/JupyterNotebook/MLCon/MLCon_23/2_airflow/.venv/lib/python3.11/site-packages/airflow/example_dags/example_sensors.py
[2023-06-22T14:43:50.907+0200] {processor.py:836} INFO - DAG(s) dict_keys(['example_sensors']) retrieved from /Users/saumyagoyal/JupyterNotebook/MLCon/MLCon_23/2_airflow/.venv/lib/python3.11/site-packages/airflow/example_dags/example_sensors.py
[2023-06-22T14:43:51.659+0200] {logging_mixin.py:149} INFO - [2023-06-22T14:43:51.658+0200] {dag.py:2726} INFO - Sync 1 DAGs
[2023-06-22T14:43:51.669+0200] {logging_mixin.py:149} INFO - [2023-06-22T14:43:51.669+0200] {dag.py:3486} INFO - Setting next_dagrun for example_sensors to None, run_after=None
[2023-06-22T14:43:51.681+0200] {processor.py:179} INFO - Processing /Users/saumyagoyal/JupyterNotebook/MLCon/MLCon_23/2_airflow/.venv/lib/python3.11/site-packages/airflow/example_dags/example_sensors.py took 0.797 seconds
[2023-06-22T14:45:16.824+0200] {processor.py:157} INFO - Started process (PID=85493) to work on /Users/saumyagoyal/JupyterNotebook/MLCon/MLCon_23/2_airflow/.venv/lib/python3.11/site-packages/airflow/example_dags/example_sensors.py
[2023-06-22T14:45:16.827+0200] {processor.py:826} INFO - Processing file /Users/saumyagoyal/JupyterNotebook/MLCon/MLCon_23/2_airflow/.venv/lib/python3.11/site-packages/airflow/example_dags/example_sensors.py for tasks to queue
[2023-06-22T14:45:16.827+0200] {logging_mixin.py:149} INFO - [2023-06-22T14:45:16.827+0200] {dagbag.py:541} INFO - Filling up the DagBag from /Users/saumyagoyal/JupyterNotebook/MLCon/MLCon_23/2_airflow/.venv/lib/python3.11/site-packages/airflow/example_dags/example_sensors.py
[2023-06-22T14:45:16.851+0200] {processor.py:836} INFO - DAG(s) dict_keys(['example_sensors']) retrieved from /Users/saumyagoyal/JupyterNotebook/MLCon/MLCon_23/2_airflow/.venv/lib/python3.11/site-packages/airflow/example_dags/example_sensors.py
[2023-06-22T14:45:17.545+0200] {logging_mixin.py:149} INFO - [2023-06-22T14:45:17.545+0200] {dag.py:2726} INFO - Sync 1 DAGs
[2023-06-22T14:45:17.556+0200] {logging_mixin.py:149} INFO - [2023-06-22T14:45:17.555+0200] {dag.py:3486} INFO - Setting next_dagrun for example_sensors to None, run_after=None
[2023-06-22T14:45:17.569+0200] {processor.py:179} INFO - Processing /Users/saumyagoyal/JupyterNotebook/MLCon/MLCon_23/2_airflow/.venv/lib/python3.11/site-packages/airflow/example_dags/example_sensors.py took 0.745 seconds
