[2023-06-22T14:27:02.138+0200] {processor.py:157} INFO - Started process (PID=84283) to work on /Users/saumyagoyal/JupyterNotebook/MLCon/MLCon_23/2_airflow/.venv/lib/python3.11/site-packages/airflow/example_dags/example_dag_decorator.py
[2023-06-22T14:27:02.140+0200] {processor.py:826} INFO - Processing file /Users/saumyagoyal/JupyterNotebook/MLCon/MLCon_23/2_airflow/.venv/lib/python3.11/site-packages/airflow/example_dags/example_dag_decorator.py for tasks to queue
[2023-06-22T14:27:02.141+0200] {logging_mixin.py:149} INFO - [2023-06-22T14:27:02.141+0200] {dagbag.py:541} INFO - Filling up the DagBag from /Users/saumyagoyal/JupyterNotebook/MLCon/MLCon_23/2_airflow/.venv/lib/python3.11/site-packages/airflow/example_dags/example_dag_decorator.py
[2023-06-22T14:27:02.327+0200] {logging_mixin.py:149} INFO - [2023-06-22T14:27:02.327+0200] {taskmixin.py:211} WARNING - Dependency <Task(_PythonDecoratedOperator): prepare_email>, send_email already registered for DAG: example_dag_decorator
[2023-06-22T14:27:02.327+0200] {logging_mixin.py:149} INFO - [2023-06-22T14:27:02.327+0200] {taskmixin.py:211} WARNING - Dependency <Task(EmailOperator): send_email>, prepare_email already registered for DAG: example_dag_decorator
[2023-06-22T14:27:02.354+0200] {processor.py:836} INFO - DAG(s) dict_keys(['example_dag_decorator']) retrieved from /Users/saumyagoyal/JupyterNotebook/MLCon/MLCon_23/2_airflow/.venv/lib/python3.11/site-packages/airflow/example_dags/example_dag_decorator.py
[2023-06-22T14:27:02.944+0200] {logging_mixin.py:149} INFO - [2023-06-22T14:27:02.944+0200] {manager.py:504} INFO - Created Permission View: can read on DAG:example_dag_decorator
[2023-06-22T14:27:02.949+0200] {logging_mixin.py:149} INFO - [2023-06-22T14:27:02.949+0200] {manager.py:504} INFO - Created Permission View: can delete on DAG:example_dag_decorator
[2023-06-22T14:27:02.954+0200] {logging_mixin.py:149} INFO - [2023-06-22T14:27:02.953+0200] {manager.py:504} INFO - Created Permission View: can edit on DAG:example_dag_decorator
[2023-06-22T14:27:02.954+0200] {logging_mixin.py:149} INFO - [2023-06-22T14:27:02.954+0200] {dag.py:2726} INFO - Sync 1 DAGs
[2023-06-22T14:27:02.961+0200] {logging_mixin.py:149} INFO - [2023-06-22T14:27:02.961+0200] {dag.py:2747} INFO - Creating ORM DAG for example_dag_decorator
[2023-06-22T14:27:02.967+0200] {logging_mixin.py:149} INFO - [2023-06-22T14:27:02.967+0200] {dag.py:3486} INFO - Setting next_dagrun for example_dag_decorator to None, run_after=None
[2023-06-22T14:27:02.980+0200] {processor.py:179} INFO - Processing /Users/saumyagoyal/JupyterNotebook/MLCon/MLCon_23/2_airflow/.venv/lib/python3.11/site-packages/airflow/example_dags/example_dag_decorator.py took 0.843 seconds
[2023-06-22T14:29:46.987+0200] {processor.py:157} INFO - Started process (PID=84383) to work on /Users/saumyagoyal/JupyterNotebook/MLCon/MLCon_23/2_airflow/.venv/lib/python3.11/site-packages/airflow/example_dags/example_dag_decorator.py
[2023-06-22T14:29:46.990+0200] {processor.py:826} INFO - Processing file /Users/saumyagoyal/JupyterNotebook/MLCon/MLCon_23/2_airflow/.venv/lib/python3.11/site-packages/airflow/example_dags/example_dag_decorator.py for tasks to queue
[2023-06-22T14:29:46.990+0200] {logging_mixin.py:149} INFO - [2023-06-22T14:29:46.990+0200] {dagbag.py:541} INFO - Filling up the DagBag from /Users/saumyagoyal/JupyterNotebook/MLCon/MLCon_23/2_airflow/.venv/lib/python3.11/site-packages/airflow/example_dags/example_dag_decorator.py
[2023-06-22T14:29:47.156+0200] {logging_mixin.py:149} INFO - [2023-06-22T14:29:47.155+0200] {taskmixin.py:211} WARNING - Dependency <Task(_PythonDecoratedOperator): prepare_email>, send_email already registered for DAG: example_dag_decorator
[2023-06-22T14:29:47.156+0200] {logging_mixin.py:149} INFO - [2023-06-22T14:29:47.156+0200] {taskmixin.py:211} WARNING - Dependency <Task(EmailOperator): send_email>, prepare_email already registered for DAG: example_dag_decorator
[2023-06-22T14:29:47.181+0200] {processor.py:836} INFO - DAG(s) dict_keys(['example_dag_decorator']) retrieved from /Users/saumyagoyal/JupyterNotebook/MLCon/MLCon_23/2_airflow/.venv/lib/python3.11/site-packages/airflow/example_dags/example_dag_decorator.py
[2023-06-22T14:29:47.685+0200] {logging_mixin.py:149} INFO - [2023-06-22T14:29:47.685+0200] {dag.py:2726} INFO - Sync 1 DAGs
[2023-06-22T14:29:47.695+0200] {logging_mixin.py:149} INFO - [2023-06-22T14:29:47.695+0200] {dag.py:3486} INFO - Setting next_dagrun for example_dag_decorator to None, run_after=None
[2023-06-22T14:29:47.708+0200] {processor.py:179} INFO - Processing /Users/saumyagoyal/JupyterNotebook/MLCon/MLCon_23/2_airflow/.venv/lib/python3.11/site-packages/airflow/example_dags/example_dag_decorator.py took 0.721 seconds
[2023-06-22T14:32:16.565+0200] {processor.py:157} INFO - Started process (PID=84467) to work on /Users/saumyagoyal/JupyterNotebook/MLCon/MLCon_23/2_airflow/.venv/lib/python3.11/site-packages/airflow/example_dags/example_dag_decorator.py
[2023-06-22T14:32:16.567+0200] {processor.py:826} INFO - Processing file /Users/saumyagoyal/JupyterNotebook/MLCon/MLCon_23/2_airflow/.venv/lib/python3.11/site-packages/airflow/example_dags/example_dag_decorator.py for tasks to queue
[2023-06-22T14:32:16.567+0200] {logging_mixin.py:149} INFO - [2023-06-22T14:32:16.567+0200] {dagbag.py:541} INFO - Filling up the DagBag from /Users/saumyagoyal/JupyterNotebook/MLCon/MLCon_23/2_airflow/.venv/lib/python3.11/site-packages/airflow/example_dags/example_dag_decorator.py
[2023-06-22T14:32:16.736+0200] {logging_mixin.py:149} INFO - [2023-06-22T14:32:16.736+0200] {taskmixin.py:211} WARNING - Dependency <Task(_PythonDecoratedOperator): prepare_email>, send_email already registered for DAG: example_dag_decorator
[2023-06-22T14:32:16.736+0200] {logging_mixin.py:149} INFO - [2023-06-22T14:32:16.736+0200] {taskmixin.py:211} WARNING - Dependency <Task(EmailOperator): send_email>, prepare_email already registered for DAG: example_dag_decorator
[2023-06-22T14:32:16.761+0200] {processor.py:836} INFO - DAG(s) dict_keys(['example_dag_decorator']) retrieved from /Users/saumyagoyal/JupyterNotebook/MLCon/MLCon_23/2_airflow/.venv/lib/python3.11/site-packages/airflow/example_dags/example_dag_decorator.py
[2023-06-22T14:32:17.280+0200] {logging_mixin.py:149} INFO - [2023-06-22T14:32:17.280+0200] {dag.py:2726} INFO - Sync 1 DAGs
[2023-06-22T14:32:17.291+0200] {logging_mixin.py:149} INFO - [2023-06-22T14:32:17.290+0200] {dag.py:3486} INFO - Setting next_dagrun for example_dag_decorator to None, run_after=None
[2023-06-22T14:32:17.304+0200] {processor.py:179} INFO - Processing /Users/saumyagoyal/JupyterNotebook/MLCon/MLCon_23/2_airflow/.venv/lib/python3.11/site-packages/airflow/example_dags/example_dag_decorator.py took 0.739 seconds
[2023-06-22T14:35:09.981+0200] {processor.py:157} INFO - Started process (PID=84724) to work on /Users/saumyagoyal/JupyterNotebook/MLCon/MLCon_23/2_airflow/.venv/lib/python3.11/site-packages/airflow/example_dags/example_dag_decorator.py
[2023-06-22T14:35:09.984+0200] {processor.py:826} INFO - Processing file /Users/saumyagoyal/JupyterNotebook/MLCon/MLCon_23/2_airflow/.venv/lib/python3.11/site-packages/airflow/example_dags/example_dag_decorator.py for tasks to queue
[2023-06-22T14:35:09.984+0200] {logging_mixin.py:149} INFO - [2023-06-22T14:35:09.984+0200] {dagbag.py:541} INFO - Filling up the DagBag from /Users/saumyagoyal/JupyterNotebook/MLCon/MLCon_23/2_airflow/.venv/lib/python3.11/site-packages/airflow/example_dags/example_dag_decorator.py
[2023-06-22T14:35:10.151+0200] {logging_mixin.py:149} INFO - [2023-06-22T14:35:10.151+0200] {taskmixin.py:211} WARNING - Dependency <Task(_PythonDecoratedOperator): prepare_email>, send_email already registered for DAG: example_dag_decorator
[2023-06-22T14:35:10.151+0200] {logging_mixin.py:149} INFO - [2023-06-22T14:35:10.151+0200] {taskmixin.py:211} WARNING - Dependency <Task(EmailOperator): send_email>, prepare_email already registered for DAG: example_dag_decorator
[2023-06-22T14:35:10.173+0200] {processor.py:836} INFO - DAG(s) dict_keys(['example_dag_decorator']) retrieved from /Users/saumyagoyal/JupyterNotebook/MLCon/MLCon_23/2_airflow/.venv/lib/python3.11/site-packages/airflow/example_dags/example_dag_decorator.py
[2023-06-22T14:35:10.716+0200] {logging_mixin.py:149} INFO - [2023-06-22T14:35:10.716+0200] {dag.py:2726} INFO - Sync 1 DAGs
[2023-06-22T14:35:10.727+0200] {logging_mixin.py:149} INFO - [2023-06-22T14:35:10.727+0200] {dag.py:3486} INFO - Setting next_dagrun for example_dag_decorator to None, run_after=None
[2023-06-22T14:35:10.741+0200] {processor.py:179} INFO - Processing /Users/saumyagoyal/JupyterNotebook/MLCon/MLCon_23/2_airflow/.venv/lib/python3.11/site-packages/airflow/example_dags/example_dag_decorator.py took 0.761 seconds
[2023-06-22T14:38:09.964+0200] {processor.py:157} INFO - Started process (PID=85028) to work on /Users/saumyagoyal/JupyterNotebook/MLCon/MLCon_23/2_airflow/.venv/lib/python3.11/site-packages/airflow/example_dags/example_dag_decorator.py
[2023-06-22T14:38:09.967+0200] {processor.py:826} INFO - Processing file /Users/saumyagoyal/JupyterNotebook/MLCon/MLCon_23/2_airflow/.venv/lib/python3.11/site-packages/airflow/example_dags/example_dag_decorator.py for tasks to queue
[2023-06-22T14:38:09.968+0200] {logging_mixin.py:149} INFO - [2023-06-22T14:38:09.968+0200] {dagbag.py:541} INFO - Filling up the DagBag from /Users/saumyagoyal/JupyterNotebook/MLCon/MLCon_23/2_airflow/.venv/lib/python3.11/site-packages/airflow/example_dags/example_dag_decorator.py
[2023-06-22T14:38:10.147+0200] {logging_mixin.py:149} INFO - [2023-06-22T14:38:10.147+0200] {taskmixin.py:211} WARNING - Dependency <Task(_PythonDecoratedOperator): prepare_email>, send_email already registered for DAG: example_dag_decorator
[2023-06-22T14:38:10.148+0200] {logging_mixin.py:149} INFO - [2023-06-22T14:38:10.147+0200] {taskmixin.py:211} WARNING - Dependency <Task(EmailOperator): send_email>, prepare_email already registered for DAG: example_dag_decorator
[2023-06-22T14:38:10.176+0200] {processor.py:836} INFO - DAG(s) dict_keys(['example_dag_decorator']) retrieved from /Users/saumyagoyal/JupyterNotebook/MLCon/MLCon_23/2_airflow/.venv/lib/python3.11/site-packages/airflow/example_dags/example_dag_decorator.py
[2023-06-22T14:38:10.687+0200] {logging_mixin.py:149} INFO - [2023-06-22T14:38:10.687+0200] {dag.py:2726} INFO - Sync 1 DAGs
[2023-06-22T14:38:10.697+0200] {logging_mixin.py:149} INFO - [2023-06-22T14:38:10.697+0200] {dag.py:3486} INFO - Setting next_dagrun for example_dag_decorator to None, run_after=None
[2023-06-22T14:38:10.712+0200] {processor.py:179} INFO - Processing /Users/saumyagoyal/JupyterNotebook/MLCon/MLCon_23/2_airflow/.venv/lib/python3.11/site-packages/airflow/example_dags/example_dag_decorator.py took 0.748 seconds
[2023-06-22T14:41:09.458+0200] {processor.py:157} INFO - Started process (PID=85268) to work on /Users/saumyagoyal/JupyterNotebook/MLCon/MLCon_23/2_airflow/.venv/lib/python3.11/site-packages/airflow/example_dags/example_dag_decorator.py
[2023-06-22T14:41:09.460+0200] {processor.py:826} INFO - Processing file /Users/saumyagoyal/JupyterNotebook/MLCon/MLCon_23/2_airflow/.venv/lib/python3.11/site-packages/airflow/example_dags/example_dag_decorator.py for tasks to queue
[2023-06-22T14:41:09.460+0200] {logging_mixin.py:149} INFO - [2023-06-22T14:41:09.460+0200] {dagbag.py:541} INFO - Filling up the DagBag from /Users/saumyagoyal/JupyterNotebook/MLCon/MLCon_23/2_airflow/.venv/lib/python3.11/site-packages/airflow/example_dags/example_dag_decorator.py
[2023-06-22T14:41:09.633+0200] {logging_mixin.py:149} INFO - [2023-06-22T14:41:09.633+0200] {taskmixin.py:211} WARNING - Dependency <Task(_PythonDecoratedOperator): prepare_email>, send_email already registered for DAG: example_dag_decorator
[2023-06-22T14:41:09.633+0200] {logging_mixin.py:149} INFO - [2023-06-22T14:41:09.633+0200] {taskmixin.py:211} WARNING - Dependency <Task(EmailOperator): send_email>, prepare_email already registered for DAG: example_dag_decorator
[2023-06-22T14:41:09.660+0200] {processor.py:836} INFO - DAG(s) dict_keys(['example_dag_decorator']) retrieved from /Users/saumyagoyal/JupyterNotebook/MLCon/MLCon_23/2_airflow/.venv/lib/python3.11/site-packages/airflow/example_dags/example_dag_decorator.py
[2023-06-22T14:41:10.170+0200] {logging_mixin.py:149} INFO - [2023-06-22T14:41:10.169+0200] {dag.py:2726} INFO - Sync 1 DAGs
[2023-06-22T14:41:10.180+0200] {logging_mixin.py:149} INFO - [2023-06-22T14:41:10.180+0200] {dag.py:3486} INFO - Setting next_dagrun for example_dag_decorator to None, run_after=None
[2023-06-22T14:41:10.196+0200] {processor.py:179} INFO - Processing /Users/saumyagoyal/JupyterNotebook/MLCon/MLCon_23/2_airflow/.venv/lib/python3.11/site-packages/airflow/example_dags/example_dag_decorator.py took 0.740 seconds
[2023-06-22T14:43:58.636+0200] {processor.py:157} INFO - Started process (PID=85436) to work on /Users/saumyagoyal/JupyterNotebook/MLCon/MLCon_23/2_airflow/.venv/lib/python3.11/site-packages/airflow/example_dags/example_dag_decorator.py
[2023-06-22T14:43:58.640+0200] {processor.py:826} INFO - Processing file /Users/saumyagoyal/JupyterNotebook/MLCon/MLCon_23/2_airflow/.venv/lib/python3.11/site-packages/airflow/example_dags/example_dag_decorator.py for tasks to queue
[2023-06-22T14:43:58.641+0200] {logging_mixin.py:149} INFO - [2023-06-22T14:43:58.641+0200] {dagbag.py:541} INFO - Filling up the DagBag from /Users/saumyagoyal/JupyterNotebook/MLCon/MLCon_23/2_airflow/.venv/lib/python3.11/site-packages/airflow/example_dags/example_dag_decorator.py
[2023-06-22T14:43:58.821+0200] {logging_mixin.py:149} INFO - [2023-06-22T14:43:58.820+0200] {taskmixin.py:211} WARNING - Dependency <Task(_PythonDecoratedOperator): prepare_email>, send_email already registered for DAG: example_dag_decorator
[2023-06-22T14:43:58.821+0200] {logging_mixin.py:149} INFO - [2023-06-22T14:43:58.821+0200] {taskmixin.py:211} WARNING - Dependency <Task(EmailOperator): send_email>, prepare_email already registered for DAG: example_dag_decorator
[2023-06-22T14:43:58.848+0200] {processor.py:836} INFO - DAG(s) dict_keys(['example_dag_decorator']) retrieved from /Users/saumyagoyal/JupyterNotebook/MLCon/MLCon_23/2_airflow/.venv/lib/python3.11/site-packages/airflow/example_dags/example_dag_decorator.py
[2023-06-22T14:43:59.361+0200] {logging_mixin.py:149} INFO - [2023-06-22T14:43:59.361+0200] {dag.py:2726} INFO - Sync 1 DAGs
[2023-06-22T14:43:59.371+0200] {logging_mixin.py:149} INFO - [2023-06-22T14:43:59.371+0200] {dag.py:3486} INFO - Setting next_dagrun for example_dag_decorator to None, run_after=None
[2023-06-22T14:43:59.385+0200] {processor.py:179} INFO - Processing /Users/saumyagoyal/JupyterNotebook/MLCon/MLCon_23/2_airflow/.venv/lib/python3.11/site-packages/airflow/example_dags/example_dag_decorator.py took 0.749 seconds
