[2023-06-22T14:26:56.644+0200] {processor.py:157} INFO - Started process (PID=84281) to work on /Users/saumyagoyal/JupyterNotebook/MLCon/MLCon_23/2_airflow/.venv/lib/python3.11/site-packages/airflow/example_dags/example_dynamic_task_mapping.py
[2023-06-22T14:26:56.646+0200] {processor.py:826} INFO - Processing file /Users/saumyagoyal/JupyterNotebook/MLCon/MLCon_23/2_airflow/.venv/lib/python3.11/site-packages/airflow/example_dags/example_dynamic_task_mapping.py for tasks to queue
[2023-06-22T14:26:56.647+0200] {logging_mixin.py:149} INFO - [2023-06-22T14:26:56.647+0200] {dagbag.py:541} INFO - Filling up the DagBag from /Users/saumyagoyal/JupyterNotebook/MLCon/MLCon_23/2_airflow/.venv/lib/python3.11/site-packages/airflow/example_dags/example_dynamic_task_mapping.py
[2023-06-22T14:26:56.677+0200] {processor.py:836} INFO - DAG(s) dict_keys(['example_dynamic_task_mapping']) retrieved from /Users/saumyagoyal/JupyterNotebook/MLCon/MLCon_23/2_airflow/.venv/lib/python3.11/site-packages/airflow/example_dags/example_dynamic_task_mapping.py
[2023-06-22T14:26:57.327+0200] {logging_mixin.py:149} INFO - [2023-06-22T14:26:57.327+0200] {manager.py:504} INFO - Created Permission View: can edit on DAG:example_dynamic_task_mapping
[2023-06-22T14:26:57.331+0200] {logging_mixin.py:149} INFO - [2023-06-22T14:26:57.331+0200] {manager.py:504} INFO - Created Permission View: can read on DAG:example_dynamic_task_mapping
[2023-06-22T14:26:57.335+0200] {logging_mixin.py:149} INFO - [2023-06-22T14:26:57.335+0200] {manager.py:504} INFO - Created Permission View: can delete on DAG:example_dynamic_task_mapping
[2023-06-22T14:26:57.335+0200] {logging_mixin.py:149} INFO - [2023-06-22T14:26:57.335+0200] {dag.py:2726} INFO - Sync 1 DAGs
[2023-06-22T14:26:57.341+0200] {logging_mixin.py:149} INFO - [2023-06-22T14:26:57.341+0200] {dag.py:2747} INFO - Creating ORM DAG for example_dynamic_task_mapping
[2023-06-22T14:26:57.346+0200] {logging_mixin.py:149} INFO - [2023-06-22T14:26:57.346+0200] {dag.py:3486} INFO - Setting next_dagrun for example_dynamic_task_mapping to 2022-03-04T00:00:00+00:00, run_after=2022-03-05T00:00:00+00:00
[2023-06-22T14:26:57.356+0200] {processor.py:179} INFO - Processing /Users/saumyagoyal/JupyterNotebook/MLCon/MLCon_23/2_airflow/.venv/lib/python3.11/site-packages/airflow/example_dags/example_dynamic_task_mapping.py took 0.712 seconds
[2023-06-22T14:29:42.551+0200] {processor.py:157} INFO - Started process (PID=84380) to work on /Users/saumyagoyal/JupyterNotebook/MLCon/MLCon_23/2_airflow/.venv/lib/python3.11/site-packages/airflow/example_dags/example_dynamic_task_mapping.py
[2023-06-22T14:29:42.554+0200] {processor.py:826} INFO - Processing file /Users/saumyagoyal/JupyterNotebook/MLCon/MLCon_23/2_airflow/.venv/lib/python3.11/site-packages/airflow/example_dags/example_dynamic_task_mapping.py for tasks to queue
[2023-06-22T14:29:42.554+0200] {logging_mixin.py:149} INFO - [2023-06-22T14:29:42.554+0200] {dagbag.py:541} INFO - Filling up the DagBag from /Users/saumyagoyal/JupyterNotebook/MLCon/MLCon_23/2_airflow/.venv/lib/python3.11/site-packages/airflow/example_dags/example_dynamic_task_mapping.py
[2023-06-22T14:29:42.586+0200] {processor.py:836} INFO - DAG(s) dict_keys(['example_dynamic_task_mapping']) retrieved from /Users/saumyagoyal/JupyterNotebook/MLCon/MLCon_23/2_airflow/.venv/lib/python3.11/site-packages/airflow/example_dags/example_dynamic_task_mapping.py
[2023-06-22T14:29:43.201+0200] {logging_mixin.py:149} INFO - [2023-06-22T14:29:43.201+0200] {dag.py:2726} INFO - Sync 1 DAGs
[2023-06-22T14:29:43.211+0200] {logging_mixin.py:149} INFO - [2023-06-22T14:29:43.211+0200] {dag.py:3486} INFO - Setting next_dagrun for example_dynamic_task_mapping to 2022-03-04T00:00:00+00:00, run_after=2022-03-05T00:00:00+00:00
[2023-06-22T14:29:43.227+0200] {processor.py:179} INFO - Processing /Users/saumyagoyal/JupyterNotebook/MLCon/MLCon_23/2_airflow/.venv/lib/python3.11/site-packages/airflow/example_dags/example_dynamic_task_mapping.py took 0.676 seconds
[2023-06-22T14:32:11.280+0200] {processor.py:157} INFO - Started process (PID=84464) to work on /Users/saumyagoyal/JupyterNotebook/MLCon/MLCon_23/2_airflow/.venv/lib/python3.11/site-packages/airflow/example_dags/example_dynamic_task_mapping.py
[2023-06-22T14:32:11.282+0200] {processor.py:826} INFO - Processing file /Users/saumyagoyal/JupyterNotebook/MLCon/MLCon_23/2_airflow/.venv/lib/python3.11/site-packages/airflow/example_dags/example_dynamic_task_mapping.py for tasks to queue
[2023-06-22T14:32:11.282+0200] {logging_mixin.py:149} INFO - [2023-06-22T14:32:11.282+0200] {dagbag.py:541} INFO - Filling up the DagBag from /Users/saumyagoyal/JupyterNotebook/MLCon/MLCon_23/2_airflow/.venv/lib/python3.11/site-packages/airflow/example_dags/example_dynamic_task_mapping.py
[2023-06-22T14:32:11.314+0200] {processor.py:836} INFO - DAG(s) dict_keys(['example_dynamic_task_mapping']) retrieved from /Users/saumyagoyal/JupyterNotebook/MLCon/MLCon_23/2_airflow/.venv/lib/python3.11/site-packages/airflow/example_dags/example_dynamic_task_mapping.py
[2023-06-22T14:32:11.928+0200] {logging_mixin.py:149} INFO - [2023-06-22T14:32:11.927+0200] {dag.py:2726} INFO - Sync 1 DAGs
[2023-06-22T14:32:11.938+0200] {logging_mixin.py:149} INFO - [2023-06-22T14:32:11.938+0200] {dag.py:3486} INFO - Setting next_dagrun for example_dynamic_task_mapping to 2022-03-04T00:00:00+00:00, run_after=2022-03-05T00:00:00+00:00
[2023-06-22T14:32:11.949+0200] {processor.py:179} INFO - Processing /Users/saumyagoyal/JupyterNotebook/MLCon/MLCon_23/2_airflow/.venv/lib/python3.11/site-packages/airflow/example_dags/example_dynamic_task_mapping.py took 0.670 seconds
[2023-06-22T14:35:04.565+0200] {processor.py:157} INFO - Started process (PID=84720) to work on /Users/saumyagoyal/JupyterNotebook/MLCon/MLCon_23/2_airflow/.venv/lib/python3.11/site-packages/airflow/example_dags/example_dynamic_task_mapping.py
[2023-06-22T14:35:04.567+0200] {processor.py:826} INFO - Processing file /Users/saumyagoyal/JupyterNotebook/MLCon/MLCon_23/2_airflow/.venv/lib/python3.11/site-packages/airflow/example_dags/example_dynamic_task_mapping.py for tasks to queue
[2023-06-22T14:35:04.568+0200] {logging_mixin.py:149} INFO - [2023-06-22T14:35:04.568+0200] {dagbag.py:541} INFO - Filling up the DagBag from /Users/saumyagoyal/JupyterNotebook/MLCon/MLCon_23/2_airflow/.venv/lib/python3.11/site-packages/airflow/example_dags/example_dynamic_task_mapping.py
[2023-06-22T14:35:04.604+0200] {processor.py:836} INFO - DAG(s) dict_keys(['example_dynamic_task_mapping']) retrieved from /Users/saumyagoyal/JupyterNotebook/MLCon/MLCon_23/2_airflow/.venv/lib/python3.11/site-packages/airflow/example_dags/example_dynamic_task_mapping.py
[2023-06-22T14:35:05.295+0200] {logging_mixin.py:149} INFO - [2023-06-22T14:35:05.294+0200] {dag.py:2726} INFO - Sync 1 DAGs
[2023-06-22T14:35:05.304+0200] {logging_mixin.py:149} INFO - [2023-06-22T14:35:05.304+0200] {dag.py:3486} INFO - Setting next_dagrun for example_dynamic_task_mapping to 2022-03-04T00:00:00+00:00, run_after=2022-03-05T00:00:00+00:00
[2023-06-22T14:35:05.317+0200] {processor.py:179} INFO - Processing /Users/saumyagoyal/JupyterNotebook/MLCon/MLCon_23/2_airflow/.venv/lib/python3.11/site-packages/airflow/example_dags/example_dynamic_task_mapping.py took 0.753 seconds
[2023-06-22T14:38:04.597+0200] {processor.py:157} INFO - Started process (PID=85025) to work on /Users/saumyagoyal/JupyterNotebook/MLCon/MLCon_23/2_airflow/.venv/lib/python3.11/site-packages/airflow/example_dags/example_dynamic_task_mapping.py
[2023-06-22T14:38:04.601+0200] {processor.py:826} INFO - Processing file /Users/saumyagoyal/JupyterNotebook/MLCon/MLCon_23/2_airflow/.venv/lib/python3.11/site-packages/airflow/example_dags/example_dynamic_task_mapping.py for tasks to queue
[2023-06-22T14:38:04.601+0200] {logging_mixin.py:149} INFO - [2023-06-22T14:38:04.601+0200] {dagbag.py:541} INFO - Filling up the DagBag from /Users/saumyagoyal/JupyterNotebook/MLCon/MLCon_23/2_airflow/.venv/lib/python3.11/site-packages/airflow/example_dags/example_dynamic_task_mapping.py
[2023-06-22T14:38:04.642+0200] {processor.py:836} INFO - DAG(s) dict_keys(['example_dynamic_task_mapping']) retrieved from /Users/saumyagoyal/JupyterNotebook/MLCon/MLCon_23/2_airflow/.venv/lib/python3.11/site-packages/airflow/example_dags/example_dynamic_task_mapping.py
[2023-06-22T14:38:05.317+0200] {logging_mixin.py:149} INFO - [2023-06-22T14:38:05.317+0200] {dag.py:2726} INFO - Sync 1 DAGs
[2023-06-22T14:38:05.327+0200] {logging_mixin.py:149} INFO - [2023-06-22T14:38:05.327+0200] {dag.py:3486} INFO - Setting next_dagrun for example_dynamic_task_mapping to 2022-03-04T00:00:00+00:00, run_after=2022-03-05T00:00:00+00:00
[2023-06-22T14:38:05.340+0200] {processor.py:179} INFO - Processing /Users/saumyagoyal/JupyterNotebook/MLCon/MLCon_23/2_airflow/.venv/lib/python3.11/site-packages/airflow/example_dags/example_dynamic_task_mapping.py took 0.744 seconds
[2023-06-22T14:41:04.280+0200] {processor.py:157} INFO - Started process (PID=85260) to work on /Users/saumyagoyal/JupyterNotebook/MLCon/MLCon_23/2_airflow/.venv/lib/python3.11/site-packages/airflow/example_dags/example_dynamic_task_mapping.py
[2023-06-22T14:41:04.283+0200] {processor.py:826} INFO - Processing file /Users/saumyagoyal/JupyterNotebook/MLCon/MLCon_23/2_airflow/.venv/lib/python3.11/site-packages/airflow/example_dags/example_dynamic_task_mapping.py for tasks to queue
[2023-06-22T14:41:04.283+0200] {logging_mixin.py:149} INFO - [2023-06-22T14:41:04.283+0200] {dagbag.py:541} INFO - Filling up the DagBag from /Users/saumyagoyal/JupyterNotebook/MLCon/MLCon_23/2_airflow/.venv/lib/python3.11/site-packages/airflow/example_dags/example_dynamic_task_mapping.py
[2023-06-22T14:41:04.316+0200] {processor.py:836} INFO - DAG(s) dict_keys(['example_dynamic_task_mapping']) retrieved from /Users/saumyagoyal/JupyterNotebook/MLCon/MLCon_23/2_airflow/.venv/lib/python3.11/site-packages/airflow/example_dags/example_dynamic_task_mapping.py
[2023-06-22T14:41:04.921+0200] {logging_mixin.py:149} INFO - [2023-06-22T14:41:04.921+0200] {dag.py:2726} INFO - Sync 1 DAGs
[2023-06-22T14:41:04.932+0200] {logging_mixin.py:149} INFO - [2023-06-22T14:41:04.931+0200] {dag.py:3486} INFO - Setting next_dagrun for example_dynamic_task_mapping to 2022-03-04T00:00:00+00:00, run_after=2022-03-05T00:00:00+00:00
[2023-06-22T14:41:04.948+0200] {processor.py:179} INFO - Processing /Users/saumyagoyal/JupyterNotebook/MLCon/MLCon_23/2_airflow/.venv/lib/python3.11/site-packages/airflow/example_dags/example_dynamic_task_mapping.py took 0.669 seconds
[2023-06-22T14:43:53.312+0200] {processor.py:157} INFO - Started process (PID=85434) to work on /Users/saumyagoyal/JupyterNotebook/MLCon/MLCon_23/2_airflow/.venv/lib/python3.11/site-packages/airflow/example_dags/example_dynamic_task_mapping.py
[2023-06-22T14:43:53.316+0200] {processor.py:826} INFO - Processing file /Users/saumyagoyal/JupyterNotebook/MLCon/MLCon_23/2_airflow/.venv/lib/python3.11/site-packages/airflow/example_dags/example_dynamic_task_mapping.py for tasks to queue
[2023-06-22T14:43:53.316+0200] {logging_mixin.py:149} INFO - [2023-06-22T14:43:53.316+0200] {dagbag.py:541} INFO - Filling up the DagBag from /Users/saumyagoyal/JupyterNotebook/MLCon/MLCon_23/2_airflow/.venv/lib/python3.11/site-packages/airflow/example_dags/example_dynamic_task_mapping.py
[2023-06-22T14:43:53.352+0200] {processor.py:836} INFO - DAG(s) dict_keys(['example_dynamic_task_mapping']) retrieved from /Users/saumyagoyal/JupyterNotebook/MLCon/MLCon_23/2_airflow/.venv/lib/python3.11/site-packages/airflow/example_dags/example_dynamic_task_mapping.py
[2023-06-22T14:43:53.980+0200] {logging_mixin.py:149} INFO - [2023-06-22T14:43:53.980+0200] {dag.py:2726} INFO - Sync 1 DAGs
[2023-06-22T14:43:53.991+0200] {logging_mixin.py:149} INFO - [2023-06-22T14:43:53.990+0200] {dag.py:3486} INFO - Setting next_dagrun for example_dynamic_task_mapping to 2022-03-04T00:00:00+00:00, run_after=2022-03-05T00:00:00+00:00
[2023-06-22T14:43:54.002+0200] {processor.py:179} INFO - Processing /Users/saumyagoyal/JupyterNotebook/MLCon/MLCon_23/2_airflow/.venv/lib/python3.11/site-packages/airflow/example_dags/example_dynamic_task_mapping.py took 0.691 seconds
