[2023-06-22T14:26:05.973+0200] {processor.py:157} INFO - Started process (PID=84255) to work on /Users/saumyagoyal/JupyterNotebook/MLCon/MLCon_23/2_airflow/.venv/lib/python3.11/site-packages/airflow/example_dags/example_subdag_operator.py
[2023-06-22T14:26:05.976+0200] {processor.py:826} INFO - Processing file /Users/saumyagoyal/JupyterNotebook/MLCon/MLCon_23/2_airflow/.venv/lib/python3.11/site-packages/airflow/example_dags/example_subdag_operator.py for tasks to queue
[2023-06-22T14:26:05.976+0200] {logging_mixin.py:149} INFO - [2023-06-22T14:26:05.976+0200] {dagbag.py:541} INFO - Filling up the DagBag from /Users/saumyagoyal/JupyterNotebook/MLCon/MLCon_23/2_airflow/.venv/lib/python3.11/site-packages/airflow/example_dags/example_subdag_operator.py
[2023-06-22T14:26:06.612+0200] {processor.py:836} INFO - DAG(s) dict_keys(['example_subdag_operator.section-1', 'example_subdag_operator.section-2', 'example_subdag_operator']) retrieved from /Users/saumyagoyal/JupyterNotebook/MLCon/MLCon_23/2_airflow/.venv/lib/python3.11/site-packages/airflow/example_dags/example_subdag_operator.py
[2023-06-22T14:26:06.697+0200] {logging_mixin.py:149} INFO - [2023-06-22T14:26:06.697+0200] {manager.py:504} INFO - Created Permission View: can delete on DAG:example_subdag_operator
[2023-06-22T14:26:06.702+0200] {logging_mixin.py:149} INFO - [2023-06-22T14:26:06.702+0200] {manager.py:504} INFO - Created Permission View: can read on DAG:example_subdag_operator
[2023-06-22T14:26:06.707+0200] {logging_mixin.py:149} INFO - [2023-06-22T14:26:06.706+0200] {manager.py:504} INFO - Created Permission View: can edit on DAG:example_subdag_operator
[2023-06-22T14:26:06.707+0200] {logging_mixin.py:149} INFO - [2023-06-22T14:26:06.707+0200] {dag.py:2726} INFO - Sync 3 DAGs
[2023-06-22T14:26:06.715+0200] {logging_mixin.py:149} INFO - [2023-06-22T14:26:06.715+0200] {dag.py:2747} INFO - Creating ORM DAG for example_subdag_operator.section-2
[2023-06-22T14:26:06.716+0200] {logging_mixin.py:149} INFO - [2023-06-22T14:26:06.716+0200] {dag.py:2747} INFO - Creating ORM DAG for example_subdag_operator
[2023-06-22T14:26:06.716+0200] {logging_mixin.py:149} INFO - [2023-06-22T14:26:06.716+0200] {dag.py:2747} INFO - Creating ORM DAG for example_subdag_operator.section-1
[2023-06-22T14:26:06.722+0200] {logging_mixin.py:149} INFO - [2023-06-22T14:26:06.722+0200] {dag.py:3486} INFO - Setting next_dagrun for example_subdag_operator to 2022-01-01T00:00:00+00:00, run_after=2022-01-01T00:00:00+00:00
[2023-06-22T14:26:06.722+0200] {logging_mixin.py:149} INFO - [2023-06-22T14:26:06.722+0200] {dag.py:3486} INFO - Setting next_dagrun for example_subdag_operator.section-1 to None, run_after=None
[2023-06-22T14:26:06.722+0200] {logging_mixin.py:149} INFO - [2023-06-22T14:26:06.722+0200] {dag.py:3486} INFO - Setting next_dagrun for example_subdag_operator.section-2 to None, run_after=None
[2023-06-22T14:26:06.727+0200] {logging_mixin.py:149} INFO - [2023-06-22T14:26:06.727+0200] {dag.py:2726} INFO - Sync 2 DAGs
[2023-06-22T14:26:06.730+0200] {logging_mixin.py:149} INFO - [2023-06-22T14:26:06.729+0200] {dag.py:3486} INFO - Setting next_dagrun for example_subdag_operator.section-1 to None, run_after=None
[2023-06-22T14:26:06.731+0200] {logging_mixin.py:149} INFO - [2023-06-22T14:26:06.731+0200] {dag.py:3486} INFO - Setting next_dagrun for example_subdag_operator.section-2 to None, run_after=None
[2023-06-22T14:26:06.741+0200] {processor.py:179} INFO - Processing /Users/saumyagoyal/JupyterNotebook/MLCon/MLCon_23/2_airflow/.venv/lib/python3.11/site-packages/airflow/example_dags/example_subdag_operator.py took 0.768 seconds
[2023-06-22T14:28:07.016+0200] {processor.py:157} INFO - Started process (PID=84328) to work on /Users/saumyagoyal/JupyterNotebook/MLCon/MLCon_23/2_airflow/.venv/lib/python3.11/site-packages/airflow/example_dags/example_subdag_operator.py
[2023-06-22T14:28:07.019+0200] {processor.py:826} INFO - Processing file /Users/saumyagoyal/JupyterNotebook/MLCon/MLCon_23/2_airflow/.venv/lib/python3.11/site-packages/airflow/example_dags/example_subdag_operator.py for tasks to queue
[2023-06-22T14:28:07.020+0200] {logging_mixin.py:149} INFO - [2023-06-22T14:28:07.020+0200] {dagbag.py:541} INFO - Filling up the DagBag from /Users/saumyagoyal/JupyterNotebook/MLCon/MLCon_23/2_airflow/.venv/lib/python3.11/site-packages/airflow/example_dags/example_subdag_operator.py
[2023-06-22T14:28:07.628+0200] {processor.py:836} INFO - DAG(s) dict_keys(['example_subdag_operator.section-1', 'example_subdag_operator.section-2', 'example_subdag_operator']) retrieved from /Users/saumyagoyal/JupyterNotebook/MLCon/MLCon_23/2_airflow/.venv/lib/python3.11/site-packages/airflow/example_dags/example_subdag_operator.py
[2023-06-22T14:28:07.658+0200] {logging_mixin.py:149} INFO - [2023-06-22T14:28:07.658+0200] {dag.py:2726} INFO - Sync 3 DAGs
[2023-06-22T14:28:07.671+0200] {logging_mixin.py:149} INFO - [2023-06-22T14:28:07.671+0200] {dag.py:3486} INFO - Setting next_dagrun for example_subdag_operator to 2022-01-01T00:00:00+00:00, run_after=2022-01-01T00:00:00+00:00
[2023-06-22T14:28:07.673+0200] {logging_mixin.py:149} INFO - [2023-06-22T14:28:07.673+0200] {dag.py:3486} INFO - Setting next_dagrun for example_subdag_operator.section-1 to None, run_after=None
[2023-06-22T14:28:07.674+0200] {logging_mixin.py:149} INFO - [2023-06-22T14:28:07.674+0200] {dag.py:3486} INFO - Setting next_dagrun for example_subdag_operator.section-2 to None, run_after=None
[2023-06-22T14:28:07.677+0200] {logging_mixin.py:149} INFO - [2023-06-22T14:28:07.676+0200] {dag.py:2726} INFO - Sync 2 DAGs
[2023-06-22T14:28:07.679+0200] {logging_mixin.py:149} INFO - [2023-06-22T14:28:07.679+0200] {dag.py:3486} INFO - Setting next_dagrun for example_subdag_operator.section-1 to None, run_after=None
[2023-06-22T14:28:07.679+0200] {logging_mixin.py:149} INFO - [2023-06-22T14:28:07.679+0200] {dag.py:3486} INFO - Setting next_dagrun for example_subdag_operator.section-2 to None, run_after=None
[2023-06-22T14:28:07.691+0200] {processor.py:179} INFO - Processing /Users/saumyagoyal/JupyterNotebook/MLCon/MLCon_23/2_airflow/.venv/lib/python3.11/site-packages/airflow/example_dags/example_subdag_operator.py took 0.676 seconds
[2023-06-22T14:29:28.560+0200] {processor.py:157} INFO - Started process (PID=84373) to work on /Users/saumyagoyal/JupyterNotebook/MLCon/MLCon_23/2_airflow/.venv/lib/python3.11/site-packages/airflow/example_dags/example_subdag_operator.py
[2023-06-22T14:29:28.562+0200] {processor.py:826} INFO - Processing file /Users/saumyagoyal/JupyterNotebook/MLCon/MLCon_23/2_airflow/.venv/lib/python3.11/site-packages/airflow/example_dags/example_subdag_operator.py for tasks to queue
[2023-06-22T14:29:28.562+0200] {logging_mixin.py:149} INFO - [2023-06-22T14:29:28.562+0200] {dagbag.py:541} INFO - Filling up the DagBag from /Users/saumyagoyal/JupyterNotebook/MLCon/MLCon_23/2_airflow/.venv/lib/python3.11/site-packages/airflow/example_dags/example_subdag_operator.py
[2023-06-22T14:29:29.145+0200] {processor.py:836} INFO - DAG(s) dict_keys(['example_subdag_operator.section-1', 'example_subdag_operator.section-2', 'example_subdag_operator']) retrieved from /Users/saumyagoyal/JupyterNotebook/MLCon/MLCon_23/2_airflow/.venv/lib/python3.11/site-packages/airflow/example_dags/example_subdag_operator.py
[2023-06-22T14:29:29.177+0200] {logging_mixin.py:149} INFO - [2023-06-22T14:29:29.177+0200] {dag.py:2726} INFO - Sync 3 DAGs
[2023-06-22T14:29:29.188+0200] {logging_mixin.py:149} INFO - [2023-06-22T14:29:29.188+0200] {dag.py:3486} INFO - Setting next_dagrun for example_subdag_operator to 2022-01-01T00:00:00+00:00, run_after=2022-01-01T00:00:00+00:00
[2023-06-22T14:29:29.190+0200] {logging_mixin.py:149} INFO - [2023-06-22T14:29:29.190+0200] {dag.py:3486} INFO - Setting next_dagrun for example_subdag_operator.section-1 to None, run_after=None
[2023-06-22T14:29:29.190+0200] {logging_mixin.py:149} INFO - [2023-06-22T14:29:29.190+0200] {dag.py:3486} INFO - Setting next_dagrun for example_subdag_operator.section-2 to None, run_after=None
[2023-06-22T14:29:29.193+0200] {logging_mixin.py:149} INFO - [2023-06-22T14:29:29.193+0200] {dag.py:2726} INFO - Sync 2 DAGs
[2023-06-22T14:29:29.195+0200] {logging_mixin.py:149} INFO - [2023-06-22T14:29:29.195+0200] {dag.py:3486} INFO - Setting next_dagrun for example_subdag_operator.section-1 to None, run_after=None
[2023-06-22T14:29:29.196+0200] {logging_mixin.py:149} INFO - [2023-06-22T14:29:29.196+0200] {dag.py:3486} INFO - Setting next_dagrun for example_subdag_operator.section-2 to None, run_after=None
[2023-06-22T14:29:29.204+0200] {processor.py:179} INFO - Processing /Users/saumyagoyal/JupyterNotebook/MLCon/MLCon_23/2_airflow/.venv/lib/python3.11/site-packages/airflow/example_dags/example_subdag_operator.py took 0.645 seconds
[2023-06-22T14:30:42.872+0200] {processor.py:157} INFO - Started process (PID=84417) to work on /Users/saumyagoyal/JupyterNotebook/MLCon/MLCon_23/2_airflow/.venv/lib/python3.11/site-packages/airflow/example_dags/example_subdag_operator.py
[2023-06-22T14:30:42.875+0200] {processor.py:826} INFO - Processing file /Users/saumyagoyal/JupyterNotebook/MLCon/MLCon_23/2_airflow/.venv/lib/python3.11/site-packages/airflow/example_dags/example_subdag_operator.py for tasks to queue
[2023-06-22T14:30:42.875+0200] {logging_mixin.py:149} INFO - [2023-06-22T14:30:42.875+0200] {dagbag.py:541} INFO - Filling up the DagBag from /Users/saumyagoyal/JupyterNotebook/MLCon/MLCon_23/2_airflow/.venv/lib/python3.11/site-packages/airflow/example_dags/example_subdag_operator.py
[2023-06-22T14:30:43.462+0200] {processor.py:836} INFO - DAG(s) dict_keys(['example_subdag_operator.section-1', 'example_subdag_operator.section-2', 'example_subdag_operator']) retrieved from /Users/saumyagoyal/JupyterNotebook/MLCon/MLCon_23/2_airflow/.venv/lib/python3.11/site-packages/airflow/example_dags/example_subdag_operator.py
[2023-06-22T14:30:43.494+0200] {logging_mixin.py:149} INFO - [2023-06-22T14:30:43.494+0200] {dag.py:2726} INFO - Sync 3 DAGs
[2023-06-22T14:30:43.505+0200] {logging_mixin.py:149} INFO - [2023-06-22T14:30:43.505+0200] {dag.py:3486} INFO - Setting next_dagrun for example_subdag_operator to 2022-01-01T00:00:00+00:00, run_after=2022-01-01T00:00:00+00:00
[2023-06-22T14:30:43.507+0200] {logging_mixin.py:149} INFO - [2023-06-22T14:30:43.507+0200] {dag.py:3486} INFO - Setting next_dagrun for example_subdag_operator.section-1 to None, run_after=None
[2023-06-22T14:30:43.507+0200] {logging_mixin.py:149} INFO - [2023-06-22T14:30:43.507+0200] {dag.py:3486} INFO - Setting next_dagrun for example_subdag_operator.section-2 to None, run_after=None
[2023-06-22T14:30:43.510+0200] {logging_mixin.py:149} INFO - [2023-06-22T14:30:43.510+0200] {dag.py:2726} INFO - Sync 2 DAGs
[2023-06-22T14:30:43.513+0200] {logging_mixin.py:149} INFO - [2023-06-22T14:30:43.512+0200] {dag.py:3486} INFO - Setting next_dagrun for example_subdag_operator.section-1 to None, run_after=None
[2023-06-22T14:30:43.513+0200] {logging_mixin.py:149} INFO - [2023-06-22T14:30:43.513+0200] {dag.py:3486} INFO - Setting next_dagrun for example_subdag_operator.section-2 to None, run_after=None
[2023-06-22T14:30:43.521+0200] {processor.py:179} INFO - Processing /Users/saumyagoyal/JupyterNotebook/MLCon/MLCon_23/2_airflow/.venv/lib/python3.11/site-packages/airflow/example_dags/example_subdag_operator.py took 0.649 seconds
[2023-06-22T14:31:57.998+0200] {processor.py:157} INFO - Started process (PID=84457) to work on /Users/saumyagoyal/JupyterNotebook/MLCon/MLCon_23/2_airflow/.venv/lib/python3.11/site-packages/airflow/example_dags/example_subdag_operator.py
[2023-06-22T14:31:58.000+0200] {processor.py:826} INFO - Processing file /Users/saumyagoyal/JupyterNotebook/MLCon/MLCon_23/2_airflow/.venv/lib/python3.11/site-packages/airflow/example_dags/example_subdag_operator.py for tasks to queue
[2023-06-22T14:31:58.000+0200] {logging_mixin.py:149} INFO - [2023-06-22T14:31:58.000+0200] {dagbag.py:541} INFO - Filling up the DagBag from /Users/saumyagoyal/JupyterNotebook/MLCon/MLCon_23/2_airflow/.venv/lib/python3.11/site-packages/airflow/example_dags/example_subdag_operator.py
[2023-06-22T14:31:58.592+0200] {processor.py:836} INFO - DAG(s) dict_keys(['example_subdag_operator.section-1', 'example_subdag_operator.section-2', 'example_subdag_operator']) retrieved from /Users/saumyagoyal/JupyterNotebook/MLCon/MLCon_23/2_airflow/.venv/lib/python3.11/site-packages/airflow/example_dags/example_subdag_operator.py
[2023-06-22T14:31:58.625+0200] {logging_mixin.py:149} INFO - [2023-06-22T14:31:58.625+0200] {dag.py:2726} INFO - Sync 3 DAGs
[2023-06-22T14:31:58.639+0200] {logging_mixin.py:149} INFO - [2023-06-22T14:31:58.639+0200] {dag.py:3486} INFO - Setting next_dagrun for example_subdag_operator to 2022-01-01T00:00:00+00:00, run_after=2022-01-01T00:00:00+00:00
[2023-06-22T14:31:58.640+0200] {logging_mixin.py:149} INFO - [2023-06-22T14:31:58.640+0200] {dag.py:3486} INFO - Setting next_dagrun for example_subdag_operator.section-1 to None, run_after=None
[2023-06-22T14:31:58.641+0200] {logging_mixin.py:149} INFO - [2023-06-22T14:31:58.641+0200] {dag.py:3486} INFO - Setting next_dagrun for example_subdag_operator.section-2 to None, run_after=None
[2023-06-22T14:31:58.645+0200] {logging_mixin.py:149} INFO - [2023-06-22T14:31:58.644+0200] {dag.py:2726} INFO - Sync 2 DAGs
[2023-06-22T14:31:58.647+0200] {logging_mixin.py:149} INFO - [2023-06-22T14:31:58.647+0200] {dag.py:3486} INFO - Setting next_dagrun for example_subdag_operator.section-1 to None, run_after=None
[2023-06-22T14:31:58.647+0200] {logging_mixin.py:149} INFO - [2023-06-22T14:31:58.647+0200] {dag.py:3486} INFO - Setting next_dagrun for example_subdag_operator.section-2 to None, run_after=None
[2023-06-22T14:31:58.656+0200] {processor.py:179} INFO - Processing /Users/saumyagoyal/JupyterNotebook/MLCon/MLCon_23/2_airflow/.venv/lib/python3.11/site-packages/airflow/example_dags/example_subdag_operator.py took 0.659 seconds
[2023-06-22T14:33:16.992+0200] {processor.py:157} INFO - Started process (PID=84590) to work on /Users/saumyagoyal/JupyterNotebook/MLCon/MLCon_23/2_airflow/.venv/lib/python3.11/site-packages/airflow/example_dags/example_subdag_operator.py
[2023-06-22T14:33:16.994+0200] {processor.py:826} INFO - Processing file /Users/saumyagoyal/JupyterNotebook/MLCon/MLCon_23/2_airflow/.venv/lib/python3.11/site-packages/airflow/example_dags/example_subdag_operator.py for tasks to queue
[2023-06-22T14:33:16.994+0200] {logging_mixin.py:149} INFO - [2023-06-22T14:33:16.994+0200] {dagbag.py:541} INFO - Filling up the DagBag from /Users/saumyagoyal/JupyterNotebook/MLCon/MLCon_23/2_airflow/.venv/lib/python3.11/site-packages/airflow/example_dags/example_subdag_operator.py
[2023-06-22T14:33:17.585+0200] {processor.py:836} INFO - DAG(s) dict_keys(['example_subdag_operator.section-1', 'example_subdag_operator.section-2', 'example_subdag_operator']) retrieved from /Users/saumyagoyal/JupyterNotebook/MLCon/MLCon_23/2_airflow/.venv/lib/python3.11/site-packages/airflow/example_dags/example_subdag_operator.py
[2023-06-22T14:33:17.617+0200] {logging_mixin.py:149} INFO - [2023-06-22T14:33:17.617+0200] {dag.py:2726} INFO - Sync 3 DAGs
[2023-06-22T14:33:17.628+0200] {logging_mixin.py:149} INFO - [2023-06-22T14:33:17.628+0200] {dag.py:3486} INFO - Setting next_dagrun for example_subdag_operator to 2022-01-01T00:00:00+00:00, run_after=2022-01-01T00:00:00+00:00
[2023-06-22T14:33:17.630+0200] {logging_mixin.py:149} INFO - [2023-06-22T14:33:17.630+0200] {dag.py:3486} INFO - Setting next_dagrun for example_subdag_operator.section-1 to None, run_after=None
[2023-06-22T14:33:17.630+0200] {logging_mixin.py:149} INFO - [2023-06-22T14:33:17.630+0200] {dag.py:3486} INFO - Setting next_dagrun for example_subdag_operator.section-2 to None, run_after=None
[2023-06-22T14:33:17.633+0200] {logging_mixin.py:149} INFO - [2023-06-22T14:33:17.633+0200] {dag.py:2726} INFO - Sync 2 DAGs
[2023-06-22T14:33:17.635+0200] {logging_mixin.py:149} INFO - [2023-06-22T14:33:17.635+0200] {dag.py:3486} INFO - Setting next_dagrun for example_subdag_operator.section-1 to None, run_after=None
[2023-06-22T14:33:17.635+0200] {logging_mixin.py:149} INFO - [2023-06-22T14:33:17.635+0200] {dag.py:3486} INFO - Setting next_dagrun for example_subdag_operator.section-2 to None, run_after=None
[2023-06-22T14:33:17.643+0200] {processor.py:179} INFO - Processing /Users/saumyagoyal/JupyterNotebook/MLCon/MLCon_23/2_airflow/.venv/lib/python3.11/site-packages/airflow/example_dags/example_subdag_operator.py took 0.652 seconds
[2023-06-22T14:34:43.052+0200] {processor.py:157} INFO - Started process (PID=84709) to work on /Users/saumyagoyal/JupyterNotebook/MLCon/MLCon_23/2_airflow/.venv/lib/python3.11/site-packages/airflow/example_dags/example_subdag_operator.py
[2023-06-22T14:34:43.055+0200] {processor.py:826} INFO - Processing file /Users/saumyagoyal/JupyterNotebook/MLCon/MLCon_23/2_airflow/.venv/lib/python3.11/site-packages/airflow/example_dags/example_subdag_operator.py for tasks to queue
[2023-06-22T14:34:43.055+0200] {logging_mixin.py:149} INFO - [2023-06-22T14:34:43.055+0200] {dagbag.py:541} INFO - Filling up the DagBag from /Users/saumyagoyal/JupyterNotebook/MLCon/MLCon_23/2_airflow/.venv/lib/python3.11/site-packages/airflow/example_dags/example_subdag_operator.py
[2023-06-22T14:34:43.725+0200] {processor.py:836} INFO - DAG(s) dict_keys(['example_subdag_operator.section-1', 'example_subdag_operator.section-2', 'example_subdag_operator']) retrieved from /Users/saumyagoyal/JupyterNotebook/MLCon/MLCon_23/2_airflow/.venv/lib/python3.11/site-packages/airflow/example_dags/example_subdag_operator.py
[2023-06-22T14:34:43.757+0200] {logging_mixin.py:149} INFO - [2023-06-22T14:34:43.757+0200] {dag.py:2726} INFO - Sync 3 DAGs
[2023-06-22T14:34:43.768+0200] {logging_mixin.py:149} INFO - [2023-06-22T14:34:43.768+0200] {dag.py:3486} INFO - Setting next_dagrun for example_subdag_operator to 2022-01-01T00:00:00+00:00, run_after=2022-01-01T00:00:00+00:00
[2023-06-22T14:34:43.770+0200] {logging_mixin.py:149} INFO - [2023-06-22T14:34:43.770+0200] {dag.py:3486} INFO - Setting next_dagrun for example_subdag_operator.section-1 to None, run_after=None
[2023-06-22T14:34:43.770+0200] {logging_mixin.py:149} INFO - [2023-06-22T14:34:43.770+0200] {dag.py:3486} INFO - Setting next_dagrun for example_subdag_operator.section-2 to None, run_after=None
[2023-06-22T14:34:43.774+0200] {logging_mixin.py:149} INFO - [2023-06-22T14:34:43.773+0200] {dag.py:2726} INFO - Sync 2 DAGs
[2023-06-22T14:34:43.776+0200] {logging_mixin.py:149} INFO - [2023-06-22T14:34:43.776+0200] {dag.py:3486} INFO - Setting next_dagrun for example_subdag_operator.section-1 to None, run_after=None
[2023-06-22T14:34:43.776+0200] {logging_mixin.py:149} INFO - [2023-06-22T14:34:43.776+0200] {dag.py:3486} INFO - Setting next_dagrun for example_subdag_operator.section-2 to None, run_after=None
[2023-06-22T14:34:43.785+0200] {processor.py:179} INFO - Processing /Users/saumyagoyal/JupyterNotebook/MLCon/MLCon_23/2_airflow/.venv/lib/python3.11/site-packages/airflow/example_dags/example_subdag_operator.py took 0.734 seconds
[2023-06-22T14:36:15.889+0200] {processor.py:157} INFO - Started process (PID=84783) to work on /Users/saumyagoyal/JupyterNotebook/MLCon/MLCon_23/2_airflow/.venv/lib/python3.11/site-packages/airflow/example_dags/example_subdag_operator.py
[2023-06-22T14:36:15.894+0200] {processor.py:826} INFO - Processing file /Users/saumyagoyal/JupyterNotebook/MLCon/MLCon_23/2_airflow/.venv/lib/python3.11/site-packages/airflow/example_dags/example_subdag_operator.py for tasks to queue
[2023-06-22T14:36:15.894+0200] {logging_mixin.py:149} INFO - [2023-06-22T14:36:15.894+0200] {dagbag.py:541} INFO - Filling up the DagBag from /Users/saumyagoyal/JupyterNotebook/MLCon/MLCon_23/2_airflow/.venv/lib/python3.11/site-packages/airflow/example_dags/example_subdag_operator.py
[2023-06-22T14:36:16.511+0200] {processor.py:836} INFO - DAG(s) dict_keys(['example_subdag_operator.section-1', 'example_subdag_operator.section-2', 'example_subdag_operator']) retrieved from /Users/saumyagoyal/JupyterNotebook/MLCon/MLCon_23/2_airflow/.venv/lib/python3.11/site-packages/airflow/example_dags/example_subdag_operator.py
[2023-06-22T14:36:16.543+0200] {logging_mixin.py:149} INFO - [2023-06-22T14:36:16.543+0200] {dag.py:2726} INFO - Sync 3 DAGs
[2023-06-22T14:36:16.554+0200] {logging_mixin.py:149} INFO - [2023-06-22T14:36:16.554+0200] {dag.py:3486} INFO - Setting next_dagrun for example_subdag_operator to 2022-01-01T00:00:00+00:00, run_after=2022-01-01T00:00:00+00:00
[2023-06-22T14:36:16.555+0200] {logging_mixin.py:149} INFO - [2023-06-22T14:36:16.555+0200] {dag.py:3486} INFO - Setting next_dagrun for example_subdag_operator.section-1 to None, run_after=None
[2023-06-22T14:36:16.556+0200] {logging_mixin.py:149} INFO - [2023-06-22T14:36:16.556+0200] {dag.py:3486} INFO - Setting next_dagrun for example_subdag_operator.section-2 to None, run_after=None
[2023-06-22T14:36:16.559+0200] {logging_mixin.py:149} INFO - [2023-06-22T14:36:16.559+0200] {dag.py:2726} INFO - Sync 2 DAGs
[2023-06-22T14:36:16.561+0200] {logging_mixin.py:149} INFO - [2023-06-22T14:36:16.561+0200] {dag.py:3486} INFO - Setting next_dagrun for example_subdag_operator.section-1 to None, run_after=None
[2023-06-22T14:36:16.562+0200] {logging_mixin.py:149} INFO - [2023-06-22T14:36:16.562+0200] {dag.py:3486} INFO - Setting next_dagrun for example_subdag_operator.section-2 to None, run_after=None
[2023-06-22T14:36:16.571+0200] {processor.py:179} INFO - Processing /Users/saumyagoyal/JupyterNotebook/MLCon/MLCon_23/2_airflow/.venv/lib/python3.11/site-packages/airflow/example_dags/example_subdag_operator.py took 0.682 seconds
[2023-06-22T14:37:43.644+0200] {processor.py:157} INFO - Started process (PID=84999) to work on /Users/saumyagoyal/JupyterNotebook/MLCon/MLCon_23/2_airflow/.venv/lib/python3.11/site-packages/airflow/example_dags/example_subdag_operator.py
[2023-06-22T14:37:43.647+0200] {processor.py:826} INFO - Processing file /Users/saumyagoyal/JupyterNotebook/MLCon/MLCon_23/2_airflow/.venv/lib/python3.11/site-packages/airflow/example_dags/example_subdag_operator.py for tasks to queue
[2023-06-22T14:37:43.648+0200] {logging_mixin.py:149} INFO - [2023-06-22T14:37:43.648+0200] {dagbag.py:541} INFO - Filling up the DagBag from /Users/saumyagoyal/JupyterNotebook/MLCon/MLCon_23/2_airflow/.venv/lib/python3.11/site-packages/airflow/example_dags/example_subdag_operator.py
[2023-06-22T14:37:44.249+0200] {processor.py:836} INFO - DAG(s) dict_keys(['example_subdag_operator.section-1', 'example_subdag_operator.section-2', 'example_subdag_operator']) retrieved from /Users/saumyagoyal/JupyterNotebook/MLCon/MLCon_23/2_airflow/.venv/lib/python3.11/site-packages/airflow/example_dags/example_subdag_operator.py
[2023-06-22T14:37:44.282+0200] {logging_mixin.py:149} INFO - [2023-06-22T14:37:44.281+0200] {dag.py:2726} INFO - Sync 3 DAGs
[2023-06-22T14:37:44.294+0200] {logging_mixin.py:149} INFO - [2023-06-22T14:37:44.294+0200] {dag.py:3486} INFO - Setting next_dagrun for example_subdag_operator to 2022-01-01T00:00:00+00:00, run_after=2022-01-01T00:00:00+00:00
[2023-06-22T14:37:44.296+0200] {logging_mixin.py:149} INFO - [2023-06-22T14:37:44.296+0200] {dag.py:3486} INFO - Setting next_dagrun for example_subdag_operator.section-1 to None, run_after=None
[2023-06-22T14:37:44.296+0200] {logging_mixin.py:149} INFO - [2023-06-22T14:37:44.296+0200] {dag.py:3486} INFO - Setting next_dagrun for example_subdag_operator.section-2 to None, run_after=None
[2023-06-22T14:37:44.299+0200] {logging_mixin.py:149} INFO - [2023-06-22T14:37:44.299+0200] {dag.py:2726} INFO - Sync 2 DAGs
[2023-06-22T14:37:44.301+0200] {logging_mixin.py:149} INFO - [2023-06-22T14:37:44.301+0200] {dag.py:3486} INFO - Setting next_dagrun for example_subdag_operator.section-1 to None, run_after=None
[2023-06-22T14:37:44.302+0200] {logging_mixin.py:149} INFO - [2023-06-22T14:37:44.302+0200] {dag.py:3486} INFO - Setting next_dagrun for example_subdag_operator.section-2 to None, run_after=None
[2023-06-22T14:37:44.311+0200] {processor.py:179} INFO - Processing /Users/saumyagoyal/JupyterNotebook/MLCon/MLCon_23/2_airflow/.venv/lib/python3.11/site-packages/airflow/example_dags/example_subdag_operator.py took 0.667 seconds
[2023-06-22T14:39:13.066+0200] {processor.py:157} INFO - Started process (PID=85068) to work on /Users/saumyagoyal/JupyterNotebook/MLCon/MLCon_23/2_airflow/.venv/lib/python3.11/site-packages/airflow/example_dags/example_subdag_operator.py
[2023-06-22T14:39:13.068+0200] {processor.py:826} INFO - Processing file /Users/saumyagoyal/JupyterNotebook/MLCon/MLCon_23/2_airflow/.venv/lib/python3.11/site-packages/airflow/example_dags/example_subdag_operator.py for tasks to queue
[2023-06-22T14:39:13.069+0200] {logging_mixin.py:149} INFO - [2023-06-22T14:39:13.068+0200] {dagbag.py:541} INFO - Filling up the DagBag from /Users/saumyagoyal/JupyterNotebook/MLCon/MLCon_23/2_airflow/.venv/lib/python3.11/site-packages/airflow/example_dags/example_subdag_operator.py
[2023-06-22T14:39:13.723+0200] {processor.py:836} INFO - DAG(s) dict_keys(['example_subdag_operator.section-1', 'example_subdag_operator.section-2', 'example_subdag_operator']) retrieved from /Users/saumyagoyal/JupyterNotebook/MLCon/MLCon_23/2_airflow/.venv/lib/python3.11/site-packages/airflow/example_dags/example_subdag_operator.py
[2023-06-22T14:39:13.757+0200] {logging_mixin.py:149} INFO - [2023-06-22T14:39:13.757+0200] {dag.py:2726} INFO - Sync 3 DAGs
[2023-06-22T14:39:13.771+0200] {logging_mixin.py:149} INFO - [2023-06-22T14:39:13.771+0200] {dag.py:3486} INFO - Setting next_dagrun for example_subdag_operator to 2022-01-01T00:00:00+00:00, run_after=2022-01-01T00:00:00+00:00
[2023-06-22T14:39:13.773+0200] {logging_mixin.py:149} INFO - [2023-06-22T14:39:13.773+0200] {dag.py:3486} INFO - Setting next_dagrun for example_subdag_operator.section-1 to None, run_after=None
[2023-06-22T14:39:13.774+0200] {logging_mixin.py:149} INFO - [2023-06-22T14:39:13.774+0200] {dag.py:3486} INFO - Setting next_dagrun for example_subdag_operator.section-2 to None, run_after=None
[2023-06-22T14:39:13.777+0200] {logging_mixin.py:149} INFO - [2023-06-22T14:39:13.777+0200] {dag.py:2726} INFO - Sync 2 DAGs
[2023-06-22T14:39:13.780+0200] {logging_mixin.py:149} INFO - [2023-06-22T14:39:13.780+0200] {dag.py:3486} INFO - Setting next_dagrun for example_subdag_operator.section-1 to None, run_after=None
[2023-06-22T14:39:13.780+0200] {logging_mixin.py:149} INFO - [2023-06-22T14:39:13.780+0200] {dag.py:3486} INFO - Setting next_dagrun for example_subdag_operator.section-2 to None, run_after=None
[2023-06-22T14:39:13.789+0200] {processor.py:179} INFO - Processing /Users/saumyagoyal/JupyterNotebook/MLCon/MLCon_23/2_airflow/.venv/lib/python3.11/site-packages/airflow/example_dags/example_subdag_operator.py took 0.724 seconds
[2023-06-22T14:40:43.569+0200] {processor.py:157} INFO - Started process (PID=85219) to work on /Users/saumyagoyal/JupyterNotebook/MLCon/MLCon_23/2_airflow/.venv/lib/python3.11/site-packages/airflow/example_dags/example_subdag_operator.py
[2023-06-22T14:40:43.572+0200] {processor.py:826} INFO - Processing file /Users/saumyagoyal/JupyterNotebook/MLCon/MLCon_23/2_airflow/.venv/lib/python3.11/site-packages/airflow/example_dags/example_subdag_operator.py for tasks to queue
[2023-06-22T14:40:43.572+0200] {logging_mixin.py:149} INFO - [2023-06-22T14:40:43.572+0200] {dagbag.py:541} INFO - Filling up the DagBag from /Users/saumyagoyal/JupyterNotebook/MLCon/MLCon_23/2_airflow/.venv/lib/python3.11/site-packages/airflow/example_dags/example_subdag_operator.py
[2023-06-22T14:40:44.156+0200] {processor.py:836} INFO - DAG(s) dict_keys(['example_subdag_operator.section-1', 'example_subdag_operator.section-2', 'example_subdag_operator']) retrieved from /Users/saumyagoyal/JupyterNotebook/MLCon/MLCon_23/2_airflow/.venv/lib/python3.11/site-packages/airflow/example_dags/example_subdag_operator.py
[2023-06-22T14:40:44.186+0200] {logging_mixin.py:149} INFO - [2023-06-22T14:40:44.186+0200] {dag.py:2726} INFO - Sync 3 DAGs
[2023-06-22T14:40:44.197+0200] {logging_mixin.py:149} INFO - [2023-06-22T14:40:44.197+0200] {dag.py:3486} INFO - Setting next_dagrun for example_subdag_operator to 2022-01-01T00:00:00+00:00, run_after=2022-01-01T00:00:00+00:00
[2023-06-22T14:40:44.199+0200] {logging_mixin.py:149} INFO - [2023-06-22T14:40:44.198+0200] {dag.py:3486} INFO - Setting next_dagrun for example_subdag_operator.section-1 to None, run_after=None
[2023-06-22T14:40:44.199+0200] {logging_mixin.py:149} INFO - [2023-06-22T14:40:44.199+0200] {dag.py:3486} INFO - Setting next_dagrun for example_subdag_operator.section-2 to None, run_after=None
[2023-06-22T14:40:44.202+0200] {logging_mixin.py:149} INFO - [2023-06-22T14:40:44.202+0200] {dag.py:2726} INFO - Sync 2 DAGs
[2023-06-22T14:40:44.204+0200] {logging_mixin.py:149} INFO - [2023-06-22T14:40:44.204+0200] {dag.py:3486} INFO - Setting next_dagrun for example_subdag_operator.section-1 to None, run_after=None
[2023-06-22T14:40:44.204+0200] {logging_mixin.py:149} INFO - [2023-06-22T14:40:44.204+0200] {dag.py:3486} INFO - Setting next_dagrun for example_subdag_operator.section-2 to None, run_after=None
[2023-06-22T14:40:44.212+0200] {processor.py:179} INFO - Processing /Users/saumyagoyal/JupyterNotebook/MLCon/MLCon_23/2_airflow/.venv/lib/python3.11/site-packages/airflow/example_dags/example_subdag_operator.py took 0.644 seconds
[2023-06-22T14:42:10.705+0200] {processor.py:157} INFO - Started process (PID=85353) to work on /Users/saumyagoyal/JupyterNotebook/MLCon/MLCon_23/2_airflow/.venv/lib/python3.11/site-packages/airflow/example_dags/example_subdag_operator.py
[2023-06-22T14:42:10.708+0200] {processor.py:826} INFO - Processing file /Users/saumyagoyal/JupyterNotebook/MLCon/MLCon_23/2_airflow/.venv/lib/python3.11/site-packages/airflow/example_dags/example_subdag_operator.py for tasks to queue
[2023-06-22T14:42:10.708+0200] {logging_mixin.py:149} INFO - [2023-06-22T14:42:10.708+0200] {dagbag.py:541} INFO - Filling up the DagBag from /Users/saumyagoyal/JupyterNotebook/MLCon/MLCon_23/2_airflow/.venv/lib/python3.11/site-packages/airflow/example_dags/example_subdag_operator.py
[2023-06-22T14:42:11.310+0200] {processor.py:836} INFO - DAG(s) dict_keys(['example_subdag_operator.section-1', 'example_subdag_operator.section-2', 'example_subdag_operator']) retrieved from /Users/saumyagoyal/JupyterNotebook/MLCon/MLCon_23/2_airflow/.venv/lib/python3.11/site-packages/airflow/example_dags/example_subdag_operator.py
[2023-06-22T14:42:11.342+0200] {logging_mixin.py:149} INFO - [2023-06-22T14:42:11.341+0200] {dag.py:2726} INFO - Sync 3 DAGs
[2023-06-22T14:42:11.352+0200] {logging_mixin.py:149} INFO - [2023-06-22T14:42:11.352+0200] {dag.py:3486} INFO - Setting next_dagrun for example_subdag_operator to 2022-01-01T00:00:00+00:00, run_after=2022-01-01T00:00:00+00:00
[2023-06-22T14:42:11.354+0200] {logging_mixin.py:149} INFO - [2023-06-22T14:42:11.354+0200] {dag.py:3486} INFO - Setting next_dagrun for example_subdag_operator.section-1 to None, run_after=None
[2023-06-22T14:42:11.354+0200] {logging_mixin.py:149} INFO - [2023-06-22T14:42:11.354+0200] {dag.py:3486} INFO - Setting next_dagrun for example_subdag_operator.section-2 to None, run_after=None
[2023-06-22T14:42:11.357+0200] {logging_mixin.py:149} INFO - [2023-06-22T14:42:11.357+0200] {dag.py:2726} INFO - Sync 2 DAGs
[2023-06-22T14:42:11.359+0200] {logging_mixin.py:149} INFO - [2023-06-22T14:42:11.359+0200] {dag.py:3486} INFO - Setting next_dagrun for example_subdag_operator.section-1 to None, run_after=None
[2023-06-22T14:42:11.359+0200] {logging_mixin.py:149} INFO - [2023-06-22T14:42:11.359+0200] {dag.py:3486} INFO - Setting next_dagrun for example_subdag_operator.section-2 to None, run_after=None
[2023-06-22T14:42:11.368+0200] {processor.py:179} INFO - Processing /Users/saumyagoyal/JupyterNotebook/MLCon/MLCon_23/2_airflow/.venv/lib/python3.11/site-packages/airflow/example_dags/example_subdag_operator.py took 0.664 seconds
[2023-06-22T14:43:36.623+0200] {processor.py:157} INFO - Started process (PID=85425) to work on /Users/saumyagoyal/JupyterNotebook/MLCon/MLCon_23/2_airflow/.venv/lib/python3.11/site-packages/airflow/example_dags/example_subdag_operator.py
[2023-06-22T14:43:36.626+0200] {processor.py:826} INFO - Processing file /Users/saumyagoyal/JupyterNotebook/MLCon/MLCon_23/2_airflow/.venv/lib/python3.11/site-packages/airflow/example_dags/example_subdag_operator.py for tasks to queue
[2023-06-22T14:43:36.626+0200] {logging_mixin.py:149} INFO - [2023-06-22T14:43:36.626+0200] {dagbag.py:541} INFO - Filling up the DagBag from /Users/saumyagoyal/JupyterNotebook/MLCon/MLCon_23/2_airflow/.venv/lib/python3.11/site-packages/airflow/example_dags/example_subdag_operator.py
[2023-06-22T14:43:37.258+0200] {processor.py:836} INFO - DAG(s) dict_keys(['example_subdag_operator.section-1', 'example_subdag_operator.section-2', 'example_subdag_operator']) retrieved from /Users/saumyagoyal/JupyterNotebook/MLCon/MLCon_23/2_airflow/.venv/lib/python3.11/site-packages/airflow/example_dags/example_subdag_operator.py
[2023-06-22T14:43:37.290+0200] {logging_mixin.py:149} INFO - [2023-06-22T14:43:37.290+0200] {dag.py:2726} INFO - Sync 3 DAGs
[2023-06-22T14:43:37.303+0200] {logging_mixin.py:149} INFO - [2023-06-22T14:43:37.303+0200] {dag.py:3486} INFO - Setting next_dagrun for example_subdag_operator to 2022-01-01T00:00:00+00:00, run_after=2022-01-01T00:00:00+00:00
[2023-06-22T14:43:37.305+0200] {logging_mixin.py:149} INFO - [2023-06-22T14:43:37.305+0200] {dag.py:3486} INFO - Setting next_dagrun for example_subdag_operator.section-1 to None, run_after=None
[2023-06-22T14:43:37.306+0200] {logging_mixin.py:149} INFO - [2023-06-22T14:43:37.306+0200] {dag.py:3486} INFO - Setting next_dagrun for example_subdag_operator.section-2 to None, run_after=None
[2023-06-22T14:43:37.309+0200] {logging_mixin.py:149} INFO - [2023-06-22T14:43:37.309+0200] {dag.py:2726} INFO - Sync 2 DAGs
[2023-06-22T14:43:37.311+0200] {logging_mixin.py:149} INFO - [2023-06-22T14:43:37.311+0200] {dag.py:3486} INFO - Setting next_dagrun for example_subdag_operator.section-1 to None, run_after=None
[2023-06-22T14:43:37.312+0200] {logging_mixin.py:149} INFO - [2023-06-22T14:43:37.312+0200] {dag.py:3486} INFO - Setting next_dagrun for example_subdag_operator.section-2 to None, run_after=None
[2023-06-22T14:43:37.321+0200] {processor.py:179} INFO - Processing /Users/saumyagoyal/JupyterNotebook/MLCon/MLCon_23/2_airflow/.venv/lib/python3.11/site-packages/airflow/example_dags/example_subdag_operator.py took 0.698 seconds
[2023-06-22T14:45:00.428+0200] {processor.py:157} INFO - Started process (PID=85483) to work on /Users/saumyagoyal/JupyterNotebook/MLCon/MLCon_23/2_airflow/.venv/lib/python3.11/site-packages/airflow/example_dags/example_subdag_operator.py
[2023-06-22T14:45:00.431+0200] {processor.py:826} INFO - Processing file /Users/saumyagoyal/JupyterNotebook/MLCon/MLCon_23/2_airflow/.venv/lib/python3.11/site-packages/airflow/example_dags/example_subdag_operator.py for tasks to queue
[2023-06-22T14:45:00.432+0200] {logging_mixin.py:149} INFO - [2023-06-22T14:45:00.432+0200] {dagbag.py:541} INFO - Filling up the DagBag from /Users/saumyagoyal/JupyterNotebook/MLCon/MLCon_23/2_airflow/.venv/lib/python3.11/site-packages/airflow/example_dags/example_subdag_operator.py
[2023-06-22T14:45:01.055+0200] {processor.py:836} INFO - DAG(s) dict_keys(['example_subdag_operator.section-1', 'example_subdag_operator.section-2', 'example_subdag_operator']) retrieved from /Users/saumyagoyal/JupyterNotebook/MLCon/MLCon_23/2_airflow/.venv/lib/python3.11/site-packages/airflow/example_dags/example_subdag_operator.py
[2023-06-22T14:45:01.086+0200] {logging_mixin.py:149} INFO - [2023-06-22T14:45:01.086+0200] {dag.py:2726} INFO - Sync 3 DAGs
[2023-06-22T14:45:01.099+0200] {logging_mixin.py:149} INFO - [2023-06-22T14:45:01.099+0200] {dag.py:3486} INFO - Setting next_dagrun for example_subdag_operator to 2022-01-01T00:00:00+00:00, run_after=2022-01-01T00:00:00+00:00
[2023-06-22T14:45:01.101+0200] {logging_mixin.py:149} INFO - [2023-06-22T14:45:01.101+0200] {dag.py:3486} INFO - Setting next_dagrun for example_subdag_operator.section-1 to None, run_after=None
[2023-06-22T14:45:01.101+0200] {logging_mixin.py:149} INFO - [2023-06-22T14:45:01.101+0200] {dag.py:3486} INFO - Setting next_dagrun for example_subdag_operator.section-2 to None, run_after=None
[2023-06-22T14:45:01.104+0200] {logging_mixin.py:149} INFO - [2023-06-22T14:45:01.104+0200] {dag.py:2726} INFO - Sync 2 DAGs
[2023-06-22T14:45:01.107+0200] {logging_mixin.py:149} INFO - [2023-06-22T14:45:01.107+0200] {dag.py:3486} INFO - Setting next_dagrun for example_subdag_operator.section-1 to None, run_after=None
[2023-06-22T14:45:01.107+0200] {logging_mixin.py:149} INFO - [2023-06-22T14:45:01.107+0200] {dag.py:3486} INFO - Setting next_dagrun for example_subdag_operator.section-2 to None, run_after=None
[2023-06-22T14:45:01.116+0200] {processor.py:179} INFO - Processing /Users/saumyagoyal/JupyterNotebook/MLCon/MLCon_23/2_airflow/.venv/lib/python3.11/site-packages/airflow/example_dags/example_subdag_operator.py took 0.689 seconds
