[2023-06-22T14:26:30.234+0200] {processor.py:157} INFO - Started process (PID=84268) to work on /Users/saumyagoyal/JupyterNotebook/MLCon/MLCon_23/2_airflow/.venv/lib/python3.11/site-packages/airflow/example_dags/example_python_operator.py
[2023-06-22T14:26:30.236+0200] {processor.py:826} INFO - Processing file /Users/saumyagoyal/JupyterNotebook/MLCon/MLCon_23/2_airflow/.venv/lib/python3.11/site-packages/airflow/example_dags/example_python_operator.py for tasks to queue
[2023-06-22T14:26:30.236+0200] {logging_mixin.py:149} INFO - [2023-06-22T14:26:30.236+0200] {dagbag.py:541} INFO - Filling up the DagBag from /Users/saumyagoyal/JupyterNotebook/MLCon/MLCon_23/2_airflow/.venv/lib/python3.11/site-packages/airflow/example_dags/example_python_operator.py
[2023-06-22T14:26:30.268+0200] {logging_mixin.py:149} INFO - [2023-06-22T14:26:30.267+0200] {taskmixin.py:211} WARNING - Dependency <Task(_PythonDecoratedOperator): print_the_context>, log_sql_query already registered for DAG: example_python_operator
[2023-06-22T14:26:30.268+0200] {logging_mixin.py:149} INFO - [2023-06-22T14:26:30.268+0200] {taskmixin.py:211} WARNING - Dependency <Task(_PythonDecoratedOperator): log_sql_query>, print_the_context already registered for DAG: example_python_operator
[2023-06-22T14:26:30.268+0200] {logging_mixin.py:149} INFO - [2023-06-22T14:26:30.268+0200] {taskmixin.py:211} WARNING - Dependency <Task(_PythonDecoratedOperator): print_the_context>, log_sql_query already registered for DAG: example_python_operator
[2023-06-22T14:26:30.268+0200] {logging_mixin.py:149} INFO - [2023-06-22T14:26:30.268+0200] {taskmixin.py:211} WARNING - Dependency <Task(_PythonDecoratedOperator): log_sql_query>, print_the_context already registered for DAG: example_python_operator
[2023-06-22T14:26:30.269+0200] {logging_mixin.py:149} INFO - [2023-06-22T14:26:30.269+0200] {taskmixin.py:211} WARNING - Dependency <Task(_PythonDecoratedOperator): print_the_context>, log_sql_query already registered for DAG: example_python_operator
[2023-06-22T14:26:30.269+0200] {logging_mixin.py:149} INFO - [2023-06-22T14:26:30.269+0200] {taskmixin.py:211} WARNING - Dependency <Task(_PythonDecoratedOperator): log_sql_query>, print_the_context already registered for DAG: example_python_operator
[2023-06-22T14:26:30.269+0200] {logging_mixin.py:149} INFO - [2023-06-22T14:26:30.269+0200] {taskmixin.py:211} WARNING - Dependency <Task(_PythonDecoratedOperator): print_the_context>, log_sql_query already registered for DAG: example_python_operator
[2023-06-22T14:26:30.269+0200] {logging_mixin.py:149} INFO - [2023-06-22T14:26:30.269+0200] {taskmixin.py:211} WARNING - Dependency <Task(_PythonDecoratedOperator): log_sql_query>, print_the_context already registered for DAG: example_python_operator
[2023-06-22T14:26:30.276+0200] {processor.py:836} INFO - DAG(s) dict_keys(['example_python_operator']) retrieved from /Users/saumyagoyal/JupyterNotebook/MLCon/MLCon_23/2_airflow/.venv/lib/python3.11/site-packages/airflow/example_dags/example_python_operator.py
[2023-06-22T14:26:30.939+0200] {logging_mixin.py:149} INFO - [2023-06-22T14:26:30.938+0200] {manager.py:504} INFO - Created Permission View: can delete on DAG:example_python_operator
[2023-06-22T14:26:30.944+0200] {logging_mixin.py:149} INFO - [2023-06-22T14:26:30.944+0200] {manager.py:504} INFO - Created Permission View: can read on DAG:example_python_operator
[2023-06-22T14:26:30.948+0200] {logging_mixin.py:149} INFO - [2023-06-22T14:26:30.948+0200] {manager.py:504} INFO - Created Permission View: can edit on DAG:example_python_operator
[2023-06-22T14:26:30.948+0200] {logging_mixin.py:149} INFO - [2023-06-22T14:26:30.948+0200] {dag.py:2726} INFO - Sync 1 DAGs
[2023-06-22T14:26:30.955+0200] {logging_mixin.py:149} INFO - [2023-06-22T14:26:30.955+0200] {dag.py:2747} INFO - Creating ORM DAG for example_python_operator
[2023-06-22T14:26:30.960+0200] {logging_mixin.py:149} INFO - [2023-06-22T14:26:30.960+0200] {dag.py:3486} INFO - Setting next_dagrun for example_python_operator to None, run_after=None
[2023-06-22T14:26:30.970+0200] {processor.py:179} INFO - Processing /Users/saumyagoyal/JupyterNotebook/MLCon/MLCon_23/2_airflow/.venv/lib/python3.11/site-packages/airflow/example_dags/example_python_operator.py took 0.736 seconds
[2023-06-22T14:28:29.681+0200] {processor.py:157} INFO - Started process (PID=84341) to work on /Users/saumyagoyal/JupyterNotebook/MLCon/MLCon_23/2_airflow/.venv/lib/python3.11/site-packages/airflow/example_dags/example_python_operator.py
[2023-06-22T14:28:29.684+0200] {processor.py:826} INFO - Processing file /Users/saumyagoyal/JupyterNotebook/MLCon/MLCon_23/2_airflow/.venv/lib/python3.11/site-packages/airflow/example_dags/example_python_operator.py for tasks to queue
[2023-06-22T14:28:29.684+0200] {logging_mixin.py:149} INFO - [2023-06-22T14:28:29.684+0200] {dagbag.py:541} INFO - Filling up the DagBag from /Users/saumyagoyal/JupyterNotebook/MLCon/MLCon_23/2_airflow/.venv/lib/python3.11/site-packages/airflow/example_dags/example_python_operator.py
[2023-06-22T14:28:29.715+0200] {logging_mixin.py:149} INFO - [2023-06-22T14:28:29.715+0200] {taskmixin.py:211} WARNING - Dependency <Task(_PythonDecoratedOperator): print_the_context>, log_sql_query already registered for DAG: example_python_operator
[2023-06-22T14:28:29.715+0200] {logging_mixin.py:149} INFO - [2023-06-22T14:28:29.715+0200] {taskmixin.py:211} WARNING - Dependency <Task(_PythonDecoratedOperator): log_sql_query>, print_the_context already registered for DAG: example_python_operator
[2023-06-22T14:28:29.716+0200] {logging_mixin.py:149} INFO - [2023-06-22T14:28:29.716+0200] {taskmixin.py:211} WARNING - Dependency <Task(_PythonDecoratedOperator): print_the_context>, log_sql_query already registered for DAG: example_python_operator
[2023-06-22T14:28:29.716+0200] {logging_mixin.py:149} INFO - [2023-06-22T14:28:29.716+0200] {taskmixin.py:211} WARNING - Dependency <Task(_PythonDecoratedOperator): log_sql_query>, print_the_context already registered for DAG: example_python_operator
[2023-06-22T14:28:29.716+0200] {logging_mixin.py:149} INFO - [2023-06-22T14:28:29.716+0200] {taskmixin.py:211} WARNING - Dependency <Task(_PythonDecoratedOperator): print_the_context>, log_sql_query already registered for DAG: example_python_operator
[2023-06-22T14:28:29.716+0200] {logging_mixin.py:149} INFO - [2023-06-22T14:28:29.716+0200] {taskmixin.py:211} WARNING - Dependency <Task(_PythonDecoratedOperator): log_sql_query>, print_the_context already registered for DAG: example_python_operator
[2023-06-22T14:28:29.717+0200] {logging_mixin.py:149} INFO - [2023-06-22T14:28:29.717+0200] {taskmixin.py:211} WARNING - Dependency <Task(_PythonDecoratedOperator): print_the_context>, log_sql_query already registered for DAG: example_python_operator
[2023-06-22T14:28:29.717+0200] {logging_mixin.py:149} INFO - [2023-06-22T14:28:29.717+0200] {taskmixin.py:211} WARNING - Dependency <Task(_PythonDecoratedOperator): log_sql_query>, print_the_context already registered for DAG: example_python_operator
[2023-06-22T14:28:29.723+0200] {processor.py:836} INFO - DAG(s) dict_keys(['example_python_operator']) retrieved from /Users/saumyagoyal/JupyterNotebook/MLCon/MLCon_23/2_airflow/.venv/lib/python3.11/site-packages/airflow/example_dags/example_python_operator.py
[2023-06-22T14:28:30.388+0200] {logging_mixin.py:149} INFO - [2023-06-22T14:28:30.388+0200] {dag.py:2726} INFO - Sync 1 DAGs
[2023-06-22T14:28:30.398+0200] {logging_mixin.py:149} INFO - [2023-06-22T14:28:30.398+0200] {dag.py:3486} INFO - Setting next_dagrun for example_python_operator to None, run_after=None
[2023-06-22T14:28:30.415+0200] {processor.py:179} INFO - Processing /Users/saumyagoyal/JupyterNotebook/MLCon/MLCon_23/2_airflow/.venv/lib/python3.11/site-packages/airflow/example_dags/example_python_operator.py took 0.734 seconds
[2023-06-22T14:30:59.836+0200] {processor.py:157} INFO - Started process (PID=84426) to work on /Users/saumyagoyal/JupyterNotebook/MLCon/MLCon_23/2_airflow/.venv/lib/python3.11/site-packages/airflow/example_dags/example_python_operator.py
[2023-06-22T14:30:59.838+0200] {processor.py:826} INFO - Processing file /Users/saumyagoyal/JupyterNotebook/MLCon/MLCon_23/2_airflow/.venv/lib/python3.11/site-packages/airflow/example_dags/example_python_operator.py for tasks to queue
[2023-06-22T14:30:59.839+0200] {logging_mixin.py:149} INFO - [2023-06-22T14:30:59.839+0200] {dagbag.py:541} INFO - Filling up the DagBag from /Users/saumyagoyal/JupyterNotebook/MLCon/MLCon_23/2_airflow/.venv/lib/python3.11/site-packages/airflow/example_dags/example_python_operator.py
[2023-06-22T14:30:59.869+0200] {logging_mixin.py:149} INFO - [2023-06-22T14:30:59.869+0200] {taskmixin.py:211} WARNING - Dependency <Task(_PythonDecoratedOperator): print_the_context>, log_sql_query already registered for DAG: example_python_operator
[2023-06-22T14:30:59.870+0200] {logging_mixin.py:149} INFO - [2023-06-22T14:30:59.869+0200] {taskmixin.py:211} WARNING - Dependency <Task(_PythonDecoratedOperator): log_sql_query>, print_the_context already registered for DAG: example_python_operator
[2023-06-22T14:30:59.870+0200] {logging_mixin.py:149} INFO - [2023-06-22T14:30:59.870+0200] {taskmixin.py:211} WARNING - Dependency <Task(_PythonDecoratedOperator): print_the_context>, log_sql_query already registered for DAG: example_python_operator
[2023-06-22T14:30:59.870+0200] {logging_mixin.py:149} INFO - [2023-06-22T14:30:59.870+0200] {taskmixin.py:211} WARNING - Dependency <Task(_PythonDecoratedOperator): log_sql_query>, print_the_context already registered for DAG: example_python_operator
[2023-06-22T14:30:59.871+0200] {logging_mixin.py:149} INFO - [2023-06-22T14:30:59.871+0200] {taskmixin.py:211} WARNING - Dependency <Task(_PythonDecoratedOperator): print_the_context>, log_sql_query already registered for DAG: example_python_operator
[2023-06-22T14:30:59.871+0200] {logging_mixin.py:149} INFO - [2023-06-22T14:30:59.871+0200] {taskmixin.py:211} WARNING - Dependency <Task(_PythonDecoratedOperator): log_sql_query>, print_the_context already registered for DAG: example_python_operator
[2023-06-22T14:30:59.872+0200] {logging_mixin.py:149} INFO - [2023-06-22T14:30:59.872+0200] {taskmixin.py:211} WARNING - Dependency <Task(_PythonDecoratedOperator): print_the_context>, log_sql_query already registered for DAG: example_python_operator
[2023-06-22T14:30:59.872+0200] {logging_mixin.py:149} INFO - [2023-06-22T14:30:59.872+0200] {taskmixin.py:211} WARNING - Dependency <Task(_PythonDecoratedOperator): log_sql_query>, print_the_context already registered for DAG: example_python_operator
[2023-06-22T14:30:59.880+0200] {processor.py:836} INFO - DAG(s) dict_keys(['example_python_operator']) retrieved from /Users/saumyagoyal/JupyterNotebook/MLCon/MLCon_23/2_airflow/.venv/lib/python3.11/site-packages/airflow/example_dags/example_python_operator.py
[2023-06-22T14:31:00.502+0200] {logging_mixin.py:149} INFO - [2023-06-22T14:31:00.502+0200] {dag.py:2726} INFO - Sync 1 DAGs
[2023-06-22T14:31:00.511+0200] {logging_mixin.py:149} INFO - [2023-06-22T14:31:00.511+0200] {dag.py:3486} INFO - Setting next_dagrun for example_python_operator to None, run_after=None
[2023-06-22T14:31:00.524+0200] {processor.py:179} INFO - Processing /Users/saumyagoyal/JupyterNotebook/MLCon/MLCon_23/2_airflow/.venv/lib/python3.11/site-packages/airflow/example_dags/example_python_operator.py took 0.688 seconds
[2023-06-22T14:33:38.036+0200] {processor.py:157} INFO - Started process (PID=84639) to work on /Users/saumyagoyal/JupyterNotebook/MLCon/MLCon_23/2_airflow/.venv/lib/python3.11/site-packages/airflow/example_dags/example_python_operator.py
[2023-06-22T14:33:38.039+0200] {processor.py:826} INFO - Processing file /Users/saumyagoyal/JupyterNotebook/MLCon/MLCon_23/2_airflow/.venv/lib/python3.11/site-packages/airflow/example_dags/example_python_operator.py for tasks to queue
[2023-06-22T14:33:38.040+0200] {logging_mixin.py:149} INFO - [2023-06-22T14:33:38.039+0200] {dagbag.py:541} INFO - Filling up the DagBag from /Users/saumyagoyal/JupyterNotebook/MLCon/MLCon_23/2_airflow/.venv/lib/python3.11/site-packages/airflow/example_dags/example_python_operator.py
[2023-06-22T14:33:38.078+0200] {logging_mixin.py:149} INFO - [2023-06-22T14:33:38.078+0200] {taskmixin.py:211} WARNING - Dependency <Task(_PythonDecoratedOperator): print_the_context>, log_sql_query already registered for DAG: example_python_operator
[2023-06-22T14:33:38.078+0200] {logging_mixin.py:149} INFO - [2023-06-22T14:33:38.078+0200] {taskmixin.py:211} WARNING - Dependency <Task(_PythonDecoratedOperator): log_sql_query>, print_the_context already registered for DAG: example_python_operator
[2023-06-22T14:33:38.079+0200] {logging_mixin.py:149} INFO - [2023-06-22T14:33:38.079+0200] {taskmixin.py:211} WARNING - Dependency <Task(_PythonDecoratedOperator): print_the_context>, log_sql_query already registered for DAG: example_python_operator
[2023-06-22T14:33:38.079+0200] {logging_mixin.py:149} INFO - [2023-06-22T14:33:38.079+0200] {taskmixin.py:211} WARNING - Dependency <Task(_PythonDecoratedOperator): log_sql_query>, print_the_context already registered for DAG: example_python_operator
[2023-06-22T14:33:38.080+0200] {logging_mixin.py:149} INFO - [2023-06-22T14:33:38.080+0200] {taskmixin.py:211} WARNING - Dependency <Task(_PythonDecoratedOperator): print_the_context>, log_sql_query already registered for DAG: example_python_operator
[2023-06-22T14:33:38.080+0200] {logging_mixin.py:149} INFO - [2023-06-22T14:33:38.080+0200] {taskmixin.py:211} WARNING - Dependency <Task(_PythonDecoratedOperator): log_sql_query>, print_the_context already registered for DAG: example_python_operator
[2023-06-22T14:33:38.080+0200] {logging_mixin.py:149} INFO - [2023-06-22T14:33:38.080+0200] {taskmixin.py:211} WARNING - Dependency <Task(_PythonDecoratedOperator): print_the_context>, log_sql_query already registered for DAG: example_python_operator
[2023-06-22T14:33:38.080+0200] {logging_mixin.py:149} INFO - [2023-06-22T14:33:38.080+0200] {taskmixin.py:211} WARNING - Dependency <Task(_PythonDecoratedOperator): log_sql_query>, print_the_context already registered for DAG: example_python_operator
[2023-06-22T14:33:38.087+0200] {processor.py:836} INFO - DAG(s) dict_keys(['example_python_operator']) retrieved from /Users/saumyagoyal/JupyterNotebook/MLCon/MLCon_23/2_airflow/.venv/lib/python3.11/site-packages/airflow/example_dags/example_python_operator.py
[2023-06-22T14:33:38.739+0200] {logging_mixin.py:149} INFO - [2023-06-22T14:33:38.739+0200] {dag.py:2726} INFO - Sync 1 DAGs
[2023-06-22T14:33:38.749+0200] {logging_mixin.py:149} INFO - [2023-06-22T14:33:38.749+0200] {dag.py:3486} INFO - Setting next_dagrun for example_python_operator to None, run_after=None
[2023-06-22T14:33:38.762+0200] {processor.py:179} INFO - Processing /Users/saumyagoyal/JupyterNotebook/MLCon/MLCon_23/2_airflow/.venv/lib/python3.11/site-packages/airflow/example_dags/example_python_operator.py took 0.726 seconds
[2023-06-22T14:36:39.709+0200] {processor.py:157} INFO - Started process (PID=84799) to work on /Users/saumyagoyal/JupyterNotebook/MLCon/MLCon_23/2_airflow/.venv/lib/python3.11/site-packages/airflow/example_dags/example_python_operator.py
[2023-06-22T14:36:39.712+0200] {processor.py:826} INFO - Processing file /Users/saumyagoyal/JupyterNotebook/MLCon/MLCon_23/2_airflow/.venv/lib/python3.11/site-packages/airflow/example_dags/example_python_operator.py for tasks to queue
[2023-06-22T14:36:39.713+0200] {logging_mixin.py:149} INFO - [2023-06-22T14:36:39.713+0200] {dagbag.py:541} INFO - Filling up the DagBag from /Users/saumyagoyal/JupyterNotebook/MLCon/MLCon_23/2_airflow/.venv/lib/python3.11/site-packages/airflow/example_dags/example_python_operator.py
[2023-06-22T14:36:39.749+0200] {logging_mixin.py:149} INFO - [2023-06-22T14:36:39.749+0200] {taskmixin.py:211} WARNING - Dependency <Task(_PythonDecoratedOperator): print_the_context>, log_sql_query already registered for DAG: example_python_operator
[2023-06-22T14:36:39.749+0200] {logging_mixin.py:149} INFO - [2023-06-22T14:36:39.749+0200] {taskmixin.py:211} WARNING - Dependency <Task(_PythonDecoratedOperator): log_sql_query>, print_the_context already registered for DAG: example_python_operator
[2023-06-22T14:36:39.749+0200] {logging_mixin.py:149} INFO - [2023-06-22T14:36:39.749+0200] {taskmixin.py:211} WARNING - Dependency <Task(_PythonDecoratedOperator): print_the_context>, log_sql_query already registered for DAG: example_python_operator
[2023-06-22T14:36:39.750+0200] {logging_mixin.py:149} INFO - [2023-06-22T14:36:39.749+0200] {taskmixin.py:211} WARNING - Dependency <Task(_PythonDecoratedOperator): log_sql_query>, print_the_context already registered for DAG: example_python_operator
[2023-06-22T14:36:39.750+0200] {logging_mixin.py:149} INFO - [2023-06-22T14:36:39.750+0200] {taskmixin.py:211} WARNING - Dependency <Task(_PythonDecoratedOperator): print_the_context>, log_sql_query already registered for DAG: example_python_operator
[2023-06-22T14:36:39.750+0200] {logging_mixin.py:149} INFO - [2023-06-22T14:36:39.750+0200] {taskmixin.py:211} WARNING - Dependency <Task(_PythonDecoratedOperator): log_sql_query>, print_the_context already registered for DAG: example_python_operator
[2023-06-22T14:36:39.750+0200] {logging_mixin.py:149} INFO - [2023-06-22T14:36:39.750+0200] {taskmixin.py:211} WARNING - Dependency <Task(_PythonDecoratedOperator): print_the_context>, log_sql_query already registered for DAG: example_python_operator
[2023-06-22T14:36:39.751+0200] {logging_mixin.py:149} INFO - [2023-06-22T14:36:39.751+0200] {taskmixin.py:211} WARNING - Dependency <Task(_PythonDecoratedOperator): log_sql_query>, print_the_context already registered for DAG: example_python_operator
[2023-06-22T14:36:39.756+0200] {processor.py:836} INFO - DAG(s) dict_keys(['example_python_operator']) retrieved from /Users/saumyagoyal/JupyterNotebook/MLCon/MLCon_23/2_airflow/.venv/lib/python3.11/site-packages/airflow/example_dags/example_python_operator.py
[2023-06-22T14:36:40.420+0200] {logging_mixin.py:149} INFO - [2023-06-22T14:36:40.420+0200] {dag.py:2726} INFO - Sync 1 DAGs
[2023-06-22T14:36:40.431+0200] {logging_mixin.py:149} INFO - [2023-06-22T14:36:40.431+0200] {dag.py:3486} INFO - Setting next_dagrun for example_python_operator to None, run_after=None
[2023-06-22T14:36:40.445+0200] {processor.py:179} INFO - Processing /Users/saumyagoyal/JupyterNotebook/MLCon/MLCon_23/2_airflow/.venv/lib/python3.11/site-packages/airflow/example_dags/example_python_operator.py took 0.736 seconds
[2023-06-22T14:39:37.269+0200] {processor.py:157} INFO - Started process (PID=85081) to work on /Users/saumyagoyal/JupyterNotebook/MLCon/MLCon_23/2_airflow/.venv/lib/python3.11/site-packages/airflow/example_dags/example_python_operator.py
[2023-06-22T14:39:37.272+0200] {processor.py:826} INFO - Processing file /Users/saumyagoyal/JupyterNotebook/MLCon/MLCon_23/2_airflow/.venv/lib/python3.11/site-packages/airflow/example_dags/example_python_operator.py for tasks to queue
[2023-06-22T14:39:37.273+0200] {logging_mixin.py:149} INFO - [2023-06-22T14:39:37.272+0200] {dagbag.py:541} INFO - Filling up the DagBag from /Users/saumyagoyal/JupyterNotebook/MLCon/MLCon_23/2_airflow/.venv/lib/python3.11/site-packages/airflow/example_dags/example_python_operator.py
[2023-06-22T14:39:37.302+0200] {logging_mixin.py:149} INFO - [2023-06-22T14:39:37.302+0200] {taskmixin.py:211} WARNING - Dependency <Task(_PythonDecoratedOperator): print_the_context>, log_sql_query already registered for DAG: example_python_operator
[2023-06-22T14:39:37.302+0200] {logging_mixin.py:149} INFO - [2023-06-22T14:39:37.302+0200] {taskmixin.py:211} WARNING - Dependency <Task(_PythonDecoratedOperator): log_sql_query>, print_the_context already registered for DAG: example_python_operator
[2023-06-22T14:39:37.303+0200] {logging_mixin.py:149} INFO - [2023-06-22T14:39:37.302+0200] {taskmixin.py:211} WARNING - Dependency <Task(_PythonDecoratedOperator): print_the_context>, log_sql_query already registered for DAG: example_python_operator
[2023-06-22T14:39:37.303+0200] {logging_mixin.py:149} INFO - [2023-06-22T14:39:37.303+0200] {taskmixin.py:211} WARNING - Dependency <Task(_PythonDecoratedOperator): log_sql_query>, print_the_context already registered for DAG: example_python_operator
[2023-06-22T14:39:37.303+0200] {logging_mixin.py:149} INFO - [2023-06-22T14:39:37.303+0200] {taskmixin.py:211} WARNING - Dependency <Task(_PythonDecoratedOperator): print_the_context>, log_sql_query already registered for DAG: example_python_operator
[2023-06-22T14:39:37.303+0200] {logging_mixin.py:149} INFO - [2023-06-22T14:39:37.303+0200] {taskmixin.py:211} WARNING - Dependency <Task(_PythonDecoratedOperator): log_sql_query>, print_the_context already registered for DAG: example_python_operator
[2023-06-22T14:39:37.304+0200] {logging_mixin.py:149} INFO - [2023-06-22T14:39:37.304+0200] {taskmixin.py:211} WARNING - Dependency <Task(_PythonDecoratedOperator): print_the_context>, log_sql_query already registered for DAG: example_python_operator
[2023-06-22T14:39:37.304+0200] {logging_mixin.py:149} INFO - [2023-06-22T14:39:37.304+0200] {taskmixin.py:211} WARNING - Dependency <Task(_PythonDecoratedOperator): log_sql_query>, print_the_context already registered for DAG: example_python_operator
[2023-06-22T14:39:37.310+0200] {processor.py:836} INFO - DAG(s) dict_keys(['example_python_operator']) retrieved from /Users/saumyagoyal/JupyterNotebook/MLCon/MLCon_23/2_airflow/.venv/lib/python3.11/site-packages/airflow/example_dags/example_python_operator.py
[2023-06-22T14:39:38.161+0200] {logging_mixin.py:149} INFO - [2023-06-22T14:39:38.161+0200] {dag.py:2726} INFO - Sync 1 DAGs
[2023-06-22T14:39:38.171+0200] {logging_mixin.py:149} INFO - [2023-06-22T14:39:38.171+0200] {dag.py:3486} INFO - Setting next_dagrun for example_python_operator to None, run_after=None
[2023-06-22T14:39:38.184+0200] {processor.py:179} INFO - Processing /Users/saumyagoyal/JupyterNotebook/MLCon/MLCon_23/2_airflow/.venv/lib/python3.11/site-packages/airflow/example_dags/example_python_operator.py took 0.915 seconds
[2023-06-22T14:42:31.797+0200] {processor.py:157} INFO - Started process (PID=85371) to work on /Users/saumyagoyal/JupyterNotebook/MLCon/MLCon_23/2_airflow/.venv/lib/python3.11/site-packages/airflow/example_dags/example_python_operator.py
[2023-06-22T14:42:31.799+0200] {processor.py:826} INFO - Processing file /Users/saumyagoyal/JupyterNotebook/MLCon/MLCon_23/2_airflow/.venv/lib/python3.11/site-packages/airflow/example_dags/example_python_operator.py for tasks to queue
[2023-06-22T14:42:31.799+0200] {logging_mixin.py:149} INFO - [2023-06-22T14:42:31.799+0200] {dagbag.py:541} INFO - Filling up the DagBag from /Users/saumyagoyal/JupyterNotebook/MLCon/MLCon_23/2_airflow/.venv/lib/python3.11/site-packages/airflow/example_dags/example_python_operator.py
[2023-06-22T14:42:31.829+0200] {logging_mixin.py:149} INFO - [2023-06-22T14:42:31.828+0200] {taskmixin.py:211} WARNING - Dependency <Task(_PythonDecoratedOperator): print_the_context>, log_sql_query already registered for DAG: example_python_operator
[2023-06-22T14:42:31.829+0200] {logging_mixin.py:149} INFO - [2023-06-22T14:42:31.829+0200] {taskmixin.py:211} WARNING - Dependency <Task(_PythonDecoratedOperator): log_sql_query>, print_the_context already registered for DAG: example_python_operator
[2023-06-22T14:42:31.829+0200] {logging_mixin.py:149} INFO - [2023-06-22T14:42:31.829+0200] {taskmixin.py:211} WARNING - Dependency <Task(_PythonDecoratedOperator): print_the_context>, log_sql_query already registered for DAG: example_python_operator
[2023-06-22T14:42:31.829+0200] {logging_mixin.py:149} INFO - [2023-06-22T14:42:31.829+0200] {taskmixin.py:211} WARNING - Dependency <Task(_PythonDecoratedOperator): log_sql_query>, print_the_context already registered for DAG: example_python_operator
[2023-06-22T14:42:31.830+0200] {logging_mixin.py:149} INFO - [2023-06-22T14:42:31.830+0200] {taskmixin.py:211} WARNING - Dependency <Task(_PythonDecoratedOperator): print_the_context>, log_sql_query already registered for DAG: example_python_operator
[2023-06-22T14:42:31.830+0200] {logging_mixin.py:149} INFO - [2023-06-22T14:42:31.830+0200] {taskmixin.py:211} WARNING - Dependency <Task(_PythonDecoratedOperator): log_sql_query>, print_the_context already registered for DAG: example_python_operator
[2023-06-22T14:42:31.831+0200] {logging_mixin.py:149} INFO - [2023-06-22T14:42:31.830+0200] {taskmixin.py:211} WARNING - Dependency <Task(_PythonDecoratedOperator): print_the_context>, log_sql_query already registered for DAG: example_python_operator
[2023-06-22T14:42:31.831+0200] {logging_mixin.py:149} INFO - [2023-06-22T14:42:31.831+0200] {taskmixin.py:211} WARNING - Dependency <Task(_PythonDecoratedOperator): log_sql_query>, print_the_context already registered for DAG: example_python_operator
[2023-06-22T14:42:31.836+0200] {processor.py:836} INFO - DAG(s) dict_keys(['example_python_operator']) retrieved from /Users/saumyagoyal/JupyterNotebook/MLCon/MLCon_23/2_airflow/.venv/lib/python3.11/site-packages/airflow/example_dags/example_python_operator.py
[2023-06-22T14:42:32.477+0200] {logging_mixin.py:149} INFO - [2023-06-22T14:42:32.477+0200] {dag.py:2726} INFO - Sync 1 DAGs
[2023-06-22T14:42:32.487+0200] {logging_mixin.py:149} INFO - [2023-06-22T14:42:32.487+0200] {dag.py:3486} INFO - Setting next_dagrun for example_python_operator to None, run_after=None
[2023-06-22T14:42:32.502+0200] {processor.py:179} INFO - Processing /Users/saumyagoyal/JupyterNotebook/MLCon/MLCon_23/2_airflow/.venv/lib/python3.11/site-packages/airflow/example_dags/example_python_operator.py took 0.706 seconds
[2023-06-22T14:45:20.821+0200] {processor.py:157} INFO - Started process (PID=85497) to work on /Users/saumyagoyal/JupyterNotebook/MLCon/MLCon_23/2_airflow/.venv/lib/python3.11/site-packages/airflow/example_dags/example_python_operator.py
[2023-06-22T14:45:20.824+0200] {processor.py:826} INFO - Processing file /Users/saumyagoyal/JupyterNotebook/MLCon/MLCon_23/2_airflow/.venv/lib/python3.11/site-packages/airflow/example_dags/example_python_operator.py for tasks to queue
[2023-06-22T14:45:20.825+0200] {logging_mixin.py:149} INFO - [2023-06-22T14:45:20.824+0200] {dagbag.py:541} INFO - Filling up the DagBag from /Users/saumyagoyal/JupyterNotebook/MLCon/MLCon_23/2_airflow/.venv/lib/python3.11/site-packages/airflow/example_dags/example_python_operator.py
[2023-06-22T14:45:20.858+0200] {logging_mixin.py:149} INFO - [2023-06-22T14:45:20.858+0200] {taskmixin.py:211} WARNING - Dependency <Task(_PythonDecoratedOperator): print_the_context>, log_sql_query already registered for DAG: example_python_operator
[2023-06-22T14:45:20.858+0200] {logging_mixin.py:149} INFO - [2023-06-22T14:45:20.858+0200] {taskmixin.py:211} WARNING - Dependency <Task(_PythonDecoratedOperator): log_sql_query>, print_the_context already registered for DAG: example_python_operator
[2023-06-22T14:45:20.859+0200] {logging_mixin.py:149} INFO - [2023-06-22T14:45:20.858+0200] {taskmixin.py:211} WARNING - Dependency <Task(_PythonDecoratedOperator): print_the_context>, log_sql_query already registered for DAG: example_python_operator
[2023-06-22T14:45:20.859+0200] {logging_mixin.py:149} INFO - [2023-06-22T14:45:20.859+0200] {taskmixin.py:211} WARNING - Dependency <Task(_PythonDecoratedOperator): log_sql_query>, print_the_context already registered for DAG: example_python_operator
[2023-06-22T14:45:20.859+0200] {logging_mixin.py:149} INFO - [2023-06-22T14:45:20.859+0200] {taskmixin.py:211} WARNING - Dependency <Task(_PythonDecoratedOperator): print_the_context>, log_sql_query already registered for DAG: example_python_operator
[2023-06-22T14:45:20.859+0200] {logging_mixin.py:149} INFO - [2023-06-22T14:45:20.859+0200] {taskmixin.py:211} WARNING - Dependency <Task(_PythonDecoratedOperator): log_sql_query>, print_the_context already registered for DAG: example_python_operator
[2023-06-22T14:45:20.860+0200] {logging_mixin.py:149} INFO - [2023-06-22T14:45:20.860+0200] {taskmixin.py:211} WARNING - Dependency <Task(_PythonDecoratedOperator): print_the_context>, log_sql_query already registered for DAG: example_python_operator
[2023-06-22T14:45:20.860+0200] {logging_mixin.py:149} INFO - [2023-06-22T14:45:20.860+0200] {taskmixin.py:211} WARNING - Dependency <Task(_PythonDecoratedOperator): log_sql_query>, print_the_context already registered for DAG: example_python_operator
[2023-06-22T14:45:20.865+0200] {processor.py:836} INFO - DAG(s) dict_keys(['example_python_operator']) retrieved from /Users/saumyagoyal/JupyterNotebook/MLCon/MLCon_23/2_airflow/.venv/lib/python3.11/site-packages/airflow/example_dags/example_python_operator.py
[2023-06-22T14:45:21.563+0200] {logging_mixin.py:149} INFO - [2023-06-22T14:45:21.563+0200] {dag.py:2726} INFO - Sync 1 DAGs
[2023-06-22T14:45:21.574+0200] {logging_mixin.py:149} INFO - [2023-06-22T14:45:21.574+0200] {dag.py:3486} INFO - Setting next_dagrun for example_python_operator to None, run_after=None
[2023-06-22T14:45:21.588+0200] {processor.py:179} INFO - Processing /Users/saumyagoyal/JupyterNotebook/MLCon/MLCon_23/2_airflow/.venv/lib/python3.11/site-packages/airflow/example_dags/example_python_operator.py took 0.768 seconds
