[2023-06-22T14:26:35.574+0200] {processor.py:157} INFO - Started process (PID=84271) to work on /Users/saumyagoyal/JupyterNotebook/MLCon/MLCon_23/2_airflow/.venv/lib/python3.11/site-packages/airflow/example_dags/example_params_ui_tutorial.py
[2023-06-22T14:26:35.576+0200] {processor.py:826} INFO - Processing file /Users/saumyagoyal/JupyterNotebook/MLCon/MLCon_23/2_airflow/.venv/lib/python3.11/site-packages/airflow/example_dags/example_params_ui_tutorial.py for tasks to queue
[2023-06-22T14:26:35.576+0200] {logging_mixin.py:149} INFO - [2023-06-22T14:26:35.576+0200] {dagbag.py:541} INFO - Filling up the DagBag from /Users/saumyagoyal/JupyterNotebook/MLCon/MLCon_23/2_airflow/.venv/lib/python3.11/site-packages/airflow/example_dags/example_params_ui_tutorial.py
[2023-06-22T14:26:35.639+0200] {processor.py:836} INFO - DAG(s) dict_keys(['example_params_ui_tutorial']) retrieved from /Users/saumyagoyal/JupyterNotebook/MLCon/MLCon_23/2_airflow/.venv/lib/python3.11/site-packages/airflow/example_dags/example_params_ui_tutorial.py
[2023-06-22T14:26:36.321+0200] {logging_mixin.py:149} INFO - [2023-06-22T14:26:36.321+0200] {manager.py:504} INFO - Created Permission View: can read on DAG:example_params_ui_tutorial
[2023-06-22T14:26:36.327+0200] {logging_mixin.py:149} INFO - [2023-06-22T14:26:36.327+0200] {manager.py:504} INFO - Created Permission View: can edit on DAG:example_params_ui_tutorial
[2023-06-22T14:26:36.331+0200] {logging_mixin.py:149} INFO - [2023-06-22T14:26:36.331+0200] {manager.py:504} INFO - Created Permission View: can delete on DAG:example_params_ui_tutorial
[2023-06-22T14:26:36.331+0200] {logging_mixin.py:149} INFO - [2023-06-22T14:26:36.331+0200] {dag.py:2726} INFO - Sync 1 DAGs
[2023-06-22T14:26:36.338+0200] {logging_mixin.py:149} INFO - [2023-06-22T14:26:36.338+0200] {dag.py:2747} INFO - Creating ORM DAG for example_params_ui_tutorial
[2023-06-22T14:26:36.343+0200] {logging_mixin.py:149} INFO - [2023-06-22T14:26:36.343+0200] {dag.py:3486} INFO - Setting next_dagrun for example_params_ui_tutorial to None, run_after=None
[2023-06-22T14:26:36.353+0200] {processor.py:179} INFO - Processing /Users/saumyagoyal/JupyterNotebook/MLCon/MLCon_23/2_airflow/.venv/lib/python3.11/site-packages/airflow/example_dags/example_params_ui_tutorial.py took 0.779 seconds
[2023-06-22T14:28:35.021+0200] {processor.py:157} INFO - Started process (PID=84345) to work on /Users/saumyagoyal/JupyterNotebook/MLCon/MLCon_23/2_airflow/.venv/lib/python3.11/site-packages/airflow/example_dags/example_params_ui_tutorial.py
[2023-06-22T14:28:35.023+0200] {processor.py:826} INFO - Processing file /Users/saumyagoyal/JupyterNotebook/MLCon/MLCon_23/2_airflow/.venv/lib/python3.11/site-packages/airflow/example_dags/example_params_ui_tutorial.py for tasks to queue
[2023-06-22T14:28:35.024+0200] {logging_mixin.py:149} INFO - [2023-06-22T14:28:35.023+0200] {dagbag.py:541} INFO - Filling up the DagBag from /Users/saumyagoyal/JupyterNotebook/MLCon/MLCon_23/2_airflow/.venv/lib/python3.11/site-packages/airflow/example_dags/example_params_ui_tutorial.py
[2023-06-22T14:28:35.084+0200] {processor.py:836} INFO - DAG(s) dict_keys(['example_params_ui_tutorial']) retrieved from /Users/saumyagoyal/JupyterNotebook/MLCon/MLCon_23/2_airflow/.venv/lib/python3.11/site-packages/airflow/example_dags/example_params_ui_tutorial.py
[2023-06-22T14:28:35.712+0200] {logging_mixin.py:149} INFO - [2023-06-22T14:28:35.712+0200] {dag.py:2726} INFO - Sync 1 DAGs
[2023-06-22T14:28:35.722+0200] {logging_mixin.py:149} INFO - [2023-06-22T14:28:35.722+0200] {dag.py:3486} INFO - Setting next_dagrun for example_params_ui_tutorial to None, run_after=None
[2023-06-22T14:28:35.739+0200] {processor.py:179} INFO - Processing /Users/saumyagoyal/JupyterNotebook/MLCon/MLCon_23/2_airflow/.venv/lib/python3.11/site-packages/airflow/example_dags/example_params_ui_tutorial.py took 0.719 seconds
[2023-06-22T14:31:04.365+0200] {processor.py:157} INFO - Started process (PID=84428) to work on /Users/saumyagoyal/JupyterNotebook/MLCon/MLCon_23/2_airflow/.venv/lib/python3.11/site-packages/airflow/example_dags/example_params_ui_tutorial.py
[2023-06-22T14:31:04.367+0200] {processor.py:826} INFO - Processing file /Users/saumyagoyal/JupyterNotebook/MLCon/MLCon_23/2_airflow/.venv/lib/python3.11/site-packages/airflow/example_dags/example_params_ui_tutorial.py for tasks to queue
[2023-06-22T14:31:04.368+0200] {logging_mixin.py:149} INFO - [2023-06-22T14:31:04.368+0200] {dagbag.py:541} INFO - Filling up the DagBag from /Users/saumyagoyal/JupyterNotebook/MLCon/MLCon_23/2_airflow/.venv/lib/python3.11/site-packages/airflow/example_dags/example_params_ui_tutorial.py
[2023-06-22T14:31:04.428+0200] {processor.py:836} INFO - DAG(s) dict_keys(['example_params_ui_tutorial']) retrieved from /Users/saumyagoyal/JupyterNotebook/MLCon/MLCon_23/2_airflow/.venv/lib/python3.11/site-packages/airflow/example_dags/example_params_ui_tutorial.py
[2023-06-22T14:31:05.038+0200] {logging_mixin.py:149} INFO - [2023-06-22T14:31:05.037+0200] {dag.py:2726} INFO - Sync 1 DAGs
[2023-06-22T14:31:05.047+0200] {logging_mixin.py:149} INFO - [2023-06-22T14:31:05.047+0200] {dag.py:3486} INFO - Setting next_dagrun for example_params_ui_tutorial to None, run_after=None
[2023-06-22T14:31:05.059+0200] {processor.py:179} INFO - Processing /Users/saumyagoyal/JupyterNotebook/MLCon/MLCon_23/2_airflow/.venv/lib/python3.11/site-packages/airflow/example_dags/example_params_ui_tutorial.py took 0.695 seconds
[2023-06-22T14:33:43.503+0200] {processor.py:157} INFO - Started process (PID=84647) to work on /Users/saumyagoyal/JupyterNotebook/MLCon/MLCon_23/2_airflow/.venv/lib/python3.11/site-packages/airflow/example_dags/example_params_ui_tutorial.py
[2023-06-22T14:33:43.506+0200] {processor.py:826} INFO - Processing file /Users/saumyagoyal/JupyterNotebook/MLCon/MLCon_23/2_airflow/.venv/lib/python3.11/site-packages/airflow/example_dags/example_params_ui_tutorial.py for tasks to queue
[2023-06-22T14:33:43.506+0200] {logging_mixin.py:149} INFO - [2023-06-22T14:33:43.506+0200] {dagbag.py:541} INFO - Filling up the DagBag from /Users/saumyagoyal/JupyterNotebook/MLCon/MLCon_23/2_airflow/.venv/lib/python3.11/site-packages/airflow/example_dags/example_params_ui_tutorial.py
[2023-06-22T14:33:43.563+0200] {processor.py:836} INFO - DAG(s) dict_keys(['example_params_ui_tutorial']) retrieved from /Users/saumyagoyal/JupyterNotebook/MLCon/MLCon_23/2_airflow/.venv/lib/python3.11/site-packages/airflow/example_dags/example_params_ui_tutorial.py
[2023-06-22T14:33:44.194+0200] {logging_mixin.py:149} INFO - [2023-06-22T14:33:44.194+0200] {dag.py:2726} INFO - Sync 1 DAGs
[2023-06-22T14:33:44.204+0200] {logging_mixin.py:149} INFO - [2023-06-22T14:33:44.204+0200] {dag.py:3486} INFO - Setting next_dagrun for example_params_ui_tutorial to None, run_after=None
[2023-06-22T14:33:44.221+0200] {processor.py:179} INFO - Processing /Users/saumyagoyal/JupyterNotebook/MLCon/MLCon_23/2_airflow/.venv/lib/python3.11/site-packages/airflow/example_dags/example_params_ui_tutorial.py took 0.718 seconds
[2023-06-22T14:36:45.109+0200] {processor.py:157} INFO - Started process (PID=84849) to work on /Users/saumyagoyal/JupyterNotebook/MLCon/MLCon_23/2_airflow/.venv/lib/python3.11/site-packages/airflow/example_dags/example_params_ui_tutorial.py
[2023-06-22T14:36:45.112+0200] {processor.py:826} INFO - Processing file /Users/saumyagoyal/JupyterNotebook/MLCon/MLCon_23/2_airflow/.venv/lib/python3.11/site-packages/airflow/example_dags/example_params_ui_tutorial.py for tasks to queue
[2023-06-22T14:36:45.112+0200] {logging_mixin.py:149} INFO - [2023-06-22T14:36:45.112+0200] {dagbag.py:541} INFO - Filling up the DagBag from /Users/saumyagoyal/JupyterNotebook/MLCon/MLCon_23/2_airflow/.venv/lib/python3.11/site-packages/airflow/example_dags/example_params_ui_tutorial.py
[2023-06-22T14:36:45.186+0200] {processor.py:836} INFO - DAG(s) dict_keys(['example_params_ui_tutorial']) retrieved from /Users/saumyagoyal/JupyterNotebook/MLCon/MLCon_23/2_airflow/.venv/lib/python3.11/site-packages/airflow/example_dags/example_params_ui_tutorial.py
[2023-06-22T14:36:45.918+0200] {logging_mixin.py:149} INFO - [2023-06-22T14:36:45.918+0200] {dag.py:2726} INFO - Sync 1 DAGs
[2023-06-22T14:36:45.931+0200] {logging_mixin.py:149} INFO - [2023-06-22T14:36:45.930+0200] {dag.py:3486} INFO - Setting next_dagrun for example_params_ui_tutorial to None, run_after=None
[2023-06-22T14:36:45.945+0200] {processor.py:179} INFO - Processing /Users/saumyagoyal/JupyterNotebook/MLCon/MLCon_23/2_airflow/.venv/lib/python3.11/site-packages/airflow/example_dags/example_params_ui_tutorial.py took 0.837 seconds
[2023-06-22T14:39:42.764+0200] {processor.py:157} INFO - Started process (PID=85096) to work on /Users/saumyagoyal/JupyterNotebook/MLCon/MLCon_23/2_airflow/.venv/lib/python3.11/site-packages/airflow/example_dags/example_params_ui_tutorial.py
[2023-06-22T14:39:42.767+0200] {processor.py:826} INFO - Processing file /Users/saumyagoyal/JupyterNotebook/MLCon/MLCon_23/2_airflow/.venv/lib/python3.11/site-packages/airflow/example_dags/example_params_ui_tutorial.py for tasks to queue
[2023-06-22T14:39:42.768+0200] {logging_mixin.py:149} INFO - [2023-06-22T14:39:42.768+0200] {dagbag.py:541} INFO - Filling up the DagBag from /Users/saumyagoyal/JupyterNotebook/MLCon/MLCon_23/2_airflow/.venv/lib/python3.11/site-packages/airflow/example_dags/example_params_ui_tutorial.py
[2023-06-22T14:39:42.831+0200] {processor.py:836} INFO - DAG(s) dict_keys(['example_params_ui_tutorial']) retrieved from /Users/saumyagoyal/JupyterNotebook/MLCon/MLCon_23/2_airflow/.venv/lib/python3.11/site-packages/airflow/example_dags/example_params_ui_tutorial.py
[2023-06-22T14:39:43.438+0200] {logging_mixin.py:149} INFO - [2023-06-22T14:39:43.438+0200] {dag.py:2726} INFO - Sync 1 DAGs
[2023-06-22T14:39:43.448+0200] {logging_mixin.py:149} INFO - [2023-06-22T14:39:43.448+0200] {dag.py:3486} INFO - Setting next_dagrun for example_params_ui_tutorial to None, run_after=None
[2023-06-22T14:39:43.459+0200] {processor.py:179} INFO - Processing /Users/saumyagoyal/JupyterNotebook/MLCon/MLCon_23/2_airflow/.venv/lib/python3.11/site-packages/airflow/example_dags/example_params_ui_tutorial.py took 0.696 seconds
[2023-06-22T14:42:37.102+0200] {processor.py:157} INFO - Started process (PID=85374) to work on /Users/saumyagoyal/JupyterNotebook/MLCon/MLCon_23/2_airflow/.venv/lib/python3.11/site-packages/airflow/example_dags/example_params_ui_tutorial.py
[2023-06-22T14:42:37.105+0200] {processor.py:826} INFO - Processing file /Users/saumyagoyal/JupyterNotebook/MLCon/MLCon_23/2_airflow/.venv/lib/python3.11/site-packages/airflow/example_dags/example_params_ui_tutorial.py for tasks to queue
[2023-06-22T14:42:37.105+0200] {logging_mixin.py:149} INFO - [2023-06-22T14:42:37.105+0200] {dagbag.py:541} INFO - Filling up the DagBag from /Users/saumyagoyal/JupyterNotebook/MLCon/MLCon_23/2_airflow/.venv/lib/python3.11/site-packages/airflow/example_dags/example_params_ui_tutorial.py
[2023-06-22T14:42:37.164+0200] {processor.py:836} INFO - DAG(s) dict_keys(['example_params_ui_tutorial']) retrieved from /Users/saumyagoyal/JupyterNotebook/MLCon/MLCon_23/2_airflow/.venv/lib/python3.11/site-packages/airflow/example_dags/example_params_ui_tutorial.py
[2023-06-22T14:42:37.793+0200] {logging_mixin.py:149} INFO - [2023-06-22T14:42:37.793+0200] {dag.py:2726} INFO - Sync 1 DAGs
[2023-06-22T14:42:37.803+0200] {logging_mixin.py:149} INFO - [2023-06-22T14:42:37.803+0200] {dag.py:3486} INFO - Setting next_dagrun for example_params_ui_tutorial to None, run_after=None
[2023-06-22T14:42:37.819+0200] {processor.py:179} INFO - Processing /Users/saumyagoyal/JupyterNotebook/MLCon/MLCon_23/2_airflow/.venv/lib/python3.11/site-packages/airflow/example_dags/example_params_ui_tutorial.py took 0.717 seconds
