[2023-06-22T14:27:18.315+0200] {processor.py:157} INFO - Started process (PID=84292) to work on /Users/saumyagoyal/JupyterNotebook/MLCon/MLCon_23/2_airflow/.venv/lib/python3.11/site-packages/airflow/example_dags/example_branch_day_of_week_operator.py
[2023-06-22T14:27:18.318+0200] {processor.py:826} INFO - Processing file /Users/saumyagoyal/JupyterNotebook/MLCon/MLCon_23/2_airflow/.venv/lib/python3.11/site-packages/airflow/example_dags/example_branch_day_of_week_operator.py for tasks to queue
[2023-06-22T14:27:18.319+0200] {logging_mixin.py:149} INFO - [2023-06-22T14:27:18.319+0200] {dagbag.py:541} INFO - Filling up the DagBag from /Users/saumyagoyal/JupyterNotebook/MLCon/MLCon_23/2_airflow/.venv/lib/python3.11/site-packages/airflow/example_dags/example_branch_day_of_week_operator.py
[2023-06-22T14:27:18.335+0200] {processor.py:836} INFO - DAG(s) dict_keys(['example_weekday_branch_operator']) retrieved from /Users/saumyagoyal/JupyterNotebook/MLCon/MLCon_23/2_airflow/.venv/lib/python3.11/site-packages/airflow/example_dags/example_branch_day_of_week_operator.py
[2023-06-22T14:27:19.034+0200] {logging_mixin.py:149} INFO - [2023-06-22T14:27:19.033+0200] {manager.py:504} INFO - Created Permission View: can read on DAG:example_weekday_branch_operator
[2023-06-22T14:27:19.041+0200] {logging_mixin.py:149} INFO - [2023-06-22T14:27:19.041+0200] {manager.py:504} INFO - Created Permission View: can edit on DAG:example_weekday_branch_operator
[2023-06-22T14:27:19.047+0200] {logging_mixin.py:149} INFO - [2023-06-22T14:27:19.046+0200] {manager.py:504} INFO - Created Permission View: can delete on DAG:example_weekday_branch_operator
[2023-06-22T14:27:19.047+0200] {logging_mixin.py:149} INFO - [2023-06-22T14:27:19.047+0200] {dag.py:2726} INFO - Sync 1 DAGs
[2023-06-22T14:27:19.057+0200] {logging_mixin.py:149} INFO - [2023-06-22T14:27:19.057+0200] {dag.py:2747} INFO - Creating ORM DAG for example_weekday_branch_operator
[2023-06-22T14:27:19.066+0200] {logging_mixin.py:149} INFO - [2023-06-22T14:27:19.066+0200] {dag.py:3486} INFO - Setting next_dagrun for example_weekday_branch_operator to 2023-06-21T00:00:00+00:00, run_after=2023-06-22T00:00:00+00:00
[2023-06-22T14:27:19.081+0200] {processor.py:179} INFO - Processing /Users/saumyagoyal/JupyterNotebook/MLCon/MLCon_23/2_airflow/.venv/lib/python3.11/site-packages/airflow/example_dags/example_branch_day_of_week_operator.py took 0.767 seconds
[2023-06-22T14:30:01.457+0200] {processor.py:157} INFO - Started process (PID=84391) to work on /Users/saumyagoyal/JupyterNotebook/MLCon/MLCon_23/2_airflow/.venv/lib/python3.11/site-packages/airflow/example_dags/example_branch_day_of_week_operator.py
[2023-06-22T14:30:01.459+0200] {processor.py:826} INFO - Processing file /Users/saumyagoyal/JupyterNotebook/MLCon/MLCon_23/2_airflow/.venv/lib/python3.11/site-packages/airflow/example_dags/example_branch_day_of_week_operator.py for tasks to queue
[2023-06-22T14:30:01.459+0200] {logging_mixin.py:149} INFO - [2023-06-22T14:30:01.459+0200] {dagbag.py:541} INFO - Filling up the DagBag from /Users/saumyagoyal/JupyterNotebook/MLCon/MLCon_23/2_airflow/.venv/lib/python3.11/site-packages/airflow/example_dags/example_branch_day_of_week_operator.py
[2023-06-22T14:30:01.474+0200] {processor.py:836} INFO - DAG(s) dict_keys(['example_weekday_branch_operator']) retrieved from /Users/saumyagoyal/JupyterNotebook/MLCon/MLCon_23/2_airflow/.venv/lib/python3.11/site-packages/airflow/example_dags/example_branch_day_of_week_operator.py
[2023-06-22T14:30:02.099+0200] {logging_mixin.py:149} INFO - [2023-06-22T14:30:02.099+0200] {dag.py:2726} INFO - Sync 1 DAGs
[2023-06-22T14:30:02.111+0200] {logging_mixin.py:149} INFO - [2023-06-22T14:30:02.111+0200] {dag.py:3486} INFO - Setting next_dagrun for example_weekday_branch_operator to 2023-06-21T00:00:00+00:00, run_after=2023-06-22T00:00:00+00:00
[2023-06-22T14:30:02.123+0200] {processor.py:179} INFO - Processing /Users/saumyagoyal/JupyterNotebook/MLCon/MLCon_23/2_airflow/.venv/lib/python3.11/site-packages/airflow/example_dags/example_branch_day_of_week_operator.py took 0.667 seconds
[2023-06-22T14:32:33.167+0200] {processor.py:157} INFO - Started process (PID=84476) to work on /Users/saumyagoyal/JupyterNotebook/MLCon/MLCon_23/2_airflow/.venv/lib/python3.11/site-packages/airflow/example_dags/example_branch_day_of_week_operator.py
[2023-06-22T14:32:33.170+0200] {processor.py:826} INFO - Processing file /Users/saumyagoyal/JupyterNotebook/MLCon/MLCon_23/2_airflow/.venv/lib/python3.11/site-packages/airflow/example_dags/example_branch_day_of_week_operator.py for tasks to queue
[2023-06-22T14:32:33.170+0200] {logging_mixin.py:149} INFO - [2023-06-22T14:32:33.170+0200] {dagbag.py:541} INFO - Filling up the DagBag from /Users/saumyagoyal/JupyterNotebook/MLCon/MLCon_23/2_airflow/.venv/lib/python3.11/site-packages/airflow/example_dags/example_branch_day_of_week_operator.py
[2023-06-22T14:32:33.188+0200] {processor.py:836} INFO - DAG(s) dict_keys(['example_weekday_branch_operator']) retrieved from /Users/saumyagoyal/JupyterNotebook/MLCon/MLCon_23/2_airflow/.venv/lib/python3.11/site-packages/airflow/example_dags/example_branch_day_of_week_operator.py
[2023-06-22T14:32:33.872+0200] {logging_mixin.py:149} INFO - [2023-06-22T14:32:33.871+0200] {dag.py:2726} INFO - Sync 1 DAGs
[2023-06-22T14:32:33.886+0200] {logging_mixin.py:149} INFO - [2023-06-22T14:32:33.885+0200] {dag.py:3486} INFO - Setting next_dagrun for example_weekday_branch_operator to 2023-06-21T00:00:00+00:00, run_after=2023-06-22T00:00:00+00:00
[2023-06-22T14:32:33.899+0200] {processor.py:179} INFO - Processing /Users/saumyagoyal/JupyterNotebook/MLCon/MLCon_23/2_airflow/.venv/lib/python3.11/site-packages/airflow/example_dags/example_branch_day_of_week_operator.py took 0.733 seconds
[2023-06-22T14:35:26.926+0200] {processor.py:157} INFO - Started process (PID=84739) to work on /Users/saumyagoyal/JupyterNotebook/MLCon/MLCon_23/2_airflow/.venv/lib/python3.11/site-packages/airflow/example_dags/example_branch_day_of_week_operator.py
[2023-06-22T14:35:26.929+0200] {processor.py:826} INFO - Processing file /Users/saumyagoyal/JupyterNotebook/MLCon/MLCon_23/2_airflow/.venv/lib/python3.11/site-packages/airflow/example_dags/example_branch_day_of_week_operator.py for tasks to queue
[2023-06-22T14:35:26.929+0200] {logging_mixin.py:149} INFO - [2023-06-22T14:35:26.929+0200] {dagbag.py:541} INFO - Filling up the DagBag from /Users/saumyagoyal/JupyterNotebook/MLCon/MLCon_23/2_airflow/.venv/lib/python3.11/site-packages/airflow/example_dags/example_branch_day_of_week_operator.py
[2023-06-22T14:35:26.946+0200] {processor.py:836} INFO - DAG(s) dict_keys(['example_weekday_branch_operator']) retrieved from /Users/saumyagoyal/JupyterNotebook/MLCon/MLCon_23/2_airflow/.venv/lib/python3.11/site-packages/airflow/example_dags/example_branch_day_of_week_operator.py
[2023-06-22T14:35:27.665+0200] {logging_mixin.py:149} INFO - [2023-06-22T14:35:27.665+0200] {dag.py:2726} INFO - Sync 1 DAGs
[2023-06-22T14:35:27.681+0200] {logging_mixin.py:149} INFO - [2023-06-22T14:35:27.681+0200] {dag.py:3486} INFO - Setting next_dagrun for example_weekday_branch_operator to 2023-06-21T00:00:00+00:00, run_after=2023-06-22T00:00:00+00:00
[2023-06-22T14:35:27.695+0200] {processor.py:179} INFO - Processing /Users/saumyagoyal/JupyterNotebook/MLCon/MLCon_23/2_airflow/.venv/lib/python3.11/site-packages/airflow/example_dags/example_branch_day_of_week_operator.py took 0.769 seconds
[2023-06-22T14:38:26.070+0200] {processor.py:157} INFO - Started process (PID=85044) to work on /Users/saumyagoyal/JupyterNotebook/MLCon/MLCon_23/2_airflow/.venv/lib/python3.11/site-packages/airflow/example_dags/example_branch_day_of_week_operator.py
[2023-06-22T14:38:26.073+0200] {processor.py:826} INFO - Processing file /Users/saumyagoyal/JupyterNotebook/MLCon/MLCon_23/2_airflow/.venv/lib/python3.11/site-packages/airflow/example_dags/example_branch_day_of_week_operator.py for tasks to queue
[2023-06-22T14:38:26.073+0200] {logging_mixin.py:149} INFO - [2023-06-22T14:38:26.073+0200] {dagbag.py:541} INFO - Filling up the DagBag from /Users/saumyagoyal/JupyterNotebook/MLCon/MLCon_23/2_airflow/.venv/lib/python3.11/site-packages/airflow/example_dags/example_branch_day_of_week_operator.py
[2023-06-22T14:38:26.092+0200] {processor.py:836} INFO - DAG(s) dict_keys(['example_weekday_branch_operator']) retrieved from /Users/saumyagoyal/JupyterNotebook/MLCon/MLCon_23/2_airflow/.venv/lib/python3.11/site-packages/airflow/example_dags/example_branch_day_of_week_operator.py
[2023-06-22T14:38:26.865+0200] {logging_mixin.py:149} INFO - [2023-06-22T14:38:26.865+0200] {dag.py:2726} INFO - Sync 1 DAGs
[2023-06-22T14:38:26.879+0200] {logging_mixin.py:149} INFO - [2023-06-22T14:38:26.879+0200] {dag.py:3486} INFO - Setting next_dagrun for example_weekday_branch_operator to 2023-06-21T00:00:00+00:00, run_after=2023-06-22T00:00:00+00:00
[2023-06-22T14:38:26.893+0200] {processor.py:179} INFO - Processing /Users/saumyagoyal/JupyterNotebook/MLCon/MLCon_23/2_airflow/.venv/lib/python3.11/site-packages/airflow/example_dags/example_branch_day_of_week_operator.py took 0.824 seconds
[2023-06-22T14:41:25.186+0200] {processor.py:157} INFO - Started process (PID=85302) to work on /Users/saumyagoyal/JupyterNotebook/MLCon/MLCon_23/2_airflow/.venv/lib/python3.11/site-packages/airflow/example_dags/example_branch_day_of_week_operator.py
[2023-06-22T14:41:25.189+0200] {processor.py:826} INFO - Processing file /Users/saumyagoyal/JupyterNotebook/MLCon/MLCon_23/2_airflow/.venv/lib/python3.11/site-packages/airflow/example_dags/example_branch_day_of_week_operator.py for tasks to queue
[2023-06-22T14:41:25.189+0200] {logging_mixin.py:149} INFO - [2023-06-22T14:41:25.189+0200] {dagbag.py:541} INFO - Filling up the DagBag from /Users/saumyagoyal/JupyterNotebook/MLCon/MLCon_23/2_airflow/.venv/lib/python3.11/site-packages/airflow/example_dags/example_branch_day_of_week_operator.py
[2023-06-22T14:41:25.203+0200] {processor.py:836} INFO - DAG(s) dict_keys(['example_weekday_branch_operator']) retrieved from /Users/saumyagoyal/JupyterNotebook/MLCon/MLCon_23/2_airflow/.venv/lib/python3.11/site-packages/airflow/example_dags/example_branch_day_of_week_operator.py
[2023-06-22T14:41:25.870+0200] {logging_mixin.py:149} INFO - [2023-06-22T14:41:25.870+0200] {dag.py:2726} INFO - Sync 1 DAGs
[2023-06-22T14:41:25.883+0200] {logging_mixin.py:149} INFO - [2023-06-22T14:41:25.883+0200] {dag.py:3486} INFO - Setting next_dagrun for example_weekday_branch_operator to 2023-06-21T00:00:00+00:00, run_after=2023-06-22T00:00:00+00:00
[2023-06-22T14:41:25.900+0200] {processor.py:179} INFO - Processing /Users/saumyagoyal/JupyterNotebook/MLCon/MLCon_23/2_airflow/.venv/lib/python3.11/site-packages/airflow/example_dags/example_branch_day_of_week_operator.py took 0.714 seconds
[2023-06-22T14:44:14.742+0200] {processor.py:157} INFO - Started process (PID=85448) to work on /Users/saumyagoyal/JupyterNotebook/MLCon/MLCon_23/2_airflow/.venv/lib/python3.11/site-packages/airflow/example_dags/example_branch_day_of_week_operator.py
[2023-06-22T14:44:14.745+0200] {processor.py:826} INFO - Processing file /Users/saumyagoyal/JupyterNotebook/MLCon/MLCon_23/2_airflow/.venv/lib/python3.11/site-packages/airflow/example_dags/example_branch_day_of_week_operator.py for tasks to queue
[2023-06-22T14:44:14.746+0200] {logging_mixin.py:149} INFO - [2023-06-22T14:44:14.746+0200] {dagbag.py:541} INFO - Filling up the DagBag from /Users/saumyagoyal/JupyterNotebook/MLCon/MLCon_23/2_airflow/.venv/lib/python3.11/site-packages/airflow/example_dags/example_branch_day_of_week_operator.py
[2023-06-22T14:44:14.765+0200] {processor.py:836} INFO - DAG(s) dict_keys(['example_weekday_branch_operator']) retrieved from /Users/saumyagoyal/JupyterNotebook/MLCon/MLCon_23/2_airflow/.venv/lib/python3.11/site-packages/airflow/example_dags/example_branch_day_of_week_operator.py
[2023-06-22T14:44:15.425+0200] {logging_mixin.py:149} INFO - [2023-06-22T14:44:15.425+0200] {dag.py:2726} INFO - Sync 1 DAGs
[2023-06-22T14:44:15.439+0200] {logging_mixin.py:149} INFO - [2023-06-22T14:44:15.439+0200] {dag.py:3486} INFO - Setting next_dagrun for example_weekday_branch_operator to 2023-06-21T00:00:00+00:00, run_after=2023-06-22T00:00:00+00:00
[2023-06-22T14:44:15.455+0200] {processor.py:179} INFO - Processing /Users/saumyagoyal/JupyterNotebook/MLCon/MLCon_23/2_airflow/.venv/lib/python3.11/site-packages/airflow/example_dags/example_branch_day_of_week_operator.py took 0.714 seconds
