[2023-06-22T14:25:57.698+0200] {processor.py:157} INFO - Started process (PID=84249) to work on /Users/saumyagoyal/JupyterNotebook/MLCon/MLCon_23/2_airflow/.venv/lib/python3.11/site-packages/airflow/example_dags/example_time_delta_sensor_async.py
[2023-06-22T14:25:57.701+0200] {processor.py:826} INFO - Processing file /Users/saumyagoyal/JupyterNotebook/MLCon/MLCon_23/2_airflow/.venv/lib/python3.11/site-packages/airflow/example_dags/example_time_delta_sensor_async.py for tasks to queue
[2023-06-22T14:25:57.701+0200] {logging_mixin.py:149} INFO - [2023-06-22T14:25:57.701+0200] {dagbag.py:541} INFO - Filling up the DagBag from /Users/saumyagoyal/JupyterNotebook/MLCon/MLCon_23/2_airflow/.venv/lib/python3.11/site-packages/airflow/example_dags/example_time_delta_sensor_async.py
[2023-06-22T14:25:57.713+0200] {processor.py:836} INFO - DAG(s) dict_keys(['example_time_delta_sensor_async']) retrieved from /Users/saumyagoyal/JupyterNotebook/MLCon/MLCon_23/2_airflow/.venv/lib/python3.11/site-packages/airflow/example_dags/example_time_delta_sensor_async.py
[2023-06-22T14:25:58.387+0200] {logging_mixin.py:149} INFO - [2023-06-22T14:25:58.386+0200] {manager.py:504} INFO - Created Permission View: can delete on DAG:example_time_delta_sensor_async
[2023-06-22T14:25:58.391+0200] {logging_mixin.py:149} INFO - [2023-06-22T14:25:58.391+0200] {manager.py:504} INFO - Created Permission View: can edit on DAG:example_time_delta_sensor_async
[2023-06-22T14:25:58.395+0200] {logging_mixin.py:149} INFO - [2023-06-22T14:25:58.395+0200] {manager.py:504} INFO - Created Permission View: can read on DAG:example_time_delta_sensor_async
[2023-06-22T14:25:58.395+0200] {logging_mixin.py:149} INFO - [2023-06-22T14:25:58.395+0200] {dag.py:2726} INFO - Sync 1 DAGs
[2023-06-22T14:25:58.403+0200] {logging_mixin.py:149} INFO - [2023-06-22T14:25:58.403+0200] {dag.py:2747} INFO - Creating ORM DAG for example_time_delta_sensor_async
[2023-06-22T14:25:58.408+0200] {logging_mixin.py:149} INFO - [2023-06-22T14:25:58.408+0200] {dag.py:3486} INFO - Setting next_dagrun for example_time_delta_sensor_async to None, run_after=None
[2023-06-22T14:25:58.419+0200] {processor.py:179} INFO - Processing /Users/saumyagoyal/JupyterNotebook/MLCon/MLCon_23/2_airflow/.venv/lib/python3.11/site-packages/airflow/example_dags/example_time_delta_sensor_async.py took 0.721 seconds
[2023-06-22T14:27:59.033+0200] {processor.py:157} INFO - Started process (PID=84324) to work on /Users/saumyagoyal/JupyterNotebook/MLCon/MLCon_23/2_airflow/.venv/lib/python3.11/site-packages/airflow/example_dags/example_time_delta_sensor_async.py
[2023-06-22T14:27:59.036+0200] {processor.py:826} INFO - Processing file /Users/saumyagoyal/JupyterNotebook/MLCon/MLCon_23/2_airflow/.venv/lib/python3.11/site-packages/airflow/example_dags/example_time_delta_sensor_async.py for tasks to queue
[2023-06-22T14:27:59.036+0200] {logging_mixin.py:149} INFO - [2023-06-22T14:27:59.036+0200] {dagbag.py:541} INFO - Filling up the DagBag from /Users/saumyagoyal/JupyterNotebook/MLCon/MLCon_23/2_airflow/.venv/lib/python3.11/site-packages/airflow/example_dags/example_time_delta_sensor_async.py
[2023-06-22T14:27:59.048+0200] {processor.py:836} INFO - DAG(s) dict_keys(['example_time_delta_sensor_async']) retrieved from /Users/saumyagoyal/JupyterNotebook/MLCon/MLCon_23/2_airflow/.venv/lib/python3.11/site-packages/airflow/example_dags/example_time_delta_sensor_async.py
[2023-06-22T14:27:59.712+0200] {logging_mixin.py:149} INFO - [2023-06-22T14:27:59.712+0200] {dag.py:2726} INFO - Sync 1 DAGs
[2023-06-22T14:27:59.725+0200] {logging_mixin.py:149} INFO - [2023-06-22T14:27:59.725+0200] {dag.py:3486} INFO - Setting next_dagrun for example_time_delta_sensor_async to None, run_after=None
[2023-06-22T14:27:59.736+0200] {processor.py:179} INFO - Processing /Users/saumyagoyal/JupyterNotebook/MLCon/MLCon_23/2_airflow/.venv/lib/python3.11/site-packages/airflow/example_dags/example_time_delta_sensor_async.py took 0.703 seconds
[2023-06-22T14:29:21.433+0200] {processor.py:157} INFO - Started process (PID=84369) to work on /Users/saumyagoyal/JupyterNotebook/MLCon/MLCon_23/2_airflow/.venv/lib/python3.11/site-packages/airflow/example_dags/example_time_delta_sensor_async.py
[2023-06-22T14:29:21.435+0200] {processor.py:826} INFO - Processing file /Users/saumyagoyal/JupyterNotebook/MLCon/MLCon_23/2_airflow/.venv/lib/python3.11/site-packages/airflow/example_dags/example_time_delta_sensor_async.py for tasks to queue
[2023-06-22T14:29:21.435+0200] {logging_mixin.py:149} INFO - [2023-06-22T14:29:21.435+0200] {dagbag.py:541} INFO - Filling up the DagBag from /Users/saumyagoyal/JupyterNotebook/MLCon/MLCon_23/2_airflow/.venv/lib/python3.11/site-packages/airflow/example_dags/example_time_delta_sensor_async.py
[2023-06-22T14:29:21.447+0200] {processor.py:836} INFO - DAG(s) dict_keys(['example_time_delta_sensor_async']) retrieved from /Users/saumyagoyal/JupyterNotebook/MLCon/MLCon_23/2_airflow/.venv/lib/python3.11/site-packages/airflow/example_dags/example_time_delta_sensor_async.py
[2023-06-22T14:29:22.078+0200] {logging_mixin.py:149} INFO - [2023-06-22T14:29:22.078+0200] {dag.py:2726} INFO - Sync 1 DAGs
[2023-06-22T14:29:22.089+0200] {logging_mixin.py:149} INFO - [2023-06-22T14:29:22.089+0200] {dag.py:3486} INFO - Setting next_dagrun for example_time_delta_sensor_async to None, run_after=None
[2023-06-22T14:29:22.100+0200] {processor.py:179} INFO - Processing /Users/saumyagoyal/JupyterNotebook/MLCon/MLCon_23/2_airflow/.venv/lib/python3.11/site-packages/airflow/example_dags/example_time_delta_sensor_async.py took 0.668 seconds
[2023-06-22T14:30:36.259+0200] {processor.py:157} INFO - Started process (PID=84414) to work on /Users/saumyagoyal/JupyterNotebook/MLCon/MLCon_23/2_airflow/.venv/lib/python3.11/site-packages/airflow/example_dags/example_time_delta_sensor_async.py
[2023-06-22T14:30:36.262+0200] {processor.py:826} INFO - Processing file /Users/saumyagoyal/JupyterNotebook/MLCon/MLCon_23/2_airflow/.venv/lib/python3.11/site-packages/airflow/example_dags/example_time_delta_sensor_async.py for tasks to queue
[2023-06-22T14:30:36.262+0200] {logging_mixin.py:149} INFO - [2023-06-22T14:30:36.262+0200] {dagbag.py:541} INFO - Filling up the DagBag from /Users/saumyagoyal/JupyterNotebook/MLCon/MLCon_23/2_airflow/.venv/lib/python3.11/site-packages/airflow/example_dags/example_time_delta_sensor_async.py
[2023-06-22T14:30:36.276+0200] {processor.py:836} INFO - DAG(s) dict_keys(['example_time_delta_sensor_async']) retrieved from /Users/saumyagoyal/JupyterNotebook/MLCon/MLCon_23/2_airflow/.venv/lib/python3.11/site-packages/airflow/example_dags/example_time_delta_sensor_async.py
[2023-06-22T14:30:36.927+0200] {logging_mixin.py:149} INFO - [2023-06-22T14:30:36.927+0200] {dag.py:2726} INFO - Sync 1 DAGs
[2023-06-22T14:30:36.940+0200] {logging_mixin.py:149} INFO - [2023-06-22T14:30:36.940+0200] {dag.py:3486} INFO - Setting next_dagrun for example_time_delta_sensor_async to None, run_after=None
[2023-06-22T14:30:36.952+0200] {processor.py:179} INFO - Processing /Users/saumyagoyal/JupyterNotebook/MLCon/MLCon_23/2_airflow/.venv/lib/python3.11/site-packages/airflow/example_dags/example_time_delta_sensor_async.py took 0.693 seconds
[2023-06-22T14:31:50.701+0200] {processor.py:157} INFO - Started process (PID=84453) to work on /Users/saumyagoyal/JupyterNotebook/MLCon/MLCon_23/2_airflow/.venv/lib/python3.11/site-packages/airflow/example_dags/example_time_delta_sensor_async.py
[2023-06-22T14:31:50.704+0200] {processor.py:826} INFO - Processing file /Users/saumyagoyal/JupyterNotebook/MLCon/MLCon_23/2_airflow/.venv/lib/python3.11/site-packages/airflow/example_dags/example_time_delta_sensor_async.py for tasks to queue
[2023-06-22T14:31:50.704+0200] {logging_mixin.py:149} INFO - [2023-06-22T14:31:50.704+0200] {dagbag.py:541} INFO - Filling up the DagBag from /Users/saumyagoyal/JupyterNotebook/MLCon/MLCon_23/2_airflow/.venv/lib/python3.11/site-packages/airflow/example_dags/example_time_delta_sensor_async.py
[2023-06-22T14:31:50.716+0200] {processor.py:836} INFO - DAG(s) dict_keys(['example_time_delta_sensor_async']) retrieved from /Users/saumyagoyal/JupyterNotebook/MLCon/MLCon_23/2_airflow/.venv/lib/python3.11/site-packages/airflow/example_dags/example_time_delta_sensor_async.py
[2023-06-22T14:31:51.339+0200] {logging_mixin.py:149} INFO - [2023-06-22T14:31:51.339+0200] {dag.py:2726} INFO - Sync 1 DAGs
[2023-06-22T14:31:51.351+0200] {logging_mixin.py:149} INFO - [2023-06-22T14:31:51.351+0200] {dag.py:3486} INFO - Setting next_dagrun for example_time_delta_sensor_async to None, run_after=None
[2023-06-22T14:31:51.364+0200] {processor.py:179} INFO - Processing /Users/saumyagoyal/JupyterNotebook/MLCon/MLCon_23/2_airflow/.venv/lib/python3.11/site-packages/airflow/example_dags/example_time_delta_sensor_async.py took 0.663 seconds
[2023-06-22T14:33:09.900+0200] {processor.py:157} INFO - Started process (PID=84577) to work on /Users/saumyagoyal/JupyterNotebook/MLCon/MLCon_23/2_airflow/.venv/lib/python3.11/site-packages/airflow/example_dags/example_time_delta_sensor_async.py
[2023-06-22T14:33:09.902+0200] {processor.py:826} INFO - Processing file /Users/saumyagoyal/JupyterNotebook/MLCon/MLCon_23/2_airflow/.venv/lib/python3.11/site-packages/airflow/example_dags/example_time_delta_sensor_async.py for tasks to queue
[2023-06-22T14:33:09.903+0200] {logging_mixin.py:149} INFO - [2023-06-22T14:33:09.903+0200] {dagbag.py:541} INFO - Filling up the DagBag from /Users/saumyagoyal/JupyterNotebook/MLCon/MLCon_23/2_airflow/.venv/lib/python3.11/site-packages/airflow/example_dags/example_time_delta_sensor_async.py
[2023-06-22T14:33:09.915+0200] {processor.py:836} INFO - DAG(s) dict_keys(['example_time_delta_sensor_async']) retrieved from /Users/saumyagoyal/JupyterNotebook/MLCon/MLCon_23/2_airflow/.venv/lib/python3.11/site-packages/airflow/example_dags/example_time_delta_sensor_async.py
[2023-06-22T14:33:10.556+0200] {logging_mixin.py:149} INFO - [2023-06-22T14:33:10.555+0200] {dag.py:2726} INFO - Sync 1 DAGs
[2023-06-22T14:33:10.568+0200] {logging_mixin.py:149} INFO - [2023-06-22T14:33:10.568+0200] {dag.py:3486} INFO - Setting next_dagrun for example_time_delta_sensor_async to None, run_after=None
[2023-06-22T14:33:10.581+0200] {processor.py:179} INFO - Processing /Users/saumyagoyal/JupyterNotebook/MLCon/MLCon_23/2_airflow/.venv/lib/python3.11/site-packages/airflow/example_dags/example_time_delta_sensor_async.py took 0.681 seconds
[2023-06-22T14:34:35.055+0200] {processor.py:157} INFO - Started process (PID=84695) to work on /Users/saumyagoyal/JupyterNotebook/MLCon/MLCon_23/2_airflow/.venv/lib/python3.11/site-packages/airflow/example_dags/example_time_delta_sensor_async.py
[2023-06-22T14:34:35.057+0200] {processor.py:826} INFO - Processing file /Users/saumyagoyal/JupyterNotebook/MLCon/MLCon_23/2_airflow/.venv/lib/python3.11/site-packages/airflow/example_dags/example_time_delta_sensor_async.py for tasks to queue
[2023-06-22T14:34:35.058+0200] {logging_mixin.py:149} INFO - [2023-06-22T14:34:35.058+0200] {dagbag.py:541} INFO - Filling up the DagBag from /Users/saumyagoyal/JupyterNotebook/MLCon/MLCon_23/2_airflow/.venv/lib/python3.11/site-packages/airflow/example_dags/example_time_delta_sensor_async.py
[2023-06-22T14:34:35.073+0200] {processor.py:836} INFO - DAG(s) dict_keys(['example_time_delta_sensor_async']) retrieved from /Users/saumyagoyal/JupyterNotebook/MLCon/MLCon_23/2_airflow/.venv/lib/python3.11/site-packages/airflow/example_dags/example_time_delta_sensor_async.py
[2023-06-22T14:34:35.727+0200] {logging_mixin.py:149} INFO - [2023-06-22T14:34:35.727+0200] {dag.py:2726} INFO - Sync 1 DAGs
[2023-06-22T14:34:35.739+0200] {logging_mixin.py:149} INFO - [2023-06-22T14:34:35.739+0200] {dag.py:3486} INFO - Setting next_dagrun for example_time_delta_sensor_async to None, run_after=None
[2023-06-22T14:34:35.750+0200] {processor.py:179} INFO - Processing /Users/saumyagoyal/JupyterNotebook/MLCon/MLCon_23/2_airflow/.venv/lib/python3.11/site-packages/airflow/example_dags/example_time_delta_sensor_async.py took 0.696 seconds
[2023-06-22T14:36:07.528+0200] {processor.py:157} INFO - Started process (PID=84773) to work on /Users/saumyagoyal/JupyterNotebook/MLCon/MLCon_23/2_airflow/.venv/lib/python3.11/site-packages/airflow/example_dags/example_time_delta_sensor_async.py
[2023-06-22T14:36:07.532+0200] {processor.py:826} INFO - Processing file /Users/saumyagoyal/JupyterNotebook/MLCon/MLCon_23/2_airflow/.venv/lib/python3.11/site-packages/airflow/example_dags/example_time_delta_sensor_async.py for tasks to queue
[2023-06-22T14:36:07.532+0200] {logging_mixin.py:149} INFO - [2023-06-22T14:36:07.532+0200] {dagbag.py:541} INFO - Filling up the DagBag from /Users/saumyagoyal/JupyterNotebook/MLCon/MLCon_23/2_airflow/.venv/lib/python3.11/site-packages/airflow/example_dags/example_time_delta_sensor_async.py
[2023-06-22T14:36:07.549+0200] {processor.py:836} INFO - DAG(s) dict_keys(['example_time_delta_sensor_async']) retrieved from /Users/saumyagoyal/JupyterNotebook/MLCon/MLCon_23/2_airflow/.venv/lib/python3.11/site-packages/airflow/example_dags/example_time_delta_sensor_async.py
[2023-06-22T14:36:08.209+0200] {logging_mixin.py:149} INFO - [2023-06-22T14:36:08.209+0200] {dag.py:2726} INFO - Sync 1 DAGs
[2023-06-22T14:36:08.224+0200] {logging_mixin.py:149} INFO - [2023-06-22T14:36:08.224+0200] {dag.py:3486} INFO - Setting next_dagrun for example_time_delta_sensor_async to None, run_after=None
[2023-06-22T14:36:08.251+0200] {processor.py:179} INFO - Processing /Users/saumyagoyal/JupyterNotebook/MLCon/MLCon_23/2_airflow/.venv/lib/python3.11/site-packages/airflow/example_dags/example_time_delta_sensor_async.py took 0.723 seconds
[2023-06-22T14:37:35.721+0200] {processor.py:157} INFO - Started process (PID=84990) to work on /Users/saumyagoyal/JupyterNotebook/MLCon/MLCon_23/2_airflow/.venv/lib/python3.11/site-packages/airflow/example_dags/example_time_delta_sensor_async.py
[2023-06-22T14:37:35.724+0200] {processor.py:826} INFO - Processing file /Users/saumyagoyal/JupyterNotebook/MLCon/MLCon_23/2_airflow/.venv/lib/python3.11/site-packages/airflow/example_dags/example_time_delta_sensor_async.py for tasks to queue
[2023-06-22T14:37:35.725+0200] {logging_mixin.py:149} INFO - [2023-06-22T14:37:35.725+0200] {dagbag.py:541} INFO - Filling up the DagBag from /Users/saumyagoyal/JupyterNotebook/MLCon/MLCon_23/2_airflow/.venv/lib/python3.11/site-packages/airflow/example_dags/example_time_delta_sensor_async.py
[2023-06-22T14:37:35.742+0200] {processor.py:836} INFO - DAG(s) dict_keys(['example_time_delta_sensor_async']) retrieved from /Users/saumyagoyal/JupyterNotebook/MLCon/MLCon_23/2_airflow/.venv/lib/python3.11/site-packages/airflow/example_dags/example_time_delta_sensor_async.py
[2023-06-22T14:37:36.419+0200] {logging_mixin.py:149} INFO - [2023-06-22T14:37:36.419+0200] {dag.py:2726} INFO - Sync 1 DAGs
[2023-06-22T14:37:36.431+0200] {logging_mixin.py:149} INFO - [2023-06-22T14:37:36.431+0200] {dag.py:3486} INFO - Setting next_dagrun for example_time_delta_sensor_async to None, run_after=None
[2023-06-22T14:37:36.444+0200] {processor.py:179} INFO - Processing /Users/saumyagoyal/JupyterNotebook/MLCon/MLCon_23/2_airflow/.venv/lib/python3.11/site-packages/airflow/example_dags/example_time_delta_sensor_async.py took 0.724 seconds
[2023-06-22T14:39:04.993+0200] {processor.py:157} INFO - Started process (PID=85064) to work on /Users/saumyagoyal/JupyterNotebook/MLCon/MLCon_23/2_airflow/.venv/lib/python3.11/site-packages/airflow/example_dags/example_time_delta_sensor_async.py
[2023-06-22T14:39:04.996+0200] {processor.py:826} INFO - Processing file /Users/saumyagoyal/JupyterNotebook/MLCon/MLCon_23/2_airflow/.venv/lib/python3.11/site-packages/airflow/example_dags/example_time_delta_sensor_async.py for tasks to queue
[2023-06-22T14:39:04.996+0200] {logging_mixin.py:149} INFO - [2023-06-22T14:39:04.996+0200] {dagbag.py:541} INFO - Filling up the DagBag from /Users/saumyagoyal/JupyterNotebook/MLCon/MLCon_23/2_airflow/.venv/lib/python3.11/site-packages/airflow/example_dags/example_time_delta_sensor_async.py
[2023-06-22T14:39:05.009+0200] {processor.py:836} INFO - DAG(s) dict_keys(['example_time_delta_sensor_async']) retrieved from /Users/saumyagoyal/JupyterNotebook/MLCon/MLCon_23/2_airflow/.venv/lib/python3.11/site-packages/airflow/example_dags/example_time_delta_sensor_async.py
[2023-06-22T14:39:05.693+0200] {logging_mixin.py:149} INFO - [2023-06-22T14:39:05.692+0200] {dag.py:2726} INFO - Sync 1 DAGs
[2023-06-22T14:39:05.705+0200] {logging_mixin.py:149} INFO - [2023-06-22T14:39:05.705+0200] {dag.py:3486} INFO - Setting next_dagrun for example_time_delta_sensor_async to None, run_after=None
[2023-06-22T14:39:05.719+0200] {processor.py:179} INFO - Processing /Users/saumyagoyal/JupyterNotebook/MLCon/MLCon_23/2_airflow/.venv/lib/python3.11/site-packages/airflow/example_dags/example_time_delta_sensor_async.py took 0.726 seconds
[2023-06-22T14:40:35.556+0200] {processor.py:157} INFO - Started process (PID=85215) to work on /Users/saumyagoyal/JupyterNotebook/MLCon/MLCon_23/2_airflow/.venv/lib/python3.11/site-packages/airflow/example_dags/example_time_delta_sensor_async.py
[2023-06-22T14:40:35.558+0200] {processor.py:826} INFO - Processing file /Users/saumyagoyal/JupyterNotebook/MLCon/MLCon_23/2_airflow/.venv/lib/python3.11/site-packages/airflow/example_dags/example_time_delta_sensor_async.py for tasks to queue
[2023-06-22T14:40:35.558+0200] {logging_mixin.py:149} INFO - [2023-06-22T14:40:35.558+0200] {dagbag.py:541} INFO - Filling up the DagBag from /Users/saumyagoyal/JupyterNotebook/MLCon/MLCon_23/2_airflow/.venv/lib/python3.11/site-packages/airflow/example_dags/example_time_delta_sensor_async.py
[2023-06-22T14:40:35.570+0200] {processor.py:836} INFO - DAG(s) dict_keys(['example_time_delta_sensor_async']) retrieved from /Users/saumyagoyal/JupyterNotebook/MLCon/MLCon_23/2_airflow/.venv/lib/python3.11/site-packages/airflow/example_dags/example_time_delta_sensor_async.py
[2023-06-22T14:40:36.204+0200] {logging_mixin.py:149} INFO - [2023-06-22T14:40:36.204+0200] {dag.py:2726} INFO - Sync 1 DAGs
[2023-06-22T14:40:36.218+0200] {logging_mixin.py:149} INFO - [2023-06-22T14:40:36.218+0200] {dag.py:3486} INFO - Setting next_dagrun for example_time_delta_sensor_async to None, run_after=None
[2023-06-22T14:40:36.232+0200] {processor.py:179} INFO - Processing /Users/saumyagoyal/JupyterNotebook/MLCon/MLCon_23/2_airflow/.venv/lib/python3.11/site-packages/airflow/example_dags/example_time_delta_sensor_async.py took 0.676 seconds
[2023-06-22T14:42:02.622+0200] {processor.py:157} INFO - Started process (PID=85348) to work on /Users/saumyagoyal/JupyterNotebook/MLCon/MLCon_23/2_airflow/.venv/lib/python3.11/site-packages/airflow/example_dags/example_time_delta_sensor_async.py
[2023-06-22T14:42:02.624+0200] {processor.py:826} INFO - Processing file /Users/saumyagoyal/JupyterNotebook/MLCon/MLCon_23/2_airflow/.venv/lib/python3.11/site-packages/airflow/example_dags/example_time_delta_sensor_async.py for tasks to queue
[2023-06-22T14:42:02.624+0200] {logging_mixin.py:149} INFO - [2023-06-22T14:42:02.624+0200] {dagbag.py:541} INFO - Filling up the DagBag from /Users/saumyagoyal/JupyterNotebook/MLCon/MLCon_23/2_airflow/.venv/lib/python3.11/site-packages/airflow/example_dags/example_time_delta_sensor_async.py
[2023-06-22T14:42:02.636+0200] {processor.py:836} INFO - DAG(s) dict_keys(['example_time_delta_sensor_async']) retrieved from /Users/saumyagoyal/JupyterNotebook/MLCon/MLCon_23/2_airflow/.venv/lib/python3.11/site-packages/airflow/example_dags/example_time_delta_sensor_async.py
[2023-06-22T14:42:03.258+0200] {logging_mixin.py:149} INFO - [2023-06-22T14:42:03.257+0200] {dag.py:2726} INFO - Sync 1 DAGs
[2023-06-22T14:42:03.268+0200] {logging_mixin.py:149} INFO - [2023-06-22T14:42:03.268+0200] {dag.py:3486} INFO - Setting next_dagrun for example_time_delta_sensor_async to None, run_after=None
[2023-06-22T14:42:03.281+0200] {processor.py:179} INFO - Processing /Users/saumyagoyal/JupyterNotebook/MLCon/MLCon_23/2_airflow/.venv/lib/python3.11/site-packages/airflow/example_dags/example_time_delta_sensor_async.py took 0.660 seconds
[2023-06-22T14:43:28.883+0200] {processor.py:157} INFO - Started process (PID=85421) to work on /Users/saumyagoyal/JupyterNotebook/MLCon/MLCon_23/2_airflow/.venv/lib/python3.11/site-packages/airflow/example_dags/example_time_delta_sensor_async.py
[2023-06-22T14:43:28.885+0200] {processor.py:826} INFO - Processing file /Users/saumyagoyal/JupyterNotebook/MLCon/MLCon_23/2_airflow/.venv/lib/python3.11/site-packages/airflow/example_dags/example_time_delta_sensor_async.py for tasks to queue
[2023-06-22T14:43:28.886+0200] {logging_mixin.py:149} INFO - [2023-06-22T14:43:28.886+0200] {dagbag.py:541} INFO - Filling up the DagBag from /Users/saumyagoyal/JupyterNotebook/MLCon/MLCon_23/2_airflow/.venv/lib/python3.11/site-packages/airflow/example_dags/example_time_delta_sensor_async.py
[2023-06-22T14:43:28.898+0200] {processor.py:836} INFO - DAG(s) dict_keys(['example_time_delta_sensor_async']) retrieved from /Users/saumyagoyal/JupyterNotebook/MLCon/MLCon_23/2_airflow/.venv/lib/python3.11/site-packages/airflow/example_dags/example_time_delta_sensor_async.py
[2023-06-22T14:43:29.515+0200] {logging_mixin.py:149} INFO - [2023-06-22T14:43:29.514+0200] {dag.py:2726} INFO - Sync 1 DAGs
[2023-06-22T14:43:29.527+0200] {logging_mixin.py:149} INFO - [2023-06-22T14:43:29.527+0200] {dag.py:3486} INFO - Setting next_dagrun for example_time_delta_sensor_async to None, run_after=None
[2023-06-22T14:43:29.539+0200] {processor.py:179} INFO - Processing /Users/saumyagoyal/JupyterNotebook/MLCon/MLCon_23/2_airflow/.venv/lib/python3.11/site-packages/airflow/example_dags/example_time_delta_sensor_async.py took 0.656 seconds
[2023-06-22T14:44:53.131+0200] {processor.py:157} INFO - Started process (PID=85479) to work on /Users/saumyagoyal/JupyterNotebook/MLCon/MLCon_23/2_airflow/.venv/lib/python3.11/site-packages/airflow/example_dags/example_time_delta_sensor_async.py
[2023-06-22T14:44:53.135+0200] {processor.py:826} INFO - Processing file /Users/saumyagoyal/JupyterNotebook/MLCon/MLCon_23/2_airflow/.venv/lib/python3.11/site-packages/airflow/example_dags/example_time_delta_sensor_async.py for tasks to queue
[2023-06-22T14:44:53.135+0200] {logging_mixin.py:149} INFO - [2023-06-22T14:44:53.135+0200] {dagbag.py:541} INFO - Filling up the DagBag from /Users/saumyagoyal/JupyterNotebook/MLCon/MLCon_23/2_airflow/.venv/lib/python3.11/site-packages/airflow/example_dags/example_time_delta_sensor_async.py
[2023-06-22T14:44:53.149+0200] {processor.py:836} INFO - DAG(s) dict_keys(['example_time_delta_sensor_async']) retrieved from /Users/saumyagoyal/JupyterNotebook/MLCon/MLCon_23/2_airflow/.venv/lib/python3.11/site-packages/airflow/example_dags/example_time_delta_sensor_async.py
[2023-06-22T14:44:53.822+0200] {logging_mixin.py:149} INFO - [2023-06-22T14:44:53.822+0200] {dag.py:2726} INFO - Sync 1 DAGs
[2023-06-22T14:44:53.833+0200] {logging_mixin.py:149} INFO - [2023-06-22T14:44:53.832+0200] {dag.py:3486} INFO - Setting next_dagrun for example_time_delta_sensor_async to None, run_after=None
[2023-06-22T14:44:53.844+0200] {processor.py:179} INFO - Processing /Users/saumyagoyal/JupyterNotebook/MLCon/MLCon_23/2_airflow/.venv/lib/python3.11/site-packages/airflow/example_dags/example_time_delta_sensor_async.py took 0.714 seconds
