[2023-06-22T14:25:46.556+0200] {processor.py:157} INFO - Started process (PID=84240) to work on /Users/saumyagoyal/JupyterNotebook/MLCon/MLCon_23/2_airflow/.venv/lib/python3.11/site-packages/airflow/example_dags/example_xcomargs.py
[2023-06-22T14:25:46.559+0200] {processor.py:826} INFO - Processing file /Users/saumyagoyal/JupyterNotebook/MLCon/MLCon_23/2_airflow/.venv/lib/python3.11/site-packages/airflow/example_dags/example_xcomargs.py for tasks to queue
[2023-06-22T14:25:46.559+0200] {logging_mixin.py:149} INFO - [2023-06-22T14:25:46.559+0200] {dagbag.py:541} INFO - Filling up the DagBag from /Users/saumyagoyal/JupyterNotebook/MLCon/MLCon_23/2_airflow/.venv/lib/python3.11/site-packages/airflow/example_dags/example_xcomargs.py
[2023-06-22T14:25:46.595+0200] {processor.py:836} INFO - DAG(s) dict_keys(['example_xcom_args', 'example_xcom_args_with_operators']) retrieved from /Users/saumyagoyal/JupyterNotebook/MLCon/MLCon_23/2_airflow/.venv/lib/python3.11/site-packages/airflow/example_dags/example_xcomargs.py
[2023-06-22T14:25:47.382+0200] {logging_mixin.py:149} INFO - [2023-06-22T14:25:47.381+0200] {manager.py:504} INFO - Created Permission View: can read on DAG:example_xcom_args
[2023-06-22T14:25:47.387+0200] {logging_mixin.py:149} INFO - [2023-06-22T14:25:47.387+0200] {manager.py:504} INFO - Created Permission View: can delete on DAG:example_xcom_args
[2023-06-22T14:25:47.392+0200] {logging_mixin.py:149} INFO - [2023-06-22T14:25:47.392+0200] {manager.py:504} INFO - Created Permission View: can edit on DAG:example_xcom_args
[2023-06-22T14:25:47.401+0200] {logging_mixin.py:149} INFO - [2023-06-22T14:25:47.401+0200] {manager.py:504} INFO - Created Permission View: can read on DAG:example_xcom_args_with_operators
[2023-06-22T14:25:47.405+0200] {logging_mixin.py:149} INFO - [2023-06-22T14:25:47.405+0200] {manager.py:504} INFO - Created Permission View: can delete on DAG:example_xcom_args_with_operators
[2023-06-22T14:25:47.410+0200] {logging_mixin.py:149} INFO - [2023-06-22T14:25:47.410+0200] {manager.py:504} INFO - Created Permission View: can edit on DAG:example_xcom_args_with_operators
[2023-06-22T14:25:47.410+0200] {logging_mixin.py:149} INFO - [2023-06-22T14:25:47.410+0200] {dag.py:2726} INFO - Sync 2 DAGs
[2023-06-22T14:25:47.418+0200] {logging_mixin.py:149} INFO - [2023-06-22T14:25:47.418+0200] {dag.py:2747} INFO - Creating ORM DAG for example_xcom_args
[2023-06-22T14:25:47.435+0200] {logging_mixin.py:149} INFO - [2023-06-22T14:25:47.435+0200] {dag.py:2747} INFO - Creating ORM DAG for example_xcom_args_with_operators
[2023-06-22T14:25:47.444+0200] {logging_mixin.py:149} INFO - [2023-06-22T14:25:47.444+0200] {dag.py:3486} INFO - Setting next_dagrun for example_xcom_args to None, run_after=None
[2023-06-22T14:25:47.444+0200] {logging_mixin.py:149} INFO - [2023-06-22T14:25:47.444+0200] {dag.py:3486} INFO - Setting next_dagrun for example_xcom_args_with_operators to None, run_after=None
[2023-06-22T14:25:47.458+0200] {processor.py:179} INFO - Processing /Users/saumyagoyal/JupyterNotebook/MLCon/MLCon_23/2_airflow/.venv/lib/python3.11/site-packages/airflow/example_dags/example_xcomargs.py took 0.903 seconds
[2023-06-22T14:27:48.251+0200] {processor.py:157} INFO - Started process (PID=84319) to work on /Users/saumyagoyal/JupyterNotebook/MLCon/MLCon_23/2_airflow/.venv/lib/python3.11/site-packages/airflow/example_dags/example_xcomargs.py
[2023-06-22T14:27:48.253+0200] {processor.py:826} INFO - Processing file /Users/saumyagoyal/JupyterNotebook/MLCon/MLCon_23/2_airflow/.venv/lib/python3.11/site-packages/airflow/example_dags/example_xcomargs.py for tasks to queue
[2023-06-22T14:27:48.254+0200] {logging_mixin.py:149} INFO - [2023-06-22T14:27:48.254+0200] {dagbag.py:541} INFO - Filling up the DagBag from /Users/saumyagoyal/JupyterNotebook/MLCon/MLCon_23/2_airflow/.venv/lib/python3.11/site-packages/airflow/example_dags/example_xcomargs.py
[2023-06-22T14:27:48.301+0200] {processor.py:836} INFO - DAG(s) dict_keys(['example_xcom_args', 'example_xcom_args_with_operators']) retrieved from /Users/saumyagoyal/JupyterNotebook/MLCon/MLCon_23/2_airflow/.venv/lib/python3.11/site-packages/airflow/example_dags/example_xcomargs.py
[2023-06-22T14:27:48.999+0200] {logging_mixin.py:149} INFO - [2023-06-22T14:27:48.998+0200] {dag.py:2726} INFO - Sync 2 DAGs
[2023-06-22T14:27:49.013+0200] {logging_mixin.py:149} INFO - [2023-06-22T14:27:49.013+0200] {dag.py:3486} INFO - Setting next_dagrun for example_xcom_args to None, run_after=None
[2023-06-22T14:27:49.015+0200] {logging_mixin.py:149} INFO - [2023-06-22T14:27:49.015+0200] {dag.py:3486} INFO - Setting next_dagrun for example_xcom_args_with_operators to None, run_after=None
[2023-06-22T14:27:49.027+0200] {processor.py:179} INFO - Processing /Users/saumyagoyal/JupyterNotebook/MLCon/MLCon_23/2_airflow/.venv/lib/python3.11/site-packages/airflow/example_dags/example_xcomargs.py took 0.776 seconds
[2023-06-22T14:29:12.412+0200] {processor.py:157} INFO - Started process (PID=84364) to work on /Users/saumyagoyal/JupyterNotebook/MLCon/MLCon_23/2_airflow/.venv/lib/python3.11/site-packages/airflow/example_dags/example_xcomargs.py
[2023-06-22T14:29:12.414+0200] {processor.py:826} INFO - Processing file /Users/saumyagoyal/JupyterNotebook/MLCon/MLCon_23/2_airflow/.venv/lib/python3.11/site-packages/airflow/example_dags/example_xcomargs.py for tasks to queue
[2023-06-22T14:29:12.414+0200] {logging_mixin.py:149} INFO - [2023-06-22T14:29:12.414+0200] {dagbag.py:541} INFO - Filling up the DagBag from /Users/saumyagoyal/JupyterNotebook/MLCon/MLCon_23/2_airflow/.venv/lib/python3.11/site-packages/airflow/example_dags/example_xcomargs.py
[2023-06-22T14:29:12.448+0200] {processor.py:836} INFO - DAG(s) dict_keys(['example_xcom_args', 'example_xcom_args_with_operators']) retrieved from /Users/saumyagoyal/JupyterNotebook/MLCon/MLCon_23/2_airflow/.venv/lib/python3.11/site-packages/airflow/example_dags/example_xcomargs.py
[2023-06-22T14:29:13.059+0200] {logging_mixin.py:149} INFO - [2023-06-22T14:29:13.059+0200] {dag.py:2726} INFO - Sync 2 DAGs
[2023-06-22T14:29:13.070+0200] {logging_mixin.py:149} INFO - [2023-06-22T14:29:13.070+0200] {dag.py:3486} INFO - Setting next_dagrun for example_xcom_args to None, run_after=None
[2023-06-22T14:29:13.071+0200] {logging_mixin.py:149} INFO - [2023-06-22T14:29:13.071+0200] {dag.py:3486} INFO - Setting next_dagrun for example_xcom_args_with_operators to None, run_after=None
[2023-06-22T14:29:13.087+0200] {processor.py:179} INFO - Processing /Users/saumyagoyal/JupyterNotebook/MLCon/MLCon_23/2_airflow/.venv/lib/python3.11/site-packages/airflow/example_dags/example_xcomargs.py took 0.675 seconds
[2023-06-22T14:30:27.555+0200] {processor.py:157} INFO - Started process (PID=84409) to work on /Users/saumyagoyal/JupyterNotebook/MLCon/MLCon_23/2_airflow/.venv/lib/python3.11/site-packages/airflow/example_dags/example_xcomargs.py
[2023-06-22T14:30:27.557+0200] {processor.py:826} INFO - Processing file /Users/saumyagoyal/JupyterNotebook/MLCon/MLCon_23/2_airflow/.venv/lib/python3.11/site-packages/airflow/example_dags/example_xcomargs.py for tasks to queue
[2023-06-22T14:30:27.558+0200] {logging_mixin.py:149} INFO - [2023-06-22T14:30:27.558+0200] {dagbag.py:541} INFO - Filling up the DagBag from /Users/saumyagoyal/JupyterNotebook/MLCon/MLCon_23/2_airflow/.venv/lib/python3.11/site-packages/airflow/example_dags/example_xcomargs.py
[2023-06-22T14:30:27.593+0200] {processor.py:836} INFO - DAG(s) dict_keys(['example_xcom_args', 'example_xcom_args_with_operators']) retrieved from /Users/saumyagoyal/JupyterNotebook/MLCon/MLCon_23/2_airflow/.venv/lib/python3.11/site-packages/airflow/example_dags/example_xcomargs.py
[2023-06-22T14:30:28.213+0200] {logging_mixin.py:149} INFO - [2023-06-22T14:30:28.212+0200] {dag.py:2726} INFO - Sync 2 DAGs
[2023-06-22T14:30:28.223+0200] {logging_mixin.py:149} INFO - [2023-06-22T14:30:28.223+0200] {dag.py:3486} INFO - Setting next_dagrun for example_xcom_args to None, run_after=None
[2023-06-22T14:30:28.224+0200] {logging_mixin.py:149} INFO - [2023-06-22T14:30:28.224+0200] {dag.py:3486} INFO - Setting next_dagrun for example_xcom_args_with_operators to None, run_after=None
[2023-06-22T14:30:28.235+0200] {processor.py:179} INFO - Processing /Users/saumyagoyal/JupyterNotebook/MLCon/MLCon_23/2_airflow/.venv/lib/python3.11/site-packages/airflow/example_dags/example_xcomargs.py took 0.681 seconds
[2023-06-22T14:31:40.893+0200] {processor.py:157} INFO - Started process (PID=84448) to work on /Users/saumyagoyal/JupyterNotebook/MLCon/MLCon_23/2_airflow/.venv/lib/python3.11/site-packages/airflow/example_dags/example_xcomargs.py
[2023-06-22T14:31:40.896+0200] {processor.py:826} INFO - Processing file /Users/saumyagoyal/JupyterNotebook/MLCon/MLCon_23/2_airflow/.venv/lib/python3.11/site-packages/airflow/example_dags/example_xcomargs.py for tasks to queue
[2023-06-22T14:31:40.896+0200] {logging_mixin.py:149} INFO - [2023-06-22T14:31:40.896+0200] {dagbag.py:541} INFO - Filling up the DagBag from /Users/saumyagoyal/JupyterNotebook/MLCon/MLCon_23/2_airflow/.venv/lib/python3.11/site-packages/airflow/example_dags/example_xcomargs.py
[2023-06-22T14:31:40.933+0200] {processor.py:836} INFO - DAG(s) dict_keys(['example_xcom_args_with_operators', 'example_xcom_args']) retrieved from /Users/saumyagoyal/JupyterNotebook/MLCon/MLCon_23/2_airflow/.venv/lib/python3.11/site-packages/airflow/example_dags/example_xcomargs.py
[2023-06-22T14:31:41.571+0200] {logging_mixin.py:149} INFO - [2023-06-22T14:31:41.571+0200] {dag.py:2726} INFO - Sync 2 DAGs
[2023-06-22T14:31:41.581+0200] {logging_mixin.py:149} INFO - [2023-06-22T14:31:41.581+0200] {dag.py:3486} INFO - Setting next_dagrun for example_xcom_args to None, run_after=None
[2023-06-22T14:31:41.583+0200] {logging_mixin.py:149} INFO - [2023-06-22T14:31:41.582+0200] {dag.py:3486} INFO - Setting next_dagrun for example_xcom_args_with_operators to None, run_after=None
[2023-06-22T14:31:41.597+0200] {processor.py:179} INFO - Processing /Users/saumyagoyal/JupyterNotebook/MLCon/MLCon_23/2_airflow/.venv/lib/python3.11/site-packages/airflow/example_dags/example_xcomargs.py took 0.704 seconds
[2023-06-22T14:32:59.410+0200] {processor.py:157} INFO - Started process (PID=84559) to work on /Users/saumyagoyal/JupyterNotebook/MLCon/MLCon_23/2_airflow/.venv/lib/python3.11/site-packages/airflow/example_dags/example_xcomargs.py
[2023-06-22T14:32:59.413+0200] {processor.py:826} INFO - Processing file /Users/saumyagoyal/JupyterNotebook/MLCon/MLCon_23/2_airflow/.venv/lib/python3.11/site-packages/airflow/example_dags/example_xcomargs.py for tasks to queue
[2023-06-22T14:32:59.413+0200] {logging_mixin.py:149} INFO - [2023-06-22T14:32:59.413+0200] {dagbag.py:541} INFO - Filling up the DagBag from /Users/saumyagoyal/JupyterNotebook/MLCon/MLCon_23/2_airflow/.venv/lib/python3.11/site-packages/airflow/example_dags/example_xcomargs.py
[2023-06-22T14:32:59.449+0200] {processor.py:836} INFO - DAG(s) dict_keys(['example_xcom_args_with_operators', 'example_xcom_args']) retrieved from /Users/saumyagoyal/JupyterNotebook/MLCon/MLCon_23/2_airflow/.venv/lib/python3.11/site-packages/airflow/example_dags/example_xcomargs.py
[2023-06-22T14:33:00.104+0200] {logging_mixin.py:149} INFO - [2023-06-22T14:33:00.104+0200] {dag.py:2726} INFO - Sync 2 DAGs
[2023-06-22T14:33:00.114+0200] {logging_mixin.py:149} INFO - [2023-06-22T14:33:00.114+0200] {dag.py:3486} INFO - Setting next_dagrun for example_xcom_args to None, run_after=None
[2023-06-22T14:33:00.116+0200] {logging_mixin.py:149} INFO - [2023-06-22T14:33:00.115+0200] {dag.py:3486} INFO - Setting next_dagrun for example_xcom_args_with_operators to None, run_after=None
[2023-06-22T14:33:00.127+0200] {processor.py:179} INFO - Processing /Users/saumyagoyal/JupyterNotebook/MLCon/MLCon_23/2_airflow/.venv/lib/python3.11/site-packages/airflow/example_dags/example_xcomargs.py took 0.717 seconds
[2023-06-22T14:34:23.995+0200] {processor.py:157} INFO - Started process (PID=84688) to work on /Users/saumyagoyal/JupyterNotebook/MLCon/MLCon_23/2_airflow/.venv/lib/python3.11/site-packages/airflow/example_dags/example_xcomargs.py
[2023-06-22T14:34:23.997+0200] {processor.py:826} INFO - Processing file /Users/saumyagoyal/JupyterNotebook/MLCon/MLCon_23/2_airflow/.venv/lib/python3.11/site-packages/airflow/example_dags/example_xcomargs.py for tasks to queue
[2023-06-22T14:34:23.998+0200] {logging_mixin.py:149} INFO - [2023-06-22T14:34:23.997+0200] {dagbag.py:541} INFO - Filling up the DagBag from /Users/saumyagoyal/JupyterNotebook/MLCon/MLCon_23/2_airflow/.venv/lib/python3.11/site-packages/airflow/example_dags/example_xcomargs.py
[2023-06-22T14:34:24.038+0200] {processor.py:836} INFO - DAG(s) dict_keys(['example_xcom_args_with_operators', 'example_xcom_args']) retrieved from /Users/saumyagoyal/JupyterNotebook/MLCon/MLCon_23/2_airflow/.venv/lib/python3.11/site-packages/airflow/example_dags/example_xcomargs.py
[2023-06-22T14:34:24.721+0200] {logging_mixin.py:149} INFO - [2023-06-22T14:34:24.721+0200] {dag.py:2726} INFO - Sync 2 DAGs
[2023-06-22T14:34:24.734+0200] {logging_mixin.py:149} INFO - [2023-06-22T14:34:24.734+0200] {dag.py:3486} INFO - Setting next_dagrun for example_xcom_args to None, run_after=None
[2023-06-22T14:34:24.736+0200] {logging_mixin.py:149} INFO - [2023-06-22T14:34:24.736+0200] {dag.py:3486} INFO - Setting next_dagrun for example_xcom_args_with_operators to None, run_after=None
[2023-06-22T14:34:24.747+0200] {processor.py:179} INFO - Processing /Users/saumyagoyal/JupyterNotebook/MLCon/MLCon_23/2_airflow/.venv/lib/python3.11/site-packages/airflow/example_dags/example_xcomargs.py took 0.753 seconds
[2023-06-22T14:35:56.737+0200] {processor.py:157} INFO - Started process (PID=84763) to work on /Users/saumyagoyal/JupyterNotebook/MLCon/MLCon_23/2_airflow/.venv/lib/python3.11/site-packages/airflow/example_dags/example_xcomargs.py
[2023-06-22T14:35:56.741+0200] {processor.py:826} INFO - Processing file /Users/saumyagoyal/JupyterNotebook/MLCon/MLCon_23/2_airflow/.venv/lib/python3.11/site-packages/airflow/example_dags/example_xcomargs.py for tasks to queue
[2023-06-22T14:35:56.741+0200] {logging_mixin.py:149} INFO - [2023-06-22T14:35:56.741+0200] {dagbag.py:541} INFO - Filling up the DagBag from /Users/saumyagoyal/JupyterNotebook/MLCon/MLCon_23/2_airflow/.venv/lib/python3.11/site-packages/airflow/example_dags/example_xcomargs.py
[2023-06-22T14:35:56.787+0200] {processor.py:836} INFO - DAG(s) dict_keys(['example_xcom_args_with_operators', 'example_xcom_args']) retrieved from /Users/saumyagoyal/JupyterNotebook/MLCon/MLCon_23/2_airflow/.venv/lib/python3.11/site-packages/airflow/example_dags/example_xcomargs.py
[2023-06-22T14:35:57.487+0200] {logging_mixin.py:149} INFO - [2023-06-22T14:35:57.487+0200] {dag.py:2726} INFO - Sync 2 DAGs
[2023-06-22T14:35:57.497+0200] {logging_mixin.py:149} INFO - [2023-06-22T14:35:57.497+0200] {dag.py:3486} INFO - Setting next_dagrun for example_xcom_args to None, run_after=None
[2023-06-22T14:35:57.499+0200] {logging_mixin.py:149} INFO - [2023-06-22T14:35:57.499+0200] {dag.py:3486} INFO - Setting next_dagrun for example_xcom_args_with_operators to None, run_after=None
[2023-06-22T14:35:57.514+0200] {processor.py:179} INFO - Processing /Users/saumyagoyal/JupyterNotebook/MLCon/MLCon_23/2_airflow/.venv/lib/python3.11/site-packages/airflow/example_dags/example_xcomargs.py took 0.778 seconds
[2023-06-22T14:37:27.017+0200] {processor.py:157} INFO - Started process (PID=84964) to work on /Users/saumyagoyal/JupyterNotebook/MLCon/MLCon_23/2_airflow/.venv/lib/python3.11/site-packages/airflow/example_dags/example_xcomargs.py
[2023-06-22T14:37:27.020+0200] {processor.py:826} INFO - Processing file /Users/saumyagoyal/JupyterNotebook/MLCon/MLCon_23/2_airflow/.venv/lib/python3.11/site-packages/airflow/example_dags/example_xcomargs.py for tasks to queue
[2023-06-22T14:37:27.020+0200] {logging_mixin.py:149} INFO - [2023-06-22T14:37:27.020+0200] {dagbag.py:541} INFO - Filling up the DagBag from /Users/saumyagoyal/JupyterNotebook/MLCon/MLCon_23/2_airflow/.venv/lib/python3.11/site-packages/airflow/example_dags/example_xcomargs.py
[2023-06-22T14:37:27.055+0200] {processor.py:836} INFO - DAG(s) dict_keys(['example_xcom_args', 'example_xcom_args_with_operators']) retrieved from /Users/saumyagoyal/JupyterNotebook/MLCon/MLCon_23/2_airflow/.venv/lib/python3.11/site-packages/airflow/example_dags/example_xcomargs.py
[2023-06-22T14:37:27.705+0200] {logging_mixin.py:149} INFO - [2023-06-22T14:37:27.705+0200] {dag.py:2726} INFO - Sync 2 DAGs
[2023-06-22T14:37:27.717+0200] {logging_mixin.py:149} INFO - [2023-06-22T14:37:27.717+0200] {dag.py:3486} INFO - Setting next_dagrun for example_xcom_args to None, run_after=None
[2023-06-22T14:37:27.719+0200] {logging_mixin.py:149} INFO - [2023-06-22T14:37:27.719+0200] {dag.py:3486} INFO - Setting next_dagrun for example_xcom_args_with_operators to None, run_after=None
[2023-06-22T14:37:27.729+0200] {processor.py:179} INFO - Processing /Users/saumyagoyal/JupyterNotebook/MLCon/MLCon_23/2_airflow/.venv/lib/python3.11/site-packages/airflow/example_dags/example_xcomargs.py took 0.712 seconds
[2023-06-22T14:38:54.675+0200] {processor.py:157} INFO - Started process (PID=85059) to work on /Users/saumyagoyal/JupyterNotebook/MLCon/MLCon_23/2_airflow/.venv/lib/python3.11/site-packages/airflow/example_dags/example_xcomargs.py
[2023-06-22T14:38:54.677+0200] {processor.py:826} INFO - Processing file /Users/saumyagoyal/JupyterNotebook/MLCon/MLCon_23/2_airflow/.venv/lib/python3.11/site-packages/airflow/example_dags/example_xcomargs.py for tasks to queue
[2023-06-22T14:38:54.677+0200] {logging_mixin.py:149} INFO - [2023-06-22T14:38:54.677+0200] {dagbag.py:541} INFO - Filling up the DagBag from /Users/saumyagoyal/JupyterNotebook/MLCon/MLCon_23/2_airflow/.venv/lib/python3.11/site-packages/airflow/example_dags/example_xcomargs.py
[2023-06-22T14:38:54.711+0200] {processor.py:836} INFO - DAG(s) dict_keys(['example_xcom_args_with_operators', 'example_xcom_args']) retrieved from /Users/saumyagoyal/JupyterNotebook/MLCon/MLCon_23/2_airflow/.venv/lib/python3.11/site-packages/airflow/example_dags/example_xcomargs.py
[2023-06-22T14:38:55.317+0200] {logging_mixin.py:149} INFO - [2023-06-22T14:38:55.317+0200] {dag.py:2726} INFO - Sync 2 DAGs
[2023-06-22T14:38:55.327+0200] {logging_mixin.py:149} INFO - [2023-06-22T14:38:55.327+0200] {dag.py:3486} INFO - Setting next_dagrun for example_xcom_args to None, run_after=None
[2023-06-22T14:38:55.328+0200] {logging_mixin.py:149} INFO - [2023-06-22T14:38:55.328+0200] {dag.py:3486} INFO - Setting next_dagrun for example_xcom_args_with_operators to None, run_after=None
[2023-06-22T14:38:55.340+0200] {processor.py:179} INFO - Processing /Users/saumyagoyal/JupyterNotebook/MLCon/MLCon_23/2_airflow/.venv/lib/python3.11/site-packages/airflow/example_dags/example_xcomargs.py took 0.666 seconds
[2023-06-22T14:40:24.805+0200] {processor.py:157} INFO - Started process (PID=85202) to work on /Users/saumyagoyal/JupyterNotebook/MLCon/MLCon_23/2_airflow/.venv/lib/python3.11/site-packages/airflow/example_dags/example_xcomargs.py
[2023-06-22T14:40:24.807+0200] {processor.py:826} INFO - Processing file /Users/saumyagoyal/JupyterNotebook/MLCon/MLCon_23/2_airflow/.venv/lib/python3.11/site-packages/airflow/example_dags/example_xcomargs.py for tasks to queue
[2023-06-22T14:40:24.808+0200] {logging_mixin.py:149} INFO - [2023-06-22T14:40:24.808+0200] {dagbag.py:541} INFO - Filling up the DagBag from /Users/saumyagoyal/JupyterNotebook/MLCon/MLCon_23/2_airflow/.venv/lib/python3.11/site-packages/airflow/example_dags/example_xcomargs.py
[2023-06-22T14:40:24.848+0200] {processor.py:836} INFO - DAG(s) dict_keys(['example_xcom_args_with_operators', 'example_xcom_args']) retrieved from /Users/saumyagoyal/JupyterNotebook/MLCon/MLCon_23/2_airflow/.venv/lib/python3.11/site-packages/airflow/example_dags/example_xcomargs.py
[2023-06-22T14:40:25.524+0200] {logging_mixin.py:149} INFO - [2023-06-22T14:40:25.524+0200] {dag.py:2726} INFO - Sync 2 DAGs
[2023-06-22T14:40:25.535+0200] {logging_mixin.py:149} INFO - [2023-06-22T14:40:25.535+0200] {dag.py:3486} INFO - Setting next_dagrun for example_xcom_args to None, run_after=None
[2023-06-22T14:40:25.537+0200] {logging_mixin.py:149} INFO - [2023-06-22T14:40:25.537+0200] {dag.py:3486} INFO - Setting next_dagrun for example_xcom_args_with_operators to None, run_after=None
[2023-06-22T14:40:25.548+0200] {processor.py:179} INFO - Processing /Users/saumyagoyal/JupyterNotebook/MLCon/MLCon_23/2_airflow/.venv/lib/python3.11/site-packages/airflow/example_dags/example_xcomargs.py took 0.744 seconds
[2023-06-22T14:41:52.237+0200] {processor.py:157} INFO - Started process (PID=85332) to work on /Users/saumyagoyal/JupyterNotebook/MLCon/MLCon_23/2_airflow/.venv/lib/python3.11/site-packages/airflow/example_dags/example_xcomargs.py
[2023-06-22T14:41:52.240+0200] {processor.py:826} INFO - Processing file /Users/saumyagoyal/JupyterNotebook/MLCon/MLCon_23/2_airflow/.venv/lib/python3.11/site-packages/airflow/example_dags/example_xcomargs.py for tasks to queue
[2023-06-22T14:41:52.240+0200] {logging_mixin.py:149} INFO - [2023-06-22T14:41:52.240+0200] {dagbag.py:541} INFO - Filling up the DagBag from /Users/saumyagoyal/JupyterNotebook/MLCon/MLCon_23/2_airflow/.venv/lib/python3.11/site-packages/airflow/example_dags/example_xcomargs.py
[2023-06-22T14:41:52.273+0200] {processor.py:836} INFO - DAG(s) dict_keys(['example_xcom_args', 'example_xcom_args_with_operators']) retrieved from /Users/saumyagoyal/JupyterNotebook/MLCon/MLCon_23/2_airflow/.venv/lib/python3.11/site-packages/airflow/example_dags/example_xcomargs.py
[2023-06-22T14:41:52.898+0200] {logging_mixin.py:149} INFO - [2023-06-22T14:41:52.898+0200] {dag.py:2726} INFO - Sync 2 DAGs
[2023-06-22T14:41:52.908+0200] {logging_mixin.py:149} INFO - [2023-06-22T14:41:52.908+0200] {dag.py:3486} INFO - Setting next_dagrun for example_xcom_args to None, run_after=None
[2023-06-22T14:41:52.909+0200] {logging_mixin.py:149} INFO - [2023-06-22T14:41:52.909+0200] {dag.py:3486} INFO - Setting next_dagrun for example_xcom_args_with_operators to None, run_after=None
[2023-06-22T14:41:52.921+0200] {processor.py:179} INFO - Processing /Users/saumyagoyal/JupyterNotebook/MLCon/MLCon_23/2_airflow/.venv/lib/python3.11/site-packages/airflow/example_dags/example_xcomargs.py took 0.684 seconds
[2023-06-22T14:43:18.593+0200] {processor.py:157} INFO - Started process (PID=85416) to work on /Users/saumyagoyal/JupyterNotebook/MLCon/MLCon_23/2_airflow/.venv/lib/python3.11/site-packages/airflow/example_dags/example_xcomargs.py
[2023-06-22T14:43:18.595+0200] {processor.py:826} INFO - Processing file /Users/saumyagoyal/JupyterNotebook/MLCon/MLCon_23/2_airflow/.venv/lib/python3.11/site-packages/airflow/example_dags/example_xcomargs.py for tasks to queue
[2023-06-22T14:43:18.595+0200] {logging_mixin.py:149} INFO - [2023-06-22T14:43:18.595+0200] {dagbag.py:541} INFO - Filling up the DagBag from /Users/saumyagoyal/JupyterNotebook/MLCon/MLCon_23/2_airflow/.venv/lib/python3.11/site-packages/airflow/example_dags/example_xcomargs.py
[2023-06-22T14:43:18.628+0200] {processor.py:836} INFO - DAG(s) dict_keys(['example_xcom_args_with_operators', 'example_xcom_args']) retrieved from /Users/saumyagoyal/JupyterNotebook/MLCon/MLCon_23/2_airflow/.venv/lib/python3.11/site-packages/airflow/example_dags/example_xcomargs.py
[2023-06-22T14:43:19.256+0200] {logging_mixin.py:149} INFO - [2023-06-22T14:43:19.256+0200] {dag.py:2726} INFO - Sync 2 DAGs
[2023-06-22T14:43:19.266+0200] {logging_mixin.py:149} INFO - [2023-06-22T14:43:19.266+0200] {dag.py:3486} INFO - Setting next_dagrun for example_xcom_args to None, run_after=None
[2023-06-22T14:43:19.267+0200] {logging_mixin.py:149} INFO - [2023-06-22T14:43:19.267+0200] {dag.py:3486} INFO - Setting next_dagrun for example_xcom_args_with_operators to None, run_after=None
[2023-06-22T14:43:19.282+0200] {processor.py:179} INFO - Processing /Users/saumyagoyal/JupyterNotebook/MLCon/MLCon_23/2_airflow/.venv/lib/python3.11/site-packages/airflow/example_dags/example_xcomargs.py took 0.689 seconds
[2023-06-22T14:44:43.055+0200] {processor.py:157} INFO - Started process (PID=85468) to work on /Users/saumyagoyal/JupyterNotebook/MLCon/MLCon_23/2_airflow/.venv/lib/python3.11/site-packages/airflow/example_dags/example_xcomargs.py
[2023-06-22T14:44:43.058+0200] {processor.py:826} INFO - Processing file /Users/saumyagoyal/JupyterNotebook/MLCon/MLCon_23/2_airflow/.venv/lib/python3.11/site-packages/airflow/example_dags/example_xcomargs.py for tasks to queue
[2023-06-22T14:44:43.058+0200] {logging_mixin.py:149} INFO - [2023-06-22T14:44:43.058+0200] {dagbag.py:541} INFO - Filling up the DagBag from /Users/saumyagoyal/JupyterNotebook/MLCon/MLCon_23/2_airflow/.venv/lib/python3.11/site-packages/airflow/example_dags/example_xcomargs.py
[2023-06-22T14:44:43.097+0200] {processor.py:836} INFO - DAG(s) dict_keys(['example_xcom_args_with_operators', 'example_xcom_args']) retrieved from /Users/saumyagoyal/JupyterNotebook/MLCon/MLCon_23/2_airflow/.venv/lib/python3.11/site-packages/airflow/example_dags/example_xcomargs.py
[2023-06-22T14:44:43.767+0200] {logging_mixin.py:149} INFO - [2023-06-22T14:44:43.767+0200] {dag.py:2726} INFO - Sync 2 DAGs
[2023-06-22T14:44:43.779+0200] {logging_mixin.py:149} INFO - [2023-06-22T14:44:43.779+0200] {dag.py:3486} INFO - Setting next_dagrun for example_xcom_args to None, run_after=None
[2023-06-22T14:44:43.780+0200] {logging_mixin.py:149} INFO - [2023-06-22T14:44:43.780+0200] {dag.py:3486} INFO - Setting next_dagrun for example_xcom_args_with_operators to None, run_after=None
[2023-06-22T14:44:43.791+0200] {processor.py:179} INFO - Processing /Users/saumyagoyal/JupyterNotebook/MLCon/MLCon_23/2_airflow/.venv/lib/python3.11/site-packages/airflow/example_dags/example_xcomargs.py took 0.737 seconds
