[2023-06-22T14:26:00.370+0200] {processor.py:157} INFO - Started process (PID=84250) to work on /Users/saumyagoyal/JupyterNotebook/MLCon/MLCon_23/2_airflow/.venv/lib/python3.11/site-packages/airflow/example_dags/example_task_group_decorator.py
[2023-06-22T14:26:00.372+0200] {processor.py:826} INFO - Processing file /Users/saumyagoyal/JupyterNotebook/MLCon/MLCon_23/2_airflow/.venv/lib/python3.11/site-packages/airflow/example_dags/example_task_group_decorator.py for tasks to queue
[2023-06-22T14:26:00.372+0200] {logging_mixin.py:149} INFO - [2023-06-22T14:26:00.372+0200] {dagbag.py:541} INFO - Filling up the DagBag from /Users/saumyagoyal/JupyterNotebook/MLCon/MLCon_23/2_airflow/.venv/lib/python3.11/site-packages/airflow/example_dags/example_task_group_decorator.py
[2023-06-22T14:26:00.408+0200] {processor.py:836} INFO - DAG(s) dict_keys(['example_task_group_decorator']) retrieved from /Users/saumyagoyal/JupyterNotebook/MLCon/MLCon_23/2_airflow/.venv/lib/python3.11/site-packages/airflow/example_dags/example_task_group_decorator.py
[2023-06-22T14:26:01.092+0200] {logging_mixin.py:149} INFO - [2023-06-22T14:26:01.092+0200] {manager.py:504} INFO - Created Permission View: can read on DAG:example_task_group_decorator
[2023-06-22T14:26:01.097+0200] {logging_mixin.py:149} INFO - [2023-06-22T14:26:01.097+0200] {manager.py:504} INFO - Created Permission View: can edit on DAG:example_task_group_decorator
[2023-06-22T14:26:01.101+0200] {logging_mixin.py:149} INFO - [2023-06-22T14:26:01.101+0200] {manager.py:504} INFO - Created Permission View: can delete on DAG:example_task_group_decorator
[2023-06-22T14:26:01.101+0200] {logging_mixin.py:149} INFO - [2023-06-22T14:26:01.101+0200] {dag.py:2726} INFO - Sync 1 DAGs
[2023-06-22T14:26:01.107+0200] {logging_mixin.py:149} INFO - [2023-06-22T14:26:01.107+0200] {dag.py:2747} INFO - Creating ORM DAG for example_task_group_decorator
[2023-06-22T14:26:01.112+0200] {logging_mixin.py:149} INFO - [2023-06-22T14:26:01.112+0200] {dag.py:3486} INFO - Setting next_dagrun for example_task_group_decorator to 2023-06-21T12:26:01.112657+00:00, run_after=2023-06-22T12:26:01.112657+00:00
[2023-06-22T14:26:01.123+0200] {processor.py:179} INFO - Processing /Users/saumyagoyal/JupyterNotebook/MLCon/MLCon_23/2_airflow/.venv/lib/python3.11/site-packages/airflow/example_dags/example_task_group_decorator.py took 0.754 seconds
[2023-06-22T14:28:01.685+0200] {processor.py:157} INFO - Started process (PID=84325) to work on /Users/saumyagoyal/JupyterNotebook/MLCon/MLCon_23/2_airflow/.venv/lib/python3.11/site-packages/airflow/example_dags/example_task_group_decorator.py
[2023-06-22T14:28:01.687+0200] {processor.py:826} INFO - Processing file /Users/saumyagoyal/JupyterNotebook/MLCon/MLCon_23/2_airflow/.venv/lib/python3.11/site-packages/airflow/example_dags/example_task_group_decorator.py for tasks to queue
[2023-06-22T14:28:01.687+0200] {logging_mixin.py:149} INFO - [2023-06-22T14:28:01.687+0200] {dagbag.py:541} INFO - Filling up the DagBag from /Users/saumyagoyal/JupyterNotebook/MLCon/MLCon_23/2_airflow/.venv/lib/python3.11/site-packages/airflow/example_dags/example_task_group_decorator.py
[2023-06-22T14:28:01.726+0200] {processor.py:836} INFO - DAG(s) dict_keys(['example_task_group_decorator']) retrieved from /Users/saumyagoyal/JupyterNotebook/MLCon/MLCon_23/2_airflow/.venv/lib/python3.11/site-packages/airflow/example_dags/example_task_group_decorator.py
[2023-06-22T14:28:02.375+0200] {logging_mixin.py:149} INFO - [2023-06-22T14:28:02.375+0200] {dag.py:2726} INFO - Sync 1 DAGs
[2023-06-22T14:28:02.386+0200] {logging_mixin.py:149} INFO - [2023-06-22T14:28:02.386+0200] {dag.py:3486} INFO - Setting next_dagrun for example_task_group_decorator to 2023-06-21T12:28:02.385993+00:00, run_after=2023-06-22T12:28:02.385993+00:00
[2023-06-22T14:28:02.398+0200] {processor.py:179} INFO - Processing /Users/saumyagoyal/JupyterNotebook/MLCon/MLCon_23/2_airflow/.venv/lib/python3.11/site-packages/airflow/example_dags/example_task_group_decorator.py took 0.714 seconds
[2023-06-22T14:29:23.998+0200] {processor.py:157} INFO - Started process (PID=84370) to work on /Users/saumyagoyal/JupyterNotebook/MLCon/MLCon_23/2_airflow/.venv/lib/python3.11/site-packages/airflow/example_dags/example_task_group_decorator.py
[2023-06-22T14:29:24.001+0200] {processor.py:826} INFO - Processing file /Users/saumyagoyal/JupyterNotebook/MLCon/MLCon_23/2_airflow/.venv/lib/python3.11/site-packages/airflow/example_dags/example_task_group_decorator.py for tasks to queue
[2023-06-22T14:29:24.001+0200] {logging_mixin.py:149} INFO - [2023-06-22T14:29:24.001+0200] {dagbag.py:541} INFO - Filling up the DagBag from /Users/saumyagoyal/JupyterNotebook/MLCon/MLCon_23/2_airflow/.venv/lib/python3.11/site-packages/airflow/example_dags/example_task_group_decorator.py
[2023-06-22T14:29:24.037+0200] {processor.py:836} INFO - DAG(s) dict_keys(['example_task_group_decorator']) retrieved from /Users/saumyagoyal/JupyterNotebook/MLCon/MLCon_23/2_airflow/.venv/lib/python3.11/site-packages/airflow/example_dags/example_task_group_decorator.py
[2023-06-22T14:29:24.678+0200] {logging_mixin.py:149} INFO - [2023-06-22T14:29:24.678+0200] {dag.py:2726} INFO - Sync 1 DAGs
[2023-06-22T14:29:24.688+0200] {logging_mixin.py:149} INFO - [2023-06-22T14:29:24.688+0200] {dag.py:3486} INFO - Setting next_dagrun for example_task_group_decorator to 2023-06-21T12:29:24.687979+00:00, run_after=2023-06-22T12:29:24.687979+00:00
[2023-06-22T14:29:24.704+0200] {processor.py:179} INFO - Processing /Users/saumyagoyal/JupyterNotebook/MLCon/MLCon_23/2_airflow/.venv/lib/python3.11/site-packages/airflow/example_dags/example_task_group_decorator.py took 0.706 seconds
[2023-06-22T14:30:38.886+0200] {processor.py:157} INFO - Started process (PID=84415) to work on /Users/saumyagoyal/JupyterNotebook/MLCon/MLCon_23/2_airflow/.venv/lib/python3.11/site-packages/airflow/example_dags/example_task_group_decorator.py
[2023-06-22T14:30:38.888+0200] {processor.py:826} INFO - Processing file /Users/saumyagoyal/JupyterNotebook/MLCon/MLCon_23/2_airflow/.venv/lib/python3.11/site-packages/airflow/example_dags/example_task_group_decorator.py for tasks to queue
[2023-06-22T14:30:38.889+0200] {logging_mixin.py:149} INFO - [2023-06-22T14:30:38.889+0200] {dagbag.py:541} INFO - Filling up the DagBag from /Users/saumyagoyal/JupyterNotebook/MLCon/MLCon_23/2_airflow/.venv/lib/python3.11/site-packages/airflow/example_dags/example_task_group_decorator.py
[2023-06-22T14:30:38.925+0200] {processor.py:836} INFO - DAG(s) dict_keys(['example_task_group_decorator']) retrieved from /Users/saumyagoyal/JupyterNotebook/MLCon/MLCon_23/2_airflow/.venv/lib/python3.11/site-packages/airflow/example_dags/example_task_group_decorator.py
[2023-06-22T14:30:39.544+0200] {logging_mixin.py:149} INFO - [2023-06-22T14:30:39.544+0200] {dag.py:2726} INFO - Sync 1 DAGs
[2023-06-22T14:30:39.554+0200] {logging_mixin.py:149} INFO - [2023-06-22T14:30:39.554+0200] {dag.py:3486} INFO - Setting next_dagrun for example_task_group_decorator to 2023-06-21T12:30:39.554579+00:00, run_after=2023-06-22T12:30:39.554579+00:00
[2023-06-22T14:30:39.568+0200] {processor.py:179} INFO - Processing /Users/saumyagoyal/JupyterNotebook/MLCon/MLCon_23/2_airflow/.venv/lib/python3.11/site-packages/airflow/example_dags/example_task_group_decorator.py took 0.682 seconds
[2023-06-22T14:31:52.770+0200] {processor.py:157} INFO - Started process (PID=84454) to work on /Users/saumyagoyal/JupyterNotebook/MLCon/MLCon_23/2_airflow/.venv/lib/python3.11/site-packages/airflow/example_dags/example_task_group_decorator.py
[2023-06-22T14:31:52.772+0200] {processor.py:826} INFO - Processing file /Users/saumyagoyal/JupyterNotebook/MLCon/MLCon_23/2_airflow/.venv/lib/python3.11/site-packages/airflow/example_dags/example_task_group_decorator.py for tasks to queue
[2023-06-22T14:31:52.772+0200] {logging_mixin.py:149} INFO - [2023-06-22T14:31:52.772+0200] {dagbag.py:541} INFO - Filling up the DagBag from /Users/saumyagoyal/JupyterNotebook/MLCon/MLCon_23/2_airflow/.venv/lib/python3.11/site-packages/airflow/example_dags/example_task_group_decorator.py
[2023-06-22T14:31:52.808+0200] {processor.py:836} INFO - DAG(s) dict_keys(['example_task_group_decorator']) retrieved from /Users/saumyagoyal/JupyterNotebook/MLCon/MLCon_23/2_airflow/.venv/lib/python3.11/site-packages/airflow/example_dags/example_task_group_decorator.py
[2023-06-22T14:31:53.440+0200] {logging_mixin.py:149} INFO - [2023-06-22T14:31:53.440+0200] {dag.py:2726} INFO - Sync 1 DAGs
[2023-06-22T14:31:53.450+0200] {logging_mixin.py:149} INFO - [2023-06-22T14:31:53.450+0200] {dag.py:3486} INFO - Setting next_dagrun for example_task_group_decorator to 2023-06-21T12:31:53.449967+00:00, run_after=2023-06-22T12:31:53.449967+00:00
[2023-06-22T14:31:53.463+0200] {processor.py:179} INFO - Processing /Users/saumyagoyal/JupyterNotebook/MLCon/MLCon_23/2_airflow/.venv/lib/python3.11/site-packages/airflow/example_dags/example_task_group_decorator.py took 0.694 seconds
[2023-06-22T14:33:12.511+0200] {processor.py:157} INFO - Started process (PID=84579) to work on /Users/saumyagoyal/JupyterNotebook/MLCon/MLCon_23/2_airflow/.venv/lib/python3.11/site-packages/airflow/example_dags/example_task_group_decorator.py
[2023-06-22T14:33:12.513+0200] {processor.py:826} INFO - Processing file /Users/saumyagoyal/JupyterNotebook/MLCon/MLCon_23/2_airflow/.venv/lib/python3.11/site-packages/airflow/example_dags/example_task_group_decorator.py for tasks to queue
[2023-06-22T14:33:12.513+0200] {logging_mixin.py:149} INFO - [2023-06-22T14:33:12.513+0200] {dagbag.py:541} INFO - Filling up the DagBag from /Users/saumyagoyal/JupyterNotebook/MLCon/MLCon_23/2_airflow/.venv/lib/python3.11/site-packages/airflow/example_dags/example_task_group_decorator.py
[2023-06-22T14:33:12.549+0200] {processor.py:836} INFO - DAG(s) dict_keys(['example_task_group_decorator']) retrieved from /Users/saumyagoyal/JupyterNotebook/MLCon/MLCon_23/2_airflow/.venv/lib/python3.11/site-packages/airflow/example_dags/example_task_group_decorator.py
[2023-06-22T14:33:13.165+0200] {logging_mixin.py:149} INFO - [2023-06-22T14:33:13.164+0200] {dag.py:2726} INFO - Sync 1 DAGs
[2023-06-22T14:33:13.175+0200] {logging_mixin.py:149} INFO - [2023-06-22T14:33:13.175+0200] {dag.py:3486} INFO - Setting next_dagrun for example_task_group_decorator to 2023-06-21T12:33:13.175021+00:00, run_after=2023-06-22T12:33:13.175021+00:00
[2023-06-22T14:33:13.187+0200] {processor.py:179} INFO - Processing /Users/saumyagoyal/JupyterNotebook/MLCon/MLCon_23/2_airflow/.venv/lib/python3.11/site-packages/airflow/example_dags/example_task_group_decorator.py took 0.677 seconds
[2023-06-22T14:34:37.691+0200] {processor.py:157} INFO - Started process (PID=84698) to work on /Users/saumyagoyal/JupyterNotebook/MLCon/MLCon_23/2_airflow/.venv/lib/python3.11/site-packages/airflow/example_dags/example_task_group_decorator.py
[2023-06-22T14:34:37.693+0200] {processor.py:826} INFO - Processing file /Users/saumyagoyal/JupyterNotebook/MLCon/MLCon_23/2_airflow/.venv/lib/python3.11/site-packages/airflow/example_dags/example_task_group_decorator.py for tasks to queue
[2023-06-22T14:34:37.693+0200] {logging_mixin.py:149} INFO - [2023-06-22T14:34:37.693+0200] {dagbag.py:541} INFO - Filling up the DagBag from /Users/saumyagoyal/JupyterNotebook/MLCon/MLCon_23/2_airflow/.venv/lib/python3.11/site-packages/airflow/example_dags/example_task_group_decorator.py
[2023-06-22T14:34:37.730+0200] {processor.py:836} INFO - DAG(s) dict_keys(['example_task_group_decorator']) retrieved from /Users/saumyagoyal/JupyterNotebook/MLCon/MLCon_23/2_airflow/.venv/lib/python3.11/site-packages/airflow/example_dags/example_task_group_decorator.py
[2023-06-22T14:34:38.354+0200] {logging_mixin.py:149} INFO - [2023-06-22T14:34:38.353+0200] {dag.py:2726} INFO - Sync 1 DAGs
[2023-06-22T14:34:38.363+0200] {logging_mixin.py:149} INFO - [2023-06-22T14:34:38.363+0200] {dag.py:3486} INFO - Setting next_dagrun for example_task_group_decorator to 2023-06-21T12:34:38.363716+00:00, run_after=2023-06-22T12:34:38.363716+00:00
[2023-06-22T14:34:38.380+0200] {processor.py:179} INFO - Processing /Users/saumyagoyal/JupyterNotebook/MLCon/MLCon_23/2_airflow/.venv/lib/python3.11/site-packages/airflow/example_dags/example_task_group_decorator.py took 0.690 seconds
[2023-06-22T14:36:10.263+0200] {processor.py:157} INFO - Started process (PID=84776) to work on /Users/saumyagoyal/JupyterNotebook/MLCon/MLCon_23/2_airflow/.venv/lib/python3.11/site-packages/airflow/example_dags/example_task_group_decorator.py
[2023-06-22T14:36:10.266+0200] {processor.py:826} INFO - Processing file /Users/saumyagoyal/JupyterNotebook/MLCon/MLCon_23/2_airflow/.venv/lib/python3.11/site-packages/airflow/example_dags/example_task_group_decorator.py for tasks to queue
[2023-06-22T14:36:10.267+0200] {logging_mixin.py:149} INFO - [2023-06-22T14:36:10.267+0200] {dagbag.py:541} INFO - Filling up the DagBag from /Users/saumyagoyal/JupyterNotebook/MLCon/MLCon_23/2_airflow/.venv/lib/python3.11/site-packages/airflow/example_dags/example_task_group_decorator.py
[2023-06-22T14:36:10.312+0200] {processor.py:836} INFO - DAG(s) dict_keys(['example_task_group_decorator']) retrieved from /Users/saumyagoyal/JupyterNotebook/MLCon/MLCon_23/2_airflow/.venv/lib/python3.11/site-packages/airflow/example_dags/example_task_group_decorator.py
[2023-06-22T14:36:11.037+0200] {logging_mixin.py:149} INFO - [2023-06-22T14:36:11.037+0200] {dag.py:2726} INFO - Sync 1 DAGs
[2023-06-22T14:36:11.049+0200] {logging_mixin.py:149} INFO - [2023-06-22T14:36:11.049+0200] {dag.py:3486} INFO - Setting next_dagrun for example_task_group_decorator to 2023-06-21T12:36:11.049740+00:00, run_after=2023-06-22T12:36:11.049740+00:00
[2023-06-22T14:36:11.066+0200] {processor.py:179} INFO - Processing /Users/saumyagoyal/JupyterNotebook/MLCon/MLCon_23/2_airflow/.venv/lib/python3.11/site-packages/airflow/example_dags/example_task_group_decorator.py took 0.804 seconds
[2023-06-22T14:37:38.358+0200] {processor.py:157} INFO - Started process (PID=84993) to work on /Users/saumyagoyal/JupyterNotebook/MLCon/MLCon_23/2_airflow/.venv/lib/python3.11/site-packages/airflow/example_dags/example_task_group_decorator.py
[2023-06-22T14:37:38.362+0200] {processor.py:826} INFO - Processing file /Users/saumyagoyal/JupyterNotebook/MLCon/MLCon_23/2_airflow/.venv/lib/python3.11/site-packages/airflow/example_dags/example_task_group_decorator.py for tasks to queue
[2023-06-22T14:37:38.362+0200] {logging_mixin.py:149} INFO - [2023-06-22T14:37:38.362+0200] {dagbag.py:541} INFO - Filling up the DagBag from /Users/saumyagoyal/JupyterNotebook/MLCon/MLCon_23/2_airflow/.venv/lib/python3.11/site-packages/airflow/example_dags/example_task_group_decorator.py
[2023-06-22T14:37:38.408+0200] {processor.py:836} INFO - DAG(s) dict_keys(['example_task_group_decorator']) retrieved from /Users/saumyagoyal/JupyterNotebook/MLCon/MLCon_23/2_airflow/.venv/lib/python3.11/site-packages/airflow/example_dags/example_task_group_decorator.py
[2023-06-22T14:37:39.085+0200] {logging_mixin.py:149} INFO - [2023-06-22T14:37:39.085+0200] {dag.py:2726} INFO - Sync 1 DAGs
[2023-06-22T14:37:39.098+0200] {logging_mixin.py:149} INFO - [2023-06-22T14:37:39.097+0200] {dag.py:3486} INFO - Setting next_dagrun for example_task_group_decorator to 2023-06-21T12:37:39.097880+00:00, run_after=2023-06-22T12:37:39.097880+00:00
[2023-06-22T14:37:39.112+0200] {processor.py:179} INFO - Processing /Users/saumyagoyal/JupyterNotebook/MLCon/MLCon_23/2_airflow/.venv/lib/python3.11/site-packages/airflow/example_dags/example_task_group_decorator.py took 0.754 seconds
[2023-06-22T14:39:07.692+0200] {processor.py:157} INFO - Started process (PID=85065) to work on /Users/saumyagoyal/JupyterNotebook/MLCon/MLCon_23/2_airflow/.venv/lib/python3.11/site-packages/airflow/example_dags/example_task_group_decorator.py
[2023-06-22T14:39:07.695+0200] {processor.py:826} INFO - Processing file /Users/saumyagoyal/JupyterNotebook/MLCon/MLCon_23/2_airflow/.venv/lib/python3.11/site-packages/airflow/example_dags/example_task_group_decorator.py for tasks to queue
[2023-06-22T14:39:07.695+0200] {logging_mixin.py:149} INFO - [2023-06-22T14:39:07.695+0200] {dagbag.py:541} INFO - Filling up the DagBag from /Users/saumyagoyal/JupyterNotebook/MLCon/MLCon_23/2_airflow/.venv/lib/python3.11/site-packages/airflow/example_dags/example_task_group_decorator.py
[2023-06-22T14:39:07.732+0200] {processor.py:836} INFO - DAG(s) dict_keys(['example_task_group_decorator']) retrieved from /Users/saumyagoyal/JupyterNotebook/MLCon/MLCon_23/2_airflow/.venv/lib/python3.11/site-packages/airflow/example_dags/example_task_group_decorator.py
[2023-06-22T14:39:08.377+0200] {logging_mixin.py:149} INFO - [2023-06-22T14:39:08.377+0200] {dag.py:2726} INFO - Sync 1 DAGs
[2023-06-22T14:39:08.388+0200] {logging_mixin.py:149} INFO - [2023-06-22T14:39:08.388+0200] {dag.py:3486} INFO - Setting next_dagrun for example_task_group_decorator to 2023-06-21T12:39:08.388176+00:00, run_after=2023-06-22T12:39:08.388176+00:00
[2023-06-22T14:39:08.399+0200] {processor.py:179} INFO - Processing /Users/saumyagoyal/JupyterNotebook/MLCon/MLCon_23/2_airflow/.venv/lib/python3.11/site-packages/airflow/example_dags/example_task_group_decorator.py took 0.708 seconds
[2023-06-22T14:40:38.225+0200] {processor.py:157} INFO - Started process (PID=85216) to work on /Users/saumyagoyal/JupyterNotebook/MLCon/MLCon_23/2_airflow/.venv/lib/python3.11/site-packages/airflow/example_dags/example_task_group_decorator.py
[2023-06-22T14:40:38.228+0200] {processor.py:826} INFO - Processing file /Users/saumyagoyal/JupyterNotebook/MLCon/MLCon_23/2_airflow/.venv/lib/python3.11/site-packages/airflow/example_dags/example_task_group_decorator.py for tasks to queue
[2023-06-22T14:40:38.228+0200] {logging_mixin.py:149} INFO - [2023-06-22T14:40:38.228+0200] {dagbag.py:541} INFO - Filling up the DagBag from /Users/saumyagoyal/JupyterNotebook/MLCon/MLCon_23/2_airflow/.venv/lib/python3.11/site-packages/airflow/example_dags/example_task_group_decorator.py
[2023-06-22T14:40:38.265+0200] {processor.py:836} INFO - DAG(s) dict_keys(['example_task_group_decorator']) retrieved from /Users/saumyagoyal/JupyterNotebook/MLCon/MLCon_23/2_airflow/.venv/lib/python3.11/site-packages/airflow/example_dags/example_task_group_decorator.py
[2023-06-22T14:40:38.907+0200] {logging_mixin.py:149} INFO - [2023-06-22T14:40:38.907+0200] {dag.py:2726} INFO - Sync 1 DAGs
[2023-06-22T14:40:38.920+0200] {logging_mixin.py:149} INFO - [2023-06-22T14:40:38.920+0200] {dag.py:3486} INFO - Setting next_dagrun for example_task_group_decorator to 2023-06-21T12:40:38.920136+00:00, run_after=2023-06-22T12:40:38.920136+00:00
[2023-06-22T14:40:38.935+0200] {processor.py:179} INFO - Processing /Users/saumyagoyal/JupyterNotebook/MLCon/MLCon_23/2_airflow/.venv/lib/python3.11/site-packages/airflow/example_dags/example_task_group_decorator.py took 0.710 seconds
[2023-06-22T14:42:05.251+0200] {processor.py:157} INFO - Started process (PID=85349) to work on /Users/saumyagoyal/JupyterNotebook/MLCon/MLCon_23/2_airflow/.venv/lib/python3.11/site-packages/airflow/example_dags/example_task_group_decorator.py
[2023-06-22T14:42:05.254+0200] {processor.py:826} INFO - Processing file /Users/saumyagoyal/JupyterNotebook/MLCon/MLCon_23/2_airflow/.venv/lib/python3.11/site-packages/airflow/example_dags/example_task_group_decorator.py for tasks to queue
[2023-06-22T14:42:05.254+0200] {logging_mixin.py:149} INFO - [2023-06-22T14:42:05.254+0200] {dagbag.py:541} INFO - Filling up the DagBag from /Users/saumyagoyal/JupyterNotebook/MLCon/MLCon_23/2_airflow/.venv/lib/python3.11/site-packages/airflow/example_dags/example_task_group_decorator.py
[2023-06-22T14:42:05.300+0200] {processor.py:836} INFO - DAG(s) dict_keys(['example_task_group_decorator']) retrieved from /Users/saumyagoyal/JupyterNotebook/MLCon/MLCon_23/2_airflow/.venv/lib/python3.11/site-packages/airflow/example_dags/example_task_group_decorator.py
[2023-06-22T14:42:05.985+0200] {logging_mixin.py:149} INFO - [2023-06-22T14:42:05.985+0200] {dag.py:2726} INFO - Sync 1 DAGs
[2023-06-22T14:42:05.998+0200] {logging_mixin.py:149} INFO - [2023-06-22T14:42:05.997+0200] {dag.py:3486} INFO - Setting next_dagrun for example_task_group_decorator to 2023-06-21T12:42:05.997828+00:00, run_after=2023-06-22T12:42:05.997828+00:00
[2023-06-22T14:42:06.012+0200] {processor.py:179} INFO - Processing /Users/saumyagoyal/JupyterNotebook/MLCon/MLCon_23/2_airflow/.venv/lib/python3.11/site-packages/airflow/example_dags/example_task_group_decorator.py took 0.762 seconds
[2023-06-22T14:43:31.445+0200] {processor.py:157} INFO - Started process (PID=85422) to work on /Users/saumyagoyal/JupyterNotebook/MLCon/MLCon_23/2_airflow/.venv/lib/python3.11/site-packages/airflow/example_dags/example_task_group_decorator.py
[2023-06-22T14:43:31.447+0200] {processor.py:826} INFO - Processing file /Users/saumyagoyal/JupyterNotebook/MLCon/MLCon_23/2_airflow/.venv/lib/python3.11/site-packages/airflow/example_dags/example_task_group_decorator.py for tasks to queue
[2023-06-22T14:43:31.448+0200] {logging_mixin.py:149} INFO - [2023-06-22T14:43:31.447+0200] {dagbag.py:541} INFO - Filling up the DagBag from /Users/saumyagoyal/JupyterNotebook/MLCon/MLCon_23/2_airflow/.venv/lib/python3.11/site-packages/airflow/example_dags/example_task_group_decorator.py
[2023-06-22T14:43:31.483+0200] {processor.py:836} INFO - DAG(s) dict_keys(['example_task_group_decorator']) retrieved from /Users/saumyagoyal/JupyterNotebook/MLCon/MLCon_23/2_airflow/.venv/lib/python3.11/site-packages/airflow/example_dags/example_task_group_decorator.py
[2023-06-22T14:43:32.114+0200] {logging_mixin.py:149} INFO - [2023-06-22T14:43:32.114+0200] {dag.py:2726} INFO - Sync 1 DAGs
[2023-06-22T14:43:32.124+0200] {logging_mixin.py:149} INFO - [2023-06-22T14:43:32.124+0200] {dag.py:3486} INFO - Setting next_dagrun for example_task_group_decorator to 2023-06-21T12:43:32.124211+00:00, run_after=2023-06-22T12:43:32.124211+00:00
[2023-06-22T14:43:32.136+0200] {processor.py:179} INFO - Processing /Users/saumyagoyal/JupyterNotebook/MLCon/MLCon_23/2_airflow/.venv/lib/python3.11/site-packages/airflow/example_dags/example_task_group_decorator.py took 0.691 seconds
[2023-06-22T14:44:55.750+0200] {processor.py:157} INFO - Started process (PID=85481) to work on /Users/saumyagoyal/JupyterNotebook/MLCon/MLCon_23/2_airflow/.venv/lib/python3.11/site-packages/airflow/example_dags/example_task_group_decorator.py
[2023-06-22T14:44:55.753+0200] {processor.py:826} INFO - Processing file /Users/saumyagoyal/JupyterNotebook/MLCon/MLCon_23/2_airflow/.venv/lib/python3.11/site-packages/airflow/example_dags/example_task_group_decorator.py for tasks to queue
[2023-06-22T14:44:55.753+0200] {logging_mixin.py:149} INFO - [2023-06-22T14:44:55.753+0200] {dagbag.py:541} INFO - Filling up the DagBag from /Users/saumyagoyal/JupyterNotebook/MLCon/MLCon_23/2_airflow/.venv/lib/python3.11/site-packages/airflow/example_dags/example_task_group_decorator.py
[2023-06-22T14:44:55.791+0200] {processor.py:836} INFO - DAG(s) dict_keys(['example_task_group_decorator']) retrieved from /Users/saumyagoyal/JupyterNotebook/MLCon/MLCon_23/2_airflow/.venv/lib/python3.11/site-packages/airflow/example_dags/example_task_group_decorator.py
[2023-06-22T14:44:56.409+0200] {logging_mixin.py:149} INFO - [2023-06-22T14:44:56.408+0200] {dag.py:2726} INFO - Sync 1 DAGs
[2023-06-22T14:44:56.418+0200] {logging_mixin.py:149} INFO - [2023-06-22T14:44:56.418+0200] {dag.py:3486} INFO - Setting next_dagrun for example_task_group_decorator to 2023-06-21T12:44:56.418729+00:00, run_after=2023-06-22T12:44:56.418729+00:00
[2023-06-22T14:44:56.432+0200] {processor.py:179} INFO - Processing /Users/saumyagoyal/JupyterNotebook/MLCon/MLCon_23/2_airflow/.venv/lib/python3.11/site-packages/airflow/example_dags/example_task_group_decorator.py took 0.682 seconds
