[2023-06-22T14:25:49.490+0200] {processor.py:157} INFO - Started process (PID=84241) to work on /Users/saumyagoyal/JupyterNotebook/MLCon/MLCon_23/2_airflow/.venv/lib/python3.11/site-packages/airflow/example_dags/example_xcom.py
[2023-06-22T14:25:49.493+0200] {processor.py:826} INFO - Processing file /Users/saumyagoyal/JupyterNotebook/MLCon/MLCon_23/2_airflow/.venv/lib/python3.11/site-packages/airflow/example_dags/example_xcom.py for tasks to queue
[2023-06-22T14:25:49.493+0200] {logging_mixin.py:149} INFO - [2023-06-22T14:25:49.493+0200] {dagbag.py:541} INFO - Filling up the DagBag from /Users/saumyagoyal/JupyterNotebook/MLCon/MLCon_23/2_airflow/.venv/lib/python3.11/site-packages/airflow/example_dags/example_xcom.py
[2023-06-22T14:25:49.529+0200] {processor.py:836} INFO - DAG(s) dict_keys(['example_xcom']) retrieved from /Users/saumyagoyal/JupyterNotebook/MLCon/MLCon_23/2_airflow/.venv/lib/python3.11/site-packages/airflow/example_dags/example_xcom.py
[2023-06-22T14:25:50.282+0200] {logging_mixin.py:149} INFO - [2023-06-22T14:25:50.281+0200] {manager.py:504} INFO - Created Permission View: can read on DAG:example_xcom
[2023-06-22T14:25:50.287+0200] {logging_mixin.py:149} INFO - [2023-06-22T14:25:50.287+0200] {manager.py:504} INFO - Created Permission View: can delete on DAG:example_xcom
[2023-06-22T14:25:50.291+0200] {logging_mixin.py:149} INFO - [2023-06-22T14:25:50.291+0200] {manager.py:504} INFO - Created Permission View: can edit on DAG:example_xcom
[2023-06-22T14:25:50.292+0200] {logging_mixin.py:149} INFO - [2023-06-22T14:25:50.291+0200] {dag.py:2726} INFO - Sync 1 DAGs
[2023-06-22T14:25:50.299+0200] {logging_mixin.py:149} INFO - [2023-06-22T14:25:50.299+0200] {dag.py:2747} INFO - Creating ORM DAG for example_xcom
[2023-06-22T14:25:50.304+0200] {logging_mixin.py:149} INFO - [2023-06-22T14:25:50.304+0200] {dag.py:3486} INFO - Setting next_dagrun for example_xcom to 2021-01-01T00:00:00+00:00, run_after=2021-01-01T00:00:00+00:00
[2023-06-22T14:25:50.315+0200] {processor.py:179} INFO - Processing /Users/saumyagoyal/JupyterNotebook/MLCon/MLCon_23/2_airflow/.venv/lib/python3.11/site-packages/airflow/example_dags/example_xcom.py took 0.826 seconds
[2023-06-22T14:27:50.977+0200] {processor.py:157} INFO - Started process (PID=84320) to work on /Users/saumyagoyal/JupyterNotebook/MLCon/MLCon_23/2_airflow/.venv/lib/python3.11/site-packages/airflow/example_dags/example_xcom.py
[2023-06-22T14:27:50.979+0200] {processor.py:826} INFO - Processing file /Users/saumyagoyal/JupyterNotebook/MLCon/MLCon_23/2_airflow/.venv/lib/python3.11/site-packages/airflow/example_dags/example_xcom.py for tasks to queue
[2023-06-22T14:27:50.979+0200] {logging_mixin.py:149} INFO - [2023-06-22T14:27:50.979+0200] {dagbag.py:541} INFO - Filling up the DagBag from /Users/saumyagoyal/JupyterNotebook/MLCon/MLCon_23/2_airflow/.venv/lib/python3.11/site-packages/airflow/example_dags/example_xcom.py
[2023-06-22T14:27:51.020+0200] {processor.py:836} INFO - DAG(s) dict_keys(['example_xcom']) retrieved from /Users/saumyagoyal/JupyterNotebook/MLCon/MLCon_23/2_airflow/.venv/lib/python3.11/site-packages/airflow/example_dags/example_xcom.py
[2023-06-22T14:27:51.695+0200] {logging_mixin.py:149} INFO - [2023-06-22T14:27:51.694+0200] {dag.py:2726} INFO - Sync 1 DAGs
[2023-06-22T14:27:51.705+0200] {logging_mixin.py:149} INFO - [2023-06-22T14:27:51.705+0200] {dag.py:3486} INFO - Setting next_dagrun for example_xcom to 2021-01-01T00:00:00+00:00, run_after=2021-01-01T00:00:00+00:00
[2023-06-22T14:27:51.719+0200] {processor.py:179} INFO - Processing /Users/saumyagoyal/JupyterNotebook/MLCon/MLCon_23/2_airflow/.venv/lib/python3.11/site-packages/airflow/example_dags/example_xcom.py took 0.743 seconds
[2023-06-22T14:29:14.138+0200] {processor.py:157} INFO - Started process (PID=84365) to work on /Users/saumyagoyal/JupyterNotebook/MLCon/MLCon_23/2_airflow/.venv/lib/python3.11/site-packages/airflow/example_dags/example_xcom.py
[2023-06-22T14:29:14.140+0200] {processor.py:826} INFO - Processing file /Users/saumyagoyal/JupyterNotebook/MLCon/MLCon_23/2_airflow/.venv/lib/python3.11/site-packages/airflow/example_dags/example_xcom.py for tasks to queue
[2023-06-22T14:29:14.140+0200] {logging_mixin.py:149} INFO - [2023-06-22T14:29:14.140+0200] {dagbag.py:541} INFO - Filling up the DagBag from /Users/saumyagoyal/JupyterNotebook/MLCon/MLCon_23/2_airflow/.venv/lib/python3.11/site-packages/airflow/example_dags/example_xcom.py
[2023-06-22T14:29:14.174+0200] {processor.py:836} INFO - DAG(s) dict_keys(['example_xcom']) retrieved from /Users/saumyagoyal/JupyterNotebook/MLCon/MLCon_23/2_airflow/.venv/lib/python3.11/site-packages/airflow/example_dags/example_xcom.py
[2023-06-22T14:29:14.810+0200] {logging_mixin.py:149} INFO - [2023-06-22T14:29:14.810+0200] {dag.py:2726} INFO - Sync 1 DAGs
[2023-06-22T14:29:14.820+0200] {logging_mixin.py:149} INFO - [2023-06-22T14:29:14.820+0200] {dag.py:3486} INFO - Setting next_dagrun for example_xcom to 2021-01-01T00:00:00+00:00, run_after=2021-01-01T00:00:00+00:00
[2023-06-22T14:29:14.833+0200] {processor.py:179} INFO - Processing /Users/saumyagoyal/JupyterNotebook/MLCon/MLCon_23/2_airflow/.venv/lib/python3.11/site-packages/airflow/example_dags/example_xcom.py took 0.696 seconds
[2023-06-22T14:30:29.658+0200] {processor.py:157} INFO - Started process (PID=84410) to work on /Users/saumyagoyal/JupyterNotebook/MLCon/MLCon_23/2_airflow/.venv/lib/python3.11/site-packages/airflow/example_dags/example_xcom.py
[2023-06-22T14:30:29.661+0200] {processor.py:826} INFO - Processing file /Users/saumyagoyal/JupyterNotebook/MLCon/MLCon_23/2_airflow/.venv/lib/python3.11/site-packages/airflow/example_dags/example_xcom.py for tasks to queue
[2023-06-22T14:30:29.661+0200] {logging_mixin.py:149} INFO - [2023-06-22T14:30:29.661+0200] {dagbag.py:541} INFO - Filling up the DagBag from /Users/saumyagoyal/JupyterNotebook/MLCon/MLCon_23/2_airflow/.venv/lib/python3.11/site-packages/airflow/example_dags/example_xcom.py
[2023-06-22T14:30:29.695+0200] {processor.py:836} INFO - DAG(s) dict_keys(['example_xcom']) retrieved from /Users/saumyagoyal/JupyterNotebook/MLCon/MLCon_23/2_airflow/.venv/lib/python3.11/site-packages/airflow/example_dags/example_xcom.py
[2023-06-22T14:30:30.312+0200] {logging_mixin.py:149} INFO - [2023-06-22T14:30:30.311+0200] {dag.py:2726} INFO - Sync 1 DAGs
[2023-06-22T14:30:30.322+0200] {logging_mixin.py:149} INFO - [2023-06-22T14:30:30.322+0200] {dag.py:3486} INFO - Setting next_dagrun for example_xcom to 2021-01-01T00:00:00+00:00, run_after=2021-01-01T00:00:00+00:00
[2023-06-22T14:30:30.339+0200] {processor.py:179} INFO - Processing /Users/saumyagoyal/JupyterNotebook/MLCon/MLCon_23/2_airflow/.venv/lib/python3.11/site-packages/airflow/example_dags/example_xcom.py took 0.681 seconds
[2023-06-22T14:31:43.534+0200] {processor.py:157} INFO - Started process (PID=84449) to work on /Users/saumyagoyal/JupyterNotebook/MLCon/MLCon_23/2_airflow/.venv/lib/python3.11/site-packages/airflow/example_dags/example_xcom.py
[2023-06-22T14:31:43.538+0200] {processor.py:826} INFO - Processing file /Users/saumyagoyal/JupyterNotebook/MLCon/MLCon_23/2_airflow/.venv/lib/python3.11/site-packages/airflow/example_dags/example_xcom.py for tasks to queue
[2023-06-22T14:31:43.538+0200] {logging_mixin.py:149} INFO - [2023-06-22T14:31:43.538+0200] {dagbag.py:541} INFO - Filling up the DagBag from /Users/saumyagoyal/JupyterNotebook/MLCon/MLCon_23/2_airflow/.venv/lib/python3.11/site-packages/airflow/example_dags/example_xcom.py
[2023-06-22T14:31:43.575+0200] {processor.py:836} INFO - DAG(s) dict_keys(['example_xcom']) retrieved from /Users/saumyagoyal/JupyterNotebook/MLCon/MLCon_23/2_airflow/.venv/lib/python3.11/site-packages/airflow/example_dags/example_xcom.py
[2023-06-22T14:31:44.200+0200] {logging_mixin.py:149} INFO - [2023-06-22T14:31:44.199+0200] {dag.py:2726} INFO - Sync 1 DAGs
[2023-06-22T14:31:44.209+0200] {logging_mixin.py:149} INFO - [2023-06-22T14:31:44.209+0200] {dag.py:3486} INFO - Setting next_dagrun for example_xcom to 2021-01-01T00:00:00+00:00, run_after=2021-01-01T00:00:00+00:00
[2023-06-22T14:31:44.225+0200] {processor.py:179} INFO - Processing /Users/saumyagoyal/JupyterNotebook/MLCon/MLCon_23/2_airflow/.venv/lib/python3.11/site-packages/airflow/example_dags/example_xcom.py took 0.691 seconds
[2023-06-22T14:33:02.091+0200] {processor.py:157} INFO - Started process (PID=84562) to work on /Users/saumyagoyal/JupyterNotebook/MLCon/MLCon_23/2_airflow/.venv/lib/python3.11/site-packages/airflow/example_dags/example_xcom.py
[2023-06-22T14:33:02.093+0200] {processor.py:826} INFO - Processing file /Users/saumyagoyal/JupyterNotebook/MLCon/MLCon_23/2_airflow/.venv/lib/python3.11/site-packages/airflow/example_dags/example_xcom.py for tasks to queue
[2023-06-22T14:33:02.094+0200] {logging_mixin.py:149} INFO - [2023-06-22T14:33:02.094+0200] {dagbag.py:541} INFO - Filling up the DagBag from /Users/saumyagoyal/JupyterNotebook/MLCon/MLCon_23/2_airflow/.venv/lib/python3.11/site-packages/airflow/example_dags/example_xcom.py
[2023-06-22T14:33:02.128+0200] {processor.py:836} INFO - DAG(s) dict_keys(['example_xcom']) retrieved from /Users/saumyagoyal/JupyterNotebook/MLCon/MLCon_23/2_airflow/.venv/lib/python3.11/site-packages/airflow/example_dags/example_xcom.py
[2023-06-22T14:33:02.761+0200] {logging_mixin.py:149} INFO - [2023-06-22T14:33:02.761+0200] {dag.py:2726} INFO - Sync 1 DAGs
[2023-06-22T14:33:02.772+0200] {logging_mixin.py:149} INFO - [2023-06-22T14:33:02.772+0200] {dag.py:3486} INFO - Setting next_dagrun for example_xcom to 2021-01-01T00:00:00+00:00, run_after=2021-01-01T00:00:00+00:00
[2023-06-22T14:33:02.785+0200] {processor.py:179} INFO - Processing /Users/saumyagoyal/JupyterNotebook/MLCon/MLCon_23/2_airflow/.venv/lib/python3.11/site-packages/airflow/example_dags/example_xcom.py took 0.694 seconds
[2023-06-22T14:34:26.748+0200] {processor.py:157} INFO - Started process (PID=84689) to work on /Users/saumyagoyal/JupyterNotebook/MLCon/MLCon_23/2_airflow/.venv/lib/python3.11/site-packages/airflow/example_dags/example_xcom.py
[2023-06-22T14:34:26.750+0200] {processor.py:826} INFO - Processing file /Users/saumyagoyal/JupyterNotebook/MLCon/MLCon_23/2_airflow/.venv/lib/python3.11/site-packages/airflow/example_dags/example_xcom.py for tasks to queue
[2023-06-22T14:34:26.751+0200] {logging_mixin.py:149} INFO - [2023-06-22T14:34:26.751+0200] {dagbag.py:541} INFO - Filling up the DagBag from /Users/saumyagoyal/JupyterNotebook/MLCon/MLCon_23/2_airflow/.venv/lib/python3.11/site-packages/airflow/example_dags/example_xcom.py
[2023-06-22T14:34:26.793+0200] {processor.py:836} INFO - DAG(s) dict_keys(['example_xcom']) retrieved from /Users/saumyagoyal/JupyterNotebook/MLCon/MLCon_23/2_airflow/.venv/lib/python3.11/site-packages/airflow/example_dags/example_xcom.py
[2023-06-22T14:34:27.489+0200] {logging_mixin.py:149} INFO - [2023-06-22T14:34:27.488+0200] {dag.py:2726} INFO - Sync 1 DAGs
[2023-06-22T14:34:27.501+0200] {logging_mixin.py:149} INFO - [2023-06-22T14:34:27.501+0200] {dag.py:3486} INFO - Setting next_dagrun for example_xcom to 2021-01-01T00:00:00+00:00, run_after=2021-01-01T00:00:00+00:00
[2023-06-22T14:34:27.515+0200] {processor.py:179} INFO - Processing /Users/saumyagoyal/JupyterNotebook/MLCon/MLCon_23/2_airflow/.venv/lib/python3.11/site-packages/airflow/example_dags/example_xcom.py took 0.768 seconds
[2023-06-22T14:35:59.433+0200] {processor.py:157} INFO - Started process (PID=84769) to work on /Users/saumyagoyal/JupyterNotebook/MLCon/MLCon_23/2_airflow/.venv/lib/python3.11/site-packages/airflow/example_dags/example_xcom.py
[2023-06-22T14:35:59.436+0200] {processor.py:826} INFO - Processing file /Users/saumyagoyal/JupyterNotebook/MLCon/MLCon_23/2_airflow/.venv/lib/python3.11/site-packages/airflow/example_dags/example_xcom.py for tasks to queue
[2023-06-22T14:35:59.437+0200] {logging_mixin.py:149} INFO - [2023-06-22T14:35:59.437+0200] {dagbag.py:541} INFO - Filling up the DagBag from /Users/saumyagoyal/JupyterNotebook/MLCon/MLCon_23/2_airflow/.venv/lib/python3.11/site-packages/airflow/example_dags/example_xcom.py
[2023-06-22T14:35:59.477+0200] {processor.py:836} INFO - DAG(s) dict_keys(['example_xcom']) retrieved from /Users/saumyagoyal/JupyterNotebook/MLCon/MLCon_23/2_airflow/.venv/lib/python3.11/site-packages/airflow/example_dags/example_xcom.py
[2023-06-22T14:36:00.109+0200] {logging_mixin.py:149} INFO - [2023-06-22T14:36:00.109+0200] {dag.py:2726} INFO - Sync 1 DAGs
[2023-06-22T14:36:00.120+0200] {logging_mixin.py:149} INFO - [2023-06-22T14:36:00.119+0200] {dag.py:3486} INFO - Setting next_dagrun for example_xcom to 2021-01-01T00:00:00+00:00, run_after=2021-01-01T00:00:00+00:00
[2023-06-22T14:36:00.133+0200] {processor.py:179} INFO - Processing /Users/saumyagoyal/JupyterNotebook/MLCon/MLCon_23/2_airflow/.venv/lib/python3.11/site-packages/airflow/example_dags/example_xcom.py took 0.700 seconds
[2023-06-22T14:37:28.769+0200] {processor.py:157} INFO - Started process (PID=84967) to work on /Users/saumyagoyal/JupyterNotebook/MLCon/MLCon_23/2_airflow/.venv/lib/python3.11/site-packages/airflow/example_dags/example_xcom.py
[2023-06-22T14:37:28.772+0200] {processor.py:826} INFO - Processing file /Users/saumyagoyal/JupyterNotebook/MLCon/MLCon_23/2_airflow/.venv/lib/python3.11/site-packages/airflow/example_dags/example_xcom.py for tasks to queue
[2023-06-22T14:37:28.772+0200] {logging_mixin.py:149} INFO - [2023-06-22T14:37:28.772+0200] {dagbag.py:541} INFO - Filling up the DagBag from /Users/saumyagoyal/JupyterNotebook/MLCon/MLCon_23/2_airflow/.venv/lib/python3.11/site-packages/airflow/example_dags/example_xcom.py
[2023-06-22T14:37:28.809+0200] {processor.py:836} INFO - DAG(s) dict_keys(['example_xcom']) retrieved from /Users/saumyagoyal/JupyterNotebook/MLCon/MLCon_23/2_airflow/.venv/lib/python3.11/site-packages/airflow/example_dags/example_xcom.py
[2023-06-22T14:37:29.410+0200] {logging_mixin.py:149} INFO - [2023-06-22T14:37:29.410+0200] {dag.py:2726} INFO - Sync 1 DAGs
[2023-06-22T14:37:29.420+0200] {logging_mixin.py:149} INFO - [2023-06-22T14:37:29.420+0200] {dag.py:3486} INFO - Setting next_dagrun for example_xcom to 2021-01-01T00:00:00+00:00, run_after=2021-01-01T00:00:00+00:00
[2023-06-22T14:37:29.433+0200] {processor.py:179} INFO - Processing /Users/saumyagoyal/JupyterNotebook/MLCon/MLCon_23/2_airflow/.venv/lib/python3.11/site-packages/airflow/example_dags/example_xcom.py took 0.665 seconds
[2023-06-22T14:38:57.244+0200] {processor.py:157} INFO - Started process (PID=85060) to work on /Users/saumyagoyal/JupyterNotebook/MLCon/MLCon_23/2_airflow/.venv/lib/python3.11/site-packages/airflow/example_dags/example_xcom.py
[2023-06-22T14:38:57.247+0200] {processor.py:826} INFO - Processing file /Users/saumyagoyal/JupyterNotebook/MLCon/MLCon_23/2_airflow/.venv/lib/python3.11/site-packages/airflow/example_dags/example_xcom.py for tasks to queue
[2023-06-22T14:38:57.247+0200] {logging_mixin.py:149} INFO - [2023-06-22T14:38:57.247+0200] {dagbag.py:541} INFO - Filling up the DagBag from /Users/saumyagoyal/JupyterNotebook/MLCon/MLCon_23/2_airflow/.venv/lib/python3.11/site-packages/airflow/example_dags/example_xcom.py
[2023-06-22T14:38:57.279+0200] {processor.py:836} INFO - DAG(s) dict_keys(['example_xcom']) retrieved from /Users/saumyagoyal/JupyterNotebook/MLCon/MLCon_23/2_airflow/.venv/lib/python3.11/site-packages/airflow/example_dags/example_xcom.py
[2023-06-22T14:38:57.874+0200] {logging_mixin.py:149} INFO - [2023-06-22T14:38:57.874+0200] {dag.py:2726} INFO - Sync 1 DAGs
[2023-06-22T14:38:57.884+0200] {logging_mixin.py:149} INFO - [2023-06-22T14:38:57.884+0200] {dag.py:3486} INFO - Setting next_dagrun for example_xcom to 2021-01-01T00:00:00+00:00, run_after=2021-01-01T00:00:00+00:00
[2023-06-22T14:38:57.897+0200] {processor.py:179} INFO - Processing /Users/saumyagoyal/JupyterNotebook/MLCon/MLCon_23/2_airflow/.venv/lib/python3.11/site-packages/airflow/example_dags/example_xcom.py took 0.653 seconds
[2023-06-22T14:40:27.599+0200] {processor.py:157} INFO - Started process (PID=85205) to work on /Users/saumyagoyal/JupyterNotebook/MLCon/MLCon_23/2_airflow/.venv/lib/python3.11/site-packages/airflow/example_dags/example_xcom.py
[2023-06-22T14:40:27.602+0200] {processor.py:826} INFO - Processing file /Users/saumyagoyal/JupyterNotebook/MLCon/MLCon_23/2_airflow/.venv/lib/python3.11/site-packages/airflow/example_dags/example_xcom.py for tasks to queue
[2023-06-22T14:40:27.602+0200] {logging_mixin.py:149} INFO - [2023-06-22T14:40:27.602+0200] {dagbag.py:541} INFO - Filling up the DagBag from /Users/saumyagoyal/JupyterNotebook/MLCon/MLCon_23/2_airflow/.venv/lib/python3.11/site-packages/airflow/example_dags/example_xcom.py
[2023-06-22T14:40:27.646+0200] {processor.py:836} INFO - DAG(s) dict_keys(['example_xcom']) retrieved from /Users/saumyagoyal/JupyterNotebook/MLCon/MLCon_23/2_airflow/.venv/lib/python3.11/site-packages/airflow/example_dags/example_xcom.py
[2023-06-22T14:40:28.323+0200] {logging_mixin.py:149} INFO - [2023-06-22T14:40:28.323+0200] {dag.py:2726} INFO - Sync 1 DAGs
[2023-06-22T14:40:28.335+0200] {logging_mixin.py:149} INFO - [2023-06-22T14:40:28.335+0200] {dag.py:3486} INFO - Setting next_dagrun for example_xcom to 2021-01-01T00:00:00+00:00, run_after=2021-01-01T00:00:00+00:00
[2023-06-22T14:40:28.348+0200] {processor.py:179} INFO - Processing /Users/saumyagoyal/JupyterNotebook/MLCon/MLCon_23/2_airflow/.venv/lib/python3.11/site-packages/airflow/example_dags/example_xcom.py took 0.749 seconds
[2023-06-22T14:41:54.821+0200] {processor.py:157} INFO - Started process (PID=85336) to work on /Users/saumyagoyal/JupyterNotebook/MLCon/MLCon_23/2_airflow/.venv/lib/python3.11/site-packages/airflow/example_dags/example_xcom.py
[2023-06-22T14:41:54.824+0200] {processor.py:826} INFO - Processing file /Users/saumyagoyal/JupyterNotebook/MLCon/MLCon_23/2_airflow/.venv/lib/python3.11/site-packages/airflow/example_dags/example_xcom.py for tasks to queue
[2023-06-22T14:41:54.824+0200] {logging_mixin.py:149} INFO - [2023-06-22T14:41:54.824+0200] {dagbag.py:541} INFO - Filling up the DagBag from /Users/saumyagoyal/JupyterNotebook/MLCon/MLCon_23/2_airflow/.venv/lib/python3.11/site-packages/airflow/example_dags/example_xcom.py
[2023-06-22T14:41:54.862+0200] {processor.py:836} INFO - DAG(s) dict_keys(['example_xcom']) retrieved from /Users/saumyagoyal/JupyterNotebook/MLCon/MLCon_23/2_airflow/.venv/lib/python3.11/site-packages/airflow/example_dags/example_xcom.py
[2023-06-22T14:41:55.486+0200] {logging_mixin.py:149} INFO - [2023-06-22T14:41:55.486+0200] {dag.py:2726} INFO - Sync 1 DAGs
[2023-06-22T14:41:55.498+0200] {logging_mixin.py:149} INFO - [2023-06-22T14:41:55.497+0200] {dag.py:3486} INFO - Setting next_dagrun for example_xcom to 2021-01-01T00:00:00+00:00, run_after=2021-01-01T00:00:00+00:00
[2023-06-22T14:41:55.511+0200] {processor.py:179} INFO - Processing /Users/saumyagoyal/JupyterNotebook/MLCon/MLCon_23/2_airflow/.venv/lib/python3.11/site-packages/airflow/example_dags/example_xcom.py took 0.690 seconds
[2023-06-22T14:43:21.181+0200] {processor.py:157} INFO - Started process (PID=85417) to work on /Users/saumyagoyal/JupyterNotebook/MLCon/MLCon_23/2_airflow/.venv/lib/python3.11/site-packages/airflow/example_dags/example_xcom.py
[2023-06-22T14:43:21.184+0200] {processor.py:826} INFO - Processing file /Users/saumyagoyal/JupyterNotebook/MLCon/MLCon_23/2_airflow/.venv/lib/python3.11/site-packages/airflow/example_dags/example_xcom.py for tasks to queue
[2023-06-22T14:43:21.184+0200] {logging_mixin.py:149} INFO - [2023-06-22T14:43:21.184+0200] {dagbag.py:541} INFO - Filling up the DagBag from /Users/saumyagoyal/JupyterNotebook/MLCon/MLCon_23/2_airflow/.venv/lib/python3.11/site-packages/airflow/example_dags/example_xcom.py
[2023-06-22T14:43:21.218+0200] {processor.py:836} INFO - DAG(s) dict_keys(['example_xcom']) retrieved from /Users/saumyagoyal/JupyterNotebook/MLCon/MLCon_23/2_airflow/.venv/lib/python3.11/site-packages/airflow/example_dags/example_xcom.py
[2023-06-22T14:43:21.851+0200] {logging_mixin.py:149} INFO - [2023-06-22T14:43:21.851+0200] {dag.py:2726} INFO - Sync 1 DAGs
[2023-06-22T14:43:21.861+0200] {logging_mixin.py:149} INFO - [2023-06-22T14:43:21.861+0200] {dag.py:3486} INFO - Setting next_dagrun for example_xcom to 2021-01-01T00:00:00+00:00, run_after=2021-01-01T00:00:00+00:00
[2023-06-22T14:43:21.872+0200] {processor.py:179} INFO - Processing /Users/saumyagoyal/JupyterNotebook/MLCon/MLCon_23/2_airflow/.venv/lib/python3.11/site-packages/airflow/example_dags/example_xcom.py took 0.692 seconds
[2023-06-22T14:44:44.939+0200] {processor.py:157} INFO - Started process (PID=85470) to work on /Users/saumyagoyal/JupyterNotebook/MLCon/MLCon_23/2_airflow/.venv/lib/python3.11/site-packages/airflow/example_dags/example_xcom.py
[2023-06-22T14:44:44.943+0200] {processor.py:826} INFO - Processing file /Users/saumyagoyal/JupyterNotebook/MLCon/MLCon_23/2_airflow/.venv/lib/python3.11/site-packages/airflow/example_dags/example_xcom.py for tasks to queue
[2023-06-22T14:44:44.944+0200] {logging_mixin.py:149} INFO - [2023-06-22T14:44:44.944+0200] {dagbag.py:541} INFO - Filling up the DagBag from /Users/saumyagoyal/JupyterNotebook/MLCon/MLCon_23/2_airflow/.venv/lib/python3.11/site-packages/airflow/example_dags/example_xcom.py
[2023-06-22T14:44:44.986+0200] {processor.py:836} INFO - DAG(s) dict_keys(['example_xcom']) retrieved from /Users/saumyagoyal/JupyterNotebook/MLCon/MLCon_23/2_airflow/.venv/lib/python3.11/site-packages/airflow/example_dags/example_xcom.py
[2023-06-22T14:44:45.678+0200] {logging_mixin.py:149} INFO - [2023-06-22T14:44:45.677+0200] {dag.py:2726} INFO - Sync 1 DAGs
[2023-06-22T14:44:45.691+0200] {logging_mixin.py:149} INFO - [2023-06-22T14:44:45.690+0200] {dag.py:3486} INFO - Setting next_dagrun for example_xcom to 2021-01-01T00:00:00+00:00, run_after=2021-01-01T00:00:00+00:00
[2023-06-22T14:44:45.704+0200] {processor.py:179} INFO - Processing /Users/saumyagoyal/JupyterNotebook/MLCon/MLCon_23/2_airflow/.venv/lib/python3.11/site-packages/airflow/example_dags/example_xcom.py took 0.765 seconds
