[2023-06-22T14:26:17.000+0200] {processor.py:157} INFO - Started process (PID=84262) to work on /Users/saumyagoyal/JupyterNotebook/MLCon/MLCon_23/2_airflow/.venv/lib/python3.11/site-packages/airflow/example_dags/example_short_circuit_decorator.py
[2023-06-22T14:26:17.003+0200] {processor.py:826} INFO - Processing file /Users/saumyagoyal/JupyterNotebook/MLCon/MLCon_23/2_airflow/.venv/lib/python3.11/site-packages/airflow/example_dags/example_short_circuit_decorator.py for tasks to queue
[2023-06-22T14:26:17.003+0200] {logging_mixin.py:149} INFO - [2023-06-22T14:26:17.003+0200] {dagbag.py:541} INFO - Filling up the DagBag from /Users/saumyagoyal/JupyterNotebook/MLCon/MLCon_23/2_airflow/.venv/lib/python3.11/site-packages/airflow/example_dags/example_short_circuit_decorator.py
[2023-06-22T14:26:17.040+0200] {processor.py:836} INFO - DAG(s) dict_keys(['example_short_circuit_decorator']) retrieved from /Users/saumyagoyal/JupyterNotebook/MLCon/MLCon_23/2_airflow/.venv/lib/python3.11/site-packages/airflow/example_dags/example_short_circuit_decorator.py
[2023-06-22T14:26:17.753+0200] {logging_mixin.py:149} INFO - [2023-06-22T14:26:17.753+0200] {manager.py:504} INFO - Created Permission View: can read on DAG:example_short_circuit_decorator
[2023-06-22T14:26:17.758+0200] {logging_mixin.py:149} INFO - [2023-06-22T14:26:17.758+0200] {manager.py:504} INFO - Created Permission View: can edit on DAG:example_short_circuit_decorator
[2023-06-22T14:26:17.761+0200] {logging_mixin.py:149} INFO - [2023-06-22T14:26:17.761+0200] {manager.py:504} INFO - Created Permission View: can delete on DAG:example_short_circuit_decorator
[2023-06-22T14:26:17.762+0200] {logging_mixin.py:149} INFO - [2023-06-22T14:26:17.762+0200] {dag.py:2726} INFO - Sync 1 DAGs
[2023-06-22T14:26:17.769+0200] {logging_mixin.py:149} INFO - [2023-06-22T14:26:17.769+0200] {dag.py:2747} INFO - Creating ORM DAG for example_short_circuit_decorator
[2023-06-22T14:26:17.774+0200] {logging_mixin.py:149} INFO - [2023-06-22T14:26:17.774+0200] {dag.py:3486} INFO - Setting next_dagrun for example_short_circuit_decorator to 2023-06-21T12:26:17.773998+00:00, run_after=2023-06-22T12:26:17.773998+00:00
[2023-06-22T14:26:17.785+0200] {processor.py:179} INFO - Processing /Users/saumyagoyal/JupyterNotebook/MLCon/MLCon_23/2_airflow/.venv/lib/python3.11/site-packages/airflow/example_dags/example_short_circuit_decorator.py took 0.786 seconds
[2023-06-22T14:28:17.804+0200] {processor.py:157} INFO - Started process (PID=84334) to work on /Users/saumyagoyal/JupyterNotebook/MLCon/MLCon_23/2_airflow/.venv/lib/python3.11/site-packages/airflow/example_dags/example_short_circuit_decorator.py
[2023-06-22T14:28:17.807+0200] {processor.py:826} INFO - Processing file /Users/saumyagoyal/JupyterNotebook/MLCon/MLCon_23/2_airflow/.venv/lib/python3.11/site-packages/airflow/example_dags/example_short_circuit_decorator.py for tasks to queue
[2023-06-22T14:28:17.807+0200] {logging_mixin.py:149} INFO - [2023-06-22T14:28:17.807+0200] {dagbag.py:541} INFO - Filling up the DagBag from /Users/saumyagoyal/JupyterNotebook/MLCon/MLCon_23/2_airflow/.venv/lib/python3.11/site-packages/airflow/example_dags/example_short_circuit_decorator.py
[2023-06-22T14:28:17.843+0200] {processor.py:836} INFO - DAG(s) dict_keys(['example_short_circuit_decorator']) retrieved from /Users/saumyagoyal/JupyterNotebook/MLCon/MLCon_23/2_airflow/.venv/lib/python3.11/site-packages/airflow/example_dags/example_short_circuit_decorator.py
[2023-06-22T14:28:18.474+0200] {logging_mixin.py:149} INFO - [2023-06-22T14:28:18.474+0200] {dag.py:2726} INFO - Sync 1 DAGs
[2023-06-22T14:28:18.484+0200] {logging_mixin.py:149} INFO - [2023-06-22T14:28:18.484+0200] {dag.py:3486} INFO - Setting next_dagrun for example_short_circuit_decorator to 2023-06-21T12:28:18.484297+00:00, run_after=2023-06-22T12:28:18.484297+00:00
[2023-06-22T14:28:18.497+0200] {processor.py:179} INFO - Processing /Users/saumyagoyal/JupyterNotebook/MLCon/MLCon_23/2_airflow/.venv/lib/python3.11/site-packages/airflow/example_dags/example_short_circuit_decorator.py took 0.693 seconds
[2023-06-22T14:29:37.731+0200] {processor.py:157} INFO - Started process (PID=84378) to work on /Users/saumyagoyal/JupyterNotebook/MLCon/MLCon_23/2_airflow/.venv/lib/python3.11/site-packages/airflow/example_dags/example_short_circuit_decorator.py
[2023-06-22T14:29:37.733+0200] {processor.py:826} INFO - Processing file /Users/saumyagoyal/JupyterNotebook/MLCon/MLCon_23/2_airflow/.venv/lib/python3.11/site-packages/airflow/example_dags/example_short_circuit_decorator.py for tasks to queue
[2023-06-22T14:29:37.734+0200] {logging_mixin.py:149} INFO - [2023-06-22T14:29:37.733+0200] {dagbag.py:541} INFO - Filling up the DagBag from /Users/saumyagoyal/JupyterNotebook/MLCon/MLCon_23/2_airflow/.venv/lib/python3.11/site-packages/airflow/example_dags/example_short_circuit_decorator.py
[2023-06-22T14:29:37.768+0200] {processor.py:836} INFO - DAG(s) dict_keys(['example_short_circuit_decorator']) retrieved from /Users/saumyagoyal/JupyterNotebook/MLCon/MLCon_23/2_airflow/.venv/lib/python3.11/site-packages/airflow/example_dags/example_short_circuit_decorator.py
[2023-06-22T14:29:38.395+0200] {logging_mixin.py:149} INFO - [2023-06-22T14:29:38.395+0200] {dag.py:2726} INFO - Sync 1 DAGs
[2023-06-22T14:29:38.405+0200] {logging_mixin.py:149} INFO - [2023-06-22T14:29:38.405+0200] {dag.py:3486} INFO - Setting next_dagrun for example_short_circuit_decorator to 2023-06-21T12:29:38.405451+00:00, run_after=2023-06-22T12:29:38.405451+00:00
[2023-06-22T14:29:38.422+0200] {processor.py:179} INFO - Processing /Users/saumyagoyal/JupyterNotebook/MLCon/MLCon_23/2_airflow/.venv/lib/python3.11/site-packages/airflow/example_dags/example_short_circuit_decorator.py took 0.692 seconds
[2023-06-22T14:32:07.279+0200] {processor.py:157} INFO - Started process (PID=84462) to work on /Users/saumyagoyal/JupyterNotebook/MLCon/MLCon_23/2_airflow/.venv/lib/python3.11/site-packages/airflow/example_dags/example_short_circuit_decorator.py
[2023-06-22T14:32:07.281+0200] {processor.py:826} INFO - Processing file /Users/saumyagoyal/JupyterNotebook/MLCon/MLCon_23/2_airflow/.venv/lib/python3.11/site-packages/airflow/example_dags/example_short_circuit_decorator.py for tasks to queue
[2023-06-22T14:32:07.282+0200] {logging_mixin.py:149} INFO - [2023-06-22T14:32:07.281+0200] {dagbag.py:541} INFO - Filling up the DagBag from /Users/saumyagoyal/JupyterNotebook/MLCon/MLCon_23/2_airflow/.venv/lib/python3.11/site-packages/airflow/example_dags/example_short_circuit_decorator.py
[2023-06-22T14:32:07.316+0200] {processor.py:836} INFO - DAG(s) dict_keys(['example_short_circuit_decorator']) retrieved from /Users/saumyagoyal/JupyterNotebook/MLCon/MLCon_23/2_airflow/.venv/lib/python3.11/site-packages/airflow/example_dags/example_short_circuit_decorator.py
[2023-06-22T14:32:07.940+0200] {logging_mixin.py:149} INFO - [2023-06-22T14:32:07.940+0200] {dag.py:2726} INFO - Sync 1 DAGs
[2023-06-22T14:32:07.951+0200] {logging_mixin.py:149} INFO - [2023-06-22T14:32:07.950+0200] {dag.py:3486} INFO - Setting next_dagrun for example_short_circuit_decorator to 2023-06-21T12:32:07.950879+00:00, run_after=2023-06-22T12:32:07.950879+00:00
[2023-06-22T14:32:07.962+0200] {processor.py:179} INFO - Processing /Users/saumyagoyal/JupyterNotebook/MLCon/MLCon_23/2_airflow/.venv/lib/python3.11/site-packages/airflow/example_dags/example_short_circuit_decorator.py took 0.684 seconds
[2023-06-22T14:33:25.829+0200] {processor.py:157} INFO - Started process (PID=84632) to work on /Users/saumyagoyal/JupyterNotebook/MLCon/MLCon_23/2_airflow/.venv/lib/python3.11/site-packages/airflow/example_dags/example_short_circuit_decorator.py
[2023-06-22T14:33:25.831+0200] {processor.py:826} INFO - Processing file /Users/saumyagoyal/JupyterNotebook/MLCon/MLCon_23/2_airflow/.venv/lib/python3.11/site-packages/airflow/example_dags/example_short_circuit_decorator.py for tasks to queue
[2023-06-22T14:33:25.832+0200] {logging_mixin.py:149} INFO - [2023-06-22T14:33:25.832+0200] {dagbag.py:541} INFO - Filling up the DagBag from /Users/saumyagoyal/JupyterNotebook/MLCon/MLCon_23/2_airflow/.venv/lib/python3.11/site-packages/airflow/example_dags/example_short_circuit_decorator.py
[2023-06-22T14:33:25.866+0200] {processor.py:836} INFO - DAG(s) dict_keys(['example_short_circuit_decorator']) retrieved from /Users/saumyagoyal/JupyterNotebook/MLCon/MLCon_23/2_airflow/.venv/lib/python3.11/site-packages/airflow/example_dags/example_short_circuit_decorator.py
[2023-06-22T14:33:26.607+0200] {logging_mixin.py:149} INFO - [2023-06-22T14:33:26.606+0200] {dag.py:2726} INFO - Sync 1 DAGs
[2023-06-22T14:33:26.627+0200] {logging_mixin.py:149} INFO - [2023-06-22T14:33:26.627+0200] {dag.py:3486} INFO - Setting next_dagrun for example_short_circuit_decorator to 2023-06-21T12:33:26.627356+00:00, run_after=2023-06-22T12:33:26.627356+00:00
[2023-06-22T14:33:26.648+0200] {processor.py:179} INFO - Processing /Users/saumyagoyal/JupyterNotebook/MLCon/MLCon_23/2_airflow/.venv/lib/python3.11/site-packages/airflow/example_dags/example_short_circuit_decorator.py took 0.820 seconds
[2023-06-22T14:34:54.001+0200] {processor.py:157} INFO - Started process (PID=84715) to work on /Users/saumyagoyal/JupyterNotebook/MLCon/MLCon_23/2_airflow/.venv/lib/python3.11/site-packages/airflow/example_dags/example_short_circuit_decorator.py
[2023-06-22T14:34:54.004+0200] {processor.py:826} INFO - Processing file /Users/saumyagoyal/JupyterNotebook/MLCon/MLCon_23/2_airflow/.venv/lib/python3.11/site-packages/airflow/example_dags/example_short_circuit_decorator.py for tasks to queue
[2023-06-22T14:34:54.004+0200] {logging_mixin.py:149} INFO - [2023-06-22T14:34:54.004+0200] {dagbag.py:541} INFO - Filling up the DagBag from /Users/saumyagoyal/JupyterNotebook/MLCon/MLCon_23/2_airflow/.venv/lib/python3.11/site-packages/airflow/example_dags/example_short_circuit_decorator.py
[2023-06-22T14:34:54.041+0200] {processor.py:836} INFO - DAG(s) dict_keys(['example_short_circuit_decorator']) retrieved from /Users/saumyagoyal/JupyterNotebook/MLCon/MLCon_23/2_airflow/.venv/lib/python3.11/site-packages/airflow/example_dags/example_short_circuit_decorator.py
[2023-06-22T14:34:54.699+0200] {logging_mixin.py:149} INFO - [2023-06-22T14:34:54.698+0200] {dag.py:2726} INFO - Sync 1 DAGs
[2023-06-22T14:34:54.710+0200] {logging_mixin.py:149} INFO - [2023-06-22T14:34:54.710+0200] {dag.py:3486} INFO - Setting next_dagrun for example_short_circuit_decorator to 2023-06-21T12:34:54.710263+00:00, run_after=2023-06-22T12:34:54.710263+00:00
[2023-06-22T14:34:54.723+0200] {processor.py:179} INFO - Processing /Users/saumyagoyal/JupyterNotebook/MLCon/MLCon_23/2_airflow/.venv/lib/python3.11/site-packages/airflow/example_dags/example_short_circuit_decorator.py took 0.722 seconds
[2023-06-22T14:36:26.669+0200] {processor.py:157} INFO - Started process (PID=84792) to work on /Users/saumyagoyal/JupyterNotebook/MLCon/MLCon_23/2_airflow/.venv/lib/python3.11/site-packages/airflow/example_dags/example_short_circuit_decorator.py
[2023-06-22T14:36:26.672+0200] {processor.py:826} INFO - Processing file /Users/saumyagoyal/JupyterNotebook/MLCon/MLCon_23/2_airflow/.venv/lib/python3.11/site-packages/airflow/example_dags/example_short_circuit_decorator.py for tasks to queue
[2023-06-22T14:36:26.672+0200] {logging_mixin.py:149} INFO - [2023-06-22T14:36:26.672+0200] {dagbag.py:541} INFO - Filling up the DagBag from /Users/saumyagoyal/JupyterNotebook/MLCon/MLCon_23/2_airflow/.venv/lib/python3.11/site-packages/airflow/example_dags/example_short_circuit_decorator.py
[2023-06-22T14:36:26.710+0200] {processor.py:836} INFO - DAG(s) dict_keys(['example_short_circuit_decorator']) retrieved from /Users/saumyagoyal/JupyterNotebook/MLCon/MLCon_23/2_airflow/.venv/lib/python3.11/site-packages/airflow/example_dags/example_short_circuit_decorator.py
[2023-06-22T14:36:27.337+0200] {logging_mixin.py:149} INFO - [2023-06-22T14:36:27.337+0200] {dag.py:2726} INFO - Sync 1 DAGs
[2023-06-22T14:36:27.348+0200] {logging_mixin.py:149} INFO - [2023-06-22T14:36:27.348+0200] {dag.py:3486} INFO - Setting next_dagrun for example_short_circuit_decorator to 2023-06-21T12:36:27.348032+00:00, run_after=2023-06-22T12:36:27.348032+00:00
[2023-06-22T14:36:27.360+0200] {processor.py:179} INFO - Processing /Users/saumyagoyal/JupyterNotebook/MLCon/MLCon_23/2_airflow/.venv/lib/python3.11/site-packages/airflow/example_dags/example_short_circuit_decorator.py took 0.692 seconds
[2023-06-22T14:37:54.153+0200] {processor.py:157} INFO - Started process (PID=85019) to work on /Users/saumyagoyal/JupyterNotebook/MLCon/MLCon_23/2_airflow/.venv/lib/python3.11/site-packages/airflow/example_dags/example_short_circuit_decorator.py
[2023-06-22T14:37:54.156+0200] {processor.py:826} INFO - Processing file /Users/saumyagoyal/JupyterNotebook/MLCon/MLCon_23/2_airflow/.venv/lib/python3.11/site-packages/airflow/example_dags/example_short_circuit_decorator.py for tasks to queue
[2023-06-22T14:37:54.156+0200] {logging_mixin.py:149} INFO - [2023-06-22T14:37:54.156+0200] {dagbag.py:541} INFO - Filling up the DagBag from /Users/saumyagoyal/JupyterNotebook/MLCon/MLCon_23/2_airflow/.venv/lib/python3.11/site-packages/airflow/example_dags/example_short_circuit_decorator.py
[2023-06-22T14:37:54.195+0200] {processor.py:836} INFO - DAG(s) dict_keys(['example_short_circuit_decorator']) retrieved from /Users/saumyagoyal/JupyterNotebook/MLCon/MLCon_23/2_airflow/.venv/lib/python3.11/site-packages/airflow/example_dags/example_short_circuit_decorator.py
[2023-06-22T14:37:54.834+0200] {logging_mixin.py:149} INFO - [2023-06-22T14:37:54.834+0200] {dag.py:2726} INFO - Sync 1 DAGs
[2023-06-22T14:37:54.844+0200] {logging_mixin.py:149} INFO - [2023-06-22T14:37:54.844+0200] {dag.py:3486} INFO - Setting next_dagrun for example_short_circuit_decorator to 2023-06-21T12:37:54.844214+00:00, run_after=2023-06-22T12:37:54.844214+00:00
[2023-06-22T14:37:54.860+0200] {processor.py:179} INFO - Processing /Users/saumyagoyal/JupyterNotebook/MLCon/MLCon_23/2_airflow/.venv/lib/python3.11/site-packages/airflow/example_dags/example_short_circuit_decorator.py took 0.708 seconds
[2023-06-22T14:39:23.724+0200] {processor.py:157} INFO - Started process (PID=85075) to work on /Users/saumyagoyal/JupyterNotebook/MLCon/MLCon_23/2_airflow/.venv/lib/python3.11/site-packages/airflow/example_dags/example_short_circuit_decorator.py
[2023-06-22T14:39:23.726+0200] {processor.py:826} INFO - Processing file /Users/saumyagoyal/JupyterNotebook/MLCon/MLCon_23/2_airflow/.venv/lib/python3.11/site-packages/airflow/example_dags/example_short_circuit_decorator.py for tasks to queue
[2023-06-22T14:39:23.727+0200] {logging_mixin.py:149} INFO - [2023-06-22T14:39:23.726+0200] {dagbag.py:541} INFO - Filling up the DagBag from /Users/saumyagoyal/JupyterNotebook/MLCon/MLCon_23/2_airflow/.venv/lib/python3.11/site-packages/airflow/example_dags/example_short_circuit_decorator.py
[2023-06-22T14:39:23.761+0200] {processor.py:836} INFO - DAG(s) dict_keys(['example_short_circuit_decorator']) retrieved from /Users/saumyagoyal/JupyterNotebook/MLCon/MLCon_23/2_airflow/.venv/lib/python3.11/site-packages/airflow/example_dags/example_short_circuit_decorator.py
[2023-06-22T14:39:24.434+0200] {logging_mixin.py:149} INFO - [2023-06-22T14:39:24.434+0200] {dag.py:2726} INFO - Sync 1 DAGs
[2023-06-22T14:39:24.446+0200] {logging_mixin.py:149} INFO - [2023-06-22T14:39:24.446+0200] {dag.py:3486} INFO - Setting next_dagrun for example_short_circuit_decorator to 2023-06-21T12:39:24.446625+00:00, run_after=2023-06-22T12:39:24.446625+00:00
[2023-06-22T14:39:24.462+0200] {processor.py:179} INFO - Processing /Users/saumyagoyal/JupyterNotebook/MLCon/MLCon_23/2_airflow/.venv/lib/python3.11/site-packages/airflow/example_dags/example_short_circuit_decorator.py took 0.739 seconds
[2023-06-22T14:40:54.047+0200] {processor.py:157} INFO - Started process (PID=85238) to work on /Users/saumyagoyal/JupyterNotebook/MLCon/MLCon_23/2_airflow/.venv/lib/python3.11/site-packages/airflow/example_dags/example_short_circuit_decorator.py
[2023-06-22T14:40:54.049+0200] {processor.py:826} INFO - Processing file /Users/saumyagoyal/JupyterNotebook/MLCon/MLCon_23/2_airflow/.venv/lib/python3.11/site-packages/airflow/example_dags/example_short_circuit_decorator.py for tasks to queue
[2023-06-22T14:40:54.050+0200] {logging_mixin.py:149} INFO - [2023-06-22T14:40:54.050+0200] {dagbag.py:541} INFO - Filling up the DagBag from /Users/saumyagoyal/JupyterNotebook/MLCon/MLCon_23/2_airflow/.venv/lib/python3.11/site-packages/airflow/example_dags/example_short_circuit_decorator.py
[2023-06-22T14:40:54.087+0200] {processor.py:836} INFO - DAG(s) dict_keys(['example_short_circuit_decorator']) retrieved from /Users/saumyagoyal/JupyterNotebook/MLCon/MLCon_23/2_airflow/.venv/lib/python3.11/site-packages/airflow/example_dags/example_short_circuit_decorator.py
[2023-06-22T14:40:54.709+0200] {logging_mixin.py:149} INFO - [2023-06-22T14:40:54.709+0200] {dag.py:2726} INFO - Sync 1 DAGs
[2023-06-22T14:40:54.721+0200] {logging_mixin.py:149} INFO - [2023-06-22T14:40:54.721+0200] {dag.py:3486} INFO - Setting next_dagrun for example_short_circuit_decorator to 2023-06-21T12:40:54.721327+00:00, run_after=2023-06-22T12:40:54.721327+00:00
[2023-06-22T14:40:54.736+0200] {processor.py:179} INFO - Processing /Users/saumyagoyal/JupyterNotebook/MLCon/MLCon_23/2_airflow/.venv/lib/python3.11/site-packages/airflow/example_dags/example_short_circuit_decorator.py took 0.690 seconds
[2023-06-22T14:42:21.210+0200] {processor.py:157} INFO - Started process (PID=85366) to work on /Users/saumyagoyal/JupyterNotebook/MLCon/MLCon_23/2_airflow/.venv/lib/python3.11/site-packages/airflow/example_dags/example_short_circuit_decorator.py
[2023-06-22T14:42:21.213+0200] {processor.py:826} INFO - Processing file /Users/saumyagoyal/JupyterNotebook/MLCon/MLCon_23/2_airflow/.venv/lib/python3.11/site-packages/airflow/example_dags/example_short_circuit_decorator.py for tasks to queue
[2023-06-22T14:42:21.214+0200] {logging_mixin.py:149} INFO - [2023-06-22T14:42:21.214+0200] {dagbag.py:541} INFO - Filling up the DagBag from /Users/saumyagoyal/JupyterNotebook/MLCon/MLCon_23/2_airflow/.venv/lib/python3.11/site-packages/airflow/example_dags/example_short_circuit_decorator.py
[2023-06-22T14:42:21.250+0200] {processor.py:836} INFO - DAG(s) dict_keys(['example_short_circuit_decorator']) retrieved from /Users/saumyagoyal/JupyterNotebook/MLCon/MLCon_23/2_airflow/.venv/lib/python3.11/site-packages/airflow/example_dags/example_short_circuit_decorator.py
[2023-06-22T14:42:21.909+0200] {logging_mixin.py:149} INFO - [2023-06-22T14:42:21.909+0200] {dag.py:2726} INFO - Sync 1 DAGs
[2023-06-22T14:42:21.921+0200] {logging_mixin.py:149} INFO - [2023-06-22T14:42:21.921+0200] {dag.py:3486} INFO - Setting next_dagrun for example_short_circuit_decorator to 2023-06-21T12:42:21.921158+00:00, run_after=2023-06-22T12:42:21.921158+00:00
[2023-06-22T14:42:21.934+0200] {processor.py:179} INFO - Processing /Users/saumyagoyal/JupyterNotebook/MLCon/MLCon_23/2_airflow/.venv/lib/python3.11/site-packages/airflow/example_dags/example_short_circuit_decorator.py took 0.724 seconds
[2023-06-22T14:43:45.847+0200] {processor.py:157} INFO - Started process (PID=85430) to work on /Users/saumyagoyal/JupyterNotebook/MLCon/MLCon_23/2_airflow/.venv/lib/python3.11/site-packages/airflow/example_dags/example_short_circuit_decorator.py
[2023-06-22T14:43:45.849+0200] {processor.py:826} INFO - Processing file /Users/saumyagoyal/JupyterNotebook/MLCon/MLCon_23/2_airflow/.venv/lib/python3.11/site-packages/airflow/example_dags/example_short_circuit_decorator.py for tasks to queue
[2023-06-22T14:43:45.850+0200] {logging_mixin.py:149} INFO - [2023-06-22T14:43:45.850+0200] {dagbag.py:541} INFO - Filling up the DagBag from /Users/saumyagoyal/JupyterNotebook/MLCon/MLCon_23/2_airflow/.venv/lib/python3.11/site-packages/airflow/example_dags/example_short_circuit_decorator.py
[2023-06-22T14:43:45.884+0200] {processor.py:836} INFO - DAG(s) dict_keys(['example_short_circuit_decorator']) retrieved from /Users/saumyagoyal/JupyterNotebook/MLCon/MLCon_23/2_airflow/.venv/lib/python3.11/site-packages/airflow/example_dags/example_short_circuit_decorator.py
[2023-06-22T14:43:46.505+0200] {logging_mixin.py:149} INFO - [2023-06-22T14:43:46.505+0200] {dag.py:2726} INFO - Sync 1 DAGs
[2023-06-22T14:43:46.515+0200] {logging_mixin.py:149} INFO - [2023-06-22T14:43:46.515+0200] {dag.py:3486} INFO - Setting next_dagrun for example_short_circuit_decorator to 2023-06-21T12:43:46.515577+00:00, run_after=2023-06-22T12:43:46.515577+00:00
[2023-06-22T14:43:46.531+0200] {processor.py:179} INFO - Processing /Users/saumyagoyal/JupyterNotebook/MLCon/MLCon_23/2_airflow/.venv/lib/python3.11/site-packages/airflow/example_dags/example_short_circuit_decorator.py took 0.684 seconds
[2023-06-22T14:45:09.090+0200] {processor.py:157} INFO - Started process (PID=85489) to work on /Users/saumyagoyal/JupyterNotebook/MLCon/MLCon_23/2_airflow/.venv/lib/python3.11/site-packages/airflow/example_dags/example_short_circuit_decorator.py
[2023-06-22T14:45:09.094+0200] {processor.py:826} INFO - Processing file /Users/saumyagoyal/JupyterNotebook/MLCon/MLCon_23/2_airflow/.venv/lib/python3.11/site-packages/airflow/example_dags/example_short_circuit_decorator.py for tasks to queue
[2023-06-22T14:45:09.094+0200] {logging_mixin.py:149} INFO - [2023-06-22T14:45:09.094+0200] {dagbag.py:541} INFO - Filling up the DagBag from /Users/saumyagoyal/JupyterNotebook/MLCon/MLCon_23/2_airflow/.venv/lib/python3.11/site-packages/airflow/example_dags/example_short_circuit_decorator.py
[2023-06-22T14:45:09.135+0200] {processor.py:836} INFO - DAG(s) dict_keys(['example_short_circuit_decorator']) retrieved from /Users/saumyagoyal/JupyterNotebook/MLCon/MLCon_23/2_airflow/.venv/lib/python3.11/site-packages/airflow/example_dags/example_short_circuit_decorator.py
[2023-06-22T14:45:09.795+0200] {logging_mixin.py:149} INFO - [2023-06-22T14:45:09.795+0200] {dag.py:2726} INFO - Sync 1 DAGs
[2023-06-22T14:45:09.805+0200] {logging_mixin.py:149} INFO - [2023-06-22T14:45:09.805+0200] {dag.py:3486} INFO - Setting next_dagrun for example_short_circuit_decorator to 2023-06-21T12:45:09.805711+00:00, run_after=2023-06-22T12:45:09.805711+00:00
[2023-06-22T14:45:09.819+0200] {processor.py:179} INFO - Processing /Users/saumyagoyal/JupyterNotebook/MLCon/MLCon_23/2_airflow/.venv/lib/python3.11/site-packages/airflow/example_dags/example_short_circuit_decorator.py took 0.730 seconds
