[2023-06-22T14:27:21.010+0200] {processor.py:157} INFO - Started process (PID=84295) to work on /Users/saumyagoyal/JupyterNotebook/MLCon/MLCon_23/2_airflow/.venv/lib/python3.11/site-packages/airflow/example_dags/example_branch_datetime_operator.py
[2023-06-22T14:27:21.012+0200] {processor.py:826} INFO - Processing file /Users/saumyagoyal/JupyterNotebook/MLCon/MLCon_23/2_airflow/.venv/lib/python3.11/site-packages/airflow/example_dags/example_branch_datetime_operator.py for tasks to queue
[2023-06-22T14:27:21.012+0200] {logging_mixin.py:149} INFO - [2023-06-22T14:27:21.012+0200] {dagbag.py:541} INFO - Filling up the DagBag from /Users/saumyagoyal/JupyterNotebook/MLCon/MLCon_23/2_airflow/.venv/lib/python3.11/site-packages/airflow/example_dags/example_branch_datetime_operator.py
[2023-06-22T14:27:21.028+0200] {processor.py:836} INFO - DAG(s) dict_keys(['example_branch_datetime_operator_3', 'example_branch_datetime_operator', 'example_branch_datetime_operator_2']) retrieved from /Users/saumyagoyal/JupyterNotebook/MLCon/MLCon_23/2_airflow/.venv/lib/python3.11/site-packages/airflow/example_dags/example_branch_datetime_operator.py
[2023-06-22T14:27:21.684+0200] {logging_mixin.py:149} INFO - [2023-06-22T14:27:21.684+0200] {manager.py:504} INFO - Created Permission View: can edit on DAG:example_branch_datetime_operator_3
[2023-06-22T14:27:21.689+0200] {logging_mixin.py:149} INFO - [2023-06-22T14:27:21.689+0200] {manager.py:504} INFO - Created Permission View: can read on DAG:example_branch_datetime_operator_3
[2023-06-22T14:27:21.695+0200] {logging_mixin.py:149} INFO - [2023-06-22T14:27:21.695+0200] {manager.py:504} INFO - Created Permission View: can delete on DAG:example_branch_datetime_operator_3
[2023-06-22T14:27:21.704+0200] {logging_mixin.py:149} INFO - [2023-06-22T14:27:21.704+0200] {manager.py:504} INFO - Created Permission View: can edit on DAG:example_branch_datetime_operator
[2023-06-22T14:27:21.708+0200] {logging_mixin.py:149} INFO - [2023-06-22T14:27:21.708+0200] {manager.py:504} INFO - Created Permission View: can read on DAG:example_branch_datetime_operator
[2023-06-22T14:27:21.712+0200] {logging_mixin.py:149} INFO - [2023-06-22T14:27:21.712+0200] {manager.py:504} INFO - Created Permission View: can delete on DAG:example_branch_datetime_operator
[2023-06-22T14:27:21.721+0200] {logging_mixin.py:149} INFO - [2023-06-22T14:27:21.720+0200] {manager.py:504} INFO - Created Permission View: can edit on DAG:example_branch_datetime_operator_2
[2023-06-22T14:27:21.724+0200] {logging_mixin.py:149} INFO - [2023-06-22T14:27:21.724+0200] {manager.py:504} INFO - Created Permission View: can read on DAG:example_branch_datetime_operator_2
[2023-06-22T14:27:21.728+0200] {logging_mixin.py:149} INFO - [2023-06-22T14:27:21.728+0200] {manager.py:504} INFO - Created Permission View: can delete on DAG:example_branch_datetime_operator_2
[2023-06-22T14:27:21.728+0200] {logging_mixin.py:149} INFO - [2023-06-22T14:27:21.728+0200] {dag.py:2726} INFO - Sync 3 DAGs
[2023-06-22T14:27:21.736+0200] {logging_mixin.py:149} INFO - [2023-06-22T14:27:21.736+0200] {dag.py:2747} INFO - Creating ORM DAG for example_branch_datetime_operator_2
[2023-06-22T14:27:21.736+0200] {logging_mixin.py:149} INFO - [2023-06-22T14:27:21.736+0200] {dag.py:2747} INFO - Creating ORM DAG for example_branch_datetime_operator_3
[2023-06-22T14:27:21.736+0200] {logging_mixin.py:149} INFO - [2023-06-22T14:27:21.736+0200] {dag.py:2747} INFO - Creating ORM DAG for example_branch_datetime_operator
[2023-06-22T14:27:21.742+0200] {logging_mixin.py:149} INFO - [2023-06-22T14:27:21.742+0200] {dag.py:3486} INFO - Setting next_dagrun for example_branch_datetime_operator to 2023-06-21T00:00:00+00:00, run_after=2023-06-22T00:00:00+00:00
[2023-06-22T14:27:21.743+0200] {logging_mixin.py:149} INFO - [2023-06-22T14:27:21.743+0200] {dag.py:3486} INFO - Setting next_dagrun for example_branch_datetime_operator_2 to 2023-06-21T00:00:00+00:00, run_after=2023-06-22T00:00:00+00:00
[2023-06-22T14:27:21.744+0200] {logging_mixin.py:149} INFO - [2023-06-22T14:27:21.744+0200] {dag.py:3486} INFO - Setting next_dagrun for example_branch_datetime_operator_3 to 2023-06-21T00:00:00+00:00, run_after=2023-06-22T00:00:00+00:00
[2023-06-22T14:27:21.755+0200] {processor.py:179} INFO - Processing /Users/saumyagoyal/JupyterNotebook/MLCon/MLCon_23/2_airflow/.venv/lib/python3.11/site-packages/airflow/example_dags/example_branch_datetime_operator.py took 0.745 seconds
[2023-06-22T14:30:04.043+0200] {processor.py:157} INFO - Started process (PID=84392) to work on /Users/saumyagoyal/JupyterNotebook/MLCon/MLCon_23/2_airflow/.venv/lib/python3.11/site-packages/airflow/example_dags/example_branch_datetime_operator.py
[2023-06-22T14:30:04.046+0200] {processor.py:826} INFO - Processing file /Users/saumyagoyal/JupyterNotebook/MLCon/MLCon_23/2_airflow/.venv/lib/python3.11/site-packages/airflow/example_dags/example_branch_datetime_operator.py for tasks to queue
[2023-06-22T14:30:04.046+0200] {logging_mixin.py:149} INFO - [2023-06-22T14:30:04.046+0200] {dagbag.py:541} INFO - Filling up the DagBag from /Users/saumyagoyal/JupyterNotebook/MLCon/MLCon_23/2_airflow/.venv/lib/python3.11/site-packages/airflow/example_dags/example_branch_datetime_operator.py
[2023-06-22T14:30:04.062+0200] {processor.py:836} INFO - DAG(s) dict_keys(['example_branch_datetime_operator', 'example_branch_datetime_operator_3', 'example_branch_datetime_operator_2']) retrieved from /Users/saumyagoyal/JupyterNotebook/MLCon/MLCon_23/2_airflow/.venv/lib/python3.11/site-packages/airflow/example_dags/example_branch_datetime_operator.py
[2023-06-22T14:30:04.698+0200] {logging_mixin.py:149} INFO - [2023-06-22T14:30:04.698+0200] {dag.py:2726} INFO - Sync 3 DAGs
[2023-06-22T14:30:04.713+0200] {logging_mixin.py:149} INFO - [2023-06-22T14:30:04.713+0200] {dag.py:3486} INFO - Setting next_dagrun for example_branch_datetime_operator to 2023-06-21T00:00:00+00:00, run_after=2023-06-22T00:00:00+00:00
[2023-06-22T14:30:04.716+0200] {logging_mixin.py:149} INFO - [2023-06-22T14:30:04.715+0200] {dag.py:3486} INFO - Setting next_dagrun for example_branch_datetime_operator_2 to 2023-06-21T00:00:00+00:00, run_after=2023-06-22T00:00:00+00:00
[2023-06-22T14:30:04.717+0200] {logging_mixin.py:149} INFO - [2023-06-22T14:30:04.717+0200] {dag.py:3486} INFO - Setting next_dagrun for example_branch_datetime_operator_3 to 2023-06-21T00:00:00+00:00, run_after=2023-06-22T00:00:00+00:00
[2023-06-22T14:30:04.730+0200] {processor.py:179} INFO - Processing /Users/saumyagoyal/JupyterNotebook/MLCon/MLCon_23/2_airflow/.venv/lib/python3.11/site-packages/airflow/example_dags/example_branch_datetime_operator.py took 0.687 seconds
[2023-06-22T14:32:36.039+0200] {processor.py:157} INFO - Started process (PID=84477) to work on /Users/saumyagoyal/JupyterNotebook/MLCon/MLCon_23/2_airflow/.venv/lib/python3.11/site-packages/airflow/example_dags/example_branch_datetime_operator.py
[2023-06-22T14:32:36.042+0200] {processor.py:826} INFO - Processing file /Users/saumyagoyal/JupyterNotebook/MLCon/MLCon_23/2_airflow/.venv/lib/python3.11/site-packages/airflow/example_dags/example_branch_datetime_operator.py for tasks to queue
[2023-06-22T14:32:36.042+0200] {logging_mixin.py:149} INFO - [2023-06-22T14:32:36.042+0200] {dagbag.py:541} INFO - Filling up the DagBag from /Users/saumyagoyal/JupyterNotebook/MLCon/MLCon_23/2_airflow/.venv/lib/python3.11/site-packages/airflow/example_dags/example_branch_datetime_operator.py
[2023-06-22T14:32:36.060+0200] {processor.py:836} INFO - DAG(s) dict_keys(['example_branch_datetime_operator', 'example_branch_datetime_operator_2', 'example_branch_datetime_operator_3']) retrieved from /Users/saumyagoyal/JupyterNotebook/MLCon/MLCon_23/2_airflow/.venv/lib/python3.11/site-packages/airflow/example_dags/example_branch_datetime_operator.py
[2023-06-22T14:32:36.773+0200] {logging_mixin.py:149} INFO - [2023-06-22T14:32:36.773+0200] {dag.py:2726} INFO - Sync 3 DAGs
[2023-06-22T14:32:36.785+0200] {logging_mixin.py:149} INFO - [2023-06-22T14:32:36.785+0200] {dag.py:3486} INFO - Setting next_dagrun for example_branch_datetime_operator to 2023-06-21T00:00:00+00:00, run_after=2023-06-22T00:00:00+00:00
[2023-06-22T14:32:36.787+0200] {logging_mixin.py:149} INFO - [2023-06-22T14:32:36.787+0200] {dag.py:3486} INFO - Setting next_dagrun for example_branch_datetime_operator_2 to 2023-06-21T00:00:00+00:00, run_after=2023-06-22T00:00:00+00:00
[2023-06-22T14:32:36.789+0200] {logging_mixin.py:149} INFO - [2023-06-22T14:32:36.789+0200] {dag.py:3486} INFO - Setting next_dagrun for example_branch_datetime_operator_3 to 2023-06-21T00:00:00+00:00, run_after=2023-06-22T00:00:00+00:00
[2023-06-22T14:32:36.800+0200] {processor.py:179} INFO - Processing /Users/saumyagoyal/JupyterNotebook/MLCon/MLCon_23/2_airflow/.venv/lib/python3.11/site-packages/airflow/example_dags/example_branch_datetime_operator.py took 0.762 seconds
[2023-06-22T14:35:29.797+0200] {processor.py:157} INFO - Started process (PID=84745) to work on /Users/saumyagoyal/JupyterNotebook/MLCon/MLCon_23/2_airflow/.venv/lib/python3.11/site-packages/airflow/example_dags/example_branch_datetime_operator.py
[2023-06-22T14:35:29.800+0200] {processor.py:826} INFO - Processing file /Users/saumyagoyal/JupyterNotebook/MLCon/MLCon_23/2_airflow/.venv/lib/python3.11/site-packages/airflow/example_dags/example_branch_datetime_operator.py for tasks to queue
[2023-06-22T14:35:29.801+0200] {logging_mixin.py:149} INFO - [2023-06-22T14:35:29.800+0200] {dagbag.py:541} INFO - Filling up the DagBag from /Users/saumyagoyal/JupyterNotebook/MLCon/MLCon_23/2_airflow/.venv/lib/python3.11/site-packages/airflow/example_dags/example_branch_datetime_operator.py
[2023-06-22T14:35:29.820+0200] {processor.py:836} INFO - DAG(s) dict_keys(['example_branch_datetime_operator_3', 'example_branch_datetime_operator', 'example_branch_datetime_operator_2']) retrieved from /Users/saumyagoyal/JupyterNotebook/MLCon/MLCon_23/2_airflow/.venv/lib/python3.11/site-packages/airflow/example_dags/example_branch_datetime_operator.py
[2023-06-22T14:35:30.558+0200] {logging_mixin.py:149} INFO - [2023-06-22T14:35:30.558+0200] {dag.py:2726} INFO - Sync 3 DAGs
[2023-06-22T14:35:30.573+0200] {logging_mixin.py:149} INFO - [2023-06-22T14:35:30.572+0200] {dag.py:3486} INFO - Setting next_dagrun for example_branch_datetime_operator to 2023-06-21T00:00:00+00:00, run_after=2023-06-22T00:00:00+00:00
[2023-06-22T14:35:30.576+0200] {logging_mixin.py:149} INFO - [2023-06-22T14:35:30.576+0200] {dag.py:3486} INFO - Setting next_dagrun for example_branch_datetime_operator_2 to 2023-06-21T00:00:00+00:00, run_after=2023-06-22T00:00:00+00:00
[2023-06-22T14:35:30.577+0200] {logging_mixin.py:149} INFO - [2023-06-22T14:35:30.577+0200] {dag.py:3486} INFO - Setting next_dagrun for example_branch_datetime_operator_3 to 2023-06-21T00:00:00+00:00, run_after=2023-06-22T00:00:00+00:00
[2023-06-22T14:35:30.590+0200] {processor.py:179} INFO - Processing /Users/saumyagoyal/JupyterNotebook/MLCon/MLCon_23/2_airflow/.venv/lib/python3.11/site-packages/airflow/example_dags/example_branch_datetime_operator.py took 0.793 seconds
[2023-06-22T14:38:28.807+0200] {processor.py:157} INFO - Started process (PID=85045) to work on /Users/saumyagoyal/JupyterNotebook/MLCon/MLCon_23/2_airflow/.venv/lib/python3.11/site-packages/airflow/example_dags/example_branch_datetime_operator.py
[2023-06-22T14:38:28.810+0200] {processor.py:826} INFO - Processing file /Users/saumyagoyal/JupyterNotebook/MLCon/MLCon_23/2_airflow/.venv/lib/python3.11/site-packages/airflow/example_dags/example_branch_datetime_operator.py for tasks to queue
[2023-06-22T14:38:28.811+0200] {logging_mixin.py:149} INFO - [2023-06-22T14:38:28.811+0200] {dagbag.py:541} INFO - Filling up the DagBag from /Users/saumyagoyal/JupyterNotebook/MLCon/MLCon_23/2_airflow/.venv/lib/python3.11/site-packages/airflow/example_dags/example_branch_datetime_operator.py
[2023-06-22T14:38:28.830+0200] {processor.py:836} INFO - DAG(s) dict_keys(['example_branch_datetime_operator', 'example_branch_datetime_operator_2', 'example_branch_datetime_operator_3']) retrieved from /Users/saumyagoyal/JupyterNotebook/MLCon/MLCon_23/2_airflow/.venv/lib/python3.11/site-packages/airflow/example_dags/example_branch_datetime_operator.py
[2023-06-22T14:38:29.556+0200] {logging_mixin.py:149} INFO - [2023-06-22T14:38:29.556+0200] {dag.py:2726} INFO - Sync 3 DAGs
[2023-06-22T14:38:29.571+0200] {logging_mixin.py:149} INFO - [2023-06-22T14:38:29.571+0200] {dag.py:3486} INFO - Setting next_dagrun for example_branch_datetime_operator to 2023-06-21T00:00:00+00:00, run_after=2023-06-22T00:00:00+00:00
[2023-06-22T14:38:29.574+0200] {logging_mixin.py:149} INFO - [2023-06-22T14:38:29.574+0200] {dag.py:3486} INFO - Setting next_dagrun for example_branch_datetime_operator_2 to 2023-06-21T00:00:00+00:00, run_after=2023-06-22T00:00:00+00:00
[2023-06-22T14:38:29.576+0200] {logging_mixin.py:149} INFO - [2023-06-22T14:38:29.576+0200] {dag.py:3486} INFO - Setting next_dagrun for example_branch_datetime_operator_3 to 2023-06-21T00:00:00+00:00, run_after=2023-06-22T00:00:00+00:00
[2023-06-22T14:38:29.588+0200] {processor.py:179} INFO - Processing /Users/saumyagoyal/JupyterNotebook/MLCon/MLCon_23/2_airflow/.venv/lib/python3.11/site-packages/airflow/example_dags/example_branch_datetime_operator.py took 0.782 seconds
[2023-06-22T14:41:27.870+0200] {processor.py:157} INFO - Started process (PID=85303) to work on /Users/saumyagoyal/JupyterNotebook/MLCon/MLCon_23/2_airflow/.venv/lib/python3.11/site-packages/airflow/example_dags/example_branch_datetime_operator.py
[2023-06-22T14:41:27.872+0200] {processor.py:826} INFO - Processing file /Users/saumyagoyal/JupyterNotebook/MLCon/MLCon_23/2_airflow/.venv/lib/python3.11/site-packages/airflow/example_dags/example_branch_datetime_operator.py for tasks to queue
[2023-06-22T14:41:27.873+0200] {logging_mixin.py:149} INFO - [2023-06-22T14:41:27.873+0200] {dagbag.py:541} INFO - Filling up the DagBag from /Users/saumyagoyal/JupyterNotebook/MLCon/MLCon_23/2_airflow/.venv/lib/python3.11/site-packages/airflow/example_dags/example_branch_datetime_operator.py
[2023-06-22T14:41:27.890+0200] {processor.py:836} INFO - DAG(s) dict_keys(['example_branch_datetime_operator', 'example_branch_datetime_operator_2', 'example_branch_datetime_operator_3']) retrieved from /Users/saumyagoyal/JupyterNotebook/MLCon/MLCon_23/2_airflow/.venv/lib/python3.11/site-packages/airflow/example_dags/example_branch_datetime_operator.py
[2023-06-22T14:41:28.541+0200] {logging_mixin.py:149} INFO - [2023-06-22T14:41:28.540+0200] {dag.py:2726} INFO - Sync 3 DAGs
[2023-06-22T14:41:28.555+0200] {logging_mixin.py:149} INFO - [2023-06-22T14:41:28.555+0200] {dag.py:3486} INFO - Setting next_dagrun for example_branch_datetime_operator to 2023-06-21T00:00:00+00:00, run_after=2023-06-22T00:00:00+00:00
[2023-06-22T14:41:28.558+0200] {logging_mixin.py:149} INFO - [2023-06-22T14:41:28.558+0200] {dag.py:3486} INFO - Setting next_dagrun for example_branch_datetime_operator_2 to 2023-06-21T00:00:00+00:00, run_after=2023-06-22T00:00:00+00:00
[2023-06-22T14:41:28.560+0200] {logging_mixin.py:149} INFO - [2023-06-22T14:41:28.560+0200] {dag.py:3486} INFO - Setting next_dagrun for example_branch_datetime_operator_3 to 2023-06-21T00:00:00+00:00, run_after=2023-06-22T00:00:00+00:00
[2023-06-22T14:41:28.571+0200] {processor.py:179} INFO - Processing /Users/saumyagoyal/JupyterNotebook/MLCon/MLCon_23/2_airflow/.venv/lib/python3.11/site-packages/airflow/example_dags/example_branch_datetime_operator.py took 0.702 seconds
[2023-06-22T14:44:17.356+0200] {processor.py:157} INFO - Started process (PID=85449) to work on /Users/saumyagoyal/JupyterNotebook/MLCon/MLCon_23/2_airflow/.venv/lib/python3.11/site-packages/airflow/example_dags/example_branch_datetime_operator.py
[2023-06-22T14:44:17.359+0200] {processor.py:826} INFO - Processing file /Users/saumyagoyal/JupyterNotebook/MLCon/MLCon_23/2_airflow/.venv/lib/python3.11/site-packages/airflow/example_dags/example_branch_datetime_operator.py for tasks to queue
[2023-06-22T14:44:17.360+0200] {logging_mixin.py:149} INFO - [2023-06-22T14:44:17.360+0200] {dagbag.py:541} INFO - Filling up the DagBag from /Users/saumyagoyal/JupyterNotebook/MLCon/MLCon_23/2_airflow/.venv/lib/python3.11/site-packages/airflow/example_dags/example_branch_datetime_operator.py
[2023-06-22T14:44:17.378+0200] {processor.py:836} INFO - DAG(s) dict_keys(['example_branch_datetime_operator', 'example_branch_datetime_operator_3', 'example_branch_datetime_operator_2']) retrieved from /Users/saumyagoyal/JupyterNotebook/MLCon/MLCon_23/2_airflow/.venv/lib/python3.11/site-packages/airflow/example_dags/example_branch_datetime_operator.py
[2023-06-22T14:44:18.015+0200] {logging_mixin.py:149} INFO - [2023-06-22T14:44:18.015+0200] {dag.py:2726} INFO - Sync 3 DAGs
[2023-06-22T14:44:18.028+0200] {logging_mixin.py:149} INFO - [2023-06-22T14:44:18.028+0200] {dag.py:3486} INFO - Setting next_dagrun for example_branch_datetime_operator to 2023-06-21T00:00:00+00:00, run_after=2023-06-22T00:00:00+00:00
[2023-06-22T14:44:18.031+0200] {logging_mixin.py:149} INFO - [2023-06-22T14:44:18.031+0200] {dag.py:3486} INFO - Setting next_dagrun for example_branch_datetime_operator_2 to 2023-06-21T00:00:00+00:00, run_after=2023-06-22T00:00:00+00:00
[2023-06-22T14:44:18.033+0200] {logging_mixin.py:149} INFO - [2023-06-22T14:44:18.033+0200] {dag.py:3486} INFO - Setting next_dagrun for example_branch_datetime_operator_3 to 2023-06-21T00:00:00+00:00, run_after=2023-06-22T00:00:00+00:00
[2023-06-22T14:44:18.045+0200] {processor.py:179} INFO - Processing /Users/saumyagoyal/JupyterNotebook/MLCon/MLCon_23/2_airflow/.venv/lib/python3.11/site-packages/airflow/example_dags/example_branch_datetime_operator.py took 0.690 seconds
