[2023-06-22T14:26:54.012+0200] {processor.py:157} INFO - Started process (PID=84280) to work on /Users/saumyagoyal/JupyterNotebook/MLCon/MLCon_23/2_airflow/.venv/lib/python3.11/site-packages/airflow/example_dags/example_external_task_marker_dag.py
[2023-06-22T14:26:54.015+0200] {processor.py:826} INFO - Processing file /Users/saumyagoyal/JupyterNotebook/MLCon/MLCon_23/2_airflow/.venv/lib/python3.11/site-packages/airflow/example_dags/example_external_task_marker_dag.py for tasks to queue
[2023-06-22T14:26:54.015+0200] {logging_mixin.py:149} INFO - [2023-06-22T14:26:54.015+0200] {dagbag.py:541} INFO - Filling up the DagBag from /Users/saumyagoyal/JupyterNotebook/MLCon/MLCon_23/2_airflow/.venv/lib/python3.11/site-packages/airflow/example_dags/example_external_task_marker_dag.py
[2023-06-22T14:26:54.030+0200] {processor.py:836} INFO - DAG(s) dict_keys(['example_external_task_marker_parent', 'example_external_task_marker_child']) retrieved from /Users/saumyagoyal/JupyterNotebook/MLCon/MLCon_23/2_airflow/.venv/lib/python3.11/site-packages/airflow/example_dags/example_external_task_marker_dag.py
[2023-06-22T14:26:54.682+0200] {logging_mixin.py:149} INFO - [2023-06-22T14:26:54.682+0200] {manager.py:504} INFO - Created Permission View: can read on DAG:example_external_task_marker_parent
[2023-06-22T14:26:54.688+0200] {logging_mixin.py:149} INFO - [2023-06-22T14:26:54.688+0200] {manager.py:504} INFO - Created Permission View: can edit on DAG:example_external_task_marker_parent
[2023-06-22T14:26:54.692+0200] {logging_mixin.py:149} INFO - [2023-06-22T14:26:54.692+0200] {manager.py:504} INFO - Created Permission View: can delete on DAG:example_external_task_marker_parent
[2023-06-22T14:26:54.706+0200] {logging_mixin.py:149} INFO - [2023-06-22T14:26:54.706+0200] {manager.py:504} INFO - Created Permission View: can read on DAG:example_external_task_marker_child
[2023-06-22T14:26:54.710+0200] {logging_mixin.py:149} INFO - [2023-06-22T14:26:54.710+0200] {manager.py:504} INFO - Created Permission View: can edit on DAG:example_external_task_marker_child
[2023-06-22T14:26:54.714+0200] {logging_mixin.py:149} INFO - [2023-06-22T14:26:54.714+0200] {manager.py:504} INFO - Created Permission View: can delete on DAG:example_external_task_marker_child
[2023-06-22T14:26:54.714+0200] {logging_mixin.py:149} INFO - [2023-06-22T14:26:54.714+0200] {dag.py:2726} INFO - Sync 2 DAGs
[2023-06-22T14:26:54.720+0200] {logging_mixin.py:149} INFO - [2023-06-22T14:26:54.720+0200] {dag.py:2747} INFO - Creating ORM DAG for example_external_task_marker_child
[2023-06-22T14:26:54.721+0200] {logging_mixin.py:149} INFO - [2023-06-22T14:26:54.721+0200] {dag.py:2747} INFO - Creating ORM DAG for example_external_task_marker_parent
[2023-06-22T14:26:54.725+0200] {logging_mixin.py:149} INFO - [2023-06-22T14:26:54.725+0200] {dag.py:3486} INFO - Setting next_dagrun for example_external_task_marker_child to None, run_after=None
[2023-06-22T14:26:54.726+0200] {logging_mixin.py:149} INFO - [2023-06-22T14:26:54.726+0200] {dag.py:3486} INFO - Setting next_dagrun for example_external_task_marker_parent to None, run_after=None
[2023-06-22T14:26:54.736+0200] {processor.py:179} INFO - Processing /Users/saumyagoyal/JupyterNotebook/MLCon/MLCon_23/2_airflow/.venv/lib/python3.11/site-packages/airflow/example_dags/example_external_task_marker_dag.py took 0.724 seconds
[2023-06-22T14:28:50.746+0200] {processor.py:157} INFO - Started process (PID=84353) to work on /Users/saumyagoyal/JupyterNotebook/MLCon/MLCon_23/2_airflow/.venv/lib/python3.11/site-packages/airflow/example_dags/example_external_task_marker_dag.py
[2023-06-22T14:28:50.748+0200] {processor.py:826} INFO - Processing file /Users/saumyagoyal/JupyterNotebook/MLCon/MLCon_23/2_airflow/.venv/lib/python3.11/site-packages/airflow/example_dags/example_external_task_marker_dag.py for tasks to queue
[2023-06-22T14:28:50.748+0200] {logging_mixin.py:149} INFO - [2023-06-22T14:28:50.748+0200] {dagbag.py:541} INFO - Filling up the DagBag from /Users/saumyagoyal/JupyterNotebook/MLCon/MLCon_23/2_airflow/.venv/lib/python3.11/site-packages/airflow/example_dags/example_external_task_marker_dag.py
[2023-06-22T14:28:50.762+0200] {processor.py:836} INFO - DAG(s) dict_keys(['example_external_task_marker_child', 'example_external_task_marker_parent']) retrieved from /Users/saumyagoyal/JupyterNotebook/MLCon/MLCon_23/2_airflow/.venv/lib/python3.11/site-packages/airflow/example_dags/example_external_task_marker_dag.py
[2023-06-22T14:28:51.410+0200] {logging_mixin.py:149} INFO - [2023-06-22T14:28:51.410+0200] {dag.py:2726} INFO - Sync 2 DAGs
[2023-06-22T14:28:51.423+0200] {logging_mixin.py:149} INFO - [2023-06-22T14:28:51.423+0200] {dag.py:3486} INFO - Setting next_dagrun for example_external_task_marker_child to None, run_after=None
[2023-06-22T14:28:51.425+0200] {logging_mixin.py:149} INFO - [2023-06-22T14:28:51.425+0200] {dag.py:3486} INFO - Setting next_dagrun for example_external_task_marker_parent to None, run_after=None
[2023-06-22T14:28:51.436+0200] {processor.py:179} INFO - Processing /Users/saumyagoyal/JupyterNotebook/MLCon/MLCon_23/2_airflow/.venv/lib/python3.11/site-packages/airflow/example_dags/example_external_task_marker_dag.py took 0.691 seconds
[2023-06-22T14:31:20.834+0200] {processor.py:157} INFO - Started process (PID=84437) to work on /Users/saumyagoyal/JupyterNotebook/MLCon/MLCon_23/2_airflow/.venv/lib/python3.11/site-packages/airflow/example_dags/example_external_task_marker_dag.py
[2023-06-22T14:31:20.837+0200] {processor.py:826} INFO - Processing file /Users/saumyagoyal/JupyterNotebook/MLCon/MLCon_23/2_airflow/.venv/lib/python3.11/site-packages/airflow/example_dags/example_external_task_marker_dag.py for tasks to queue
[2023-06-22T14:31:20.837+0200] {logging_mixin.py:149} INFO - [2023-06-22T14:31:20.837+0200] {dagbag.py:541} INFO - Filling up the DagBag from /Users/saumyagoyal/JupyterNotebook/MLCon/MLCon_23/2_airflow/.venv/lib/python3.11/site-packages/airflow/example_dags/example_external_task_marker_dag.py
[2023-06-22T14:31:20.853+0200] {processor.py:836} INFO - DAG(s) dict_keys(['example_external_task_marker_child', 'example_external_task_marker_parent']) retrieved from /Users/saumyagoyal/JupyterNotebook/MLCon/MLCon_23/2_airflow/.venv/lib/python3.11/site-packages/airflow/example_dags/example_external_task_marker_dag.py
[2023-06-22T14:31:21.528+0200] {logging_mixin.py:149} INFO - [2023-06-22T14:31:21.528+0200] {dag.py:2726} INFO - Sync 2 DAGs
[2023-06-22T14:31:21.539+0200] {logging_mixin.py:149} INFO - [2023-06-22T14:31:21.539+0200] {dag.py:3486} INFO - Setting next_dagrun for example_external_task_marker_child to None, run_after=None
[2023-06-22T14:31:21.541+0200] {logging_mixin.py:149} INFO - [2023-06-22T14:31:21.541+0200] {dag.py:3486} INFO - Setting next_dagrun for example_external_task_marker_parent to None, run_after=None
[2023-06-22T14:31:21.555+0200] {processor.py:179} INFO - Processing /Users/saumyagoyal/JupyterNotebook/MLCon/MLCon_23/2_airflow/.venv/lib/python3.11/site-packages/airflow/example_dags/example_external_task_marker_dag.py took 0.722 seconds
[2023-06-22T14:34:01.984+0200] {processor.py:157} INFO - Started process (PID=84674) to work on /Users/saumyagoyal/JupyterNotebook/MLCon/MLCon_23/2_airflow/.venv/lib/python3.11/site-packages/airflow/example_dags/example_external_task_marker_dag.py
[2023-06-22T14:34:01.986+0200] {processor.py:826} INFO - Processing file /Users/saumyagoyal/JupyterNotebook/MLCon/MLCon_23/2_airflow/.venv/lib/python3.11/site-packages/airflow/example_dags/example_external_task_marker_dag.py for tasks to queue
[2023-06-22T14:34:01.986+0200] {logging_mixin.py:149} INFO - [2023-06-22T14:34:01.986+0200] {dagbag.py:541} INFO - Filling up the DagBag from /Users/saumyagoyal/JupyterNotebook/MLCon/MLCon_23/2_airflow/.venv/lib/python3.11/site-packages/airflow/example_dags/example_external_task_marker_dag.py
[2023-06-22T14:34:02.000+0200] {processor.py:836} INFO - DAG(s) dict_keys(['example_external_task_marker_parent', 'example_external_task_marker_child']) retrieved from /Users/saumyagoyal/JupyterNotebook/MLCon/MLCon_23/2_airflow/.venv/lib/python3.11/site-packages/airflow/example_dags/example_external_task_marker_dag.py
[2023-06-22T14:34:02.653+0200] {logging_mixin.py:149} INFO - [2023-06-22T14:34:02.653+0200] {dag.py:2726} INFO - Sync 2 DAGs
[2023-06-22T14:34:02.663+0200] {logging_mixin.py:149} INFO - [2023-06-22T14:34:02.663+0200] {dag.py:3486} INFO - Setting next_dagrun for example_external_task_marker_child to None, run_after=None
[2023-06-22T14:34:02.664+0200] {logging_mixin.py:149} INFO - [2023-06-22T14:34:02.664+0200] {dag.py:3486} INFO - Setting next_dagrun for example_external_task_marker_parent to None, run_after=None
[2023-06-22T14:34:02.675+0200] {processor.py:179} INFO - Processing /Users/saumyagoyal/JupyterNotebook/MLCon/MLCon_23/2_airflow/.venv/lib/python3.11/site-packages/airflow/example_dags/example_external_task_marker_dag.py took 0.691 seconds
[2023-06-22T14:37:03.507+0200] {processor.py:157} INFO - Started process (PID=84936) to work on /Users/saumyagoyal/JupyterNotebook/MLCon/MLCon_23/2_airflow/.venv/lib/python3.11/site-packages/airflow/example_dags/example_external_task_marker_dag.py
[2023-06-22T14:37:03.510+0200] {processor.py:826} INFO - Processing file /Users/saumyagoyal/JupyterNotebook/MLCon/MLCon_23/2_airflow/.venv/lib/python3.11/site-packages/airflow/example_dags/example_external_task_marker_dag.py for tasks to queue
[2023-06-22T14:37:03.511+0200] {logging_mixin.py:149} INFO - [2023-06-22T14:37:03.511+0200] {dagbag.py:541} INFO - Filling up the DagBag from /Users/saumyagoyal/JupyterNotebook/MLCon/MLCon_23/2_airflow/.venv/lib/python3.11/site-packages/airflow/example_dags/example_external_task_marker_dag.py
[2023-06-22T14:37:03.531+0200] {processor.py:836} INFO - DAG(s) dict_keys(['example_external_task_marker_parent', 'example_external_task_marker_child']) retrieved from /Users/saumyagoyal/JupyterNotebook/MLCon/MLCon_23/2_airflow/.venv/lib/python3.11/site-packages/airflow/example_dags/example_external_task_marker_dag.py
[2023-06-22T14:37:04.164+0200] {logging_mixin.py:149} INFO - [2023-06-22T14:37:04.163+0200] {dag.py:2726} INFO - Sync 2 DAGs
[2023-06-22T14:37:04.175+0200] {logging_mixin.py:149} INFO - [2023-06-22T14:37:04.175+0200] {dag.py:3486} INFO - Setting next_dagrun for example_external_task_marker_child to None, run_after=None
[2023-06-22T14:37:04.176+0200] {logging_mixin.py:149} INFO - [2023-06-22T14:37:04.176+0200] {dag.py:3486} INFO - Setting next_dagrun for example_external_task_marker_parent to None, run_after=None
[2023-06-22T14:37:04.192+0200] {processor.py:179} INFO - Processing /Users/saumyagoyal/JupyterNotebook/MLCon/MLCon_23/2_airflow/.venv/lib/python3.11/site-packages/airflow/example_dags/example_external_task_marker_dag.py took 0.685 seconds
[2023-06-22T14:40:01.021+0200] {processor.py:157} INFO - Started process (PID=85161) to work on /Users/saumyagoyal/JupyterNotebook/MLCon/MLCon_23/2_airflow/.venv/lib/python3.11/site-packages/airflow/example_dags/example_external_task_marker_dag.py
[2023-06-22T14:40:01.025+0200] {processor.py:826} INFO - Processing file /Users/saumyagoyal/JupyterNotebook/MLCon/MLCon_23/2_airflow/.venv/lib/python3.11/site-packages/airflow/example_dags/example_external_task_marker_dag.py for tasks to queue
[2023-06-22T14:40:01.025+0200] {logging_mixin.py:149} INFO - [2023-06-22T14:40:01.025+0200] {dagbag.py:541} INFO - Filling up the DagBag from /Users/saumyagoyal/JupyterNotebook/MLCon/MLCon_23/2_airflow/.venv/lib/python3.11/site-packages/airflow/example_dags/example_external_task_marker_dag.py
[2023-06-22T14:40:01.041+0200] {processor.py:836} INFO - DAG(s) dict_keys(['example_external_task_marker_child', 'example_external_task_marker_parent']) retrieved from /Users/saumyagoyal/JupyterNotebook/MLCon/MLCon_23/2_airflow/.venv/lib/python3.11/site-packages/airflow/example_dags/example_external_task_marker_dag.py
[2023-06-22T14:40:01.750+0200] {logging_mixin.py:149} INFO - [2023-06-22T14:40:01.749+0200] {dag.py:2726} INFO - Sync 2 DAGs
[2023-06-22T14:40:01.761+0200] {logging_mixin.py:149} INFO - [2023-06-22T14:40:01.761+0200] {dag.py:3486} INFO - Setting next_dagrun for example_external_task_marker_child to None, run_after=None
[2023-06-22T14:40:01.763+0200] {logging_mixin.py:149} INFO - [2023-06-22T14:40:01.763+0200] {dag.py:3486} INFO - Setting next_dagrun for example_external_task_marker_parent to None, run_after=None
[2023-06-22T14:40:01.775+0200] {processor.py:179} INFO - Processing /Users/saumyagoyal/JupyterNotebook/MLCon/MLCon_23/2_airflow/.venv/lib/python3.11/site-packages/airflow/example_dags/example_external_task_marker_dag.py took 0.754 seconds
[2023-06-22T14:42:55.343+0200] {processor.py:157} INFO - Started process (PID=85405) to work on /Users/saumyagoyal/JupyterNotebook/MLCon/MLCon_23/2_airflow/.venv/lib/python3.11/site-packages/airflow/example_dags/example_external_task_marker_dag.py
[2023-06-22T14:42:55.345+0200] {processor.py:826} INFO - Processing file /Users/saumyagoyal/JupyterNotebook/MLCon/MLCon_23/2_airflow/.venv/lib/python3.11/site-packages/airflow/example_dags/example_external_task_marker_dag.py for tasks to queue
[2023-06-22T14:42:55.345+0200] {logging_mixin.py:149} INFO - [2023-06-22T14:42:55.345+0200] {dagbag.py:541} INFO - Filling up the DagBag from /Users/saumyagoyal/JupyterNotebook/MLCon/MLCon_23/2_airflow/.venv/lib/python3.11/site-packages/airflow/example_dags/example_external_task_marker_dag.py
[2023-06-22T14:42:55.359+0200] {processor.py:836} INFO - DAG(s) dict_keys(['example_external_task_marker_parent', 'example_external_task_marker_child']) retrieved from /Users/saumyagoyal/JupyterNotebook/MLCon/MLCon_23/2_airflow/.venv/lib/python3.11/site-packages/airflow/example_dags/example_external_task_marker_dag.py
[2023-06-22T14:42:56.056+0200] {logging_mixin.py:149} INFO - [2023-06-22T14:42:56.056+0200] {dag.py:2726} INFO - Sync 2 DAGs
[2023-06-22T14:42:56.066+0200] {logging_mixin.py:149} INFO - [2023-06-22T14:42:56.065+0200] {dag.py:3486} INFO - Setting next_dagrun for example_external_task_marker_child to None, run_after=None
[2023-06-22T14:42:56.067+0200] {logging_mixin.py:149} INFO - [2023-06-22T14:42:56.067+0200] {dag.py:3486} INFO - Setting next_dagrun for example_external_task_marker_parent to None, run_after=None
[2023-06-22T14:42:56.080+0200] {processor.py:179} INFO - Processing /Users/saumyagoyal/JupyterNotebook/MLCon/MLCon_23/2_airflow/.venv/lib/python3.11/site-packages/airflow/example_dags/example_external_task_marker_dag.py took 0.737 seconds
