[2023-06-22T14:26:48.789+0200] {processor.py:157} INFO - Started process (PID=84277) to work on /Users/saumyagoyal/JupyterNotebook/MLCon/MLCon_23/2_airflow/.venv/lib/python3.11/site-packages/airflow/example_dags/example_latest_only.py
[2023-06-22T14:26:48.791+0200] {processor.py:826} INFO - Processing file /Users/saumyagoyal/JupyterNotebook/MLCon/MLCon_23/2_airflow/.venv/lib/python3.11/site-packages/airflow/example_dags/example_latest_only.py for tasks to queue
[2023-06-22T14:26:48.791+0200] {logging_mixin.py:149} INFO - [2023-06-22T14:26:48.791+0200] {dagbag.py:541} INFO - Filling up the DagBag from /Users/saumyagoyal/JupyterNotebook/MLCon/MLCon_23/2_airflow/.venv/lib/python3.11/site-packages/airflow/example_dags/example_latest_only.py
[2023-06-22T14:26:48.803+0200] {processor.py:836} INFO - DAG(s) dict_keys(['latest_only']) retrieved from /Users/saumyagoyal/JupyterNotebook/MLCon/MLCon_23/2_airflow/.venv/lib/python3.11/site-packages/airflow/example_dags/example_latest_only.py
[2023-06-22T14:26:49.469+0200] {logging_mixin.py:149} INFO - [2023-06-22T14:26:49.469+0200] {manager.py:504} INFO - Created Permission View: can read on DAG:latest_only
[2023-06-22T14:26:49.475+0200] {logging_mixin.py:149} INFO - [2023-06-22T14:26:49.475+0200] {manager.py:504} INFO - Created Permission View: can delete on DAG:latest_only
[2023-06-22T14:26:49.479+0200] {logging_mixin.py:149} INFO - [2023-06-22T14:26:49.479+0200] {manager.py:504} INFO - Created Permission View: can edit on DAG:latest_only
[2023-06-22T14:26:49.479+0200] {logging_mixin.py:149} INFO - [2023-06-22T14:26:49.479+0200] {dag.py:2726} INFO - Sync 1 DAGs
[2023-06-22T14:26:49.487+0200] {logging_mixin.py:149} INFO - [2023-06-22T14:26:49.487+0200] {dag.py:2747} INFO - Creating ORM DAG for latest_only
[2023-06-22T14:26:49.492+0200] {logging_mixin.py:149} INFO - [2023-06-22T14:26:49.492+0200] {dag.py:3486} INFO - Setting next_dagrun for latest_only to 2023-06-22T08:26:49.492743+00:00, run_after=2023-06-22T12:26:49.492743+00:00
[2023-06-22T14:26:49.503+0200] {processor.py:179} INFO - Processing /Users/saumyagoyal/JupyterNotebook/MLCon/MLCon_23/2_airflow/.venv/lib/python3.11/site-packages/airflow/example_dags/example_latest_only.py took 0.714 seconds
[2023-06-22T14:28:46.729+0200] {processor.py:157} INFO - Started process (PID=84351) to work on /Users/saumyagoyal/JupyterNotebook/MLCon/MLCon_23/2_airflow/.venv/lib/python3.11/site-packages/airflow/example_dags/example_latest_only.py
[2023-06-22T14:28:46.732+0200] {processor.py:826} INFO - Processing file /Users/saumyagoyal/JupyterNotebook/MLCon/MLCon_23/2_airflow/.venv/lib/python3.11/site-packages/airflow/example_dags/example_latest_only.py for tasks to queue
[2023-06-22T14:28:46.732+0200] {logging_mixin.py:149} INFO - [2023-06-22T14:28:46.732+0200] {dagbag.py:541} INFO - Filling up the DagBag from /Users/saumyagoyal/JupyterNotebook/MLCon/MLCon_23/2_airflow/.venv/lib/python3.11/site-packages/airflow/example_dags/example_latest_only.py
[2023-06-22T14:28:46.744+0200] {processor.py:836} INFO - DAG(s) dict_keys(['latest_only']) retrieved from /Users/saumyagoyal/JupyterNotebook/MLCon/MLCon_23/2_airflow/.venv/lib/python3.11/site-packages/airflow/example_dags/example_latest_only.py
[2023-06-22T14:28:47.389+0200] {logging_mixin.py:149} INFO - [2023-06-22T14:28:47.389+0200] {dag.py:2726} INFO - Sync 1 DAGs
[2023-06-22T14:28:47.402+0200] {logging_mixin.py:149} INFO - [2023-06-22T14:28:47.402+0200] {dag.py:3486} INFO - Setting next_dagrun for latest_only to 2023-06-22T08:28:47.402494+00:00, run_after=2023-06-22T12:28:47.402494+00:00
[2023-06-22T14:28:47.419+0200] {processor.py:179} INFO - Processing /Users/saumyagoyal/JupyterNotebook/MLCon/MLCon_23/2_airflow/.venv/lib/python3.11/site-packages/airflow/example_dags/example_latest_only.py took 0.690 seconds
[2023-06-22T14:31:15.998+0200] {processor.py:157} INFO - Started process (PID=84435) to work on /Users/saumyagoyal/JupyterNotebook/MLCon/MLCon_23/2_airflow/.venv/lib/python3.11/site-packages/airflow/example_dags/example_latest_only.py
[2023-06-22T14:31:16.000+0200] {processor.py:826} INFO - Processing file /Users/saumyagoyal/JupyterNotebook/MLCon/MLCon_23/2_airflow/.venv/lib/python3.11/site-packages/airflow/example_dags/example_latest_only.py for tasks to queue
[2023-06-22T14:31:16.000+0200] {logging_mixin.py:149} INFO - [2023-06-22T14:31:16.000+0200] {dagbag.py:541} INFO - Filling up the DagBag from /Users/saumyagoyal/JupyterNotebook/MLCon/MLCon_23/2_airflow/.venv/lib/python3.11/site-packages/airflow/example_dags/example_latest_only.py
[2023-06-22T14:31:16.013+0200] {processor.py:836} INFO - DAG(s) dict_keys(['latest_only']) retrieved from /Users/saumyagoyal/JupyterNotebook/MLCon/MLCon_23/2_airflow/.venv/lib/python3.11/site-packages/airflow/example_dags/example_latest_only.py
[2023-06-22T14:31:16.675+0200] {logging_mixin.py:149} INFO - [2023-06-22T14:31:16.675+0200] {dag.py:2726} INFO - Sync 1 DAGs
[2023-06-22T14:31:16.687+0200] {logging_mixin.py:149} INFO - [2023-06-22T14:31:16.686+0200] {dag.py:3486} INFO - Setting next_dagrun for latest_only to 2023-06-22T08:31:16.686915+00:00, run_after=2023-06-22T12:31:16.686915+00:00
[2023-06-22T14:31:16.699+0200] {processor.py:179} INFO - Processing /Users/saumyagoyal/JupyterNotebook/MLCon/MLCon_23/2_airflow/.venv/lib/python3.11/site-packages/airflow/example_dags/example_latest_only.py took 0.702 seconds
[2023-06-22T14:33:56.826+0200] {processor.py:157} INFO - Started process (PID=84668) to work on /Users/saumyagoyal/JupyterNotebook/MLCon/MLCon_23/2_airflow/.venv/lib/python3.11/site-packages/airflow/example_dags/example_latest_only.py
[2023-06-22T14:33:56.829+0200] {processor.py:826} INFO - Processing file /Users/saumyagoyal/JupyterNotebook/MLCon/MLCon_23/2_airflow/.venv/lib/python3.11/site-packages/airflow/example_dags/example_latest_only.py for tasks to queue
[2023-06-22T14:33:56.830+0200] {logging_mixin.py:149} INFO - [2023-06-22T14:33:56.829+0200] {dagbag.py:541} INFO - Filling up the DagBag from /Users/saumyagoyal/JupyterNotebook/MLCon/MLCon_23/2_airflow/.venv/lib/python3.11/site-packages/airflow/example_dags/example_latest_only.py
[2023-06-22T14:33:56.845+0200] {processor.py:836} INFO - DAG(s) dict_keys(['latest_only']) retrieved from /Users/saumyagoyal/JupyterNotebook/MLCon/MLCon_23/2_airflow/.venv/lib/python3.11/site-packages/airflow/example_dags/example_latest_only.py
[2023-06-22T14:33:57.480+0200] {logging_mixin.py:149} INFO - [2023-06-22T14:33:57.480+0200] {dag.py:2726} INFO - Sync 1 DAGs
[2023-06-22T14:33:57.493+0200] {logging_mixin.py:149} INFO - [2023-06-22T14:33:57.493+0200] {dag.py:3486} INFO - Setting next_dagrun for latest_only to 2023-06-22T08:33:57.493207+00:00, run_after=2023-06-22T12:33:57.493207+00:00
[2023-06-22T14:33:57.506+0200] {processor.py:179} INFO - Processing /Users/saumyagoyal/JupyterNotebook/MLCon/MLCon_23/2_airflow/.venv/lib/python3.11/site-packages/airflow/example_dags/example_latest_only.py took 0.681 seconds
[2023-06-22T14:36:58.335+0200] {processor.py:157} INFO - Started process (PID=84911) to work on /Users/saumyagoyal/JupyterNotebook/MLCon/MLCon_23/2_airflow/.venv/lib/python3.11/site-packages/airflow/example_dags/example_latest_only.py
[2023-06-22T14:36:58.338+0200] {processor.py:826} INFO - Processing file /Users/saumyagoyal/JupyterNotebook/MLCon/MLCon_23/2_airflow/.venv/lib/python3.11/site-packages/airflow/example_dags/example_latest_only.py for tasks to queue
[2023-06-22T14:36:58.338+0200] {logging_mixin.py:149} INFO - [2023-06-22T14:36:58.338+0200] {dagbag.py:541} INFO - Filling up the DagBag from /Users/saumyagoyal/JupyterNotebook/MLCon/MLCon_23/2_airflow/.venv/lib/python3.11/site-packages/airflow/example_dags/example_latest_only.py
[2023-06-22T14:36:58.353+0200] {processor.py:836} INFO - DAG(s) dict_keys(['latest_only']) retrieved from /Users/saumyagoyal/JupyterNotebook/MLCon/MLCon_23/2_airflow/.venv/lib/python3.11/site-packages/airflow/example_dags/example_latest_only.py
[2023-06-22T14:36:58.999+0200] {logging_mixin.py:149} INFO - [2023-06-22T14:36:58.999+0200] {dag.py:2726} INFO - Sync 1 DAGs
[2023-06-22T14:36:59.012+0200] {logging_mixin.py:149} INFO - [2023-06-22T14:36:59.012+0200] {dag.py:3486} INFO - Setting next_dagrun for latest_only to 2023-06-22T08:36:59.012398+00:00, run_after=2023-06-22T12:36:59.012398+00:00
[2023-06-22T14:36:59.030+0200] {processor.py:179} INFO - Processing /Users/saumyagoyal/JupyterNotebook/MLCon/MLCon_23/2_airflow/.venv/lib/python3.11/site-packages/airflow/example_dags/example_latest_only.py took 0.695 seconds
[2023-06-22T14:39:55.693+0200] {processor.py:157} INFO - Started process (PID=85149) to work on /Users/saumyagoyal/JupyterNotebook/MLCon/MLCon_23/2_airflow/.venv/lib/python3.11/site-packages/airflow/example_dags/example_latest_only.py
[2023-06-22T14:39:55.696+0200] {processor.py:826} INFO - Processing file /Users/saumyagoyal/JupyterNotebook/MLCon/MLCon_23/2_airflow/.venv/lib/python3.11/site-packages/airflow/example_dags/example_latest_only.py for tasks to queue
[2023-06-22T14:39:55.697+0200] {logging_mixin.py:149} INFO - [2023-06-22T14:39:55.697+0200] {dagbag.py:541} INFO - Filling up the DagBag from /Users/saumyagoyal/JupyterNotebook/MLCon/MLCon_23/2_airflow/.venv/lib/python3.11/site-packages/airflow/example_dags/example_latest_only.py
[2023-06-22T14:39:55.711+0200] {processor.py:836} INFO - DAG(s) dict_keys(['latest_only']) retrieved from /Users/saumyagoyal/JupyterNotebook/MLCon/MLCon_23/2_airflow/.venv/lib/python3.11/site-packages/airflow/example_dags/example_latest_only.py
[2023-06-22T14:39:56.335+0200] {logging_mixin.py:149} INFO - [2023-06-22T14:39:56.335+0200] {dag.py:2726} INFO - Sync 1 DAGs
[2023-06-22T14:39:56.348+0200] {logging_mixin.py:149} INFO - [2023-06-22T14:39:56.347+0200] {dag.py:3486} INFO - Setting next_dagrun for latest_only to 2023-06-22T08:39:56.347814+00:00, run_after=2023-06-22T12:39:56.347814+00:00
[2023-06-22T14:39:56.364+0200] {processor.py:179} INFO - Processing /Users/saumyagoyal/JupyterNotebook/MLCon/MLCon_23/2_airflow/.venv/lib/python3.11/site-packages/airflow/example_dags/example_latest_only.py took 0.671 seconds
[2023-06-22T14:42:50.152+0200] {processor.py:157} INFO - Started process (PID=85390) to work on /Users/saumyagoyal/JupyterNotebook/MLCon/MLCon_23/2_airflow/.venv/lib/python3.11/site-packages/airflow/example_dags/example_latest_only.py
[2023-06-22T14:42:50.154+0200] {processor.py:826} INFO - Processing file /Users/saumyagoyal/JupyterNotebook/MLCon/MLCon_23/2_airflow/.venv/lib/python3.11/site-packages/airflow/example_dags/example_latest_only.py for tasks to queue
[2023-06-22T14:42:50.155+0200] {logging_mixin.py:149} INFO - [2023-06-22T14:42:50.155+0200] {dagbag.py:541} INFO - Filling up the DagBag from /Users/saumyagoyal/JupyterNotebook/MLCon/MLCon_23/2_airflow/.venv/lib/python3.11/site-packages/airflow/example_dags/example_latest_only.py
[2023-06-22T14:42:50.167+0200] {processor.py:836} INFO - DAG(s) dict_keys(['latest_only']) retrieved from /Users/saumyagoyal/JupyterNotebook/MLCon/MLCon_23/2_airflow/.venv/lib/python3.11/site-packages/airflow/example_dags/example_latest_only.py
[2023-06-22T14:42:50.819+0200] {logging_mixin.py:149} INFO - [2023-06-22T14:42:50.819+0200] {dag.py:2726} INFO - Sync 1 DAGs
[2023-06-22T14:42:50.833+0200] {logging_mixin.py:149} INFO - [2023-06-22T14:42:50.833+0200] {dag.py:3486} INFO - Setting next_dagrun for latest_only to 2023-06-22T08:42:50.832917+00:00, run_after=2023-06-22T12:42:50.832917+00:00
[2023-06-22T14:42:50.844+0200] {processor.py:179} INFO - Processing /Users/saumyagoyal/JupyterNotebook/MLCon/MLCon_23/2_airflow/.venv/lib/python3.11/site-packages/airflow/example_dags/example_latest_only.py took 0.693 seconds
