[2023-06-22T14:26:27.521+0200] {processor.py:157} INFO - Started process (PID=84267) to work on /Users/saumyagoyal/JupyterNotebook/MLCon/MLCon_23/2_airflow/.venv/lib/python3.11/site-packages/airflow/example_dags/example_sensor_decorator.py
[2023-06-22T14:26:27.523+0200] {processor.py:826} INFO - Processing file /Users/saumyagoyal/JupyterNotebook/MLCon/MLCon_23/2_airflow/.venv/lib/python3.11/site-packages/airflow/example_dags/example_sensor_decorator.py for tasks to queue
[2023-06-22T14:26:27.523+0200] {logging_mixin.py:149} INFO - [2023-06-22T14:26:27.523+0200] {dagbag.py:541} INFO - Filling up the DagBag from /Users/saumyagoyal/JupyterNotebook/MLCon/MLCon_23/2_airflow/.venv/lib/python3.11/site-packages/airflow/example_dags/example_sensor_decorator.py
[2023-06-22T14:26:27.554+0200] {processor.py:836} INFO - DAG(s) dict_keys(['example_sensor_decorator']) retrieved from /Users/saumyagoyal/JupyterNotebook/MLCon/MLCon_23/2_airflow/.venv/lib/python3.11/site-packages/airflow/example_dags/example_sensor_decorator.py
[2023-06-22T14:26:28.231+0200] {logging_mixin.py:149} INFO - [2023-06-22T14:26:28.231+0200] {manager.py:504} INFO - Created Permission View: can edit on DAG:example_sensor_decorator
[2023-06-22T14:26:28.236+0200] {logging_mixin.py:149} INFO - [2023-06-22T14:26:28.236+0200] {manager.py:504} INFO - Created Permission View: can delete on DAG:example_sensor_decorator
[2023-06-22T14:26:28.240+0200] {logging_mixin.py:149} INFO - [2023-06-22T14:26:28.240+0200] {manager.py:504} INFO - Created Permission View: can read on DAG:example_sensor_decorator
[2023-06-22T14:26:28.241+0200] {logging_mixin.py:149} INFO - [2023-06-22T14:26:28.240+0200] {dag.py:2726} INFO - Sync 1 DAGs
[2023-06-22T14:26:28.248+0200] {logging_mixin.py:149} INFO - [2023-06-22T14:26:28.248+0200] {dag.py:2747} INFO - Creating ORM DAG for example_sensor_decorator
[2023-06-22T14:26:28.253+0200] {logging_mixin.py:149} INFO - [2023-06-22T14:26:28.253+0200] {dag.py:3486} INFO - Setting next_dagrun for example_sensor_decorator to None, run_after=None
[2023-06-22T14:26:28.265+0200] {processor.py:179} INFO - Processing /Users/saumyagoyal/JupyterNotebook/MLCon/MLCon_23/2_airflow/.venv/lib/python3.11/site-packages/airflow/example_dags/example_sensor_decorator.py took 0.745 seconds
[2023-06-22T14:28:27.010+0200] {processor.py:157} INFO - Started process (PID=84340) to work on /Users/saumyagoyal/JupyterNotebook/MLCon/MLCon_23/2_airflow/.venv/lib/python3.11/site-packages/airflow/example_dags/example_sensor_decorator.py
[2023-06-22T14:28:27.013+0200] {processor.py:826} INFO - Processing file /Users/saumyagoyal/JupyterNotebook/MLCon/MLCon_23/2_airflow/.venv/lib/python3.11/site-packages/airflow/example_dags/example_sensor_decorator.py for tasks to queue
[2023-06-22T14:28:27.013+0200] {logging_mixin.py:149} INFO - [2023-06-22T14:28:27.013+0200] {dagbag.py:541} INFO - Filling up the DagBag from /Users/saumyagoyal/JupyterNotebook/MLCon/MLCon_23/2_airflow/.venv/lib/python3.11/site-packages/airflow/example_dags/example_sensor_decorator.py
[2023-06-22T14:28:27.047+0200] {processor.py:836} INFO - DAG(s) dict_keys(['example_sensor_decorator']) retrieved from /Users/saumyagoyal/JupyterNotebook/MLCon/MLCon_23/2_airflow/.venv/lib/python3.11/site-packages/airflow/example_dags/example_sensor_decorator.py
[2023-06-22T14:28:27.691+0200] {logging_mixin.py:149} INFO - [2023-06-22T14:28:27.691+0200] {dag.py:2726} INFO - Sync 1 DAGs
[2023-06-22T14:28:27.701+0200] {logging_mixin.py:149} INFO - [2023-06-22T14:28:27.701+0200] {dag.py:3486} INFO - Setting next_dagrun for example_sensor_decorator to None, run_after=None
[2023-06-22T14:28:27.718+0200] {processor.py:179} INFO - Processing /Users/saumyagoyal/JupyterNotebook/MLCon/MLCon_23/2_airflow/.venv/lib/python3.11/site-packages/airflow/example_dags/example_sensor_decorator.py took 0.708 seconds
[2023-06-22T14:30:57.256+0200] {processor.py:157} INFO - Started process (PID=84425) to work on /Users/saumyagoyal/JupyterNotebook/MLCon/MLCon_23/2_airflow/.venv/lib/python3.11/site-packages/airflow/example_dags/example_sensor_decorator.py
[2023-06-22T14:30:57.258+0200] {processor.py:826} INFO - Processing file /Users/saumyagoyal/JupyterNotebook/MLCon/MLCon_23/2_airflow/.venv/lib/python3.11/site-packages/airflow/example_dags/example_sensor_decorator.py for tasks to queue
[2023-06-22T14:30:57.259+0200] {logging_mixin.py:149} INFO - [2023-06-22T14:30:57.259+0200] {dagbag.py:541} INFO - Filling up the DagBag from /Users/saumyagoyal/JupyterNotebook/MLCon/MLCon_23/2_airflow/.venv/lib/python3.11/site-packages/airflow/example_dags/example_sensor_decorator.py
[2023-06-22T14:30:57.293+0200] {processor.py:836} INFO - DAG(s) dict_keys(['example_sensor_decorator']) retrieved from /Users/saumyagoyal/JupyterNotebook/MLCon/MLCon_23/2_airflow/.venv/lib/python3.11/site-packages/airflow/example_dags/example_sensor_decorator.py
[2023-06-22T14:30:57.910+0200] {logging_mixin.py:149} INFO - [2023-06-22T14:30:57.910+0200] {dag.py:2726} INFO - Sync 1 DAGs
[2023-06-22T14:30:57.920+0200] {logging_mixin.py:149} INFO - [2023-06-22T14:30:57.920+0200] {dag.py:3486} INFO - Setting next_dagrun for example_sensor_decorator to None, run_after=None
[2023-06-22T14:30:57.933+0200] {processor.py:179} INFO - Processing /Users/saumyagoyal/JupyterNotebook/MLCon/MLCon_23/2_airflow/.venv/lib/python3.11/site-packages/airflow/example_dags/example_sensor_decorator.py took 0.677 seconds
[2023-06-22T14:33:35.325+0200] {processor.py:157} INFO - Started process (PID=84637) to work on /Users/saumyagoyal/JupyterNotebook/MLCon/MLCon_23/2_airflow/.venv/lib/python3.11/site-packages/airflow/example_dags/example_sensor_decorator.py
[2023-06-22T14:33:35.328+0200] {processor.py:826} INFO - Processing file /Users/saumyagoyal/JupyterNotebook/MLCon/MLCon_23/2_airflow/.venv/lib/python3.11/site-packages/airflow/example_dags/example_sensor_decorator.py for tasks to queue
[2023-06-22T14:33:35.328+0200] {logging_mixin.py:149} INFO - [2023-06-22T14:33:35.328+0200] {dagbag.py:541} INFO - Filling up the DagBag from /Users/saumyagoyal/JupyterNotebook/MLCon/MLCon_23/2_airflow/.venv/lib/python3.11/site-packages/airflow/example_dags/example_sensor_decorator.py
[2023-06-22T14:33:35.363+0200] {processor.py:836} INFO - DAG(s) dict_keys(['example_sensor_decorator']) retrieved from /Users/saumyagoyal/JupyterNotebook/MLCon/MLCon_23/2_airflow/.venv/lib/python3.11/site-packages/airflow/example_dags/example_sensor_decorator.py
[2023-06-22T14:33:36.061+0200] {logging_mixin.py:149} INFO - [2023-06-22T14:33:36.061+0200] {dag.py:2726} INFO - Sync 1 DAGs
[2023-06-22T14:33:36.073+0200] {logging_mixin.py:149} INFO - [2023-06-22T14:33:36.073+0200] {dag.py:3486} INFO - Setting next_dagrun for example_sensor_decorator to None, run_after=None
[2023-06-22T14:33:36.086+0200] {processor.py:179} INFO - Processing /Users/saumyagoyal/JupyterNotebook/MLCon/MLCon_23/2_airflow/.venv/lib/python3.11/site-packages/airflow/example_dags/example_sensor_decorator.py took 0.762 seconds
[2023-06-22T14:36:36.997+0200] {processor.py:157} INFO - Started process (PID=84797) to work on /Users/saumyagoyal/JupyterNotebook/MLCon/MLCon_23/2_airflow/.venv/lib/python3.11/site-packages/airflow/example_dags/example_sensor_decorator.py
[2023-06-22T14:36:37.001+0200] {processor.py:826} INFO - Processing file /Users/saumyagoyal/JupyterNotebook/MLCon/MLCon_23/2_airflow/.venv/lib/python3.11/site-packages/airflow/example_dags/example_sensor_decorator.py for tasks to queue
[2023-06-22T14:36:37.001+0200] {logging_mixin.py:149} INFO - [2023-06-22T14:36:37.001+0200] {dagbag.py:541} INFO - Filling up the DagBag from /Users/saumyagoyal/JupyterNotebook/MLCon/MLCon_23/2_airflow/.venv/lib/python3.11/site-packages/airflow/example_dags/example_sensor_decorator.py
[2023-06-22T14:36:37.040+0200] {processor.py:836} INFO - DAG(s) dict_keys(['example_sensor_decorator']) retrieved from /Users/saumyagoyal/JupyterNotebook/MLCon/MLCon_23/2_airflow/.venv/lib/python3.11/site-packages/airflow/example_dags/example_sensor_decorator.py
[2023-06-22T14:36:37.715+0200] {logging_mixin.py:149} INFO - [2023-06-22T14:36:37.715+0200] {dag.py:2726} INFO - Sync 1 DAGs
[2023-06-22T14:36:37.728+0200] {logging_mixin.py:149} INFO - [2023-06-22T14:36:37.728+0200] {dag.py:3486} INFO - Setting next_dagrun for example_sensor_decorator to None, run_after=None
[2023-06-22T14:36:37.741+0200] {processor.py:179} INFO - Processing /Users/saumyagoyal/JupyterNotebook/MLCon/MLCon_23/2_airflow/.venv/lib/python3.11/site-packages/airflow/example_dags/example_sensor_decorator.py took 0.744 seconds
[2023-06-22T14:39:34.650+0200] {processor.py:157} INFO - Started process (PID=85080) to work on /Users/saumyagoyal/JupyterNotebook/MLCon/MLCon_23/2_airflow/.venv/lib/python3.11/site-packages/airflow/example_dags/example_sensor_decorator.py
[2023-06-22T14:39:34.653+0200] {processor.py:826} INFO - Processing file /Users/saumyagoyal/JupyterNotebook/MLCon/MLCon_23/2_airflow/.venv/lib/python3.11/site-packages/airflow/example_dags/example_sensor_decorator.py for tasks to queue
[2023-06-22T14:39:34.654+0200] {logging_mixin.py:149} INFO - [2023-06-22T14:39:34.654+0200] {dagbag.py:541} INFO - Filling up the DagBag from /Users/saumyagoyal/JupyterNotebook/MLCon/MLCon_23/2_airflow/.venv/lib/python3.11/site-packages/airflow/example_dags/example_sensor_decorator.py
[2023-06-22T14:39:34.693+0200] {processor.py:836} INFO - DAG(s) dict_keys(['example_sensor_decorator']) retrieved from /Users/saumyagoyal/JupyterNotebook/MLCon/MLCon_23/2_airflow/.venv/lib/python3.11/site-packages/airflow/example_dags/example_sensor_decorator.py
[2023-06-22T14:39:35.336+0200] {logging_mixin.py:149} INFO - [2023-06-22T14:39:35.336+0200] {dag.py:2726} INFO - Sync 1 DAGs
[2023-06-22T14:39:35.346+0200] {logging_mixin.py:149} INFO - [2023-06-22T14:39:35.346+0200] {dag.py:3486} INFO - Setting next_dagrun for example_sensor_decorator to None, run_after=None
[2023-06-22T14:39:35.358+0200] {processor.py:179} INFO - Processing /Users/saumyagoyal/JupyterNotebook/MLCon/MLCon_23/2_airflow/.venv/lib/python3.11/site-packages/airflow/example_dags/example_sensor_decorator.py took 0.709 seconds
[2023-06-22T14:42:29.113+0200] {processor.py:157} INFO - Started process (PID=85370) to work on /Users/saumyagoyal/JupyterNotebook/MLCon/MLCon_23/2_airflow/.venv/lib/python3.11/site-packages/airflow/example_dags/example_sensor_decorator.py
[2023-06-22T14:42:29.116+0200] {processor.py:826} INFO - Processing file /Users/saumyagoyal/JupyterNotebook/MLCon/MLCon_23/2_airflow/.venv/lib/python3.11/site-packages/airflow/example_dags/example_sensor_decorator.py for tasks to queue
[2023-06-22T14:42:29.116+0200] {logging_mixin.py:149} INFO - [2023-06-22T14:42:29.116+0200] {dagbag.py:541} INFO - Filling up the DagBag from /Users/saumyagoyal/JupyterNotebook/MLCon/MLCon_23/2_airflow/.venv/lib/python3.11/site-packages/airflow/example_dags/example_sensor_decorator.py
[2023-06-22T14:42:29.151+0200] {processor.py:836} INFO - DAG(s) dict_keys(['example_sensor_decorator']) retrieved from /Users/saumyagoyal/JupyterNotebook/MLCon/MLCon_23/2_airflow/.venv/lib/python3.11/site-packages/airflow/example_dags/example_sensor_decorator.py
[2023-06-22T14:42:29.803+0200] {logging_mixin.py:149} INFO - [2023-06-22T14:42:29.803+0200] {dag.py:2726} INFO - Sync 1 DAGs
[2023-06-22T14:42:29.816+0200] {logging_mixin.py:149} INFO - [2023-06-22T14:42:29.816+0200] {dag.py:3486} INFO - Setting next_dagrun for example_sensor_decorator to None, run_after=None
[2023-06-22T14:42:29.830+0200] {processor.py:179} INFO - Processing /Users/saumyagoyal/JupyterNotebook/MLCon/MLCon_23/2_airflow/.venv/lib/python3.11/site-packages/airflow/example_dags/example_sensor_decorator.py took 0.717 seconds
[2023-06-22T14:45:19.012+0200] {processor.py:157} INFO - Started process (PID=85495) to work on /Users/saumyagoyal/JupyterNotebook/MLCon/MLCon_23/2_airflow/.venv/lib/python3.11/site-packages/airflow/example_dags/example_sensor_decorator.py
[2023-06-22T14:45:19.015+0200] {processor.py:826} INFO - Processing file /Users/saumyagoyal/JupyterNotebook/MLCon/MLCon_23/2_airflow/.venv/lib/python3.11/site-packages/airflow/example_dags/example_sensor_decorator.py for tasks to queue
[2023-06-22T14:45:19.015+0200] {logging_mixin.py:149} INFO - [2023-06-22T14:45:19.015+0200] {dagbag.py:541} INFO - Filling up the DagBag from /Users/saumyagoyal/JupyterNotebook/MLCon/MLCon_23/2_airflow/.venv/lib/python3.11/site-packages/airflow/example_dags/example_sensor_decorator.py
[2023-06-22T14:45:19.055+0200] {processor.py:836} INFO - DAG(s) dict_keys(['example_sensor_decorator']) retrieved from /Users/saumyagoyal/JupyterNotebook/MLCon/MLCon_23/2_airflow/.venv/lib/python3.11/site-packages/airflow/example_dags/example_sensor_decorator.py
[2023-06-22T14:45:19.765+0200] {logging_mixin.py:149} INFO - [2023-06-22T14:45:19.764+0200] {dag.py:2726} INFO - Sync 1 DAGs
[2023-06-22T14:45:19.777+0200] {logging_mixin.py:149} INFO - [2023-06-22T14:45:19.777+0200] {dag.py:3486} INFO - Setting next_dagrun for example_sensor_decorator to None, run_after=None
[2023-06-22T14:45:19.790+0200] {processor.py:179} INFO - Processing /Users/saumyagoyal/JupyterNotebook/MLCon/MLCon_23/2_airflow/.venv/lib/python3.11/site-packages/airflow/example_dags/example_sensor_decorator.py took 0.779 seconds
