[2023-06-22T14:26:38.260+0200] {processor.py:157} INFO - Started process (PID=84272) to work on /Users/saumyagoyal/JupyterNotebook/MLCon/MLCon_23/2_airflow/.venv/lib/python3.11/site-packages/airflow/example_dags/example_params_trigger_ui.py
[2023-06-22T14:26:38.262+0200] {processor.py:826} INFO - Processing file /Users/saumyagoyal/JupyterNotebook/MLCon/MLCon_23/2_airflow/.venv/lib/python3.11/site-packages/airflow/example_dags/example_params_trigger_ui.py for tasks to queue
[2023-06-22T14:26:38.263+0200] {logging_mixin.py:149} INFO - [2023-06-22T14:26:38.263+0200] {dagbag.py:541} INFO - Filling up the DagBag from /Users/saumyagoyal/JupyterNotebook/MLCon/MLCon_23/2_airflow/.venv/lib/python3.11/site-packages/airflow/example_dags/example_params_trigger_ui.py
[2023-06-22T14:26:38.315+0200] {processor.py:836} INFO - DAG(s) dict_keys(['example_params_trigger_ui']) retrieved from /Users/saumyagoyal/JupyterNotebook/MLCon/MLCon_23/2_airflow/.venv/lib/python3.11/site-packages/airflow/example_dags/example_params_trigger_ui.py
[2023-06-22T14:26:38.985+0200] {logging_mixin.py:149} INFO - [2023-06-22T14:26:38.985+0200] {manager.py:504} INFO - Created Permission View: can read on DAG:example_params_trigger_ui
[2023-06-22T14:26:38.990+0200] {logging_mixin.py:149} INFO - [2023-06-22T14:26:38.990+0200] {manager.py:504} INFO - Created Permission View: can edit on DAG:example_params_trigger_ui
[2023-06-22T14:26:38.994+0200] {logging_mixin.py:149} INFO - [2023-06-22T14:26:38.994+0200] {manager.py:504} INFO - Created Permission View: can delete on DAG:example_params_trigger_ui
[2023-06-22T14:26:38.994+0200] {logging_mixin.py:149} INFO - [2023-06-22T14:26:38.994+0200] {dag.py:2726} INFO - Sync 1 DAGs
[2023-06-22T14:26:39.002+0200] {logging_mixin.py:149} INFO - [2023-06-22T14:26:39.001+0200] {dag.py:2747} INFO - Creating ORM DAG for example_params_trigger_ui
[2023-06-22T14:26:39.006+0200] {logging_mixin.py:149} INFO - [2023-06-22T14:26:39.006+0200] {dag.py:3486} INFO - Setting next_dagrun for example_params_trigger_ui to None, run_after=None
[2023-06-22T14:26:39.021+0200] {processor.py:179} INFO - Processing /Users/saumyagoyal/JupyterNotebook/MLCon/MLCon_23/2_airflow/.venv/lib/python3.11/site-packages/airflow/example_dags/example_params_trigger_ui.py took 0.761 seconds
[2023-06-22T14:28:36.979+0200] {processor.py:157} INFO - Started process (PID=84346) to work on /Users/saumyagoyal/JupyterNotebook/MLCon/MLCon_23/2_airflow/.venv/lib/python3.11/site-packages/airflow/example_dags/example_params_trigger_ui.py
[2023-06-22T14:28:36.981+0200] {processor.py:826} INFO - Processing file /Users/saumyagoyal/JupyterNotebook/MLCon/MLCon_23/2_airflow/.venv/lib/python3.11/site-packages/airflow/example_dags/example_params_trigger_ui.py for tasks to queue
[2023-06-22T14:28:36.981+0200] {logging_mixin.py:149} INFO - [2023-06-22T14:28:36.981+0200] {dagbag.py:541} INFO - Filling up the DagBag from /Users/saumyagoyal/JupyterNotebook/MLCon/MLCon_23/2_airflow/.venv/lib/python3.11/site-packages/airflow/example_dags/example_params_trigger_ui.py
[2023-06-22T14:28:37.034+0200] {processor.py:836} INFO - DAG(s) dict_keys(['example_params_trigger_ui']) retrieved from /Users/saumyagoyal/JupyterNotebook/MLCon/MLCon_23/2_airflow/.venv/lib/python3.11/site-packages/airflow/example_dags/example_params_trigger_ui.py
[2023-06-22T14:28:37.654+0200] {logging_mixin.py:149} INFO - [2023-06-22T14:28:37.654+0200] {dag.py:2726} INFO - Sync 1 DAGs
[2023-06-22T14:28:37.664+0200] {logging_mixin.py:149} INFO - [2023-06-22T14:28:37.664+0200] {dag.py:3486} INFO - Setting next_dagrun for example_params_trigger_ui to None, run_after=None
[2023-06-22T14:28:37.677+0200] {processor.py:179} INFO - Processing /Users/saumyagoyal/JupyterNotebook/MLCon/MLCon_23/2_airflow/.venv/lib/python3.11/site-packages/airflow/example_dags/example_params_trigger_ui.py took 0.698 seconds
[2023-06-22T14:31:06.447+0200] {processor.py:157} INFO - Started process (PID=84430) to work on /Users/saumyagoyal/JupyterNotebook/MLCon/MLCon_23/2_airflow/.venv/lib/python3.11/site-packages/airflow/example_dags/example_params_trigger_ui.py
[2023-06-22T14:31:06.449+0200] {processor.py:826} INFO - Processing file /Users/saumyagoyal/JupyterNotebook/MLCon/MLCon_23/2_airflow/.venv/lib/python3.11/site-packages/airflow/example_dags/example_params_trigger_ui.py for tasks to queue
[2023-06-22T14:31:06.450+0200] {logging_mixin.py:149} INFO - [2023-06-22T14:31:06.450+0200] {dagbag.py:541} INFO - Filling up the DagBag from /Users/saumyagoyal/JupyterNotebook/MLCon/MLCon_23/2_airflow/.venv/lib/python3.11/site-packages/airflow/example_dags/example_params_trigger_ui.py
[2023-06-22T14:31:06.504+0200] {processor.py:836} INFO - DAG(s) dict_keys(['example_params_trigger_ui']) retrieved from /Users/saumyagoyal/JupyterNotebook/MLCon/MLCon_23/2_airflow/.venv/lib/python3.11/site-packages/airflow/example_dags/example_params_trigger_ui.py
[2023-06-22T14:31:07.131+0200] {logging_mixin.py:149} INFO - [2023-06-22T14:31:07.131+0200] {dag.py:2726} INFO - Sync 1 DAGs
[2023-06-22T14:31:07.142+0200] {logging_mixin.py:149} INFO - [2023-06-22T14:31:07.142+0200] {dag.py:3486} INFO - Setting next_dagrun for example_params_trigger_ui to None, run_after=None
[2023-06-22T14:31:07.158+0200] {processor.py:179} INFO - Processing /Users/saumyagoyal/JupyterNotebook/MLCon/MLCon_23/2_airflow/.venv/lib/python3.11/site-packages/airflow/example_dags/example_params_trigger_ui.py took 0.711 seconds
[2023-06-22T14:33:46.121+0200] {processor.py:157} INFO - Started process (PID=84662) to work on /Users/saumyagoyal/JupyterNotebook/MLCon/MLCon_23/2_airflow/.venv/lib/python3.11/site-packages/airflow/example_dags/example_params_trigger_ui.py
[2023-06-22T14:33:46.123+0200] {processor.py:826} INFO - Processing file /Users/saumyagoyal/JupyterNotebook/MLCon/MLCon_23/2_airflow/.venv/lib/python3.11/site-packages/airflow/example_dags/example_params_trigger_ui.py for tasks to queue
[2023-06-22T14:33:46.124+0200] {logging_mixin.py:149} INFO - [2023-06-22T14:33:46.124+0200] {dagbag.py:541} INFO - Filling up the DagBag from /Users/saumyagoyal/JupyterNotebook/MLCon/MLCon_23/2_airflow/.venv/lib/python3.11/site-packages/airflow/example_dags/example_params_trigger_ui.py
[2023-06-22T14:33:46.177+0200] {processor.py:836} INFO - DAG(s) dict_keys(['example_params_trigger_ui']) retrieved from /Users/saumyagoyal/JupyterNotebook/MLCon/MLCon_23/2_airflow/.venv/lib/python3.11/site-packages/airflow/example_dags/example_params_trigger_ui.py
[2023-06-22T14:33:46.798+0200] {logging_mixin.py:149} INFO - [2023-06-22T14:33:46.798+0200] {dag.py:2726} INFO - Sync 1 DAGs
[2023-06-22T14:33:46.808+0200] {logging_mixin.py:149} INFO - [2023-06-22T14:33:46.808+0200] {dag.py:3486} INFO - Setting next_dagrun for example_params_trigger_ui to None, run_after=None
[2023-06-22T14:33:46.824+0200] {processor.py:179} INFO - Processing /Users/saumyagoyal/JupyterNotebook/MLCon/MLCon_23/2_airflow/.venv/lib/python3.11/site-packages/airflow/example_dags/example_params_trigger_ui.py took 0.704 seconds
[2023-06-22T14:36:47.871+0200] {processor.py:157} INFO - Started process (PID=84877) to work on /Users/saumyagoyal/JupyterNotebook/MLCon/MLCon_23/2_airflow/.venv/lib/python3.11/site-packages/airflow/example_dags/example_params_trigger_ui.py
[2023-06-22T14:36:47.874+0200] {processor.py:826} INFO - Processing file /Users/saumyagoyal/JupyterNotebook/MLCon/MLCon_23/2_airflow/.venv/lib/python3.11/site-packages/airflow/example_dags/example_params_trigger_ui.py for tasks to queue
[2023-06-22T14:36:47.875+0200] {logging_mixin.py:149} INFO - [2023-06-22T14:36:47.874+0200] {dagbag.py:541} INFO - Filling up the DagBag from /Users/saumyagoyal/JupyterNotebook/MLCon/MLCon_23/2_airflow/.venv/lib/python3.11/site-packages/airflow/example_dags/example_params_trigger_ui.py
[2023-06-22T14:36:47.943+0200] {processor.py:836} INFO - DAG(s) dict_keys(['example_params_trigger_ui']) retrieved from /Users/saumyagoyal/JupyterNotebook/MLCon/MLCon_23/2_airflow/.venv/lib/python3.11/site-packages/airflow/example_dags/example_params_trigger_ui.py
[2023-06-22T14:36:48.601+0200] {logging_mixin.py:149} INFO - [2023-06-22T14:36:48.601+0200] {dag.py:2726} INFO - Sync 1 DAGs
[2023-06-22T14:36:48.614+0200] {logging_mixin.py:149} INFO - [2023-06-22T14:36:48.614+0200] {dag.py:3486} INFO - Setting next_dagrun for example_params_trigger_ui to None, run_after=None
[2023-06-22T14:36:48.628+0200] {processor.py:179} INFO - Processing /Users/saumyagoyal/JupyterNotebook/MLCon/MLCon_23/2_airflow/.venv/lib/python3.11/site-packages/airflow/example_dags/example_params_trigger_ui.py took 0.757 seconds
[2023-06-22T14:39:45.373+0200] {processor.py:157} INFO - Started process (PID=85102) to work on /Users/saumyagoyal/JupyterNotebook/MLCon/MLCon_23/2_airflow/.venv/lib/python3.11/site-packages/airflow/example_dags/example_params_trigger_ui.py
[2023-06-22T14:39:45.376+0200] {processor.py:826} INFO - Processing file /Users/saumyagoyal/JupyterNotebook/MLCon/MLCon_23/2_airflow/.venv/lib/python3.11/site-packages/airflow/example_dags/example_params_trigger_ui.py for tasks to queue
[2023-06-22T14:39:45.377+0200] {logging_mixin.py:149} INFO - [2023-06-22T14:39:45.377+0200] {dagbag.py:541} INFO - Filling up the DagBag from /Users/saumyagoyal/JupyterNotebook/MLCon/MLCon_23/2_airflow/.venv/lib/python3.11/site-packages/airflow/example_dags/example_params_trigger_ui.py
[2023-06-22T14:39:45.431+0200] {processor.py:836} INFO - DAG(s) dict_keys(['example_params_trigger_ui']) retrieved from /Users/saumyagoyal/JupyterNotebook/MLCon/MLCon_23/2_airflow/.venv/lib/python3.11/site-packages/airflow/example_dags/example_params_trigger_ui.py
[2023-06-22T14:39:46.058+0200] {logging_mixin.py:149} INFO - [2023-06-22T14:39:46.058+0200] {dag.py:2726} INFO - Sync 1 DAGs
[2023-06-22T14:39:46.068+0200] {logging_mixin.py:149} INFO - [2023-06-22T14:39:46.068+0200] {dag.py:3486} INFO - Setting next_dagrun for example_params_trigger_ui to None, run_after=None
[2023-06-22T14:39:46.080+0200] {processor.py:179} INFO - Processing /Users/saumyagoyal/JupyterNotebook/MLCon/MLCon_23/2_airflow/.venv/lib/python3.11/site-packages/airflow/example_dags/example_params_trigger_ui.py took 0.708 seconds
[2023-06-22T14:42:39.744+0200] {processor.py:157} INFO - Started process (PID=85375) to work on /Users/saumyagoyal/JupyterNotebook/MLCon/MLCon_23/2_airflow/.venv/lib/python3.11/site-packages/airflow/example_dags/example_params_trigger_ui.py
[2023-06-22T14:42:39.746+0200] {processor.py:826} INFO - Processing file /Users/saumyagoyal/JupyterNotebook/MLCon/MLCon_23/2_airflow/.venv/lib/python3.11/site-packages/airflow/example_dags/example_params_trigger_ui.py for tasks to queue
[2023-06-22T14:42:39.747+0200] {logging_mixin.py:149} INFO - [2023-06-22T14:42:39.747+0200] {dagbag.py:541} INFO - Filling up the DagBag from /Users/saumyagoyal/JupyterNotebook/MLCon/MLCon_23/2_airflow/.venv/lib/python3.11/site-packages/airflow/example_dags/example_params_trigger_ui.py
[2023-06-22T14:42:39.799+0200] {processor.py:836} INFO - DAG(s) dict_keys(['example_params_trigger_ui']) retrieved from /Users/saumyagoyal/JupyterNotebook/MLCon/MLCon_23/2_airflow/.venv/lib/python3.11/site-packages/airflow/example_dags/example_params_trigger_ui.py
[2023-06-22T14:42:40.426+0200] {logging_mixin.py:149} INFO - [2023-06-22T14:42:40.426+0200] {dag.py:2726} INFO - Sync 1 DAGs
[2023-06-22T14:42:40.437+0200] {logging_mixin.py:149} INFO - [2023-06-22T14:42:40.437+0200] {dag.py:3486} INFO - Setting next_dagrun for example_params_trigger_ui to None, run_after=None
[2023-06-22T14:42:40.450+0200] {processor.py:179} INFO - Processing /Users/saumyagoyal/JupyterNotebook/MLCon/MLCon_23/2_airflow/.venv/lib/python3.11/site-packages/airflow/example_dags/example_params_trigger_ui.py took 0.706 seconds
