[2023-06-22T14:26:59.303+0200] {processor.py:157} INFO - Started process (PID=84282) to work on /Users/saumyagoyal/JupyterNotebook/MLCon/MLCon_23/2_airflow/.venv/lib/python3.11/site-packages/airflow/example_dags/example_datasets.py
[2023-06-22T14:26:59.305+0200] {processor.py:826} INFO - Processing file /Users/saumyagoyal/JupyterNotebook/MLCon/MLCon_23/2_airflow/.venv/lib/python3.11/site-packages/airflow/example_dags/example_datasets.py for tasks to queue
[2023-06-22T14:26:59.305+0200] {logging_mixin.py:149} INFO - [2023-06-22T14:26:59.305+0200] {dagbag.py:541} INFO - Filling up the DagBag from /Users/saumyagoyal/JupyterNotebook/MLCon/MLCon_23/2_airflow/.venv/lib/python3.11/site-packages/airflow/example_dags/example_datasets.py
[2023-06-22T14:26:59.321+0200] {processor.py:836} INFO - DAG(s) dict_keys(['dataset_consumes_1_never_scheduled', 'dataset_consumes_1', 'dataset_consumes_1_and_2', 'dataset_consumes_unknown_never_scheduled', 'dataset_produces_2', 'dataset_produces_1']) retrieved from /Users/saumyagoyal/JupyterNotebook/MLCon/MLCon_23/2_airflow/.venv/lib/python3.11/site-packages/airflow/example_dags/example_datasets.py
[2023-06-22T14:27:00.023+0200] {logging_mixin.py:149} INFO - [2023-06-22T14:27:00.023+0200] {manager.py:504} INFO - Created Permission View: can edit on DAG:dataset_consumes_1_never_scheduled
[2023-06-22T14:27:00.029+0200] {logging_mixin.py:149} INFO - [2023-06-22T14:27:00.029+0200] {manager.py:504} INFO - Created Permission View: can read on DAG:dataset_consumes_1_never_scheduled
[2023-06-22T14:27:00.033+0200] {logging_mixin.py:149} INFO - [2023-06-22T14:27:00.033+0200] {manager.py:504} INFO - Created Permission View: can delete on DAG:dataset_consumes_1_never_scheduled
[2023-06-22T14:27:00.042+0200] {logging_mixin.py:149} INFO - [2023-06-22T14:27:00.042+0200] {manager.py:504} INFO - Created Permission View: can edit on DAG:dataset_consumes_1
[2023-06-22T14:27:00.046+0200] {logging_mixin.py:149} INFO - [2023-06-22T14:27:00.046+0200] {manager.py:504} INFO - Created Permission View: can read on DAG:dataset_consumes_1
[2023-06-22T14:27:00.050+0200] {logging_mixin.py:149} INFO - [2023-06-22T14:27:00.050+0200] {manager.py:504} INFO - Created Permission View: can delete on DAG:dataset_consumes_1
[2023-06-22T14:27:00.059+0200] {logging_mixin.py:149} INFO - [2023-06-22T14:27:00.059+0200] {manager.py:504} INFO - Created Permission View: can edit on DAG:dataset_consumes_1_and_2
[2023-06-22T14:27:00.063+0200] {logging_mixin.py:149} INFO - [2023-06-22T14:27:00.063+0200] {manager.py:504} INFO - Created Permission View: can read on DAG:dataset_consumes_1_and_2
[2023-06-22T14:27:00.067+0200] {logging_mixin.py:149} INFO - [2023-06-22T14:27:00.067+0200] {manager.py:504} INFO - Created Permission View: can delete on DAG:dataset_consumes_1_and_2
[2023-06-22T14:27:00.074+0200] {logging_mixin.py:149} INFO - [2023-06-22T14:27:00.074+0200] {manager.py:504} INFO - Created Permission View: can edit on DAG:dataset_consumes_unknown_never_scheduled
[2023-06-22T14:27:00.077+0200] {logging_mixin.py:149} INFO - [2023-06-22T14:27:00.077+0200] {manager.py:504} INFO - Created Permission View: can read on DAG:dataset_consumes_unknown_never_scheduled
[2023-06-22T14:27:00.081+0200] {logging_mixin.py:149} INFO - [2023-06-22T14:27:00.081+0200] {manager.py:504} INFO - Created Permission View: can delete on DAG:dataset_consumes_unknown_never_scheduled
[2023-06-22T14:27:00.089+0200] {logging_mixin.py:149} INFO - [2023-06-22T14:27:00.089+0200] {manager.py:504} INFO - Created Permission View: can edit on DAG:dataset_produces_2
[2023-06-22T14:27:00.093+0200] {logging_mixin.py:149} INFO - [2023-06-22T14:27:00.093+0200] {manager.py:504} INFO - Created Permission View: can read on DAG:dataset_produces_2
[2023-06-22T14:27:00.097+0200] {logging_mixin.py:149} INFO - [2023-06-22T14:27:00.097+0200] {manager.py:504} INFO - Created Permission View: can delete on DAG:dataset_produces_2
[2023-06-22T14:27:00.105+0200] {logging_mixin.py:149} INFO - [2023-06-22T14:27:00.105+0200] {manager.py:504} INFO - Created Permission View: can edit on DAG:dataset_produces_1
[2023-06-22T14:27:00.108+0200] {logging_mixin.py:149} INFO - [2023-06-22T14:27:00.108+0200] {manager.py:504} INFO - Created Permission View: can read on DAG:dataset_produces_1
[2023-06-22T14:27:00.112+0200] {logging_mixin.py:149} INFO - [2023-06-22T14:27:00.112+0200] {manager.py:504} INFO - Created Permission View: can delete on DAG:dataset_produces_1
[2023-06-22T14:27:00.112+0200] {logging_mixin.py:149} INFO - [2023-06-22T14:27:00.112+0200] {dag.py:2726} INFO - Sync 6 DAGs
[2023-06-22T14:27:00.119+0200] {logging_mixin.py:149} INFO - [2023-06-22T14:27:00.119+0200] {dag.py:2747} INFO - Creating ORM DAG for dataset_produces_1
[2023-06-22T14:27:00.119+0200] {logging_mixin.py:149} INFO - [2023-06-22T14:27:00.119+0200] {dag.py:2747} INFO - Creating ORM DAG for dataset_produces_2
[2023-06-22T14:27:00.120+0200] {logging_mixin.py:149} INFO - [2023-06-22T14:27:00.120+0200] {dag.py:2747} INFO - Creating ORM DAG for dataset_consumes_unknown_never_scheduled
[2023-06-22T14:27:00.120+0200] {logging_mixin.py:149} INFO - [2023-06-22T14:27:00.120+0200] {dag.py:2747} INFO - Creating ORM DAG for dataset_consumes_1_never_scheduled
[2023-06-22T14:27:00.120+0200] {logging_mixin.py:149} INFO - [2023-06-22T14:27:00.120+0200] {dag.py:2747} INFO - Creating ORM DAG for dataset_consumes_1
[2023-06-22T14:27:00.121+0200] {logging_mixin.py:149} INFO - [2023-06-22T14:27:00.120+0200] {dag.py:2747} INFO - Creating ORM DAG for dataset_consumes_1_and_2
[2023-06-22T14:27:00.125+0200] {logging_mixin.py:149} INFO - [2023-06-22T14:27:00.125+0200] {dag.py:3486} INFO - Setting next_dagrun for dataset_consumes_1 to None, run_after=None
[2023-06-22T14:27:00.125+0200] {logging_mixin.py:149} INFO - [2023-06-22T14:27:00.125+0200] {dag.py:3486} INFO - Setting next_dagrun for dataset_consumes_1_and_2 to None, run_after=None
[2023-06-22T14:27:00.126+0200] {logging_mixin.py:149} INFO - [2023-06-22T14:27:00.126+0200] {dag.py:3486} INFO - Setting next_dagrun for dataset_consumes_1_never_scheduled to None, run_after=None
[2023-06-22T14:27:00.126+0200] {logging_mixin.py:149} INFO - [2023-06-22T14:27:00.126+0200] {dag.py:3486} INFO - Setting next_dagrun for dataset_consumes_unknown_never_scheduled to None, run_after=None
[2023-06-22T14:27:00.127+0200] {logging_mixin.py:149} INFO - [2023-06-22T14:27:00.127+0200] {dag.py:3486} INFO - Setting next_dagrun for dataset_produces_1 to 2023-06-21T00:00:00+00:00, run_after=2023-06-22T00:00:00+00:00
[2023-06-22T14:27:00.128+0200] {logging_mixin.py:149} INFO - [2023-06-22T14:27:00.127+0200] {dag.py:3486} INFO - Setting next_dagrun for dataset_produces_2 to None, run_after=None
[2023-06-22T14:27:00.145+0200] {processor.py:179} INFO - Processing /Users/saumyagoyal/JupyterNotebook/MLCon/MLCon_23/2_airflow/.venv/lib/python3.11/site-packages/airflow/example_dags/example_datasets.py took 0.842 seconds
[2023-06-22T14:29:44.340+0200] {processor.py:157} INFO - Started process (PID=84381) to work on /Users/saumyagoyal/JupyterNotebook/MLCon/MLCon_23/2_airflow/.venv/lib/python3.11/site-packages/airflow/example_dags/example_datasets.py
[2023-06-22T14:29:44.343+0200] {processor.py:826} INFO - Processing file /Users/saumyagoyal/JupyterNotebook/MLCon/MLCon_23/2_airflow/.venv/lib/python3.11/site-packages/airflow/example_dags/example_datasets.py for tasks to queue
[2023-06-22T14:29:44.343+0200] {logging_mixin.py:149} INFO - [2023-06-22T14:29:44.343+0200] {dagbag.py:541} INFO - Filling up the DagBag from /Users/saumyagoyal/JupyterNotebook/MLCon/MLCon_23/2_airflow/.venv/lib/python3.11/site-packages/airflow/example_dags/example_datasets.py
[2023-06-22T14:29:44.359+0200] {processor.py:836} INFO - DAG(s) dict_keys(['dataset_produces_2', 'dataset_consumes_1_never_scheduled', 'dataset_consumes_1_and_2', 'dataset_consumes_1', 'dataset_produces_1', 'dataset_consumes_unknown_never_scheduled']) retrieved from /Users/saumyagoyal/JupyterNotebook/MLCon/MLCon_23/2_airflow/.venv/lib/python3.11/site-packages/airflow/example_dags/example_datasets.py
[2023-06-22T14:29:45.013+0200] {logging_mixin.py:149} INFO - [2023-06-22T14:29:45.013+0200] {dag.py:2726} INFO - Sync 6 DAGs
[2023-06-22T14:29:45.023+0200] {logging_mixin.py:149} INFO - [2023-06-22T14:29:45.023+0200] {dag.py:3486} INFO - Setting next_dagrun for dataset_consumes_1 to None, run_after=None
[2023-06-22T14:29:45.024+0200] {logging_mixin.py:149} INFO - [2023-06-22T14:29:45.024+0200] {dag.py:3486} INFO - Setting next_dagrun for dataset_consumes_1_and_2 to None, run_after=None
[2023-06-22T14:29:45.025+0200] {logging_mixin.py:149} INFO - [2023-06-22T14:29:45.025+0200] {dag.py:3486} INFO - Setting next_dagrun for dataset_consumes_1_never_scheduled to None, run_after=None
[2023-06-22T14:29:45.025+0200] {logging_mixin.py:149} INFO - [2023-06-22T14:29:45.025+0200] {dag.py:3486} INFO - Setting next_dagrun for dataset_consumes_unknown_never_scheduled to None, run_after=None
[2023-06-22T14:29:45.027+0200] {logging_mixin.py:149} INFO - [2023-06-22T14:29:45.027+0200] {dag.py:3486} INFO - Setting next_dagrun for dataset_produces_1 to 2023-06-21T00:00:00+00:00, run_after=2023-06-22T00:00:00+00:00
[2023-06-22T14:29:45.027+0200] {logging_mixin.py:149} INFO - [2023-06-22T14:29:45.027+0200] {dag.py:3486} INFO - Setting next_dagrun for dataset_produces_2 to None, run_after=None
[2023-06-22T14:29:45.045+0200] {processor.py:179} INFO - Processing /Users/saumyagoyal/JupyterNotebook/MLCon/MLCon_23/2_airflow/.venv/lib/python3.11/site-packages/airflow/example_dags/example_datasets.py took 0.705 seconds
[2023-06-22T14:32:13.892+0200] {processor.py:157} INFO - Started process (PID=84465) to work on /Users/saumyagoyal/JupyterNotebook/MLCon/MLCon_23/2_airflow/.venv/lib/python3.11/site-packages/airflow/example_dags/example_datasets.py
[2023-06-22T14:32:13.894+0200] {processor.py:826} INFO - Processing file /Users/saumyagoyal/JupyterNotebook/MLCon/MLCon_23/2_airflow/.venv/lib/python3.11/site-packages/airflow/example_dags/example_datasets.py for tasks to queue
[2023-06-22T14:32:13.894+0200] {logging_mixin.py:149} INFO - [2023-06-22T14:32:13.894+0200] {dagbag.py:541} INFO - Filling up the DagBag from /Users/saumyagoyal/JupyterNotebook/MLCon/MLCon_23/2_airflow/.venv/lib/python3.11/site-packages/airflow/example_dags/example_datasets.py
[2023-06-22T14:32:13.911+0200] {processor.py:836} INFO - DAG(s) dict_keys(['dataset_consumes_1_and_2', 'dataset_consumes_1', 'dataset_consumes_unknown_never_scheduled', 'dataset_produces_2', 'dataset_produces_1', 'dataset_consumes_1_never_scheduled']) retrieved from /Users/saumyagoyal/JupyterNotebook/MLCon/MLCon_23/2_airflow/.venv/lib/python3.11/site-packages/airflow/example_dags/example_datasets.py
[2023-06-22T14:32:14.593+0200] {logging_mixin.py:149} INFO - [2023-06-22T14:32:14.593+0200] {dag.py:2726} INFO - Sync 6 DAGs
[2023-06-22T14:32:14.604+0200] {logging_mixin.py:149} INFO - [2023-06-22T14:32:14.604+0200] {dag.py:3486} INFO - Setting next_dagrun for dataset_consumes_1 to None, run_after=None
[2023-06-22T14:32:14.606+0200] {logging_mixin.py:149} INFO - [2023-06-22T14:32:14.606+0200] {dag.py:3486} INFO - Setting next_dagrun for dataset_consumes_1_and_2 to None, run_after=None
[2023-06-22T14:32:14.606+0200] {logging_mixin.py:149} INFO - [2023-06-22T14:32:14.606+0200] {dag.py:3486} INFO - Setting next_dagrun for dataset_consumes_1_never_scheduled to None, run_after=None
[2023-06-22T14:32:14.607+0200] {logging_mixin.py:149} INFO - [2023-06-22T14:32:14.607+0200] {dag.py:3486} INFO - Setting next_dagrun for dataset_consumes_unknown_never_scheduled to None, run_after=None
[2023-06-22T14:32:14.608+0200] {logging_mixin.py:149} INFO - [2023-06-22T14:32:14.608+0200] {dag.py:3486} INFO - Setting next_dagrun for dataset_produces_1 to 2023-06-21T00:00:00+00:00, run_after=2023-06-22T00:00:00+00:00
[2023-06-22T14:32:14.609+0200] {logging_mixin.py:149} INFO - [2023-06-22T14:32:14.609+0200] {dag.py:3486} INFO - Setting next_dagrun for dataset_produces_2 to None, run_after=None
[2023-06-22T14:32:14.626+0200] {processor.py:179} INFO - Processing /Users/saumyagoyal/JupyterNotebook/MLCon/MLCon_23/2_airflow/.venv/lib/python3.11/site-packages/airflow/example_dags/example_datasets.py took 0.735 seconds
[2023-06-22T14:35:07.283+0200] {processor.py:157} INFO - Started process (PID=84722) to work on /Users/saumyagoyal/JupyterNotebook/MLCon/MLCon_23/2_airflow/.venv/lib/python3.11/site-packages/airflow/example_dags/example_datasets.py
[2023-06-22T14:35:07.285+0200] {processor.py:826} INFO - Processing file /Users/saumyagoyal/JupyterNotebook/MLCon/MLCon_23/2_airflow/.venv/lib/python3.11/site-packages/airflow/example_dags/example_datasets.py for tasks to queue
[2023-06-22T14:35:07.285+0200] {logging_mixin.py:149} INFO - [2023-06-22T14:35:07.285+0200] {dagbag.py:541} INFO - Filling up the DagBag from /Users/saumyagoyal/JupyterNotebook/MLCon/MLCon_23/2_airflow/.venv/lib/python3.11/site-packages/airflow/example_dags/example_datasets.py
[2023-06-22T14:35:07.302+0200] {processor.py:836} INFO - DAG(s) dict_keys(['dataset_produces_1', 'dataset_produces_2', 'dataset_consumes_1_and_2', 'dataset_consumes_unknown_never_scheduled', 'dataset_consumes_1', 'dataset_consumes_1_never_scheduled']) retrieved from /Users/saumyagoyal/JupyterNotebook/MLCon/MLCon_23/2_airflow/.venv/lib/python3.11/site-packages/airflow/example_dags/example_datasets.py
[2023-06-22T14:35:07.992+0200] {logging_mixin.py:149} INFO - [2023-06-22T14:35:07.992+0200] {dag.py:2726} INFO - Sync 6 DAGs
[2023-06-22T14:35:08.003+0200] {logging_mixin.py:149} INFO - [2023-06-22T14:35:08.003+0200] {dag.py:3486} INFO - Setting next_dagrun for dataset_consumes_1 to None, run_after=None
[2023-06-22T14:35:08.005+0200] {logging_mixin.py:149} INFO - [2023-06-22T14:35:08.005+0200] {dag.py:3486} INFO - Setting next_dagrun for dataset_consumes_1_and_2 to None, run_after=None
[2023-06-22T14:35:08.006+0200] {logging_mixin.py:149} INFO - [2023-06-22T14:35:08.006+0200] {dag.py:3486} INFO - Setting next_dagrun for dataset_consumes_1_never_scheduled to None, run_after=None
[2023-06-22T14:35:08.006+0200] {logging_mixin.py:149} INFO - [2023-06-22T14:35:08.006+0200] {dag.py:3486} INFO - Setting next_dagrun for dataset_consumes_unknown_never_scheduled to None, run_after=None
[2023-06-22T14:35:08.008+0200] {logging_mixin.py:149} INFO - [2023-06-22T14:35:08.008+0200] {dag.py:3486} INFO - Setting next_dagrun for dataset_produces_1 to 2023-06-21T00:00:00+00:00, run_after=2023-06-22T00:00:00+00:00
[2023-06-22T14:35:08.008+0200] {logging_mixin.py:149} INFO - [2023-06-22T14:35:08.008+0200] {dag.py:3486} INFO - Setting next_dagrun for dataset_produces_2 to None, run_after=None
[2023-06-22T14:35:08.028+0200] {processor.py:179} INFO - Processing /Users/saumyagoyal/JupyterNotebook/MLCon/MLCon_23/2_airflow/.venv/lib/python3.11/site-packages/airflow/example_dags/example_datasets.py took 0.745 seconds
[2023-06-22T14:38:07.315+0200] {processor.py:157} INFO - Started process (PID=85026) to work on /Users/saumyagoyal/JupyterNotebook/MLCon/MLCon_23/2_airflow/.venv/lib/python3.11/site-packages/airflow/example_dags/example_datasets.py
[2023-06-22T14:38:07.318+0200] {processor.py:826} INFO - Processing file /Users/saumyagoyal/JupyterNotebook/MLCon/MLCon_23/2_airflow/.venv/lib/python3.11/site-packages/airflow/example_dags/example_datasets.py for tasks to queue
[2023-06-22T14:38:07.319+0200] {logging_mixin.py:149} INFO - [2023-06-22T14:38:07.319+0200] {dagbag.py:541} INFO - Filling up the DagBag from /Users/saumyagoyal/JupyterNotebook/MLCon/MLCon_23/2_airflow/.venv/lib/python3.11/site-packages/airflow/example_dags/example_datasets.py
[2023-06-22T14:38:07.338+0200] {processor.py:836} INFO - DAG(s) dict_keys(['dataset_produces_2', 'dataset_consumes_unknown_never_scheduled', 'dataset_consumes_1', 'dataset_consumes_1_and_2', 'dataset_consumes_1_never_scheduled', 'dataset_produces_1']) retrieved from /Users/saumyagoyal/JupyterNotebook/MLCon/MLCon_23/2_airflow/.venv/lib/python3.11/site-packages/airflow/example_dags/example_datasets.py
[2023-06-22T14:38:07.964+0200] {logging_mixin.py:149} INFO - [2023-06-22T14:38:07.964+0200] {dag.py:2726} INFO - Sync 6 DAGs
[2023-06-22T14:38:07.975+0200] {logging_mixin.py:149} INFO - [2023-06-22T14:38:07.974+0200] {dag.py:3486} INFO - Setting next_dagrun for dataset_consumes_1 to None, run_after=None
[2023-06-22T14:38:07.976+0200] {logging_mixin.py:149} INFO - [2023-06-22T14:38:07.976+0200] {dag.py:3486} INFO - Setting next_dagrun for dataset_consumes_1_and_2 to None, run_after=None
[2023-06-22T14:38:07.977+0200] {logging_mixin.py:149} INFO - [2023-06-22T14:38:07.976+0200] {dag.py:3486} INFO - Setting next_dagrun for dataset_consumes_1_never_scheduled to None, run_after=None
[2023-06-22T14:38:07.977+0200] {logging_mixin.py:149} INFO - [2023-06-22T14:38:07.977+0200] {dag.py:3486} INFO - Setting next_dagrun for dataset_consumes_unknown_never_scheduled to None, run_after=None
[2023-06-22T14:38:07.979+0200] {logging_mixin.py:149} INFO - [2023-06-22T14:38:07.979+0200] {dag.py:3486} INFO - Setting next_dagrun for dataset_produces_1 to 2023-06-21T00:00:00+00:00, run_after=2023-06-22T00:00:00+00:00
[2023-06-22T14:38:07.980+0200] {logging_mixin.py:149} INFO - [2023-06-22T14:38:07.980+0200] {dag.py:3486} INFO - Setting next_dagrun for dataset_produces_2 to None, run_after=None
[2023-06-22T14:38:08.006+0200] {processor.py:179} INFO - Processing /Users/saumyagoyal/JupyterNotebook/MLCon/MLCon_23/2_airflow/.venv/lib/python3.11/site-packages/airflow/example_dags/example_datasets.py took 0.691 seconds
[2023-06-22T14:41:06.860+0200] {processor.py:157} INFO - Started process (PID=85265) to work on /Users/saumyagoyal/JupyterNotebook/MLCon/MLCon_23/2_airflow/.venv/lib/python3.11/site-packages/airflow/example_dags/example_datasets.py
[2023-06-22T14:41:06.863+0200] {processor.py:826} INFO - Processing file /Users/saumyagoyal/JupyterNotebook/MLCon/MLCon_23/2_airflow/.venv/lib/python3.11/site-packages/airflow/example_dags/example_datasets.py for tasks to queue
[2023-06-22T14:41:06.863+0200] {logging_mixin.py:149} INFO - [2023-06-22T14:41:06.863+0200] {dagbag.py:541} INFO - Filling up the DagBag from /Users/saumyagoyal/JupyterNotebook/MLCon/MLCon_23/2_airflow/.venv/lib/python3.11/site-packages/airflow/example_dags/example_datasets.py
[2023-06-22T14:41:06.878+0200] {processor.py:836} INFO - DAG(s) dict_keys(['dataset_produces_1', 'dataset_consumes_unknown_never_scheduled', 'dataset_produces_2', 'dataset_consumes_1', 'dataset_consumes_1_and_2', 'dataset_consumes_1_never_scheduled']) retrieved from /Users/saumyagoyal/JupyterNotebook/MLCon/MLCon_23/2_airflow/.venv/lib/python3.11/site-packages/airflow/example_dags/example_datasets.py
[2023-06-22T14:41:07.503+0200] {logging_mixin.py:149} INFO - [2023-06-22T14:41:07.503+0200] {dag.py:2726} INFO - Sync 6 DAGs
[2023-06-22T14:41:07.513+0200] {logging_mixin.py:149} INFO - [2023-06-22T14:41:07.513+0200] {dag.py:3486} INFO - Setting next_dagrun for dataset_consumes_1 to None, run_after=None
[2023-06-22T14:41:07.514+0200] {logging_mixin.py:149} INFO - [2023-06-22T14:41:07.514+0200] {dag.py:3486} INFO - Setting next_dagrun for dataset_consumes_1_and_2 to None, run_after=None
[2023-06-22T14:41:07.515+0200] {logging_mixin.py:149} INFO - [2023-06-22T14:41:07.515+0200] {dag.py:3486} INFO - Setting next_dagrun for dataset_consumes_1_never_scheduled to None, run_after=None
[2023-06-22T14:41:07.515+0200] {logging_mixin.py:149} INFO - [2023-06-22T14:41:07.515+0200] {dag.py:3486} INFO - Setting next_dagrun for dataset_consumes_unknown_never_scheduled to None, run_after=None
[2023-06-22T14:41:07.517+0200] {logging_mixin.py:149} INFO - [2023-06-22T14:41:07.516+0200] {dag.py:3486} INFO - Setting next_dagrun for dataset_produces_1 to 2023-06-21T00:00:00+00:00, run_after=2023-06-22T00:00:00+00:00
[2023-06-22T14:41:07.517+0200] {logging_mixin.py:149} INFO - [2023-06-22T14:41:07.517+0200] {dag.py:3486} INFO - Setting next_dagrun for dataset_produces_2 to None, run_after=None
[2023-06-22T14:41:07.535+0200] {processor.py:179} INFO - Processing /Users/saumyagoyal/JupyterNotebook/MLCon/MLCon_23/2_airflow/.venv/lib/python3.11/site-packages/airflow/example_dags/example_datasets.py took 0.675 seconds
[2023-06-22T14:43:55.997+0200] {processor.py:157} INFO - Started process (PID=85435) to work on /Users/saumyagoyal/JupyterNotebook/MLCon/MLCon_23/2_airflow/.venv/lib/python3.11/site-packages/airflow/example_dags/example_datasets.py
[2023-06-22T14:43:56.001+0200] {processor.py:826} INFO - Processing file /Users/saumyagoyal/JupyterNotebook/MLCon/MLCon_23/2_airflow/.venv/lib/python3.11/site-packages/airflow/example_dags/example_datasets.py for tasks to queue
[2023-06-22T14:43:56.001+0200] {logging_mixin.py:149} INFO - [2023-06-22T14:43:56.001+0200] {dagbag.py:541} INFO - Filling up the DagBag from /Users/saumyagoyal/JupyterNotebook/MLCon/MLCon_23/2_airflow/.venv/lib/python3.11/site-packages/airflow/example_dags/example_datasets.py
[2023-06-22T14:43:56.020+0200] {processor.py:836} INFO - DAG(s) dict_keys(['dataset_consumes_1_and_2', 'dataset_produces_2', 'dataset_consumes_1', 'dataset_consumes_1_never_scheduled', 'dataset_consumes_unknown_never_scheduled', 'dataset_produces_1']) retrieved from /Users/saumyagoyal/JupyterNotebook/MLCon/MLCon_23/2_airflow/.venv/lib/python3.11/site-packages/airflow/example_dags/example_datasets.py
[2023-06-22T14:43:56.679+0200] {logging_mixin.py:149} INFO - [2023-06-22T14:43:56.678+0200] {dag.py:2726} INFO - Sync 6 DAGs
[2023-06-22T14:43:56.689+0200] {logging_mixin.py:149} INFO - [2023-06-22T14:43:56.688+0200] {dag.py:3486} INFO - Setting next_dagrun for dataset_consumes_1 to None, run_after=None
[2023-06-22T14:43:56.690+0200] {logging_mixin.py:149} INFO - [2023-06-22T14:43:56.690+0200] {dag.py:3486} INFO - Setting next_dagrun for dataset_consumes_1_and_2 to None, run_after=None
[2023-06-22T14:43:56.690+0200] {logging_mixin.py:149} INFO - [2023-06-22T14:43:56.690+0200] {dag.py:3486} INFO - Setting next_dagrun for dataset_consumes_1_never_scheduled to None, run_after=None
[2023-06-22T14:43:56.691+0200] {logging_mixin.py:149} INFO - [2023-06-22T14:43:56.691+0200] {dag.py:3486} INFO - Setting next_dagrun for dataset_consumes_unknown_never_scheduled to None, run_after=None
[2023-06-22T14:43:56.692+0200] {logging_mixin.py:149} INFO - [2023-06-22T14:43:56.692+0200] {dag.py:3486} INFO - Setting next_dagrun for dataset_produces_1 to 2023-06-21T00:00:00+00:00, run_after=2023-06-22T00:00:00+00:00
[2023-06-22T14:43:56.693+0200] {logging_mixin.py:149} INFO - [2023-06-22T14:43:56.693+0200] {dag.py:3486} INFO - Setting next_dagrun for dataset_produces_2 to None, run_after=None
[2023-06-22T14:43:56.711+0200] {processor.py:179} INFO - Processing /Users/saumyagoyal/JupyterNotebook/MLCon/MLCon_23/2_airflow/.venv/lib/python3.11/site-packages/airflow/example_dags/example_datasets.py took 0.714 seconds
