[2023-06-22T14:27:12.921+0200] {processor.py:157} INFO - Started process (PID=84288) to work on /Users/saumyagoyal/JupyterNotebook/MLCon/MLCon_23/2_airflow/.venv/lib/python3.11/site-packages/airflow/example_dags/example_branch_operator.py
[2023-06-22T14:27:12.923+0200] {processor.py:826} INFO - Processing file /Users/saumyagoyal/JupyterNotebook/MLCon/MLCon_23/2_airflow/.venv/lib/python3.11/site-packages/airflow/example_dags/example_branch_operator.py for tasks to queue
[2023-06-22T14:27:12.924+0200] {logging_mixin.py:149} INFO - [2023-06-22T14:27:12.924+0200] {dagbag.py:541} INFO - Filling up the DagBag from /Users/saumyagoyal/JupyterNotebook/MLCon/MLCon_23/2_airflow/.venv/lib/python3.11/site-packages/airflow/example_dags/example_branch_operator.py
[2023-06-22T14:27:12.946+0200] {processor.py:836} INFO - DAG(s) dict_keys(['example_branch_operator']) retrieved from /Users/saumyagoyal/JupyterNotebook/MLCon/MLCon_23/2_airflow/.venv/lib/python3.11/site-packages/airflow/example_dags/example_branch_operator.py
[2023-06-22T14:27:13.627+0200] {logging_mixin.py:149} INFO - [2023-06-22T14:27:13.626+0200] {manager.py:504} INFO - Created Permission View: can edit on DAG:example_branch_operator
[2023-06-22T14:27:13.633+0200] {logging_mixin.py:149} INFO - [2023-06-22T14:27:13.633+0200] {manager.py:504} INFO - Created Permission View: can delete on DAG:example_branch_operator
[2023-06-22T14:27:13.638+0200] {logging_mixin.py:149} INFO - [2023-06-22T14:27:13.637+0200] {manager.py:504} INFO - Created Permission View: can read on DAG:example_branch_operator
[2023-06-22T14:27:13.638+0200] {logging_mixin.py:149} INFO - [2023-06-22T14:27:13.638+0200] {dag.py:2726} INFO - Sync 1 DAGs
[2023-06-22T14:27:13.645+0200] {logging_mixin.py:149} INFO - [2023-06-22T14:27:13.645+0200] {dag.py:2747} INFO - Creating ORM DAG for example_branch_operator
[2023-06-22T14:27:13.651+0200] {logging_mixin.py:149} INFO - [2023-06-22T14:27:13.651+0200] {dag.py:3486} INFO - Setting next_dagrun for example_branch_operator to 2023-06-21T00:00:00+00:00, run_after=2023-06-22T00:00:00+00:00
[2023-06-22T14:27:13.662+0200] {processor.py:179} INFO - Processing /Users/saumyagoyal/JupyterNotebook/MLCon/MLCon_23/2_airflow/.venv/lib/python3.11/site-packages/airflow/example_dags/example_branch_operator.py took 0.741 seconds
[2023-06-22T14:29:57.462+0200] {processor.py:157} INFO - Started process (PID=84388) to work on /Users/saumyagoyal/JupyterNotebook/MLCon/MLCon_23/2_airflow/.venv/lib/python3.11/site-packages/airflow/example_dags/example_branch_operator.py
[2023-06-22T14:29:57.464+0200] {processor.py:826} INFO - Processing file /Users/saumyagoyal/JupyterNotebook/MLCon/MLCon_23/2_airflow/.venv/lib/python3.11/site-packages/airflow/example_dags/example_branch_operator.py for tasks to queue
[2023-06-22T14:29:57.465+0200] {logging_mixin.py:149} INFO - [2023-06-22T14:29:57.465+0200] {dagbag.py:541} INFO - Filling up the DagBag from /Users/saumyagoyal/JupyterNotebook/MLCon/MLCon_23/2_airflow/.venv/lib/python3.11/site-packages/airflow/example_dags/example_branch_operator.py
[2023-06-22T14:29:57.487+0200] {processor.py:836} INFO - DAG(s) dict_keys(['example_branch_operator']) retrieved from /Users/saumyagoyal/JupyterNotebook/MLCon/MLCon_23/2_airflow/.venv/lib/python3.11/site-packages/airflow/example_dags/example_branch_operator.py
[2023-06-22T14:29:58.108+0200] {logging_mixin.py:149} INFO - [2023-06-22T14:29:58.108+0200] {dag.py:2726} INFO - Sync 1 DAGs
[2023-06-22T14:29:58.119+0200] {logging_mixin.py:149} INFO - [2023-06-22T14:29:58.119+0200] {dag.py:3486} INFO - Setting next_dagrun for example_branch_operator to 2023-06-21T00:00:00+00:00, run_after=2023-06-22T00:00:00+00:00
[2023-06-22T14:29:58.132+0200] {processor.py:179} INFO - Processing /Users/saumyagoyal/JupyterNotebook/MLCon/MLCon_23/2_airflow/.venv/lib/python3.11/site-packages/airflow/example_dags/example_branch_operator.py took 0.670 seconds
[2023-06-22T14:32:27.799+0200] {processor.py:157} INFO - Started process (PID=84472) to work on /Users/saumyagoyal/JupyterNotebook/MLCon/MLCon_23/2_airflow/.venv/lib/python3.11/site-packages/airflow/example_dags/example_branch_operator.py
[2023-06-22T14:32:27.802+0200] {processor.py:826} INFO - Processing file /Users/saumyagoyal/JupyterNotebook/MLCon/MLCon_23/2_airflow/.venv/lib/python3.11/site-packages/airflow/example_dags/example_branch_operator.py for tasks to queue
[2023-06-22T14:32:27.802+0200] {logging_mixin.py:149} INFO - [2023-06-22T14:32:27.802+0200] {dagbag.py:541} INFO - Filling up the DagBag from /Users/saumyagoyal/JupyterNotebook/MLCon/MLCon_23/2_airflow/.venv/lib/python3.11/site-packages/airflow/example_dags/example_branch_operator.py
[2023-06-22T14:32:27.829+0200] {processor.py:836} INFO - DAG(s) dict_keys(['example_branch_operator']) retrieved from /Users/saumyagoyal/JupyterNotebook/MLCon/MLCon_23/2_airflow/.venv/lib/python3.11/site-packages/airflow/example_dags/example_branch_operator.py
[2023-06-22T14:32:28.530+0200] {logging_mixin.py:149} INFO - [2023-06-22T14:32:28.530+0200] {dag.py:2726} INFO - Sync 1 DAGs
[2023-06-22T14:32:28.547+0200] {logging_mixin.py:149} INFO - [2023-06-22T14:32:28.547+0200] {dag.py:3486} INFO - Setting next_dagrun for example_branch_operator to 2023-06-21T00:00:00+00:00, run_after=2023-06-22T00:00:00+00:00
[2023-06-22T14:32:28.562+0200] {processor.py:179} INFO - Processing /Users/saumyagoyal/JupyterNotebook/MLCon/MLCon_23/2_airflow/.venv/lib/python3.11/site-packages/airflow/example_dags/example_branch_operator.py took 0.764 seconds
[2023-06-22T14:35:21.741+0200] {processor.py:157} INFO - Started process (PID=84733) to work on /Users/saumyagoyal/JupyterNotebook/MLCon/MLCon_23/2_airflow/.venv/lib/python3.11/site-packages/airflow/example_dags/example_branch_operator.py
[2023-06-22T14:35:21.744+0200] {processor.py:826} INFO - Processing file /Users/saumyagoyal/JupyterNotebook/MLCon/MLCon_23/2_airflow/.venv/lib/python3.11/site-packages/airflow/example_dags/example_branch_operator.py for tasks to queue
[2023-06-22T14:35:21.744+0200] {logging_mixin.py:149} INFO - [2023-06-22T14:35:21.744+0200] {dagbag.py:541} INFO - Filling up the DagBag from /Users/saumyagoyal/JupyterNotebook/MLCon/MLCon_23/2_airflow/.venv/lib/python3.11/site-packages/airflow/example_dags/example_branch_operator.py
[2023-06-22T14:35:21.767+0200] {processor.py:836} INFO - DAG(s) dict_keys(['example_branch_operator']) retrieved from /Users/saumyagoyal/JupyterNotebook/MLCon/MLCon_23/2_airflow/.venv/lib/python3.11/site-packages/airflow/example_dags/example_branch_operator.py
[2023-06-22T14:35:22.413+0200] {logging_mixin.py:149} INFO - [2023-06-22T14:35:22.413+0200] {dag.py:2726} INFO - Sync 1 DAGs
[2023-06-22T14:35:22.425+0200] {logging_mixin.py:149} INFO - [2023-06-22T14:35:22.425+0200] {dag.py:3486} INFO - Setting next_dagrun for example_branch_operator to 2023-06-21T00:00:00+00:00, run_after=2023-06-22T00:00:00+00:00
[2023-06-22T14:35:22.437+0200] {processor.py:179} INFO - Processing /Users/saumyagoyal/JupyterNotebook/MLCon/MLCon_23/2_airflow/.venv/lib/python3.11/site-packages/airflow/example_dags/example_branch_operator.py took 0.697 seconds
[2023-06-22T14:38:20.477+0200] {processor.py:157} INFO - Started process (PID=85042) to work on /Users/saumyagoyal/JupyterNotebook/MLCon/MLCon_23/2_airflow/.venv/lib/python3.11/site-packages/airflow/example_dags/example_branch_operator.py
[2023-06-22T14:38:20.481+0200] {processor.py:826} INFO - Processing file /Users/saumyagoyal/JupyterNotebook/MLCon/MLCon_23/2_airflow/.venv/lib/python3.11/site-packages/airflow/example_dags/example_branch_operator.py for tasks to queue
[2023-06-22T14:38:20.482+0200] {logging_mixin.py:149} INFO - [2023-06-22T14:38:20.482+0200] {dagbag.py:541} INFO - Filling up the DagBag from /Users/saumyagoyal/JupyterNotebook/MLCon/MLCon_23/2_airflow/.venv/lib/python3.11/site-packages/airflow/example_dags/example_branch_operator.py
[2023-06-22T14:38:20.513+0200] {processor.py:836} INFO - DAG(s) dict_keys(['example_branch_operator']) retrieved from /Users/saumyagoyal/JupyterNotebook/MLCon/MLCon_23/2_airflow/.venv/lib/python3.11/site-packages/airflow/example_dags/example_branch_operator.py
[2023-06-22T14:38:21.136+0200] {logging_mixin.py:149} INFO - [2023-06-22T14:38:21.136+0200] {dag.py:2726} INFO - Sync 1 DAGs
[2023-06-22T14:38:21.148+0200] {logging_mixin.py:149} INFO - [2023-06-22T14:38:21.148+0200] {dag.py:3486} INFO - Setting next_dagrun for example_branch_operator to 2023-06-21T00:00:00+00:00, run_after=2023-06-22T00:00:00+00:00
[2023-06-22T14:38:21.161+0200] {processor.py:179} INFO - Processing /Users/saumyagoyal/JupyterNotebook/MLCon/MLCon_23/2_airflow/.venv/lib/python3.11/site-packages/airflow/example_dags/example_branch_operator.py took 0.684 seconds
[2023-06-22T14:41:19.864+0200] {processor.py:157} INFO - Started process (PID=85297) to work on /Users/saumyagoyal/JupyterNotebook/MLCon/MLCon_23/2_airflow/.venv/lib/python3.11/site-packages/airflow/example_dags/example_branch_operator.py
[2023-06-22T14:41:19.867+0200] {processor.py:826} INFO - Processing file /Users/saumyagoyal/JupyterNotebook/MLCon/MLCon_23/2_airflow/.venv/lib/python3.11/site-packages/airflow/example_dags/example_branch_operator.py for tasks to queue
[2023-06-22T14:41:19.867+0200] {logging_mixin.py:149} INFO - [2023-06-22T14:41:19.867+0200] {dagbag.py:541} INFO - Filling up the DagBag from /Users/saumyagoyal/JupyterNotebook/MLCon/MLCon_23/2_airflow/.venv/lib/python3.11/site-packages/airflow/example_dags/example_branch_operator.py
[2023-06-22T14:41:19.890+0200] {processor.py:836} INFO - DAG(s) dict_keys(['example_branch_operator']) retrieved from /Users/saumyagoyal/JupyterNotebook/MLCon/MLCon_23/2_airflow/.venv/lib/python3.11/site-packages/airflow/example_dags/example_branch_operator.py
[2023-06-22T14:41:20.504+0200] {logging_mixin.py:149} INFO - [2023-06-22T14:41:20.503+0200] {dag.py:2726} INFO - Sync 1 DAGs
[2023-06-22T14:41:20.515+0200] {logging_mixin.py:149} INFO - [2023-06-22T14:41:20.515+0200] {dag.py:3486} INFO - Setting next_dagrun for example_branch_operator to 2023-06-21T00:00:00+00:00, run_after=2023-06-22T00:00:00+00:00
[2023-06-22T14:41:20.528+0200] {processor.py:179} INFO - Processing /Users/saumyagoyal/JupyterNotebook/MLCon/MLCon_23/2_airflow/.venv/lib/python3.11/site-packages/airflow/example_dags/example_branch_operator.py took 0.664 seconds
[2023-06-22T14:44:09.484+0200] {processor.py:157} INFO - Started process (PID=85445) to work on /Users/saumyagoyal/JupyterNotebook/MLCon/MLCon_23/2_airflow/.venv/lib/python3.11/site-packages/airflow/example_dags/example_branch_operator.py
[2023-06-22T14:44:09.488+0200] {processor.py:826} INFO - Processing file /Users/saumyagoyal/JupyterNotebook/MLCon/MLCon_23/2_airflow/.venv/lib/python3.11/site-packages/airflow/example_dags/example_branch_operator.py for tasks to queue
[2023-06-22T14:44:09.488+0200] {logging_mixin.py:149} INFO - [2023-06-22T14:44:09.488+0200] {dagbag.py:541} INFO - Filling up the DagBag from /Users/saumyagoyal/JupyterNotebook/MLCon/MLCon_23/2_airflow/.venv/lib/python3.11/site-packages/airflow/example_dags/example_branch_operator.py
[2023-06-22T14:44:09.517+0200] {processor.py:836} INFO - DAG(s) dict_keys(['example_branch_operator']) retrieved from /Users/saumyagoyal/JupyterNotebook/MLCon/MLCon_23/2_airflow/.venv/lib/python3.11/site-packages/airflow/example_dags/example_branch_operator.py
[2023-06-22T14:44:10.171+0200] {logging_mixin.py:149} INFO - [2023-06-22T14:44:10.171+0200] {dag.py:2726} INFO - Sync 1 DAGs
[2023-06-22T14:44:10.184+0200] {logging_mixin.py:149} INFO - [2023-06-22T14:44:10.184+0200] {dag.py:3486} INFO - Setting next_dagrun for example_branch_operator to 2023-06-21T00:00:00+00:00, run_after=2023-06-22T00:00:00+00:00
[2023-06-22T14:44:10.197+0200] {processor.py:179} INFO - Processing /Users/saumyagoyal/JupyterNotebook/MLCon/MLCon_23/2_airflow/.venv/lib/python3.11/site-packages/airflow/example_dags/example_branch_operator.py took 0.713 seconds
