[2023-06-22T14:25:54.928+0200] {processor.py:157} INFO - Started process (PID=84245) to work on /Users/saumyagoyal/JupyterNotebook/MLCon/MLCon_23/2_airflow/.venv/lib/python3.11/site-packages/airflow/example_dags/example_trigger_controller_dag.py
[2023-06-22T14:25:54.931+0200] {processor.py:826} INFO - Processing file /Users/saumyagoyal/JupyterNotebook/MLCon/MLCon_23/2_airflow/.venv/lib/python3.11/site-packages/airflow/example_dags/example_trigger_controller_dag.py for tasks to queue
[2023-06-22T14:25:54.931+0200] {logging_mixin.py:149} INFO - [2023-06-22T14:25:54.931+0200] {dagbag.py:541} INFO - Filling up the DagBag from /Users/saumyagoyal/JupyterNotebook/MLCon/MLCon_23/2_airflow/.venv/lib/python3.11/site-packages/airflow/example_dags/example_trigger_controller_dag.py
[2023-06-22T14:25:54.946+0200] {processor.py:836} INFO - DAG(s) dict_keys(['example_trigger_controller_dag']) retrieved from /Users/saumyagoyal/JupyterNotebook/MLCon/MLCon_23/2_airflow/.venv/lib/python3.11/site-packages/airflow/example_dags/example_trigger_controller_dag.py
[2023-06-22T14:25:55.677+0200] {logging_mixin.py:149} INFO - [2023-06-22T14:25:55.676+0200] {manager.py:504} INFO - Created Permission View: can read on DAG:example_trigger_controller_dag
[2023-06-22T14:25:55.683+0200] {logging_mixin.py:149} INFO - [2023-06-22T14:25:55.683+0200] {manager.py:504} INFO - Created Permission View: can edit on DAG:example_trigger_controller_dag
[2023-06-22T14:25:55.688+0200] {logging_mixin.py:149} INFO - [2023-06-22T14:25:55.688+0200] {manager.py:504} INFO - Created Permission View: can delete on DAG:example_trigger_controller_dag
[2023-06-22T14:25:55.688+0200] {logging_mixin.py:149} INFO - [2023-06-22T14:25:55.688+0200] {dag.py:2726} INFO - Sync 1 DAGs
[2023-06-22T14:25:55.696+0200] {logging_mixin.py:149} INFO - [2023-06-22T14:25:55.696+0200] {dag.py:2747} INFO - Creating ORM DAG for example_trigger_controller_dag
[2023-06-22T14:25:55.701+0200] {logging_mixin.py:149} INFO - [2023-06-22T14:25:55.701+0200] {dag.py:3486} INFO - Setting next_dagrun for example_trigger_controller_dag to 2021-01-01T00:00:00+00:00, run_after=2021-01-01T00:00:00+00:00
[2023-06-22T14:25:55.711+0200] {processor.py:179} INFO - Processing /Users/saumyagoyal/JupyterNotebook/MLCon/MLCon_23/2_airflow/.venv/lib/python3.11/site-packages/airflow/example_dags/example_trigger_controller_dag.py took 0.783 seconds
[2023-06-22T14:27:56.388+0200] {processor.py:157} INFO - Started process (PID=84323) to work on /Users/saumyagoyal/JupyterNotebook/MLCon/MLCon_23/2_airflow/.venv/lib/python3.11/site-packages/airflow/example_dags/example_trigger_controller_dag.py
[2023-06-22T14:27:56.390+0200] {processor.py:826} INFO - Processing file /Users/saumyagoyal/JupyterNotebook/MLCon/MLCon_23/2_airflow/.venv/lib/python3.11/site-packages/airflow/example_dags/example_trigger_controller_dag.py for tasks to queue
[2023-06-22T14:27:56.390+0200] {logging_mixin.py:149} INFO - [2023-06-22T14:27:56.390+0200] {dagbag.py:541} INFO - Filling up the DagBag from /Users/saumyagoyal/JupyterNotebook/MLCon/MLCon_23/2_airflow/.venv/lib/python3.11/site-packages/airflow/example_dags/example_trigger_controller_dag.py
[2023-06-22T14:27:56.404+0200] {processor.py:836} INFO - DAG(s) dict_keys(['example_trigger_controller_dag']) retrieved from /Users/saumyagoyal/JupyterNotebook/MLCon/MLCon_23/2_airflow/.venv/lib/python3.11/site-packages/airflow/example_dags/example_trigger_controller_dag.py
[2023-06-22T14:27:57.065+0200] {logging_mixin.py:149} INFO - [2023-06-22T14:27:57.065+0200] {dag.py:2726} INFO - Sync 1 DAGs
[2023-06-22T14:27:57.076+0200] {logging_mixin.py:149} INFO - [2023-06-22T14:27:57.076+0200] {dag.py:3486} INFO - Setting next_dagrun for example_trigger_controller_dag to 2021-01-01T00:00:00+00:00, run_after=2021-01-01T00:00:00+00:00
[2023-06-22T14:27:57.089+0200] {processor.py:179} INFO - Processing /Users/saumyagoyal/JupyterNotebook/MLCon/MLCon_23/2_airflow/.venv/lib/python3.11/site-packages/airflow/example_dags/example_trigger_controller_dag.py took 0.702 seconds
[2023-06-22T14:29:19.369+0200] {processor.py:157} INFO - Started process (PID=84368) to work on /Users/saumyagoyal/JupyterNotebook/MLCon/MLCon_23/2_airflow/.venv/lib/python3.11/site-packages/airflow/example_dags/example_trigger_controller_dag.py
[2023-06-22T14:29:19.371+0200] {processor.py:826} INFO - Processing file /Users/saumyagoyal/JupyterNotebook/MLCon/MLCon_23/2_airflow/.venv/lib/python3.11/site-packages/airflow/example_dags/example_trigger_controller_dag.py for tasks to queue
[2023-06-22T14:29:19.372+0200] {logging_mixin.py:149} INFO - [2023-06-22T14:29:19.372+0200] {dagbag.py:541} INFO - Filling up the DagBag from /Users/saumyagoyal/JupyterNotebook/MLCon/MLCon_23/2_airflow/.venv/lib/python3.11/site-packages/airflow/example_dags/example_trigger_controller_dag.py
[2023-06-22T14:29:19.386+0200] {processor.py:836} INFO - DAG(s) dict_keys(['example_trigger_controller_dag']) retrieved from /Users/saumyagoyal/JupyterNotebook/MLCon/MLCon_23/2_airflow/.venv/lib/python3.11/site-packages/airflow/example_dags/example_trigger_controller_dag.py
[2023-06-22T14:29:20.001+0200] {logging_mixin.py:149} INFO - [2023-06-22T14:29:20.001+0200] {dag.py:2726} INFO - Sync 1 DAGs
[2023-06-22T14:29:20.013+0200] {logging_mixin.py:149} INFO - [2023-06-22T14:29:20.013+0200] {dag.py:3486} INFO - Setting next_dagrun for example_trigger_controller_dag to 2021-01-01T00:00:00+00:00, run_after=2021-01-01T00:00:00+00:00
[2023-06-22T14:29:20.026+0200] {processor.py:179} INFO - Processing /Users/saumyagoyal/JupyterNotebook/MLCon/MLCon_23/2_airflow/.venv/lib/python3.11/site-packages/airflow/example_dags/example_trigger_controller_dag.py took 0.657 seconds
[2023-06-22T14:30:34.652+0200] {processor.py:157} INFO - Started process (PID=84412) to work on /Users/saumyagoyal/JupyterNotebook/MLCon/MLCon_23/2_airflow/.venv/lib/python3.11/site-packages/airflow/example_dags/example_trigger_controller_dag.py
[2023-06-22T14:30:34.654+0200] {processor.py:826} INFO - Processing file /Users/saumyagoyal/JupyterNotebook/MLCon/MLCon_23/2_airflow/.venv/lib/python3.11/site-packages/airflow/example_dags/example_trigger_controller_dag.py for tasks to queue
[2023-06-22T14:30:34.655+0200] {logging_mixin.py:149} INFO - [2023-06-22T14:30:34.655+0200] {dagbag.py:541} INFO - Filling up the DagBag from /Users/saumyagoyal/JupyterNotebook/MLCon/MLCon_23/2_airflow/.venv/lib/python3.11/site-packages/airflow/example_dags/example_trigger_controller_dag.py
[2023-06-22T14:30:34.668+0200] {processor.py:836} INFO - DAG(s) dict_keys(['example_trigger_controller_dag']) retrieved from /Users/saumyagoyal/JupyterNotebook/MLCon/MLCon_23/2_airflow/.venv/lib/python3.11/site-packages/airflow/example_dags/example_trigger_controller_dag.py
[2023-06-22T14:30:35.304+0200] {logging_mixin.py:149} INFO - [2023-06-22T14:30:35.304+0200] {dag.py:2726} INFO - Sync 1 DAGs
[2023-06-22T14:30:35.314+0200] {logging_mixin.py:149} INFO - [2023-06-22T14:30:35.314+0200] {dag.py:3486} INFO - Setting next_dagrun for example_trigger_controller_dag to 2021-01-01T00:00:00+00:00, run_after=2021-01-01T00:00:00+00:00
[2023-06-22T14:30:35.326+0200] {processor.py:179} INFO - Processing /Users/saumyagoyal/JupyterNotebook/MLCon/MLCon_23/2_airflow/.venv/lib/python3.11/site-packages/airflow/example_dags/example_trigger_controller_dag.py took 0.674 seconds
[2023-06-22T14:31:48.777+0200] {processor.py:157} INFO - Started process (PID=84452) to work on /Users/saumyagoyal/JupyterNotebook/MLCon/MLCon_23/2_airflow/.venv/lib/python3.11/site-packages/airflow/example_dags/example_trigger_controller_dag.py
[2023-06-22T14:31:48.780+0200] {processor.py:826} INFO - Processing file /Users/saumyagoyal/JupyterNotebook/MLCon/MLCon_23/2_airflow/.venv/lib/python3.11/site-packages/airflow/example_dags/example_trigger_controller_dag.py for tasks to queue
[2023-06-22T14:31:48.780+0200] {logging_mixin.py:149} INFO - [2023-06-22T14:31:48.780+0200] {dagbag.py:541} INFO - Filling up the DagBag from /Users/saumyagoyal/JupyterNotebook/MLCon/MLCon_23/2_airflow/.venv/lib/python3.11/site-packages/airflow/example_dags/example_trigger_controller_dag.py
[2023-06-22T14:31:48.794+0200] {processor.py:836} INFO - DAG(s) dict_keys(['example_trigger_controller_dag']) retrieved from /Users/saumyagoyal/JupyterNotebook/MLCon/MLCon_23/2_airflow/.venv/lib/python3.11/site-packages/airflow/example_dags/example_trigger_controller_dag.py
[2023-06-22T14:31:49.424+0200] {logging_mixin.py:149} INFO - [2023-06-22T14:31:49.424+0200] {dag.py:2726} INFO - Sync 1 DAGs
[2023-06-22T14:31:49.435+0200] {logging_mixin.py:149} INFO - [2023-06-22T14:31:49.435+0200] {dag.py:3486} INFO - Setting next_dagrun for example_trigger_controller_dag to 2021-01-01T00:00:00+00:00, run_after=2021-01-01T00:00:00+00:00
[2023-06-22T14:31:49.449+0200] {processor.py:179} INFO - Processing /Users/saumyagoyal/JupyterNotebook/MLCon/MLCon_23/2_airflow/.venv/lib/python3.11/site-packages/airflow/example_dags/example_trigger_controller_dag.py took 0.672 seconds
[2023-06-22T14:33:07.323+0200] {processor.py:157} INFO - Started process (PID=84569) to work on /Users/saumyagoyal/JupyterNotebook/MLCon/MLCon_23/2_airflow/.venv/lib/python3.11/site-packages/airflow/example_dags/example_trigger_controller_dag.py
[2023-06-22T14:33:07.325+0200] {processor.py:826} INFO - Processing file /Users/saumyagoyal/JupyterNotebook/MLCon/MLCon_23/2_airflow/.venv/lib/python3.11/site-packages/airflow/example_dags/example_trigger_controller_dag.py for tasks to queue
[2023-06-22T14:33:07.325+0200] {logging_mixin.py:149} INFO - [2023-06-22T14:33:07.325+0200] {dagbag.py:541} INFO - Filling up the DagBag from /Users/saumyagoyal/JupyterNotebook/MLCon/MLCon_23/2_airflow/.venv/lib/python3.11/site-packages/airflow/example_dags/example_trigger_controller_dag.py
[2023-06-22T14:33:07.340+0200] {processor.py:836} INFO - DAG(s) dict_keys(['example_trigger_controller_dag']) retrieved from /Users/saumyagoyal/JupyterNotebook/MLCon/MLCon_23/2_airflow/.venv/lib/python3.11/site-packages/airflow/example_dags/example_trigger_controller_dag.py
[2023-06-22T14:33:07.965+0200] {logging_mixin.py:149} INFO - [2023-06-22T14:33:07.964+0200] {dag.py:2726} INFO - Sync 1 DAGs
[2023-06-22T14:33:07.977+0200] {logging_mixin.py:149} INFO - [2023-06-22T14:33:07.977+0200] {dag.py:3486} INFO - Setting next_dagrun for example_trigger_controller_dag to 2021-01-01T00:00:00+00:00, run_after=2021-01-01T00:00:00+00:00
[2023-06-22T14:33:07.991+0200] {processor.py:179} INFO - Processing /Users/saumyagoyal/JupyterNotebook/MLCon/MLCon_23/2_airflow/.venv/lib/python3.11/site-packages/airflow/example_dags/example_trigger_controller_dag.py took 0.669 seconds
[2023-06-22T14:34:32.346+0200] {processor.py:157} INFO - Started process (PID=84693) to work on /Users/saumyagoyal/JupyterNotebook/MLCon/MLCon_23/2_airflow/.venv/lib/python3.11/site-packages/airflow/example_dags/example_trigger_controller_dag.py
[2023-06-22T14:34:32.349+0200] {processor.py:826} INFO - Processing file /Users/saumyagoyal/JupyterNotebook/MLCon/MLCon_23/2_airflow/.venv/lib/python3.11/site-packages/airflow/example_dags/example_trigger_controller_dag.py for tasks to queue
[2023-06-22T14:34:32.349+0200] {logging_mixin.py:149} INFO - [2023-06-22T14:34:32.349+0200] {dagbag.py:541} INFO - Filling up the DagBag from /Users/saumyagoyal/JupyterNotebook/MLCon/MLCon_23/2_airflow/.venv/lib/python3.11/site-packages/airflow/example_dags/example_trigger_controller_dag.py
[2023-06-22T14:34:32.363+0200] {processor.py:836} INFO - DAG(s) dict_keys(['example_trigger_controller_dag']) retrieved from /Users/saumyagoyal/JupyterNotebook/MLCon/MLCon_23/2_airflow/.venv/lib/python3.11/site-packages/airflow/example_dags/example_trigger_controller_dag.py
[2023-06-22T14:34:33.050+0200] {logging_mixin.py:149} INFO - [2023-06-22T14:34:33.049+0200] {dag.py:2726} INFO - Sync 1 DAGs
[2023-06-22T14:34:33.061+0200] {logging_mixin.py:149} INFO - [2023-06-22T14:34:33.061+0200] {dag.py:3486} INFO - Setting next_dagrun for example_trigger_controller_dag to 2021-01-01T00:00:00+00:00, run_after=2021-01-01T00:00:00+00:00
[2023-06-22T14:34:33.078+0200] {processor.py:179} INFO - Processing /Users/saumyagoyal/JupyterNotebook/MLCon/MLCon_23/2_airflow/.venv/lib/python3.11/site-packages/airflow/example_dags/example_trigger_controller_dag.py took 0.732 seconds
[2023-06-22T14:36:04.782+0200] {processor.py:157} INFO - Started process (PID=84771) to work on /Users/saumyagoyal/JupyterNotebook/MLCon/MLCon_23/2_airflow/.venv/lib/python3.11/site-packages/airflow/example_dags/example_trigger_controller_dag.py
[2023-06-22T14:36:04.785+0200] {processor.py:826} INFO - Processing file /Users/saumyagoyal/JupyterNotebook/MLCon/MLCon_23/2_airflow/.venv/lib/python3.11/site-packages/airflow/example_dags/example_trigger_controller_dag.py for tasks to queue
[2023-06-22T14:36:04.785+0200] {logging_mixin.py:149} INFO - [2023-06-22T14:36:04.785+0200] {dagbag.py:541} INFO - Filling up the DagBag from /Users/saumyagoyal/JupyterNotebook/MLCon/MLCon_23/2_airflow/.venv/lib/python3.11/site-packages/airflow/example_dags/example_trigger_controller_dag.py
[2023-06-22T14:36:04.803+0200] {processor.py:836} INFO - DAG(s) dict_keys(['example_trigger_controller_dag']) retrieved from /Users/saumyagoyal/JupyterNotebook/MLCon/MLCon_23/2_airflow/.venv/lib/python3.11/site-packages/airflow/example_dags/example_trigger_controller_dag.py
[2023-06-22T14:36:05.536+0200] {logging_mixin.py:149} INFO - [2023-06-22T14:36:05.536+0200] {dag.py:2726} INFO - Sync 1 DAGs
[2023-06-22T14:36:05.550+0200] {logging_mixin.py:149} INFO - [2023-06-22T14:36:05.550+0200] {dag.py:3486} INFO - Setting next_dagrun for example_trigger_controller_dag to 2021-01-01T00:00:00+00:00, run_after=2021-01-01T00:00:00+00:00
[2023-06-22T14:36:05.569+0200] {processor.py:179} INFO - Processing /Users/saumyagoyal/JupyterNotebook/MLCon/MLCon_23/2_airflow/.venv/lib/python3.11/site-packages/airflow/example_dags/example_trigger_controller_dag.py took 0.787 seconds
[2023-06-22T14:37:33.122+0200] {processor.py:157} INFO - Started process (PID=84981) to work on /Users/saumyagoyal/JupyterNotebook/MLCon/MLCon_23/2_airflow/.venv/lib/python3.11/site-packages/airflow/example_dags/example_trigger_controller_dag.py
[2023-06-22T14:37:33.125+0200] {processor.py:826} INFO - Processing file /Users/saumyagoyal/JupyterNotebook/MLCon/MLCon_23/2_airflow/.venv/lib/python3.11/site-packages/airflow/example_dags/example_trigger_controller_dag.py for tasks to queue
[2023-06-22T14:37:33.125+0200] {logging_mixin.py:149} INFO - [2023-06-22T14:37:33.125+0200] {dagbag.py:541} INFO - Filling up the DagBag from /Users/saumyagoyal/JupyterNotebook/MLCon/MLCon_23/2_airflow/.venv/lib/python3.11/site-packages/airflow/example_dags/example_trigger_controller_dag.py
[2023-06-22T14:37:33.141+0200] {processor.py:836} INFO - DAG(s) dict_keys(['example_trigger_controller_dag']) retrieved from /Users/saumyagoyal/JupyterNotebook/MLCon/MLCon_23/2_airflow/.venv/lib/python3.11/site-packages/airflow/example_dags/example_trigger_controller_dag.py
[2023-06-22T14:37:33.767+0200] {logging_mixin.py:149} INFO - [2023-06-22T14:37:33.767+0200] {dag.py:2726} INFO - Sync 1 DAGs
[2023-06-22T14:37:33.780+0200] {logging_mixin.py:149} INFO - [2023-06-22T14:37:33.780+0200] {dag.py:3486} INFO - Setting next_dagrun for example_trigger_controller_dag to 2021-01-01T00:00:00+00:00, run_after=2021-01-01T00:00:00+00:00
[2023-06-22T14:37:33.795+0200] {processor.py:179} INFO - Processing /Users/saumyagoyal/JupyterNotebook/MLCon/MLCon_23/2_airflow/.venv/lib/python3.11/site-packages/airflow/example_dags/example_trigger_controller_dag.py took 0.674 seconds
[2023-06-22T14:39:02.370+0200] {processor.py:157} INFO - Started process (PID=85063) to work on /Users/saumyagoyal/JupyterNotebook/MLCon/MLCon_23/2_airflow/.venv/lib/python3.11/site-packages/airflow/example_dags/example_trigger_controller_dag.py
[2023-06-22T14:39:02.372+0200] {processor.py:826} INFO - Processing file /Users/saumyagoyal/JupyterNotebook/MLCon/MLCon_23/2_airflow/.venv/lib/python3.11/site-packages/airflow/example_dags/example_trigger_controller_dag.py for tasks to queue
[2023-06-22T14:39:02.372+0200] {logging_mixin.py:149} INFO - [2023-06-22T14:39:02.372+0200] {dagbag.py:541} INFO - Filling up the DagBag from /Users/saumyagoyal/JupyterNotebook/MLCon/MLCon_23/2_airflow/.venv/lib/python3.11/site-packages/airflow/example_dags/example_trigger_controller_dag.py
[2023-06-22T14:39:02.385+0200] {processor.py:836} INFO - DAG(s) dict_keys(['example_trigger_controller_dag']) retrieved from /Users/saumyagoyal/JupyterNotebook/MLCon/MLCon_23/2_airflow/.venv/lib/python3.11/site-packages/airflow/example_dags/example_trigger_controller_dag.py
[2023-06-22T14:39:03.043+0200] {logging_mixin.py:149} INFO - [2023-06-22T14:39:03.043+0200] {dag.py:2726} INFO - Sync 1 DAGs
[2023-06-22T14:39:03.055+0200] {logging_mixin.py:149} INFO - [2023-06-22T14:39:03.055+0200] {dag.py:3486} INFO - Setting next_dagrun for example_trigger_controller_dag to 2021-01-01T00:00:00+00:00, run_after=2021-01-01T00:00:00+00:00
[2023-06-22T14:39:03.069+0200] {processor.py:179} INFO - Processing /Users/saumyagoyal/JupyterNotebook/MLCon/MLCon_23/2_airflow/.venv/lib/python3.11/site-packages/airflow/example_dags/example_trigger_controller_dag.py took 0.699 seconds
[2023-06-22T14:40:33.006+0200] {processor.py:157} INFO - Started process (PID=85214) to work on /Users/saumyagoyal/JupyterNotebook/MLCon/MLCon_23/2_airflow/.venv/lib/python3.11/site-packages/airflow/example_dags/example_trigger_controller_dag.py
[2023-06-22T14:40:33.008+0200] {processor.py:826} INFO - Processing file /Users/saumyagoyal/JupyterNotebook/MLCon/MLCon_23/2_airflow/.venv/lib/python3.11/site-packages/airflow/example_dags/example_trigger_controller_dag.py for tasks to queue
[2023-06-22T14:40:33.008+0200] {logging_mixin.py:149} INFO - [2023-06-22T14:40:33.008+0200] {dagbag.py:541} INFO - Filling up the DagBag from /Users/saumyagoyal/JupyterNotebook/MLCon/MLCon_23/2_airflow/.venv/lib/python3.11/site-packages/airflow/example_dags/example_trigger_controller_dag.py
[2023-06-22T14:40:33.021+0200] {processor.py:836} INFO - DAG(s) dict_keys(['example_trigger_controller_dag']) retrieved from /Users/saumyagoyal/JupyterNotebook/MLCon/MLCon_23/2_airflow/.venv/lib/python3.11/site-packages/airflow/example_dags/example_trigger_controller_dag.py
[2023-06-22T14:40:33.638+0200] {logging_mixin.py:149} INFO - [2023-06-22T14:40:33.638+0200] {dag.py:2726} INFO - Sync 1 DAGs
[2023-06-22T14:40:33.650+0200] {logging_mixin.py:149} INFO - [2023-06-22T14:40:33.650+0200] {dag.py:3486} INFO - Setting next_dagrun for example_trigger_controller_dag to 2021-01-01T00:00:00+00:00, run_after=2021-01-01T00:00:00+00:00
[2023-06-22T14:40:33.663+0200] {processor.py:179} INFO - Processing /Users/saumyagoyal/JupyterNotebook/MLCon/MLCon_23/2_airflow/.venv/lib/python3.11/site-packages/airflow/example_dags/example_trigger_controller_dag.py took 0.657 seconds
[2023-06-22T14:42:00.057+0200] {processor.py:157} INFO - Started process (PID=85341) to work on /Users/saumyagoyal/JupyterNotebook/MLCon/MLCon_23/2_airflow/.venv/lib/python3.11/site-packages/airflow/example_dags/example_trigger_controller_dag.py
[2023-06-22T14:42:00.059+0200] {processor.py:826} INFO - Processing file /Users/saumyagoyal/JupyterNotebook/MLCon/MLCon_23/2_airflow/.venv/lib/python3.11/site-packages/airflow/example_dags/example_trigger_controller_dag.py for tasks to queue
[2023-06-22T14:42:00.060+0200] {logging_mixin.py:149} INFO - [2023-06-22T14:42:00.060+0200] {dagbag.py:541} INFO - Filling up the DagBag from /Users/saumyagoyal/JupyterNotebook/MLCon/MLCon_23/2_airflow/.venv/lib/python3.11/site-packages/airflow/example_dags/example_trigger_controller_dag.py
[2023-06-22T14:42:00.073+0200] {processor.py:836} INFO - DAG(s) dict_keys(['example_trigger_controller_dag']) retrieved from /Users/saumyagoyal/JupyterNotebook/MLCon/MLCon_23/2_airflow/.venv/lib/python3.11/site-packages/airflow/example_dags/example_trigger_controller_dag.py
[2023-06-22T14:42:00.670+0200] {logging_mixin.py:149} INFO - [2023-06-22T14:42:00.670+0200] {dag.py:2726} INFO - Sync 1 DAGs
[2023-06-22T14:42:00.682+0200] {logging_mixin.py:149} INFO - [2023-06-22T14:42:00.682+0200] {dag.py:3486} INFO - Setting next_dagrun for example_trigger_controller_dag to 2021-01-01T00:00:00+00:00, run_after=2021-01-01T00:00:00+00:00
[2023-06-22T14:42:00.695+0200] {processor.py:179} INFO - Processing /Users/saumyagoyal/JupyterNotebook/MLCon/MLCon_23/2_airflow/.venv/lib/python3.11/site-packages/airflow/example_dags/example_trigger_controller_dag.py took 0.638 seconds
[2023-06-22T14:43:26.344+0200] {processor.py:157} INFO - Started process (PID=85420) to work on /Users/saumyagoyal/JupyterNotebook/MLCon/MLCon_23/2_airflow/.venv/lib/python3.11/site-packages/airflow/example_dags/example_trigger_controller_dag.py
[2023-06-22T14:43:26.346+0200] {processor.py:826} INFO - Processing file /Users/saumyagoyal/JupyterNotebook/MLCon/MLCon_23/2_airflow/.venv/lib/python3.11/site-packages/airflow/example_dags/example_trigger_controller_dag.py for tasks to queue
[2023-06-22T14:43:26.346+0200] {logging_mixin.py:149} INFO - [2023-06-22T14:43:26.346+0200] {dagbag.py:541} INFO - Filling up the DagBag from /Users/saumyagoyal/JupyterNotebook/MLCon/MLCon_23/2_airflow/.venv/lib/python3.11/site-packages/airflow/example_dags/example_trigger_controller_dag.py
[2023-06-22T14:43:26.359+0200] {processor.py:836} INFO - DAG(s) dict_keys(['example_trigger_controller_dag']) retrieved from /Users/saumyagoyal/JupyterNotebook/MLCon/MLCon_23/2_airflow/.venv/lib/python3.11/site-packages/airflow/example_dags/example_trigger_controller_dag.py
[2023-06-22T14:43:26.970+0200] {logging_mixin.py:149} INFO - [2023-06-22T14:43:26.970+0200] {dag.py:2726} INFO - Sync 1 DAGs
[2023-06-22T14:43:26.981+0200] {logging_mixin.py:149} INFO - [2023-06-22T14:43:26.981+0200] {dag.py:3486} INFO - Setting next_dagrun for example_trigger_controller_dag to 2021-01-01T00:00:00+00:00, run_after=2021-01-01T00:00:00+00:00
[2023-06-22T14:43:26.993+0200] {processor.py:179} INFO - Processing /Users/saumyagoyal/JupyterNotebook/MLCon/MLCon_23/2_airflow/.venv/lib/python3.11/site-packages/airflow/example_dags/example_trigger_controller_dag.py took 0.650 seconds
[2023-06-22T14:44:50.472+0200] {processor.py:157} INFO - Started process (PID=85478) to work on /Users/saumyagoyal/JupyterNotebook/MLCon/MLCon_23/2_airflow/.venv/lib/python3.11/site-packages/airflow/example_dags/example_trigger_controller_dag.py
[2023-06-22T14:44:50.475+0200] {processor.py:826} INFO - Processing file /Users/saumyagoyal/JupyterNotebook/MLCon/MLCon_23/2_airflow/.venv/lib/python3.11/site-packages/airflow/example_dags/example_trigger_controller_dag.py for tasks to queue
[2023-06-22T14:44:50.475+0200] {logging_mixin.py:149} INFO - [2023-06-22T14:44:50.475+0200] {dagbag.py:541} INFO - Filling up the DagBag from /Users/saumyagoyal/JupyterNotebook/MLCon/MLCon_23/2_airflow/.venv/lib/python3.11/site-packages/airflow/example_dags/example_trigger_controller_dag.py
[2023-06-22T14:44:50.491+0200] {processor.py:836} INFO - DAG(s) dict_keys(['example_trigger_controller_dag']) retrieved from /Users/saumyagoyal/JupyterNotebook/MLCon/MLCon_23/2_airflow/.venv/lib/python3.11/site-packages/airflow/example_dags/example_trigger_controller_dag.py
[2023-06-22T14:44:51.146+0200] {logging_mixin.py:149} INFO - [2023-06-22T14:44:51.146+0200] {dag.py:2726} INFO - Sync 1 DAGs
[2023-06-22T14:44:51.157+0200] {logging_mixin.py:149} INFO - [2023-06-22T14:44:51.157+0200] {dag.py:3486} INFO - Setting next_dagrun for example_trigger_controller_dag to 2021-01-01T00:00:00+00:00, run_after=2021-01-01T00:00:00+00:00
[2023-06-22T14:44:51.171+0200] {processor.py:179} INFO - Processing /Users/saumyagoyal/JupyterNotebook/MLCon/MLCon_23/2_airflow/.venv/lib/python3.11/site-packages/airflow/example_dags/example_trigger_controller_dag.py took 0.699 seconds
