[2023-06-22T14:26:14.300+0200] {processor.py:157} INFO - Started process (PID=84261) to work on /Users/saumyagoyal/JupyterNotebook/MLCon/MLCon_23/2_airflow/.venv/lib/python3.11/site-packages/airflow/example_dags/example_short_circuit_operator.py
[2023-06-22T14:26:14.302+0200] {processor.py:826} INFO - Processing file /Users/saumyagoyal/JupyterNotebook/MLCon/MLCon_23/2_airflow/.venv/lib/python3.11/site-packages/airflow/example_dags/example_short_circuit_operator.py for tasks to queue
[2023-06-22T14:26:14.303+0200] {logging_mixin.py:149} INFO - [2023-06-22T14:26:14.303+0200] {dagbag.py:541} INFO - Filling up the DagBag from /Users/saumyagoyal/JupyterNotebook/MLCon/MLCon_23/2_airflow/.venv/lib/python3.11/site-packages/airflow/example_dags/example_short_circuit_operator.py
[2023-06-22T14:26:14.325+0200] {processor.py:836} INFO - DAG(s) dict_keys(['example_short_circuit_operator']) retrieved from /Users/saumyagoyal/JupyterNotebook/MLCon/MLCon_23/2_airflow/.venv/lib/python3.11/site-packages/airflow/example_dags/example_short_circuit_operator.py
[2023-06-22T14:26:15.008+0200] {logging_mixin.py:149} INFO - [2023-06-22T14:26:15.008+0200] {manager.py:504} INFO - Created Permission View: can delete on DAG:example_short_circuit_operator
[2023-06-22T14:26:15.013+0200] {logging_mixin.py:149} INFO - [2023-06-22T14:26:15.013+0200] {manager.py:504} INFO - Created Permission View: can read on DAG:example_short_circuit_operator
[2023-06-22T14:26:15.018+0200] {logging_mixin.py:149} INFO - [2023-06-22T14:26:15.018+0200] {manager.py:504} INFO - Created Permission View: can edit on DAG:example_short_circuit_operator
[2023-06-22T14:26:15.019+0200] {logging_mixin.py:149} INFO - [2023-06-22T14:26:15.018+0200] {dag.py:2726} INFO - Sync 1 DAGs
[2023-06-22T14:26:15.025+0200] {logging_mixin.py:149} INFO - [2023-06-22T14:26:15.025+0200] {dag.py:2747} INFO - Creating ORM DAG for example_short_circuit_operator
[2023-06-22T14:26:15.030+0200] {logging_mixin.py:149} INFO - [2023-06-22T14:26:15.030+0200] {dag.py:3486} INFO - Setting next_dagrun for example_short_circuit_operator to 2023-06-21T12:26:15.030708+00:00, run_after=2023-06-22T12:26:15.030708+00:00
[2023-06-22T14:26:15.042+0200] {processor.py:179} INFO - Processing /Users/saumyagoyal/JupyterNotebook/MLCon/MLCon_23/2_airflow/.venv/lib/python3.11/site-packages/airflow/example_dags/example_short_circuit_operator.py took 0.742 seconds
[2023-06-22T14:28:15.154+0200] {processor.py:157} INFO - Started process (PID=84333) to work on /Users/saumyagoyal/JupyterNotebook/MLCon/MLCon_23/2_airflow/.venv/lib/python3.11/site-packages/airflow/example_dags/example_short_circuit_operator.py
[2023-06-22T14:28:15.157+0200] {processor.py:826} INFO - Processing file /Users/saumyagoyal/JupyterNotebook/MLCon/MLCon_23/2_airflow/.venv/lib/python3.11/site-packages/airflow/example_dags/example_short_circuit_operator.py for tasks to queue
[2023-06-22T14:28:15.157+0200] {logging_mixin.py:149} INFO - [2023-06-22T14:28:15.157+0200] {dagbag.py:541} INFO - Filling up the DagBag from /Users/saumyagoyal/JupyterNotebook/MLCon/MLCon_23/2_airflow/.venv/lib/python3.11/site-packages/airflow/example_dags/example_short_circuit_operator.py
[2023-06-22T14:28:15.183+0200] {processor.py:836} INFO - DAG(s) dict_keys(['example_short_circuit_operator']) retrieved from /Users/saumyagoyal/JupyterNotebook/MLCon/MLCon_23/2_airflow/.venv/lib/python3.11/site-packages/airflow/example_dags/example_short_circuit_operator.py
[2023-06-22T14:28:15.844+0200] {logging_mixin.py:149} INFO - [2023-06-22T14:28:15.844+0200] {dag.py:2726} INFO - Sync 1 DAGs
[2023-06-22T14:28:15.857+0200] {logging_mixin.py:149} INFO - [2023-06-22T14:28:15.857+0200] {dag.py:3486} INFO - Setting next_dagrun for example_short_circuit_operator to 2023-06-21T12:28:15.857192+00:00, run_after=2023-06-22T12:28:15.857192+00:00
[2023-06-22T14:28:15.870+0200] {processor.py:179} INFO - Processing /Users/saumyagoyal/JupyterNotebook/MLCon/MLCon_23/2_airflow/.venv/lib/python3.11/site-packages/airflow/example_dags/example_short_circuit_operator.py took 0.717 seconds
[2023-06-22T14:29:35.605+0200] {processor.py:157} INFO - Started process (PID=84377) to work on /Users/saumyagoyal/JupyterNotebook/MLCon/MLCon_23/2_airflow/.venv/lib/python3.11/site-packages/airflow/example_dags/example_short_circuit_operator.py
[2023-06-22T14:29:35.608+0200] {processor.py:826} INFO - Processing file /Users/saumyagoyal/JupyterNotebook/MLCon/MLCon_23/2_airflow/.venv/lib/python3.11/site-packages/airflow/example_dags/example_short_circuit_operator.py for tasks to queue
[2023-06-22T14:29:35.608+0200] {logging_mixin.py:149} INFO - [2023-06-22T14:29:35.608+0200] {dagbag.py:541} INFO - Filling up the DagBag from /Users/saumyagoyal/JupyterNotebook/MLCon/MLCon_23/2_airflow/.venv/lib/python3.11/site-packages/airflow/example_dags/example_short_circuit_operator.py
[2023-06-22T14:29:35.631+0200] {processor.py:836} INFO - DAG(s) dict_keys(['example_short_circuit_operator']) retrieved from /Users/saumyagoyal/JupyterNotebook/MLCon/MLCon_23/2_airflow/.venv/lib/python3.11/site-packages/airflow/example_dags/example_short_circuit_operator.py
[2023-06-22T14:29:36.257+0200] {logging_mixin.py:149} INFO - [2023-06-22T14:29:36.256+0200] {dag.py:2726} INFO - Sync 1 DAGs
[2023-06-22T14:29:36.268+0200] {logging_mixin.py:149} INFO - [2023-06-22T14:29:36.268+0200] {dag.py:3486} INFO - Setting next_dagrun for example_short_circuit_operator to 2023-06-21T12:29:36.267882+00:00, run_after=2023-06-22T12:29:36.267882+00:00
[2023-06-22T14:29:36.280+0200] {processor.py:179} INFO - Processing /Users/saumyagoyal/JupyterNotebook/MLCon/MLCon_23/2_airflow/.venv/lib/python3.11/site-packages/airflow/example_dags/example_short_circuit_operator.py took 0.675 seconds
[2023-06-22T14:30:50.635+0200] {processor.py:157} INFO - Started process (PID=84421) to work on /Users/saumyagoyal/JupyterNotebook/MLCon/MLCon_23/2_airflow/.venv/lib/python3.11/site-packages/airflow/example_dags/example_short_circuit_operator.py
[2023-06-22T14:30:50.638+0200] {processor.py:826} INFO - Processing file /Users/saumyagoyal/JupyterNotebook/MLCon/MLCon_23/2_airflow/.venv/lib/python3.11/site-packages/airflow/example_dags/example_short_circuit_operator.py for tasks to queue
[2023-06-22T14:30:50.638+0200] {logging_mixin.py:149} INFO - [2023-06-22T14:30:50.638+0200] {dagbag.py:541} INFO - Filling up the DagBag from /Users/saumyagoyal/JupyterNotebook/MLCon/MLCon_23/2_airflow/.venv/lib/python3.11/site-packages/airflow/example_dags/example_short_circuit_operator.py
[2023-06-22T14:30:50.660+0200] {processor.py:836} INFO - DAG(s) dict_keys(['example_short_circuit_operator']) retrieved from /Users/saumyagoyal/JupyterNotebook/MLCon/MLCon_23/2_airflow/.venv/lib/python3.11/site-packages/airflow/example_dags/example_short_circuit_operator.py
[2023-06-22T14:30:51.284+0200] {logging_mixin.py:149} INFO - [2023-06-22T14:30:51.283+0200] {dag.py:2726} INFO - Sync 1 DAGs
[2023-06-22T14:30:51.295+0200] {logging_mixin.py:149} INFO - [2023-06-22T14:30:51.295+0200] {dag.py:3486} INFO - Setting next_dagrun for example_short_circuit_operator to 2023-06-21T12:30:51.295474+00:00, run_after=2023-06-22T12:30:51.295474+00:00
[2023-06-22T14:30:51.308+0200] {processor.py:179} INFO - Processing /Users/saumyagoyal/JupyterNotebook/MLCon/MLCon_23/2_airflow/.venv/lib/python3.11/site-packages/airflow/example_dags/example_short_circuit_operator.py took 0.674 seconds
[2023-06-22T14:32:04.635+0200] {processor.py:157} INFO - Started process (PID=84460) to work on /Users/saumyagoyal/JupyterNotebook/MLCon/MLCon_23/2_airflow/.venv/lib/python3.11/site-packages/airflow/example_dags/example_short_circuit_operator.py
[2023-06-22T14:32:04.637+0200] {processor.py:826} INFO - Processing file /Users/saumyagoyal/JupyterNotebook/MLCon/MLCon_23/2_airflow/.venv/lib/python3.11/site-packages/airflow/example_dags/example_short_circuit_operator.py for tasks to queue
[2023-06-22T14:32:04.638+0200] {logging_mixin.py:149} INFO - [2023-06-22T14:32:04.638+0200] {dagbag.py:541} INFO - Filling up the DagBag from /Users/saumyagoyal/JupyterNotebook/MLCon/MLCon_23/2_airflow/.venv/lib/python3.11/site-packages/airflow/example_dags/example_short_circuit_operator.py
[2023-06-22T14:32:04.662+0200] {processor.py:836} INFO - DAG(s) dict_keys(['example_short_circuit_operator']) retrieved from /Users/saumyagoyal/JupyterNotebook/MLCon/MLCon_23/2_airflow/.venv/lib/python3.11/site-packages/airflow/example_dags/example_short_circuit_operator.py
[2023-06-22T14:32:05.334+0200] {logging_mixin.py:149} INFO - [2023-06-22T14:32:05.334+0200] {dag.py:2726} INFO - Sync 1 DAGs
[2023-06-22T14:32:05.346+0200] {logging_mixin.py:149} INFO - [2023-06-22T14:32:05.345+0200] {dag.py:3486} INFO - Setting next_dagrun for example_short_circuit_operator to 2023-06-21T12:32:05.345876+00:00, run_after=2023-06-22T12:32:05.345876+00:00
[2023-06-22T14:32:05.357+0200] {processor.py:179} INFO - Processing /Users/saumyagoyal/JupyterNotebook/MLCon/MLCon_23/2_airflow/.venv/lib/python3.11/site-packages/airflow/example_dags/example_short_circuit_operator.py took 0.723 seconds
[2023-06-22T14:33:24.108+0200] {processor.py:157} INFO - Started process (PID=84626) to work on /Users/saumyagoyal/JupyterNotebook/MLCon/MLCon_23/2_airflow/.venv/lib/python3.11/site-packages/airflow/example_dags/example_short_circuit_operator.py
[2023-06-22T14:33:24.111+0200] {processor.py:826} INFO - Processing file /Users/saumyagoyal/JupyterNotebook/MLCon/MLCon_23/2_airflow/.venv/lib/python3.11/site-packages/airflow/example_dags/example_short_circuit_operator.py for tasks to queue
[2023-06-22T14:33:24.111+0200] {logging_mixin.py:149} INFO - [2023-06-22T14:33:24.111+0200] {dagbag.py:541} INFO - Filling up the DagBag from /Users/saumyagoyal/JupyterNotebook/MLCon/MLCon_23/2_airflow/.venv/lib/python3.11/site-packages/airflow/example_dags/example_short_circuit_operator.py
[2023-06-22T14:33:24.134+0200] {processor.py:836} INFO - DAG(s) dict_keys(['example_short_circuit_operator']) retrieved from /Users/saumyagoyal/JupyterNotebook/MLCon/MLCon_23/2_airflow/.venv/lib/python3.11/site-packages/airflow/example_dags/example_short_circuit_operator.py
[2023-06-22T14:33:24.755+0200] {logging_mixin.py:149} INFO - [2023-06-22T14:33:24.755+0200] {dag.py:2726} INFO - Sync 1 DAGs
[2023-06-22T14:33:24.766+0200] {logging_mixin.py:149} INFO - [2023-06-22T14:33:24.766+0200] {dag.py:3486} INFO - Setting next_dagrun for example_short_circuit_operator to 2023-06-21T12:33:24.766242+00:00, run_after=2023-06-22T12:33:24.766242+00:00
[2023-06-22T14:33:24.778+0200] {processor.py:179} INFO - Processing /Users/saumyagoyal/JupyterNotebook/MLCon/MLCon_23/2_airflow/.venv/lib/python3.11/site-packages/airflow/example_dags/example_short_circuit_operator.py took 0.670 seconds
[2023-06-22T14:34:51.257+0200] {processor.py:157} INFO - Started process (PID=84714) to work on /Users/saumyagoyal/JupyterNotebook/MLCon/MLCon_23/2_airflow/.venv/lib/python3.11/site-packages/airflow/example_dags/example_short_circuit_operator.py
[2023-06-22T14:34:51.260+0200] {processor.py:826} INFO - Processing file /Users/saumyagoyal/JupyterNotebook/MLCon/MLCon_23/2_airflow/.venv/lib/python3.11/site-packages/airflow/example_dags/example_short_circuit_operator.py for tasks to queue
[2023-06-22T14:34:51.260+0200] {logging_mixin.py:149} INFO - [2023-06-22T14:34:51.260+0200] {dagbag.py:541} INFO - Filling up the DagBag from /Users/saumyagoyal/JupyterNotebook/MLCon/MLCon_23/2_airflow/.venv/lib/python3.11/site-packages/airflow/example_dags/example_short_circuit_operator.py
[2023-06-22T14:34:51.284+0200] {processor.py:836} INFO - DAG(s) dict_keys(['example_short_circuit_operator']) retrieved from /Users/saumyagoyal/JupyterNotebook/MLCon/MLCon_23/2_airflow/.venv/lib/python3.11/site-packages/airflow/example_dags/example_short_circuit_operator.py
[2023-06-22T14:34:51.984+0200] {logging_mixin.py:149} INFO - [2023-06-22T14:34:51.984+0200] {dag.py:2726} INFO - Sync 1 DAGs
[2023-06-22T14:34:51.995+0200] {logging_mixin.py:149} INFO - [2023-06-22T14:34:51.994+0200] {dag.py:3486} INFO - Setting next_dagrun for example_short_circuit_operator to 2023-06-21T12:34:51.994877+00:00, run_after=2023-06-22T12:34:51.994877+00:00
[2023-06-22T14:34:52.007+0200] {processor.py:179} INFO - Processing /Users/saumyagoyal/JupyterNotebook/MLCon/MLCon_23/2_airflow/.venv/lib/python3.11/site-packages/airflow/example_dags/example_short_circuit_operator.py took 0.750 seconds
[2023-06-22T14:36:24.007+0200] {processor.py:157} INFO - Started process (PID=84791) to work on /Users/saumyagoyal/JupyterNotebook/MLCon/MLCon_23/2_airflow/.venv/lib/python3.11/site-packages/airflow/example_dags/example_short_circuit_operator.py
[2023-06-22T14:36:24.010+0200] {processor.py:826} INFO - Processing file /Users/saumyagoyal/JupyterNotebook/MLCon/MLCon_23/2_airflow/.venv/lib/python3.11/site-packages/airflow/example_dags/example_short_circuit_operator.py for tasks to queue
[2023-06-22T14:36:24.011+0200] {logging_mixin.py:149} INFO - [2023-06-22T14:36:24.010+0200] {dagbag.py:541} INFO - Filling up the DagBag from /Users/saumyagoyal/JupyterNotebook/MLCon/MLCon_23/2_airflow/.venv/lib/python3.11/site-packages/airflow/example_dags/example_short_circuit_operator.py
[2023-06-22T14:36:24.038+0200] {processor.py:836} INFO - DAG(s) dict_keys(['example_short_circuit_operator']) retrieved from /Users/saumyagoyal/JupyterNotebook/MLCon/MLCon_23/2_airflow/.venv/lib/python3.11/site-packages/airflow/example_dags/example_short_circuit_operator.py
[2023-06-22T14:36:24.703+0200] {logging_mixin.py:149} INFO - [2023-06-22T14:36:24.703+0200] {dag.py:2726} INFO - Sync 1 DAGs
[2023-06-22T14:36:24.715+0200] {logging_mixin.py:149} INFO - [2023-06-22T14:36:24.715+0200] {dag.py:3486} INFO - Setting next_dagrun for example_short_circuit_operator to 2023-06-21T12:36:24.715783+00:00, run_after=2023-06-22T12:36:24.715783+00:00
[2023-06-22T14:36:24.729+0200] {processor.py:179} INFO - Processing /Users/saumyagoyal/JupyterNotebook/MLCon/MLCon_23/2_airflow/.venv/lib/python3.11/site-packages/airflow/example_dags/example_short_circuit_operator.py took 0.723 seconds
[2023-06-22T14:37:51.452+0200] {processor.py:157} INFO - Started process (PID=85018) to work on /Users/saumyagoyal/JupyterNotebook/MLCon/MLCon_23/2_airflow/.venv/lib/python3.11/site-packages/airflow/example_dags/example_short_circuit_operator.py
[2023-06-22T14:37:51.455+0200] {processor.py:826} INFO - Processing file /Users/saumyagoyal/JupyterNotebook/MLCon/MLCon_23/2_airflow/.venv/lib/python3.11/site-packages/airflow/example_dags/example_short_circuit_operator.py for tasks to queue
[2023-06-22T14:37:51.456+0200] {logging_mixin.py:149} INFO - [2023-06-22T14:37:51.455+0200] {dagbag.py:541} INFO - Filling up the DagBag from /Users/saumyagoyal/JupyterNotebook/MLCon/MLCon_23/2_airflow/.venv/lib/python3.11/site-packages/airflow/example_dags/example_short_circuit_operator.py
[2023-06-22T14:37:51.479+0200] {processor.py:836} INFO - DAG(s) dict_keys(['example_short_circuit_operator']) retrieved from /Users/saumyagoyal/JupyterNotebook/MLCon/MLCon_23/2_airflow/.venv/lib/python3.11/site-packages/airflow/example_dags/example_short_circuit_operator.py
[2023-06-22T14:37:52.162+0200] {logging_mixin.py:149} INFO - [2023-06-22T14:37:52.162+0200] {dag.py:2726} INFO - Sync 1 DAGs
[2023-06-22T14:37:52.173+0200] {logging_mixin.py:149} INFO - [2023-06-22T14:37:52.172+0200] {dag.py:3486} INFO - Setting next_dagrun for example_short_circuit_operator to 2023-06-21T12:37:52.172908+00:00, run_after=2023-06-22T12:37:52.172908+00:00
[2023-06-22T14:37:52.186+0200] {processor.py:179} INFO - Processing /Users/saumyagoyal/JupyterNotebook/MLCon/MLCon_23/2_airflow/.venv/lib/python3.11/site-packages/airflow/example_dags/example_short_circuit_operator.py took 0.734 seconds
[2023-06-22T14:39:21.146+0200] {processor.py:157} INFO - Started process (PID=85074) to work on /Users/saumyagoyal/JupyterNotebook/MLCon/MLCon_23/2_airflow/.venv/lib/python3.11/site-packages/airflow/example_dags/example_short_circuit_operator.py
[2023-06-22T14:39:21.148+0200] {processor.py:826} INFO - Processing file /Users/saumyagoyal/JupyterNotebook/MLCon/MLCon_23/2_airflow/.venv/lib/python3.11/site-packages/airflow/example_dags/example_short_circuit_operator.py for tasks to queue
[2023-06-22T14:39:21.148+0200] {logging_mixin.py:149} INFO - [2023-06-22T14:39:21.148+0200] {dagbag.py:541} INFO - Filling up the DagBag from /Users/saumyagoyal/JupyterNotebook/MLCon/MLCon_23/2_airflow/.venv/lib/python3.11/site-packages/airflow/example_dags/example_short_circuit_operator.py
[2023-06-22T14:39:21.170+0200] {processor.py:836} INFO - DAG(s) dict_keys(['example_short_circuit_operator']) retrieved from /Users/saumyagoyal/JupyterNotebook/MLCon/MLCon_23/2_airflow/.venv/lib/python3.11/site-packages/airflow/example_dags/example_short_circuit_operator.py
[2023-06-22T14:39:21.781+0200] {logging_mixin.py:149} INFO - [2023-06-22T14:39:21.781+0200] {dag.py:2726} INFO - Sync 1 DAGs
[2023-06-22T14:39:21.792+0200] {logging_mixin.py:149} INFO - [2023-06-22T14:39:21.792+0200] {dag.py:3486} INFO - Setting next_dagrun for example_short_circuit_operator to 2023-06-21T12:39:21.792280+00:00, run_after=2023-06-22T12:39:21.792280+00:00
[2023-06-22T14:39:21.803+0200] {processor.py:179} INFO - Processing /Users/saumyagoyal/JupyterNotebook/MLCon/MLCon_23/2_airflow/.venv/lib/python3.11/site-packages/airflow/example_dags/example_short_circuit_operator.py took 0.658 seconds
[2023-06-22T14:40:51.404+0200] {processor.py:157} INFO - Started process (PID=85228) to work on /Users/saumyagoyal/JupyterNotebook/MLCon/MLCon_23/2_airflow/.venv/lib/python3.11/site-packages/airflow/example_dags/example_short_circuit_operator.py
[2023-06-22T14:40:51.408+0200] {processor.py:826} INFO - Processing file /Users/saumyagoyal/JupyterNotebook/MLCon/MLCon_23/2_airflow/.venv/lib/python3.11/site-packages/airflow/example_dags/example_short_circuit_operator.py for tasks to queue
[2023-06-22T14:40:51.408+0200] {logging_mixin.py:149} INFO - [2023-06-22T14:40:51.408+0200] {dagbag.py:541} INFO - Filling up the DagBag from /Users/saumyagoyal/JupyterNotebook/MLCon/MLCon_23/2_airflow/.venv/lib/python3.11/site-packages/airflow/example_dags/example_short_circuit_operator.py
[2023-06-22T14:40:51.435+0200] {processor.py:836} INFO - DAG(s) dict_keys(['example_short_circuit_operator']) retrieved from /Users/saumyagoyal/JupyterNotebook/MLCon/MLCon_23/2_airflow/.venv/lib/python3.11/site-packages/airflow/example_dags/example_short_circuit_operator.py
[2023-06-22T14:40:52.094+0200] {logging_mixin.py:149} INFO - [2023-06-22T14:40:52.094+0200] {dag.py:2726} INFO - Sync 1 DAGs
[2023-06-22T14:40:52.107+0200] {logging_mixin.py:149} INFO - [2023-06-22T14:40:52.107+0200] {dag.py:3486} INFO - Setting next_dagrun for example_short_circuit_operator to 2023-06-21T12:40:52.106935+00:00, run_after=2023-06-22T12:40:52.106935+00:00
[2023-06-22T14:40:52.119+0200] {processor.py:179} INFO - Processing /Users/saumyagoyal/JupyterNotebook/MLCon/MLCon_23/2_airflow/.venv/lib/python3.11/site-packages/airflow/example_dags/example_short_circuit_operator.py took 0.717 seconds
[2023-06-22T14:42:18.481+0200] {processor.py:157} INFO - Started process (PID=85361) to work on /Users/saumyagoyal/JupyterNotebook/MLCon/MLCon_23/2_airflow/.venv/lib/python3.11/site-packages/airflow/example_dags/example_short_circuit_operator.py
[2023-06-22T14:42:18.484+0200] {processor.py:826} INFO - Processing file /Users/saumyagoyal/JupyterNotebook/MLCon/MLCon_23/2_airflow/.venv/lib/python3.11/site-packages/airflow/example_dags/example_short_circuit_operator.py for tasks to queue
[2023-06-22T14:42:18.484+0200] {logging_mixin.py:149} INFO - [2023-06-22T14:42:18.484+0200] {dagbag.py:541} INFO - Filling up the DagBag from /Users/saumyagoyal/JupyterNotebook/MLCon/MLCon_23/2_airflow/.venv/lib/python3.11/site-packages/airflow/example_dags/example_short_circuit_operator.py
[2023-06-22T14:42:18.505+0200] {processor.py:836} INFO - DAG(s) dict_keys(['example_short_circuit_operator']) retrieved from /Users/saumyagoyal/JupyterNotebook/MLCon/MLCon_23/2_airflow/.venv/lib/python3.11/site-packages/airflow/example_dags/example_short_circuit_operator.py
[2023-06-22T14:42:19.156+0200] {logging_mixin.py:149} INFO - [2023-06-22T14:42:19.156+0200] {dag.py:2726} INFO - Sync 1 DAGs
[2023-06-22T14:42:19.166+0200] {logging_mixin.py:149} INFO - [2023-06-22T14:42:19.166+0200] {dag.py:3486} INFO - Setting next_dagrun for example_short_circuit_operator to 2023-06-21T12:42:19.166529+00:00, run_after=2023-06-22T12:42:19.166529+00:00
[2023-06-22T14:42:19.182+0200] {processor.py:179} INFO - Processing /Users/saumyagoyal/JupyterNotebook/MLCon/MLCon_23/2_airflow/.venv/lib/python3.11/site-packages/airflow/example_dags/example_short_circuit_operator.py took 0.701 seconds
[2023-06-22T14:43:43.971+0200] {processor.py:157} INFO - Started process (PID=85429) to work on /Users/saumyagoyal/JupyterNotebook/MLCon/MLCon_23/2_airflow/.venv/lib/python3.11/site-packages/airflow/example_dags/example_short_circuit_operator.py
[2023-06-22T14:43:43.973+0200] {processor.py:826} INFO - Processing file /Users/saumyagoyal/JupyterNotebook/MLCon/MLCon_23/2_airflow/.venv/lib/python3.11/site-packages/airflow/example_dags/example_short_circuit_operator.py for tasks to queue
[2023-06-22T14:43:43.974+0200] {logging_mixin.py:149} INFO - [2023-06-22T14:43:43.974+0200] {dagbag.py:541} INFO - Filling up the DagBag from /Users/saumyagoyal/JupyterNotebook/MLCon/MLCon_23/2_airflow/.venv/lib/python3.11/site-packages/airflow/example_dags/example_short_circuit_operator.py
[2023-06-22T14:43:43.995+0200] {processor.py:836} INFO - DAG(s) dict_keys(['example_short_circuit_operator']) retrieved from /Users/saumyagoyal/JupyterNotebook/MLCon/MLCon_23/2_airflow/.venv/lib/python3.11/site-packages/airflow/example_dags/example_short_circuit_operator.py
[2023-06-22T14:43:44.622+0200] {logging_mixin.py:149} INFO - [2023-06-22T14:43:44.622+0200] {dag.py:2726} INFO - Sync 1 DAGs
[2023-06-22T14:43:44.633+0200] {logging_mixin.py:149} INFO - [2023-06-22T14:43:44.632+0200] {dag.py:3486} INFO - Setting next_dagrun for example_short_circuit_operator to 2023-06-21T12:43:44.632851+00:00, run_after=2023-06-22T12:43:44.632851+00:00
[2023-06-22T14:43:44.644+0200] {processor.py:179} INFO - Processing /Users/saumyagoyal/JupyterNotebook/MLCon/MLCon_23/2_airflow/.venv/lib/python3.11/site-packages/airflow/example_dags/example_short_circuit_operator.py took 0.674 seconds
[2023-06-22T14:45:07.353+0200] {processor.py:157} INFO - Started process (PID=85488) to work on /Users/saumyagoyal/JupyterNotebook/MLCon/MLCon_23/2_airflow/.venv/lib/python3.11/site-packages/airflow/example_dags/example_short_circuit_operator.py
[2023-06-22T14:45:07.355+0200] {processor.py:826} INFO - Processing file /Users/saumyagoyal/JupyterNotebook/MLCon/MLCon_23/2_airflow/.venv/lib/python3.11/site-packages/airflow/example_dags/example_short_circuit_operator.py for tasks to queue
[2023-06-22T14:45:07.355+0200] {logging_mixin.py:149} INFO - [2023-06-22T14:45:07.355+0200] {dagbag.py:541} INFO - Filling up the DagBag from /Users/saumyagoyal/JupyterNotebook/MLCon/MLCon_23/2_airflow/.venv/lib/python3.11/site-packages/airflow/example_dags/example_short_circuit_operator.py
[2023-06-22T14:45:07.377+0200] {processor.py:836} INFO - DAG(s) dict_keys(['example_short_circuit_operator']) retrieved from /Users/saumyagoyal/JupyterNotebook/MLCon/MLCon_23/2_airflow/.venv/lib/python3.11/site-packages/airflow/example_dags/example_short_circuit_operator.py
[2023-06-22T14:45:07.989+0200] {logging_mixin.py:149} INFO - [2023-06-22T14:45:07.989+0200] {dag.py:2726} INFO - Sync 1 DAGs
[2023-06-22T14:45:07.999+0200] {logging_mixin.py:149} INFO - [2023-06-22T14:45:07.999+0200] {dag.py:3486} INFO - Setting next_dagrun for example_short_circuit_operator to 2023-06-21T12:45:07.999362+00:00, run_after=2023-06-22T12:45:07.999362+00:00
[2023-06-22T14:45:08.010+0200] {processor.py:179} INFO - Processing /Users/saumyagoyal/JupyterNotebook/MLCon/MLCon_23/2_airflow/.venv/lib/python3.11/site-packages/airflow/example_dags/example_short_circuit_operator.py took 0.658 seconds
