[2023-06-22T14:26:08.740+0200] {processor.py:157} INFO - Started process (PID=84256) to work on /Users/saumyagoyal/JupyterNotebook/MLCon/MLCon_23/2_airflow/.venv/lib/python3.11/site-packages/airflow/example_dags/example_sla_dag.py
[2023-06-22T14:26:08.743+0200] {processor.py:826} INFO - Processing file /Users/saumyagoyal/JupyterNotebook/MLCon/MLCon_23/2_airflow/.venv/lib/python3.11/site-packages/airflow/example_dags/example_sla_dag.py for tasks to queue
[2023-06-22T14:26:08.743+0200] {logging_mixin.py:149} INFO - [2023-06-22T14:26:08.743+0200] {dagbag.py:541} INFO - Filling up the DagBag from /Users/saumyagoyal/JupyterNotebook/MLCon/MLCon_23/2_airflow/.venv/lib/python3.11/site-packages/airflow/example_dags/example_sla_dag.py
[2023-06-22T14:26:08.779+0200] {processor.py:836} INFO - DAG(s) dict_keys(['example_sla_dag']) retrieved from /Users/saumyagoyal/JupyterNotebook/MLCon/MLCon_23/2_airflow/.venv/lib/python3.11/site-packages/airflow/example_dags/example_sla_dag.py
[2023-06-22T14:26:09.495+0200] {logging_mixin.py:149} INFO - [2023-06-22T14:26:09.495+0200] {manager.py:504} INFO - Created Permission View: can read on DAG:example_sla_dag
[2023-06-22T14:26:09.520+0200] {logging_mixin.py:149} INFO - [2023-06-22T14:26:09.520+0200] {manager.py:504} INFO - Created Permission View: can edit on DAG:example_sla_dag
[2023-06-22T14:26:09.526+0200] {logging_mixin.py:149} INFO - [2023-06-22T14:26:09.526+0200] {manager.py:504} INFO - Created Permission View: can delete on DAG:example_sla_dag
[2023-06-22T14:26:09.527+0200] {logging_mixin.py:149} INFO - [2023-06-22T14:26:09.526+0200] {dag.py:2726} INFO - Sync 1 DAGs
[2023-06-22T14:26:09.535+0200] {logging_mixin.py:149} INFO - [2023-06-22T14:26:09.535+0200] {dag.py:2747} INFO - Creating ORM DAG for example_sla_dag
[2023-06-22T14:26:09.543+0200] {logging_mixin.py:149} INFO - [2023-06-22T14:26:09.543+0200] {dag.py:3486} INFO - Setting next_dagrun for example_sla_dag to 2023-06-22T12:24:00+00:00, run_after=2023-06-22T12:26:00+00:00
[2023-06-22T14:26:09.555+0200] {processor.py:179} INFO - Processing /Users/saumyagoyal/JupyterNotebook/MLCon/MLCon_23/2_airflow/.venv/lib/python3.11/site-packages/airflow/example_dags/example_sla_dag.py took 0.815 seconds
[2023-06-22T14:28:09.722+0200] {processor.py:157} INFO - Started process (PID=84329) to work on /Users/saumyagoyal/JupyterNotebook/MLCon/MLCon_23/2_airflow/.venv/lib/python3.11/site-packages/airflow/example_dags/example_sla_dag.py
[2023-06-22T14:28:09.725+0200] {processor.py:826} INFO - Processing file /Users/saumyagoyal/JupyterNotebook/MLCon/MLCon_23/2_airflow/.venv/lib/python3.11/site-packages/airflow/example_dags/example_sla_dag.py for tasks to queue
[2023-06-22T14:28:09.725+0200] {logging_mixin.py:149} INFO - [2023-06-22T14:28:09.725+0200] {dagbag.py:541} INFO - Filling up the DagBag from /Users/saumyagoyal/JupyterNotebook/MLCon/MLCon_23/2_airflow/.venv/lib/python3.11/site-packages/airflow/example_dags/example_sla_dag.py
[2023-06-22T14:28:09.764+0200] {processor.py:836} INFO - DAG(s) dict_keys(['example_sla_dag']) retrieved from /Users/saumyagoyal/JupyterNotebook/MLCon/MLCon_23/2_airflow/.venv/lib/python3.11/site-packages/airflow/example_dags/example_sla_dag.py
[2023-06-22T14:28:10.494+0200] {logging_mixin.py:149} INFO - [2023-06-22T14:28:10.494+0200] {dag.py:2726} INFO - Sync 1 DAGs
[2023-06-22T14:28:10.508+0200] {logging_mixin.py:149} INFO - [2023-06-22T14:28:10.508+0200] {dag.py:3486} INFO - Setting next_dagrun for example_sla_dag to 2023-06-22T12:26:00+00:00, run_after=2023-06-22T12:28:00+00:00
[2023-06-22T14:28:10.523+0200] {processor.py:179} INFO - Processing /Users/saumyagoyal/JupyterNotebook/MLCon/MLCon_23/2_airflow/.venv/lib/python3.11/site-packages/airflow/example_dags/example_sla_dag.py took 0.802 seconds
[2023-06-22T14:29:31.115+0200] {processor.py:157} INFO - Started process (PID=84374) to work on /Users/saumyagoyal/JupyterNotebook/MLCon/MLCon_23/2_airflow/.venv/lib/python3.11/site-packages/airflow/example_dags/example_sla_dag.py
[2023-06-22T14:29:31.118+0200] {processor.py:826} INFO - Processing file /Users/saumyagoyal/JupyterNotebook/MLCon/MLCon_23/2_airflow/.venv/lib/python3.11/site-packages/airflow/example_dags/example_sla_dag.py for tasks to queue
[2023-06-22T14:29:31.118+0200] {logging_mixin.py:149} INFO - [2023-06-22T14:29:31.118+0200] {dagbag.py:541} INFO - Filling up the DagBag from /Users/saumyagoyal/JupyterNotebook/MLCon/MLCon_23/2_airflow/.venv/lib/python3.11/site-packages/airflow/example_dags/example_sla_dag.py
[2023-06-22T14:29:31.151+0200] {processor.py:836} INFO - DAG(s) dict_keys(['example_sla_dag']) retrieved from /Users/saumyagoyal/JupyterNotebook/MLCon/MLCon_23/2_airflow/.venv/lib/python3.11/site-packages/airflow/example_dags/example_sla_dag.py
[2023-06-22T14:29:31.779+0200] {logging_mixin.py:149} INFO - [2023-06-22T14:29:31.779+0200] {dag.py:2726} INFO - Sync 1 DAGs
[2023-06-22T14:29:31.792+0200] {logging_mixin.py:149} INFO - [2023-06-22T14:29:31.791+0200] {dag.py:3486} INFO - Setting next_dagrun for example_sla_dag to 2023-06-22T12:26:00+00:00, run_after=2023-06-22T12:28:00+00:00
[2023-06-22T14:29:31.805+0200] {processor.py:179} INFO - Processing /Users/saumyagoyal/JupyterNotebook/MLCon/MLCon_23/2_airflow/.venv/lib/python3.11/site-packages/airflow/example_dags/example_sla_dag.py took 0.691 seconds
[2023-06-22T14:30:45.469+0200] {processor.py:157} INFO - Started process (PID=84418) to work on /Users/saumyagoyal/JupyterNotebook/MLCon/MLCon_23/2_airflow/.venv/lib/python3.11/site-packages/airflow/example_dags/example_sla_dag.py
[2023-06-22T14:30:45.472+0200] {processor.py:826} INFO - Processing file /Users/saumyagoyal/JupyterNotebook/MLCon/MLCon_23/2_airflow/.venv/lib/python3.11/site-packages/airflow/example_dags/example_sla_dag.py for tasks to queue
[2023-06-22T14:30:45.472+0200] {logging_mixin.py:149} INFO - [2023-06-22T14:30:45.472+0200] {dagbag.py:541} INFO - Filling up the DagBag from /Users/saumyagoyal/JupyterNotebook/MLCon/MLCon_23/2_airflow/.venv/lib/python3.11/site-packages/airflow/example_dags/example_sla_dag.py
[2023-06-22T14:30:45.505+0200] {processor.py:836} INFO - DAG(s) dict_keys(['example_sla_dag']) retrieved from /Users/saumyagoyal/JupyterNotebook/MLCon/MLCon_23/2_airflow/.venv/lib/python3.11/site-packages/airflow/example_dags/example_sla_dag.py
[2023-06-22T14:30:46.119+0200] {logging_mixin.py:149} INFO - [2023-06-22T14:30:46.119+0200] {dag.py:2726} INFO - Sync 1 DAGs
[2023-06-22T14:30:46.133+0200] {logging_mixin.py:149} INFO - [2023-06-22T14:30:46.132+0200] {dag.py:3486} INFO - Setting next_dagrun for example_sla_dag to 2023-06-22T12:28:00+00:00, run_after=2023-06-22T12:30:00+00:00
[2023-06-22T14:30:46.144+0200] {processor.py:179} INFO - Processing /Users/saumyagoyal/JupyterNotebook/MLCon/MLCon_23/2_airflow/.venv/lib/python3.11/site-packages/airflow/example_dags/example_sla_dag.py took 0.676 seconds
[2023-06-22T14:32:00.619+0200] {processor.py:157} INFO - Started process (PID=84458) to work on /Users/saumyagoyal/JupyterNotebook/MLCon/MLCon_23/2_airflow/.venv/lib/python3.11/site-packages/airflow/example_dags/example_sla_dag.py
[2023-06-22T14:32:00.621+0200] {processor.py:826} INFO - Processing file /Users/saumyagoyal/JupyterNotebook/MLCon/MLCon_23/2_airflow/.venv/lib/python3.11/site-packages/airflow/example_dags/example_sla_dag.py for tasks to queue
[2023-06-22T14:32:00.622+0200] {logging_mixin.py:149} INFO - [2023-06-22T14:32:00.622+0200] {dagbag.py:541} INFO - Filling up the DagBag from /Users/saumyagoyal/JupyterNotebook/MLCon/MLCon_23/2_airflow/.venv/lib/python3.11/site-packages/airflow/example_dags/example_sla_dag.py
[2023-06-22T14:32:00.656+0200] {processor.py:836} INFO - DAG(s) dict_keys(['example_sla_dag']) retrieved from /Users/saumyagoyal/JupyterNotebook/MLCon/MLCon_23/2_airflow/.venv/lib/python3.11/site-packages/airflow/example_dags/example_sla_dag.py
[2023-06-22T14:32:01.295+0200] {logging_mixin.py:149} INFO - [2023-06-22T14:32:01.295+0200] {dag.py:2726} INFO - Sync 1 DAGs
[2023-06-22T14:32:01.307+0200] {logging_mixin.py:149} INFO - [2023-06-22T14:32:01.307+0200] {dag.py:3486} INFO - Setting next_dagrun for example_sla_dag to 2023-06-22T12:30:00+00:00, run_after=2023-06-22T12:32:00+00:00
[2023-06-22T14:32:01.319+0200] {processor.py:179} INFO - Processing /Users/saumyagoyal/JupyterNotebook/MLCon/MLCon_23/2_airflow/.venv/lib/python3.11/site-packages/airflow/example_dags/example_sla_dag.py took 0.701 seconds
[2023-06-22T14:33:19.143+0200] {processor.py:157} INFO - Started process (PID=84600) to work on /Users/saumyagoyal/JupyterNotebook/MLCon/MLCon_23/2_airflow/.venv/lib/python3.11/site-packages/airflow/example_dags/example_sla_dag.py
[2023-06-22T14:33:19.145+0200] {processor.py:826} INFO - Processing file /Users/saumyagoyal/JupyterNotebook/MLCon/MLCon_23/2_airflow/.venv/lib/python3.11/site-packages/airflow/example_dags/example_sla_dag.py for tasks to queue
[2023-06-22T14:33:19.145+0200] {logging_mixin.py:149} INFO - [2023-06-22T14:33:19.145+0200] {dagbag.py:541} INFO - Filling up the DagBag from /Users/saumyagoyal/JupyterNotebook/MLCon/MLCon_23/2_airflow/.venv/lib/python3.11/site-packages/airflow/example_dags/example_sla_dag.py
[2023-06-22T14:33:19.182+0200] {processor.py:836} INFO - DAG(s) dict_keys(['example_sla_dag']) retrieved from /Users/saumyagoyal/JupyterNotebook/MLCon/MLCon_23/2_airflow/.venv/lib/python3.11/site-packages/airflow/example_dags/example_sla_dag.py
[2023-06-22T14:33:19.836+0200] {logging_mixin.py:149} INFO - [2023-06-22T14:33:19.836+0200] {dag.py:2726} INFO - Sync 1 DAGs
[2023-06-22T14:33:19.848+0200] {logging_mixin.py:149} INFO - [2023-06-22T14:33:19.848+0200] {dag.py:3486} INFO - Setting next_dagrun for example_sla_dag to 2023-06-22T12:30:00+00:00, run_after=2023-06-22T12:32:00+00:00
[2023-06-22T14:33:19.860+0200] {processor.py:179} INFO - Processing /Users/saumyagoyal/JupyterNotebook/MLCon/MLCon_23/2_airflow/.venv/lib/python3.11/site-packages/airflow/example_dags/example_sla_dag.py took 0.718 seconds
[2023-06-22T14:34:45.783+0200] {processor.py:157} INFO - Started process (PID=84710) to work on /Users/saumyagoyal/JupyterNotebook/MLCon/MLCon_23/2_airflow/.venv/lib/python3.11/site-packages/airflow/example_dags/example_sla_dag.py
[2023-06-22T14:34:45.785+0200] {processor.py:826} INFO - Processing file /Users/saumyagoyal/JupyterNotebook/MLCon/MLCon_23/2_airflow/.venv/lib/python3.11/site-packages/airflow/example_dags/example_sla_dag.py for tasks to queue
[2023-06-22T14:34:45.786+0200] {logging_mixin.py:149} INFO - [2023-06-22T14:34:45.786+0200] {dagbag.py:541} INFO - Filling up the DagBag from /Users/saumyagoyal/JupyterNotebook/MLCon/MLCon_23/2_airflow/.venv/lib/python3.11/site-packages/airflow/example_dags/example_sla_dag.py
[2023-06-22T14:34:45.829+0200] {processor.py:836} INFO - DAG(s) dict_keys(['example_sla_dag']) retrieved from /Users/saumyagoyal/JupyterNotebook/MLCon/MLCon_23/2_airflow/.venv/lib/python3.11/site-packages/airflow/example_dags/example_sla_dag.py
[2023-06-22T14:34:46.530+0200] {logging_mixin.py:149} INFO - [2023-06-22T14:34:46.530+0200] {dag.py:2726} INFO - Sync 1 DAGs
[2023-06-22T14:34:46.543+0200] {logging_mixin.py:149} INFO - [2023-06-22T14:34:46.543+0200] {dag.py:3486} INFO - Setting next_dagrun for example_sla_dag to 2023-06-22T12:32:00+00:00, run_after=2023-06-22T12:34:00+00:00
[2023-06-22T14:34:46.557+0200] {processor.py:179} INFO - Processing /Users/saumyagoyal/JupyterNotebook/MLCon/MLCon_23/2_airflow/.venv/lib/python3.11/site-packages/airflow/example_dags/example_sla_dag.py took 0.775 seconds
[2023-06-22T14:36:18.602+0200] {processor.py:157} INFO - Started process (PID=84787) to work on /Users/saumyagoyal/JupyterNotebook/MLCon/MLCon_23/2_airflow/.venv/lib/python3.11/site-packages/airflow/example_dags/example_sla_dag.py
[2023-06-22T14:36:18.606+0200] {processor.py:826} INFO - Processing file /Users/saumyagoyal/JupyterNotebook/MLCon/MLCon_23/2_airflow/.venv/lib/python3.11/site-packages/airflow/example_dags/example_sla_dag.py for tasks to queue
[2023-06-22T14:36:18.607+0200] {logging_mixin.py:149} INFO - [2023-06-22T14:36:18.606+0200] {dagbag.py:541} INFO - Filling up the DagBag from /Users/saumyagoyal/JupyterNotebook/MLCon/MLCon_23/2_airflow/.venv/lib/python3.11/site-packages/airflow/example_dags/example_sla_dag.py
[2023-06-22T14:36:18.650+0200] {processor.py:836} INFO - DAG(s) dict_keys(['example_sla_dag']) retrieved from /Users/saumyagoyal/JupyterNotebook/MLCon/MLCon_23/2_airflow/.venv/lib/python3.11/site-packages/airflow/example_dags/example_sla_dag.py
[2023-06-22T14:36:19.304+0200] {logging_mixin.py:149} INFO - [2023-06-22T14:36:19.304+0200] {dag.py:2726} INFO - Sync 1 DAGs
[2023-06-22T14:36:19.316+0200] {logging_mixin.py:149} INFO - [2023-06-22T14:36:19.316+0200] {dag.py:3486} INFO - Setting next_dagrun for example_sla_dag to 2023-06-22T12:34:00+00:00, run_after=2023-06-22T12:36:00+00:00
[2023-06-22T14:36:19.332+0200] {processor.py:179} INFO - Processing /Users/saumyagoyal/JupyterNotebook/MLCon/MLCon_23/2_airflow/.venv/lib/python3.11/site-packages/airflow/example_dags/example_sla_dag.py took 0.730 seconds
[2023-06-22T14:37:46.233+0200] {processor.py:157} INFO - Started process (PID=85007) to work on /Users/saumyagoyal/JupyterNotebook/MLCon/MLCon_23/2_airflow/.venv/lib/python3.11/site-packages/airflow/example_dags/example_sla_dag.py
[2023-06-22T14:37:46.236+0200] {processor.py:826} INFO - Processing file /Users/saumyagoyal/JupyterNotebook/MLCon/MLCon_23/2_airflow/.venv/lib/python3.11/site-packages/airflow/example_dags/example_sla_dag.py for tasks to queue
[2023-06-22T14:37:46.236+0200] {logging_mixin.py:149} INFO - [2023-06-22T14:37:46.236+0200] {dagbag.py:541} INFO - Filling up the DagBag from /Users/saumyagoyal/JupyterNotebook/MLCon/MLCon_23/2_airflow/.venv/lib/python3.11/site-packages/airflow/example_dags/example_sla_dag.py
[2023-06-22T14:37:46.273+0200] {processor.py:836} INFO - DAG(s) dict_keys(['example_sla_dag']) retrieved from /Users/saumyagoyal/JupyterNotebook/MLCon/MLCon_23/2_airflow/.venv/lib/python3.11/site-packages/airflow/example_dags/example_sla_dag.py
[2023-06-22T14:37:46.915+0200] {logging_mixin.py:149} INFO - [2023-06-22T14:37:46.915+0200] {dag.py:2726} INFO - Sync 1 DAGs
[2023-06-22T14:37:46.931+0200] {logging_mixin.py:149} INFO - [2023-06-22T14:37:46.931+0200] {dag.py:3486} INFO - Setting next_dagrun for example_sla_dag to 2023-06-22T12:34:00+00:00, run_after=2023-06-22T12:36:00+00:00
[2023-06-22T14:37:46.942+0200] {processor.py:179} INFO - Processing /Users/saumyagoyal/JupyterNotebook/MLCon/MLCon_23/2_airflow/.venv/lib/python3.11/site-packages/airflow/example_dags/example_sla_dag.py took 0.710 seconds
[2023-06-22T14:39:15.834+0200] {processor.py:157} INFO - Started process (PID=85069) to work on /Users/saumyagoyal/JupyterNotebook/MLCon/MLCon_23/2_airflow/.venv/lib/python3.11/site-packages/airflow/example_dags/example_sla_dag.py
[2023-06-22T14:39:15.837+0200] {processor.py:826} INFO - Processing file /Users/saumyagoyal/JupyterNotebook/MLCon/MLCon_23/2_airflow/.venv/lib/python3.11/site-packages/airflow/example_dags/example_sla_dag.py for tasks to queue
[2023-06-22T14:39:15.837+0200] {logging_mixin.py:149} INFO - [2023-06-22T14:39:15.837+0200] {dagbag.py:541} INFO - Filling up the DagBag from /Users/saumyagoyal/JupyterNotebook/MLCon/MLCon_23/2_airflow/.venv/lib/python3.11/site-packages/airflow/example_dags/example_sla_dag.py
[2023-06-22T14:39:15.880+0200] {processor.py:836} INFO - DAG(s) dict_keys(['example_sla_dag']) retrieved from /Users/saumyagoyal/JupyterNotebook/MLCon/MLCon_23/2_airflow/.venv/lib/python3.11/site-packages/airflow/example_dags/example_sla_dag.py
[2023-06-22T14:39:16.529+0200] {logging_mixin.py:149} INFO - [2023-06-22T14:39:16.529+0200] {dag.py:2726} INFO - Sync 1 DAGs
[2023-06-22T14:39:16.545+0200] {logging_mixin.py:149} INFO - [2023-06-22T14:39:16.545+0200] {dag.py:3486} INFO - Setting next_dagrun for example_sla_dag to 2023-06-22T12:36:00+00:00, run_after=2023-06-22T12:38:00+00:00
[2023-06-22T14:39:16.559+0200] {processor.py:179} INFO - Processing /Users/saumyagoyal/JupyterNotebook/MLCon/MLCon_23/2_airflow/.venv/lib/python3.11/site-packages/airflow/example_dags/example_sla_dag.py took 0.725 seconds
[2023-06-22T14:40:46.111+0200] {processor.py:157} INFO - Started process (PID=85220) to work on /Users/saumyagoyal/JupyterNotebook/MLCon/MLCon_23/2_airflow/.venv/lib/python3.11/site-packages/airflow/example_dags/example_sla_dag.py
[2023-06-22T14:40:46.113+0200] {processor.py:826} INFO - Processing file /Users/saumyagoyal/JupyterNotebook/MLCon/MLCon_23/2_airflow/.venv/lib/python3.11/site-packages/airflow/example_dags/example_sla_dag.py for tasks to queue
[2023-06-22T14:40:46.114+0200] {logging_mixin.py:149} INFO - [2023-06-22T14:40:46.114+0200] {dagbag.py:541} INFO - Filling up the DagBag from /Users/saumyagoyal/JupyterNotebook/MLCon/MLCon_23/2_airflow/.venv/lib/python3.11/site-packages/airflow/example_dags/example_sla_dag.py
[2023-06-22T14:40:46.146+0200] {processor.py:836} INFO - DAG(s) dict_keys(['example_sla_dag']) retrieved from /Users/saumyagoyal/JupyterNotebook/MLCon/MLCon_23/2_airflow/.venv/lib/python3.11/site-packages/airflow/example_dags/example_sla_dag.py
[2023-06-22T14:40:46.751+0200] {logging_mixin.py:149} INFO - [2023-06-22T14:40:46.751+0200] {dag.py:2726} INFO - Sync 1 DAGs
[2023-06-22T14:40:46.764+0200] {logging_mixin.py:149} INFO - [2023-06-22T14:40:46.764+0200] {dag.py:3486} INFO - Setting next_dagrun for example_sla_dag to 2023-06-22T12:38:00+00:00, run_after=2023-06-22T12:40:00+00:00
[2023-06-22T14:40:46.777+0200] {processor.py:179} INFO - Processing /Users/saumyagoyal/JupyterNotebook/MLCon/MLCon_23/2_airflow/.venv/lib/python3.11/site-packages/airflow/example_dags/example_sla_dag.py took 0.666 seconds
[2023-06-22T14:42:13.309+0200] {processor.py:157} INFO - Started process (PID=85355) to work on /Users/saumyagoyal/JupyterNotebook/MLCon/MLCon_23/2_airflow/.venv/lib/python3.11/site-packages/airflow/example_dags/example_sla_dag.py
[2023-06-22T14:42:13.311+0200] {processor.py:826} INFO - Processing file /Users/saumyagoyal/JupyterNotebook/MLCon/MLCon_23/2_airflow/.venv/lib/python3.11/site-packages/airflow/example_dags/example_sla_dag.py for tasks to queue
[2023-06-22T14:42:13.311+0200] {logging_mixin.py:149} INFO - [2023-06-22T14:42:13.311+0200] {dagbag.py:541} INFO - Filling up the DagBag from /Users/saumyagoyal/JupyterNotebook/MLCon/MLCon_23/2_airflow/.venv/lib/python3.11/site-packages/airflow/example_dags/example_sla_dag.py
[2023-06-22T14:42:13.345+0200] {processor.py:836} INFO - DAG(s) dict_keys(['example_sla_dag']) retrieved from /Users/saumyagoyal/JupyterNotebook/MLCon/MLCon_23/2_airflow/.venv/lib/python3.11/site-packages/airflow/example_dags/example_sla_dag.py
[2023-06-22T14:42:13.940+0200] {logging_mixin.py:149} INFO - [2023-06-22T14:42:13.940+0200] {dag.py:2726} INFO - Sync 1 DAGs
[2023-06-22T14:42:13.952+0200] {logging_mixin.py:149} INFO - [2023-06-22T14:42:13.952+0200] {dag.py:3486} INFO - Setting next_dagrun for example_sla_dag to 2023-06-22T12:40:00+00:00, run_after=2023-06-22T12:42:00+00:00
[2023-06-22T14:42:13.965+0200] {processor.py:179} INFO - Processing /Users/saumyagoyal/JupyterNotebook/MLCon/MLCon_23/2_airflow/.venv/lib/python3.11/site-packages/airflow/example_dags/example_sla_dag.py took 0.657 seconds
[2023-06-22T14:43:39.256+0200] {processor.py:157} INFO - Started process (PID=85426) to work on /Users/saumyagoyal/JupyterNotebook/MLCon/MLCon_23/2_airflow/.venv/lib/python3.11/site-packages/airflow/example_dags/example_sla_dag.py
[2023-06-22T14:43:39.258+0200] {processor.py:826} INFO - Processing file /Users/saumyagoyal/JupyterNotebook/MLCon/MLCon_23/2_airflow/.venv/lib/python3.11/site-packages/airflow/example_dags/example_sla_dag.py for tasks to queue
[2023-06-22T14:43:39.259+0200] {logging_mixin.py:149} INFO - [2023-06-22T14:43:39.258+0200] {dagbag.py:541} INFO - Filling up the DagBag from /Users/saumyagoyal/JupyterNotebook/MLCon/MLCon_23/2_airflow/.venv/lib/python3.11/site-packages/airflow/example_dags/example_sla_dag.py
[2023-06-22T14:43:39.294+0200] {processor.py:836} INFO - DAG(s) dict_keys(['example_sla_dag']) retrieved from /Users/saumyagoyal/JupyterNotebook/MLCon/MLCon_23/2_airflow/.venv/lib/python3.11/site-packages/airflow/example_dags/example_sla_dag.py
[2023-06-22T14:43:39.890+0200] {logging_mixin.py:149} INFO - [2023-06-22T14:43:39.890+0200] {dag.py:2726} INFO - Sync 1 DAGs
[2023-06-22T14:43:39.902+0200] {logging_mixin.py:149} INFO - [2023-06-22T14:43:39.902+0200] {dag.py:3486} INFO - Setting next_dagrun for example_sla_dag to 2023-06-22T12:40:00+00:00, run_after=2023-06-22T12:42:00+00:00
[2023-06-22T14:43:39.915+0200] {processor.py:179} INFO - Processing /Users/saumyagoyal/JupyterNotebook/MLCon/MLCon_23/2_airflow/.venv/lib/python3.11/site-packages/airflow/example_dags/example_sla_dag.py took 0.659 seconds
[2023-06-22T14:45:02.413+0200] {processor.py:157} INFO - Started process (PID=85485) to work on /Users/saumyagoyal/JupyterNotebook/MLCon/MLCon_23/2_airflow/.venv/lib/python3.11/site-packages/airflow/example_dags/example_sla_dag.py
[2023-06-22T14:45:02.416+0200] {processor.py:826} INFO - Processing file /Users/saumyagoyal/JupyterNotebook/MLCon/MLCon_23/2_airflow/.venv/lib/python3.11/site-packages/airflow/example_dags/example_sla_dag.py for tasks to queue
[2023-06-22T14:45:02.416+0200] {logging_mixin.py:149} INFO - [2023-06-22T14:45:02.416+0200] {dagbag.py:541} INFO - Filling up the DagBag from /Users/saumyagoyal/JupyterNotebook/MLCon/MLCon_23/2_airflow/.venv/lib/python3.11/site-packages/airflow/example_dags/example_sla_dag.py
[2023-06-22T14:45:02.453+0200] {processor.py:836} INFO - DAG(s) dict_keys(['example_sla_dag']) retrieved from /Users/saumyagoyal/JupyterNotebook/MLCon/MLCon_23/2_airflow/.venv/lib/python3.11/site-packages/airflow/example_dags/example_sla_dag.py
[2023-06-22T14:45:03.091+0200] {logging_mixin.py:149} INFO - [2023-06-22T14:45:03.091+0200] {dag.py:2726} INFO - Sync 1 DAGs
[2023-06-22T14:45:03.105+0200] {logging_mixin.py:149} INFO - [2023-06-22T14:45:03.105+0200] {dag.py:3486} INFO - Setting next_dagrun for example_sla_dag to 2023-06-22T12:42:00+00:00, run_after=2023-06-22T12:44:00+00:00
[2023-06-22T14:45:03.118+0200] {processor.py:179} INFO - Processing /Users/saumyagoyal/JupyterNotebook/MLCon/MLCon_23/2_airflow/.venv/lib/python3.11/site-packages/airflow/example_dags/example_sla_dag.py took 0.706 seconds
