[2023-06-22T14:26:03.185+0200] {processor.py:157} INFO - Started process (PID=84251) to work on /Users/saumyagoyal/JupyterNotebook/MLCon/MLCon_23/2_airflow/.venv/lib/python3.11/site-packages/airflow/example_dags/example_task_group.py
[2023-06-22T14:26:03.188+0200] {processor.py:826} INFO - Processing file /Users/saumyagoyal/JupyterNotebook/MLCon/MLCon_23/2_airflow/.venv/lib/python3.11/site-packages/airflow/example_dags/example_task_group.py for tasks to queue
[2023-06-22T14:26:03.188+0200] {logging_mixin.py:149} INFO - [2023-06-22T14:26:03.188+0200] {dagbag.py:541} INFO - Filling up the DagBag from /Users/saumyagoyal/JupyterNotebook/MLCon/MLCon_23/2_airflow/.venv/lib/python3.11/site-packages/airflow/example_dags/example_task_group.py
[2023-06-22T14:26:03.206+0200] {processor.py:836} INFO - DAG(s) dict_keys(['example_task_group']) retrieved from /Users/saumyagoyal/JupyterNotebook/MLCon/MLCon_23/2_airflow/.venv/lib/python3.11/site-packages/airflow/example_dags/example_task_group.py
[2023-06-22T14:26:03.993+0200] {logging_mixin.py:149} INFO - [2023-06-22T14:26:03.993+0200] {manager.py:504} INFO - Created Permission View: can read on DAG:example_task_group
[2023-06-22T14:26:03.999+0200] {logging_mixin.py:149} INFO - [2023-06-22T14:26:03.999+0200] {manager.py:504} INFO - Created Permission View: can delete on DAG:example_task_group
[2023-06-22T14:26:04.003+0200] {logging_mixin.py:149} INFO - [2023-06-22T14:26:04.003+0200] {manager.py:504} INFO - Created Permission View: can edit on DAG:example_task_group
[2023-06-22T14:26:04.004+0200] {logging_mixin.py:149} INFO - [2023-06-22T14:26:04.004+0200] {dag.py:2726} INFO - Sync 1 DAGs
[2023-06-22T14:26:04.012+0200] {logging_mixin.py:149} INFO - [2023-06-22T14:26:04.012+0200] {dag.py:2747} INFO - Creating ORM DAG for example_task_group
[2023-06-22T14:26:04.018+0200] {logging_mixin.py:149} INFO - [2023-06-22T14:26:04.018+0200] {dag.py:3486} INFO - Setting next_dagrun for example_task_group to 2023-06-21T12:26:04.018510+00:00, run_after=2023-06-22T12:26:04.018510+00:00
[2023-06-22T14:26:04.034+0200] {processor.py:179} INFO - Processing /Users/saumyagoyal/JupyterNotebook/MLCon/MLCon_23/2_airflow/.venv/lib/python3.11/site-packages/airflow/example_dags/example_task_group.py took 0.850 seconds
[2023-06-22T14:28:04.358+0200] {processor.py:157} INFO - Started process (PID=84327) to work on /Users/saumyagoyal/JupyterNotebook/MLCon/MLCon_23/2_airflow/.venv/lib/python3.11/site-packages/airflow/example_dags/example_task_group.py
[2023-06-22T14:28:04.361+0200] {processor.py:826} INFO - Processing file /Users/saumyagoyal/JupyterNotebook/MLCon/MLCon_23/2_airflow/.venv/lib/python3.11/site-packages/airflow/example_dags/example_task_group.py for tasks to queue
[2023-06-22T14:28:04.362+0200] {logging_mixin.py:149} INFO - [2023-06-22T14:28:04.361+0200] {dagbag.py:541} INFO - Filling up the DagBag from /Users/saumyagoyal/JupyterNotebook/MLCon/MLCon_23/2_airflow/.venv/lib/python3.11/site-packages/airflow/example_dags/example_task_group.py
[2023-06-22T14:28:04.378+0200] {processor.py:836} INFO - DAG(s) dict_keys(['example_task_group']) retrieved from /Users/saumyagoyal/JupyterNotebook/MLCon/MLCon_23/2_airflow/.venv/lib/python3.11/site-packages/airflow/example_dags/example_task_group.py
[2023-06-22T14:28:05.030+0200] {logging_mixin.py:149} INFO - [2023-06-22T14:28:05.030+0200] {dag.py:2726} INFO - Sync 1 DAGs
[2023-06-22T14:28:05.041+0200] {logging_mixin.py:149} INFO - [2023-06-22T14:28:05.041+0200] {dag.py:3486} INFO - Setting next_dagrun for example_task_group to 2023-06-21T12:28:05.041312+00:00, run_after=2023-06-22T12:28:05.041312+00:00
[2023-06-22T14:28:05.056+0200] {processor.py:179} INFO - Processing /Users/saumyagoyal/JupyterNotebook/MLCon/MLCon_23/2_airflow/.venv/lib/python3.11/site-packages/airflow/example_dags/example_task_group.py took 0.699 seconds
[2023-06-22T14:29:25.958+0200] {processor.py:157} INFO - Started process (PID=84372) to work on /Users/saumyagoyal/JupyterNotebook/MLCon/MLCon_23/2_airflow/.venv/lib/python3.11/site-packages/airflow/example_dags/example_task_group.py
[2023-06-22T14:29:25.961+0200] {processor.py:826} INFO - Processing file /Users/saumyagoyal/JupyterNotebook/MLCon/MLCon_23/2_airflow/.venv/lib/python3.11/site-packages/airflow/example_dags/example_task_group.py for tasks to queue
[2023-06-22T14:29:25.961+0200] {logging_mixin.py:149} INFO - [2023-06-22T14:29:25.961+0200] {dagbag.py:541} INFO - Filling up the DagBag from /Users/saumyagoyal/JupyterNotebook/MLCon/MLCon_23/2_airflow/.venv/lib/python3.11/site-packages/airflow/example_dags/example_task_group.py
[2023-06-22T14:29:25.975+0200] {processor.py:836} INFO - DAG(s) dict_keys(['example_task_group']) retrieved from /Users/saumyagoyal/JupyterNotebook/MLCon/MLCon_23/2_airflow/.venv/lib/python3.11/site-packages/airflow/example_dags/example_task_group.py
[2023-06-22T14:29:26.604+0200] {logging_mixin.py:149} INFO - [2023-06-22T14:29:26.604+0200] {dag.py:2726} INFO - Sync 1 DAGs
[2023-06-22T14:29:26.616+0200] {logging_mixin.py:149} INFO - [2023-06-22T14:29:26.616+0200] {dag.py:3486} INFO - Setting next_dagrun for example_task_group to 2023-06-21T12:29:26.616106+00:00, run_after=2023-06-22T12:29:26.616106+00:00
[2023-06-22T14:29:26.629+0200] {processor.py:179} INFO - Processing /Users/saumyagoyal/JupyterNotebook/MLCon/MLCon_23/2_airflow/.venv/lib/python3.11/site-packages/airflow/example_dags/example_task_group.py took 0.672 seconds
[2023-06-22T14:30:41.263+0200] {processor.py:157} INFO - Started process (PID=84416) to work on /Users/saumyagoyal/JupyterNotebook/MLCon/MLCon_23/2_airflow/.venv/lib/python3.11/site-packages/airflow/example_dags/example_task_group.py
[2023-06-22T14:30:41.265+0200] {processor.py:826} INFO - Processing file /Users/saumyagoyal/JupyterNotebook/MLCon/MLCon_23/2_airflow/.venv/lib/python3.11/site-packages/airflow/example_dags/example_task_group.py for tasks to queue
[2023-06-22T14:30:41.266+0200] {logging_mixin.py:149} INFO - [2023-06-22T14:30:41.265+0200] {dagbag.py:541} INFO - Filling up the DagBag from /Users/saumyagoyal/JupyterNotebook/MLCon/MLCon_23/2_airflow/.venv/lib/python3.11/site-packages/airflow/example_dags/example_task_group.py
[2023-06-22T14:30:41.281+0200] {processor.py:836} INFO - DAG(s) dict_keys(['example_task_group']) retrieved from /Users/saumyagoyal/JupyterNotebook/MLCon/MLCon_23/2_airflow/.venv/lib/python3.11/site-packages/airflow/example_dags/example_task_group.py
[2023-06-22T14:30:41.918+0200] {logging_mixin.py:149} INFO - [2023-06-22T14:30:41.918+0200] {dag.py:2726} INFO - Sync 1 DAGs
[2023-06-22T14:30:41.931+0200] {logging_mixin.py:149} INFO - [2023-06-22T14:30:41.931+0200] {dag.py:3486} INFO - Setting next_dagrun for example_task_group to 2023-06-21T12:30:41.930931+00:00, run_after=2023-06-22T12:30:41.930931+00:00
[2023-06-22T14:30:41.944+0200] {processor.py:179} INFO - Processing /Users/saumyagoyal/JupyterNotebook/MLCon/MLCon_23/2_airflow/.venv/lib/python3.11/site-packages/airflow/example_dags/example_task_group.py took 0.681 seconds
[2023-06-22T14:31:55.397+0200] {processor.py:157} INFO - Started process (PID=84455) to work on /Users/saumyagoyal/JupyterNotebook/MLCon/MLCon_23/2_airflow/.venv/lib/python3.11/site-packages/airflow/example_dags/example_task_group.py
[2023-06-22T14:31:55.399+0200] {processor.py:826} INFO - Processing file /Users/saumyagoyal/JupyterNotebook/MLCon/MLCon_23/2_airflow/.venv/lib/python3.11/site-packages/airflow/example_dags/example_task_group.py for tasks to queue
[2023-06-22T14:31:55.399+0200] {logging_mixin.py:149} INFO - [2023-06-22T14:31:55.399+0200] {dagbag.py:541} INFO - Filling up the DagBag from /Users/saumyagoyal/JupyterNotebook/MLCon/MLCon_23/2_airflow/.venv/lib/python3.11/site-packages/airflow/example_dags/example_task_group.py
[2023-06-22T14:31:55.413+0200] {processor.py:836} INFO - DAG(s) dict_keys(['example_task_group']) retrieved from /Users/saumyagoyal/JupyterNotebook/MLCon/MLCon_23/2_airflow/.venv/lib/python3.11/site-packages/airflow/example_dags/example_task_group.py
[2023-06-22T14:31:56.069+0200] {logging_mixin.py:149} INFO - [2023-06-22T14:31:56.068+0200] {dag.py:2726} INFO - Sync 1 DAGs
[2023-06-22T14:31:56.081+0200] {logging_mixin.py:149} INFO - [2023-06-22T14:31:56.081+0200] {dag.py:3486} INFO - Setting next_dagrun for example_task_group to 2023-06-21T12:31:56.080929+00:00, run_after=2023-06-22T12:31:56.080929+00:00
[2023-06-22T14:31:56.092+0200] {processor.py:179} INFO - Processing /Users/saumyagoyal/JupyterNotebook/MLCon/MLCon_23/2_airflow/.venv/lib/python3.11/site-packages/airflow/example_dags/example_task_group.py took 0.696 seconds
[2023-06-22T14:33:14.396+0200] {processor.py:157} INFO - Started process (PID=84582) to work on /Users/saumyagoyal/JupyterNotebook/MLCon/MLCon_23/2_airflow/.venv/lib/python3.11/site-packages/airflow/example_dags/example_task_group.py
[2023-06-22T14:33:14.398+0200] {processor.py:826} INFO - Processing file /Users/saumyagoyal/JupyterNotebook/MLCon/MLCon_23/2_airflow/.venv/lib/python3.11/site-packages/airflow/example_dags/example_task_group.py for tasks to queue
[2023-06-22T14:33:14.399+0200] {logging_mixin.py:149} INFO - [2023-06-22T14:33:14.399+0200] {dagbag.py:541} INFO - Filling up the DagBag from /Users/saumyagoyal/JupyterNotebook/MLCon/MLCon_23/2_airflow/.venv/lib/python3.11/site-packages/airflow/example_dags/example_task_group.py
[2023-06-22T14:33:14.414+0200] {processor.py:836} INFO - DAG(s) dict_keys(['example_task_group']) retrieved from /Users/saumyagoyal/JupyterNotebook/MLCon/MLCon_23/2_airflow/.venv/lib/python3.11/site-packages/airflow/example_dags/example_task_group.py
[2023-06-22T14:33:15.052+0200] {logging_mixin.py:149} INFO - [2023-06-22T14:33:15.052+0200] {dag.py:2726} INFO - Sync 1 DAGs
[2023-06-22T14:33:15.063+0200] {logging_mixin.py:149} INFO - [2023-06-22T14:33:15.063+0200] {dag.py:3486} INFO - Setting next_dagrun for example_task_group to 2023-06-21T12:33:15.062928+00:00, run_after=2023-06-22T12:33:15.062928+00:00
[2023-06-22T14:33:15.075+0200] {processor.py:179} INFO - Processing /Users/saumyagoyal/JupyterNotebook/MLCon/MLCon_23/2_airflow/.venv/lib/python3.11/site-packages/airflow/example_dags/example_task_group.py took 0.679 seconds
[2023-06-22T14:34:40.300+0200] {processor.py:157} INFO - Started process (PID=84702) to work on /Users/saumyagoyal/JupyterNotebook/MLCon/MLCon_23/2_airflow/.venv/lib/python3.11/site-packages/airflow/example_dags/example_task_group.py
[2023-06-22T14:34:40.302+0200] {processor.py:826} INFO - Processing file /Users/saumyagoyal/JupyterNotebook/MLCon/MLCon_23/2_airflow/.venv/lib/python3.11/site-packages/airflow/example_dags/example_task_group.py for tasks to queue
[2023-06-22T14:34:40.302+0200] {logging_mixin.py:149} INFO - [2023-06-22T14:34:40.302+0200] {dagbag.py:541} INFO - Filling up the DagBag from /Users/saumyagoyal/JupyterNotebook/MLCon/MLCon_23/2_airflow/.venv/lib/python3.11/site-packages/airflow/example_dags/example_task_group.py
[2023-06-22T14:34:40.319+0200] {processor.py:836} INFO - DAG(s) dict_keys(['example_task_group']) retrieved from /Users/saumyagoyal/JupyterNotebook/MLCon/MLCon_23/2_airflow/.venv/lib/python3.11/site-packages/airflow/example_dags/example_task_group.py
[2023-06-22T14:34:41.053+0200] {logging_mixin.py:149} INFO - [2023-06-22T14:34:41.053+0200] {dag.py:2726} INFO - Sync 1 DAGs
[2023-06-22T14:34:41.066+0200] {logging_mixin.py:149} INFO - [2023-06-22T14:34:41.066+0200] {dag.py:3486} INFO - Setting next_dagrun for example_task_group to 2023-06-21T12:34:41.066544+00:00, run_after=2023-06-22T12:34:41.066544+00:00
[2023-06-22T14:34:41.080+0200] {processor.py:179} INFO - Processing /Users/saumyagoyal/JupyterNotebook/MLCon/MLCon_23/2_airflow/.venv/lib/python3.11/site-packages/airflow/example_dags/example_task_group.py took 0.780 seconds
[2023-06-22T14:36:13.138+0200] {processor.py:157} INFO - Started process (PID=84780) to work on /Users/saumyagoyal/JupyterNotebook/MLCon/MLCon_23/2_airflow/.venv/lib/python3.11/site-packages/airflow/example_dags/example_task_group.py
[2023-06-22T14:36:13.141+0200] {processor.py:826} INFO - Processing file /Users/saumyagoyal/JupyterNotebook/MLCon/MLCon_23/2_airflow/.venv/lib/python3.11/site-packages/airflow/example_dags/example_task_group.py for tasks to queue
[2023-06-22T14:36:13.142+0200] {logging_mixin.py:149} INFO - [2023-06-22T14:36:13.142+0200] {dagbag.py:541} INFO - Filling up the DagBag from /Users/saumyagoyal/JupyterNotebook/MLCon/MLCon_23/2_airflow/.venv/lib/python3.11/site-packages/airflow/example_dags/example_task_group.py
[2023-06-22T14:36:13.160+0200] {processor.py:836} INFO - DAG(s) dict_keys(['example_task_group']) retrieved from /Users/saumyagoyal/JupyterNotebook/MLCon/MLCon_23/2_airflow/.venv/lib/python3.11/site-packages/airflow/example_dags/example_task_group.py
[2023-06-22T14:36:13.904+0200] {logging_mixin.py:149} INFO - [2023-06-22T14:36:13.904+0200] {dag.py:2726} INFO - Sync 1 DAGs
[2023-06-22T14:36:13.919+0200] {logging_mixin.py:149} INFO - [2023-06-22T14:36:13.918+0200] {dag.py:3486} INFO - Setting next_dagrun for example_task_group to 2023-06-21T12:36:13.918486+00:00, run_after=2023-06-22T12:36:13.918486+00:00
[2023-06-22T14:36:13.933+0200] {processor.py:179} INFO - Processing /Users/saumyagoyal/JupyterNotebook/MLCon/MLCon_23/2_airflow/.venv/lib/python3.11/site-packages/airflow/example_dags/example_task_group.py took 0.796 seconds
[2023-06-22T14:37:41.049+0200] {processor.py:157} INFO - Started process (PID=84995) to work on /Users/saumyagoyal/JupyterNotebook/MLCon/MLCon_23/2_airflow/.venv/lib/python3.11/site-packages/airflow/example_dags/example_task_group.py
[2023-06-22T14:37:41.052+0200] {processor.py:826} INFO - Processing file /Users/saumyagoyal/JupyterNotebook/MLCon/MLCon_23/2_airflow/.venv/lib/python3.11/site-packages/airflow/example_dags/example_task_group.py for tasks to queue
[2023-06-22T14:37:41.053+0200] {logging_mixin.py:149} INFO - [2023-06-22T14:37:41.053+0200] {dagbag.py:541} INFO - Filling up the DagBag from /Users/saumyagoyal/JupyterNotebook/MLCon/MLCon_23/2_airflow/.venv/lib/python3.11/site-packages/airflow/example_dags/example_task_group.py
[2023-06-22T14:37:41.068+0200] {processor.py:836} INFO - DAG(s) dict_keys(['example_task_group']) retrieved from /Users/saumyagoyal/JupyterNotebook/MLCon/MLCon_23/2_airflow/.venv/lib/python3.11/site-packages/airflow/example_dags/example_task_group.py
[2023-06-22T14:37:41.708+0200] {logging_mixin.py:149} INFO - [2023-06-22T14:37:41.708+0200] {dag.py:2726} INFO - Sync 1 DAGs
[2023-06-22T14:37:41.720+0200] {logging_mixin.py:149} INFO - [2023-06-22T14:37:41.720+0200] {dag.py:3486} INFO - Setting next_dagrun for example_task_group to 2023-06-21T12:37:41.720457+00:00, run_after=2023-06-22T12:37:41.720457+00:00
[2023-06-22T14:37:41.737+0200] {processor.py:179} INFO - Processing /Users/saumyagoyal/JupyterNotebook/MLCon/MLCon_23/2_airflow/.venv/lib/python3.11/site-packages/airflow/example_dags/example_task_group.py took 0.688 seconds
[2023-06-22T14:39:10.459+0200] {processor.py:157} INFO - Started process (PID=85067) to work on /Users/saumyagoyal/JupyterNotebook/MLCon/MLCon_23/2_airflow/.venv/lib/python3.11/site-packages/airflow/example_dags/example_task_group.py
[2023-06-22T14:39:10.461+0200] {processor.py:826} INFO - Processing file /Users/saumyagoyal/JupyterNotebook/MLCon/MLCon_23/2_airflow/.venv/lib/python3.11/site-packages/airflow/example_dags/example_task_group.py for tasks to queue
[2023-06-22T14:39:10.462+0200] {logging_mixin.py:149} INFO - [2023-06-22T14:39:10.462+0200] {dagbag.py:541} INFO - Filling up the DagBag from /Users/saumyagoyal/JupyterNotebook/MLCon/MLCon_23/2_airflow/.venv/lib/python3.11/site-packages/airflow/example_dags/example_task_group.py
[2023-06-22T14:39:10.477+0200] {processor.py:836} INFO - DAG(s) dict_keys(['example_task_group']) retrieved from /Users/saumyagoyal/JupyterNotebook/MLCon/MLCon_23/2_airflow/.venv/lib/python3.11/site-packages/airflow/example_dags/example_task_group.py
[2023-06-22T14:39:11.099+0200] {logging_mixin.py:149} INFO - [2023-06-22T14:39:11.098+0200] {dag.py:2726} INFO - Sync 1 DAGs
[2023-06-22T14:39:11.110+0200] {logging_mixin.py:149} INFO - [2023-06-22T14:39:11.110+0200] {dag.py:3486} INFO - Setting next_dagrun for example_task_group to 2023-06-21T12:39:11.110722+00:00, run_after=2023-06-22T12:39:11.110722+00:00
[2023-06-22T14:39:11.142+0200] {processor.py:179} INFO - Processing /Users/saumyagoyal/JupyterNotebook/MLCon/MLCon_23/2_airflow/.venv/lib/python3.11/site-packages/airflow/example_dags/example_task_group.py took 0.683 seconds
[2023-06-22T14:40:40.902+0200] {processor.py:157} INFO - Started process (PID=85218) to work on /Users/saumyagoyal/JupyterNotebook/MLCon/MLCon_23/2_airflow/.venv/lib/python3.11/site-packages/airflow/example_dags/example_task_group.py
[2023-06-22T14:40:40.905+0200] {processor.py:826} INFO - Processing file /Users/saumyagoyal/JupyterNotebook/MLCon/MLCon_23/2_airflow/.venv/lib/python3.11/site-packages/airflow/example_dags/example_task_group.py for tasks to queue
[2023-06-22T14:40:40.905+0200] {logging_mixin.py:149} INFO - [2023-06-22T14:40:40.905+0200] {dagbag.py:541} INFO - Filling up the DagBag from /Users/saumyagoyal/JupyterNotebook/MLCon/MLCon_23/2_airflow/.venv/lib/python3.11/site-packages/airflow/example_dags/example_task_group.py
[2023-06-22T14:40:40.919+0200] {processor.py:836} INFO - DAG(s) dict_keys(['example_task_group']) retrieved from /Users/saumyagoyal/JupyterNotebook/MLCon/MLCon_23/2_airflow/.venv/lib/python3.11/site-packages/airflow/example_dags/example_task_group.py
[2023-06-22T14:40:41.560+0200] {logging_mixin.py:149} INFO - [2023-06-22T14:40:41.560+0200] {dag.py:2726} INFO - Sync 1 DAGs
[2023-06-22T14:40:41.573+0200] {logging_mixin.py:149} INFO - [2023-06-22T14:40:41.573+0200] {dag.py:3486} INFO - Setting next_dagrun for example_task_group to 2023-06-21T12:40:41.573468+00:00, run_after=2023-06-22T12:40:41.573468+00:00
[2023-06-22T14:40:41.586+0200] {processor.py:179} INFO - Processing /Users/saumyagoyal/JupyterNotebook/MLCon/MLCon_23/2_airflow/.venv/lib/python3.11/site-packages/airflow/example_dags/example_task_group.py took 0.685 seconds
[2023-06-22T14:42:08.009+0200] {processor.py:157} INFO - Started process (PID=85352) to work on /Users/saumyagoyal/JupyterNotebook/MLCon/MLCon_23/2_airflow/.venv/lib/python3.11/site-packages/airflow/example_dags/example_task_group.py
[2023-06-22T14:42:08.011+0200] {processor.py:826} INFO - Processing file /Users/saumyagoyal/JupyterNotebook/MLCon/MLCon_23/2_airflow/.venv/lib/python3.11/site-packages/airflow/example_dags/example_task_group.py for tasks to queue
[2023-06-22T14:42:08.012+0200] {logging_mixin.py:149} INFO - [2023-06-22T14:42:08.012+0200] {dagbag.py:541} INFO - Filling up the DagBag from /Users/saumyagoyal/JupyterNotebook/MLCon/MLCon_23/2_airflow/.venv/lib/python3.11/site-packages/airflow/example_dags/example_task_group.py
[2023-06-22T14:42:08.029+0200] {processor.py:836} INFO - DAG(s) dict_keys(['example_task_group']) retrieved from /Users/saumyagoyal/JupyterNotebook/MLCon/MLCon_23/2_airflow/.venv/lib/python3.11/site-packages/airflow/example_dags/example_task_group.py
[2023-06-22T14:42:08.720+0200] {logging_mixin.py:149} INFO - [2023-06-22T14:42:08.720+0200] {dag.py:2726} INFO - Sync 1 DAGs
[2023-06-22T14:42:08.733+0200] {logging_mixin.py:149} INFO - [2023-06-22T14:42:08.733+0200] {dag.py:3486} INFO - Setting next_dagrun for example_task_group to 2023-06-21T12:42:08.733140+00:00, run_after=2023-06-22T12:42:08.733140+00:00
[2023-06-22T14:42:08.745+0200] {processor.py:179} INFO - Processing /Users/saumyagoyal/JupyterNotebook/MLCon/MLCon_23/2_airflow/.venv/lib/python3.11/site-packages/airflow/example_dags/example_task_group.py took 0.736 seconds
[2023-06-22T14:43:34.046+0200] {processor.py:157} INFO - Started process (PID=85424) to work on /Users/saumyagoyal/JupyterNotebook/MLCon/MLCon_23/2_airflow/.venv/lib/python3.11/site-packages/airflow/example_dags/example_task_group.py
[2023-06-22T14:43:34.048+0200] {processor.py:826} INFO - Processing file /Users/saumyagoyal/JupyterNotebook/MLCon/MLCon_23/2_airflow/.venv/lib/python3.11/site-packages/airflow/example_dags/example_task_group.py for tasks to queue
[2023-06-22T14:43:34.048+0200] {logging_mixin.py:149} INFO - [2023-06-22T14:43:34.048+0200] {dagbag.py:541} INFO - Filling up the DagBag from /Users/saumyagoyal/JupyterNotebook/MLCon/MLCon_23/2_airflow/.venv/lib/python3.11/site-packages/airflow/example_dags/example_task_group.py
[2023-06-22T14:43:34.062+0200] {processor.py:836} INFO - DAG(s) dict_keys(['example_task_group']) retrieved from /Users/saumyagoyal/JupyterNotebook/MLCon/MLCon_23/2_airflow/.venv/lib/python3.11/site-packages/airflow/example_dags/example_task_group.py
[2023-06-22T14:43:34.671+0200] {logging_mixin.py:149} INFO - [2023-06-22T14:43:34.671+0200] {dag.py:2726} INFO - Sync 1 DAGs
[2023-06-22T14:43:34.683+0200] {logging_mixin.py:149} INFO - [2023-06-22T14:43:34.683+0200] {dag.py:3486} INFO - Setting next_dagrun for example_task_group to 2023-06-21T12:43:34.683092+00:00, run_after=2023-06-22T12:43:34.683092+00:00
[2023-06-22T14:43:34.695+0200] {processor.py:179} INFO - Processing /Users/saumyagoyal/JupyterNotebook/MLCon/MLCon_23/2_airflow/.venv/lib/python3.11/site-packages/airflow/example_dags/example_task_group.py took 0.650 seconds
[2023-06-22T14:44:57.823+0200] {processor.py:157} INFO - Started process (PID=85482) to work on /Users/saumyagoyal/JupyterNotebook/MLCon/MLCon_23/2_airflow/.venv/lib/python3.11/site-packages/airflow/example_dags/example_task_group.py
[2023-06-22T14:44:57.827+0200] {processor.py:826} INFO - Processing file /Users/saumyagoyal/JupyterNotebook/MLCon/MLCon_23/2_airflow/.venv/lib/python3.11/site-packages/airflow/example_dags/example_task_group.py for tasks to queue
[2023-06-22T14:44:57.827+0200] {logging_mixin.py:149} INFO - [2023-06-22T14:44:57.827+0200] {dagbag.py:541} INFO - Filling up the DagBag from /Users/saumyagoyal/JupyterNotebook/MLCon/MLCon_23/2_airflow/.venv/lib/python3.11/site-packages/airflow/example_dags/example_task_group.py
[2023-06-22T14:44:57.843+0200] {processor.py:836} INFO - DAG(s) dict_keys(['example_task_group']) retrieved from /Users/saumyagoyal/JupyterNotebook/MLCon/MLCon_23/2_airflow/.venv/lib/python3.11/site-packages/airflow/example_dags/example_task_group.py
[2023-06-22T14:44:58.467+0200] {logging_mixin.py:149} INFO - [2023-06-22T14:44:58.467+0200] {dag.py:2726} INFO - Sync 1 DAGs
[2023-06-22T14:44:58.480+0200] {logging_mixin.py:149} INFO - [2023-06-22T14:44:58.480+0200] {dag.py:3486} INFO - Setting next_dagrun for example_task_group to 2023-06-21T12:44:58.480598+00:00, run_after=2023-06-22T12:44:58.480598+00:00
[2023-06-22T14:44:58.493+0200] {processor.py:179} INFO - Processing /Users/saumyagoyal/JupyterNotebook/MLCon/MLCon_23/2_airflow/.venv/lib/python3.11/site-packages/airflow/example_dags/example_task_group.py took 0.670 seconds
