[2023-06-22T14:27:15.567+0200] {processor.py:157} INFO - Started process (PID=84290) to work on /Users/saumyagoyal/JupyterNotebook/MLCon/MLCon_23/2_airflow/.venv/lib/python3.11/site-packages/airflow/example_dags/example_branch_labels.py
[2023-06-22T14:27:15.570+0200] {processor.py:826} INFO - Processing file /Users/saumyagoyal/JupyterNotebook/MLCon/MLCon_23/2_airflow/.venv/lib/python3.11/site-packages/airflow/example_dags/example_branch_labels.py for tasks to queue
[2023-06-22T14:27:15.570+0200] {logging_mixin.py:149} INFO - [2023-06-22T14:27:15.570+0200] {dagbag.py:541} INFO - Filling up the DagBag from /Users/saumyagoyal/JupyterNotebook/MLCon/MLCon_23/2_airflow/.venv/lib/python3.11/site-packages/airflow/example_dags/example_branch_labels.py
[2023-06-22T14:27:15.583+0200] {processor.py:836} INFO - DAG(s) dict_keys(['example_branch_labels']) retrieved from /Users/saumyagoyal/JupyterNotebook/MLCon/MLCon_23/2_airflow/.venv/lib/python3.11/site-packages/airflow/example_dags/example_branch_labels.py
[2023-06-22T14:27:16.258+0200] {logging_mixin.py:149} INFO - [2023-06-22T14:27:16.258+0200] {manager.py:504} INFO - Created Permission View: can delete on DAG:example_branch_labels
[2023-06-22T14:27:16.263+0200] {logging_mixin.py:149} INFO - [2023-06-22T14:27:16.263+0200] {manager.py:504} INFO - Created Permission View: can edit on DAG:example_branch_labels
[2023-06-22T14:27:16.268+0200] {logging_mixin.py:149} INFO - [2023-06-22T14:27:16.268+0200] {manager.py:504} INFO - Created Permission View: can read on DAG:example_branch_labels
[2023-06-22T14:27:16.268+0200] {logging_mixin.py:149} INFO - [2023-06-22T14:27:16.268+0200] {dag.py:2726} INFO - Sync 1 DAGs
[2023-06-22T14:27:16.276+0200] {logging_mixin.py:149} INFO - [2023-06-22T14:27:16.276+0200] {dag.py:2747} INFO - Creating ORM DAG for example_branch_labels
[2023-06-22T14:27:16.282+0200] {logging_mixin.py:149} INFO - [2023-06-22T14:27:16.282+0200] {dag.py:3486} INFO - Setting next_dagrun for example_branch_labels to 2023-06-21T00:00:00+00:00, run_after=2023-06-22T00:00:00+00:00
[2023-06-22T14:27:16.292+0200] {processor.py:179} INFO - Processing /Users/saumyagoyal/JupyterNotebook/MLCon/MLCon_23/2_airflow/.venv/lib/python3.11/site-packages/airflow/example_dags/example_branch_labels.py took 0.725 seconds
[2023-06-22T14:29:59.142+0200] {processor.py:157} INFO - Started process (PID=84389) to work on /Users/saumyagoyal/JupyterNotebook/MLCon/MLCon_23/2_airflow/.venv/lib/python3.11/site-packages/airflow/example_dags/example_branch_labels.py
[2023-06-22T14:29:59.145+0200] {processor.py:826} INFO - Processing file /Users/saumyagoyal/JupyterNotebook/MLCon/MLCon_23/2_airflow/.venv/lib/python3.11/site-packages/airflow/example_dags/example_branch_labels.py for tasks to queue
[2023-06-22T14:29:59.145+0200] {logging_mixin.py:149} INFO - [2023-06-22T14:29:59.145+0200] {dagbag.py:541} INFO - Filling up the DagBag from /Users/saumyagoyal/JupyterNotebook/MLCon/MLCon_23/2_airflow/.venv/lib/python3.11/site-packages/airflow/example_dags/example_branch_labels.py
[2023-06-22T14:29:59.158+0200] {processor.py:836} INFO - DAG(s) dict_keys(['example_branch_labels']) retrieved from /Users/saumyagoyal/JupyterNotebook/MLCon/MLCon_23/2_airflow/.venv/lib/python3.11/site-packages/airflow/example_dags/example_branch_labels.py
[2023-06-22T14:29:59.812+0200] {logging_mixin.py:149} INFO - [2023-06-22T14:29:59.812+0200] {dag.py:2726} INFO - Sync 1 DAGs
[2023-06-22T14:29:59.826+0200] {logging_mixin.py:149} INFO - [2023-06-22T14:29:59.826+0200] {dag.py:3486} INFO - Setting next_dagrun for example_branch_labels to 2023-06-21T00:00:00+00:00, run_after=2023-06-22T00:00:00+00:00
[2023-06-22T14:29:59.840+0200] {processor.py:179} INFO - Processing /Users/saumyagoyal/JupyterNotebook/MLCon/MLCon_23/2_airflow/.venv/lib/python3.11/site-packages/airflow/example_dags/example_branch_labels.py took 0.697 seconds
[2023-06-22T14:32:30.506+0200] {processor.py:157} INFO - Started process (PID=84474) to work on /Users/saumyagoyal/JupyterNotebook/MLCon/MLCon_23/2_airflow/.venv/lib/python3.11/site-packages/airflow/example_dags/example_branch_labels.py
[2023-06-22T14:32:30.509+0200] {processor.py:826} INFO - Processing file /Users/saumyagoyal/JupyterNotebook/MLCon/MLCon_23/2_airflow/.venv/lib/python3.11/site-packages/airflow/example_dags/example_branch_labels.py for tasks to queue
[2023-06-22T14:32:30.509+0200] {logging_mixin.py:149} INFO - [2023-06-22T14:32:30.509+0200] {dagbag.py:541} INFO - Filling up the DagBag from /Users/saumyagoyal/JupyterNotebook/MLCon/MLCon_23/2_airflow/.venv/lib/python3.11/site-packages/airflow/example_dags/example_branch_labels.py
[2023-06-22T14:32:30.523+0200] {processor.py:836} INFO - DAG(s) dict_keys(['example_branch_labels']) retrieved from /Users/saumyagoyal/JupyterNotebook/MLCon/MLCon_23/2_airflow/.venv/lib/python3.11/site-packages/airflow/example_dags/example_branch_labels.py
[2023-06-22T14:32:31.177+0200] {logging_mixin.py:149} INFO - [2023-06-22T14:32:31.177+0200] {dag.py:2726} INFO - Sync 1 DAGs
[2023-06-22T14:32:31.191+0200] {logging_mixin.py:149} INFO - [2023-06-22T14:32:31.191+0200] {dag.py:3486} INFO - Setting next_dagrun for example_branch_labels to 2023-06-21T00:00:00+00:00, run_after=2023-06-22T00:00:00+00:00
[2023-06-22T14:32:31.203+0200] {processor.py:179} INFO - Processing /Users/saumyagoyal/JupyterNotebook/MLCon/MLCon_23/2_airflow/.venv/lib/python3.11/site-packages/airflow/example_dags/example_branch_labels.py took 0.697 seconds
[2023-06-22T14:35:24.087+0200] {processor.py:157} INFO - Started process (PID=84734) to work on /Users/saumyagoyal/JupyterNotebook/MLCon/MLCon_23/2_airflow/.venv/lib/python3.11/site-packages/airflow/example_dags/example_branch_labels.py
[2023-06-22T14:35:24.090+0200] {processor.py:826} INFO - Processing file /Users/saumyagoyal/JupyterNotebook/MLCon/MLCon_23/2_airflow/.venv/lib/python3.11/site-packages/airflow/example_dags/example_branch_labels.py for tasks to queue
[2023-06-22T14:35:24.090+0200] {logging_mixin.py:149} INFO - [2023-06-22T14:35:24.090+0200] {dagbag.py:541} INFO - Filling up the DagBag from /Users/saumyagoyal/JupyterNotebook/MLCon/MLCon_23/2_airflow/.venv/lib/python3.11/site-packages/airflow/example_dags/example_branch_labels.py
[2023-06-22T14:35:24.106+0200] {processor.py:836} INFO - DAG(s) dict_keys(['example_branch_labels']) retrieved from /Users/saumyagoyal/JupyterNotebook/MLCon/MLCon_23/2_airflow/.venv/lib/python3.11/site-packages/airflow/example_dags/example_branch_labels.py
[2023-06-22T14:35:24.846+0200] {logging_mixin.py:149} INFO - [2023-06-22T14:35:24.845+0200] {dag.py:2726} INFO - Sync 1 DAGs
[2023-06-22T14:35:24.861+0200] {logging_mixin.py:149} INFO - [2023-06-22T14:35:24.861+0200] {dag.py:3486} INFO - Setting next_dagrun for example_branch_labels to 2023-06-21T00:00:00+00:00, run_after=2023-06-22T00:00:00+00:00
[2023-06-22T14:35:24.874+0200] {processor.py:179} INFO - Processing /Users/saumyagoyal/JupyterNotebook/MLCon/MLCon_23/2_airflow/.venv/lib/python3.11/site-packages/airflow/example_dags/example_branch_labels.py took 0.787 seconds
[2023-06-22T14:38:23.225+0200] {processor.py:157} INFO - Started process (PID=85043) to work on /Users/saumyagoyal/JupyterNotebook/MLCon/MLCon_23/2_airflow/.venv/lib/python3.11/site-packages/airflow/example_dags/example_branch_labels.py
[2023-06-22T14:38:23.228+0200] {processor.py:826} INFO - Processing file /Users/saumyagoyal/JupyterNotebook/MLCon/MLCon_23/2_airflow/.venv/lib/python3.11/site-packages/airflow/example_dags/example_branch_labels.py for tasks to queue
[2023-06-22T14:38:23.229+0200] {logging_mixin.py:149} INFO - [2023-06-22T14:38:23.229+0200] {dagbag.py:541} INFO - Filling up the DagBag from /Users/saumyagoyal/JupyterNotebook/MLCon/MLCon_23/2_airflow/.venv/lib/python3.11/site-packages/airflow/example_dags/example_branch_labels.py
[2023-06-22T14:38:23.246+0200] {processor.py:836} INFO - DAG(s) dict_keys(['example_branch_labels']) retrieved from /Users/saumyagoyal/JupyterNotebook/MLCon/MLCon_23/2_airflow/.venv/lib/python3.11/site-packages/airflow/example_dags/example_branch_labels.py
[2023-06-22T14:38:23.972+0200] {logging_mixin.py:149} INFO - [2023-06-22T14:38:23.972+0200] {dag.py:2726} INFO - Sync 1 DAGs
[2023-06-22T14:38:23.987+0200] {logging_mixin.py:149} INFO - [2023-06-22T14:38:23.987+0200] {dag.py:3486} INFO - Setting next_dagrun for example_branch_labels to 2023-06-21T00:00:00+00:00, run_after=2023-06-22T00:00:00+00:00
[2023-06-22T14:38:24.000+0200] {processor.py:179} INFO - Processing /Users/saumyagoyal/JupyterNotebook/MLCon/MLCon_23/2_airflow/.venv/lib/python3.11/site-packages/airflow/example_dags/example_branch_labels.py took 0.776 seconds
[2023-06-22T14:41:22.470+0200] {processor.py:157} INFO - Started process (PID=85301) to work on /Users/saumyagoyal/JupyterNotebook/MLCon/MLCon_23/2_airflow/.venv/lib/python3.11/site-packages/airflow/example_dags/example_branch_labels.py
[2023-06-22T14:41:22.474+0200] {processor.py:826} INFO - Processing file /Users/saumyagoyal/JupyterNotebook/MLCon/MLCon_23/2_airflow/.venv/lib/python3.11/site-packages/airflow/example_dags/example_branch_labels.py for tasks to queue
[2023-06-22T14:41:22.474+0200] {logging_mixin.py:149} INFO - [2023-06-22T14:41:22.474+0200] {dagbag.py:541} INFO - Filling up the DagBag from /Users/saumyagoyal/JupyterNotebook/MLCon/MLCon_23/2_airflow/.venv/lib/python3.11/site-packages/airflow/example_dags/example_branch_labels.py
[2023-06-22T14:41:22.496+0200] {processor.py:836} INFO - DAG(s) dict_keys(['example_branch_labels']) retrieved from /Users/saumyagoyal/JupyterNotebook/MLCon/MLCon_23/2_airflow/.venv/lib/python3.11/site-packages/airflow/example_dags/example_branch_labels.py
[2023-06-22T14:41:23.165+0200] {logging_mixin.py:149} INFO - [2023-06-22T14:41:23.165+0200] {dag.py:2726} INFO - Sync 1 DAGs
[2023-06-22T14:41:23.180+0200] {logging_mixin.py:149} INFO - [2023-06-22T14:41:23.180+0200] {dag.py:3486} INFO - Setting next_dagrun for example_branch_labels to 2023-06-21T00:00:00+00:00, run_after=2023-06-22T00:00:00+00:00
[2023-06-22T14:41:23.193+0200] {processor.py:179} INFO - Processing /Users/saumyagoyal/JupyterNotebook/MLCon/MLCon_23/2_airflow/.venv/lib/python3.11/site-packages/airflow/example_dags/example_branch_labels.py took 0.724 seconds
[2023-06-22T14:44:12.126+0200] {processor.py:157} INFO - Started process (PID=85446) to work on /Users/saumyagoyal/JupyterNotebook/MLCon/MLCon_23/2_airflow/.venv/lib/python3.11/site-packages/airflow/example_dags/example_branch_labels.py
[2023-06-22T14:44:12.129+0200] {processor.py:826} INFO - Processing file /Users/saumyagoyal/JupyterNotebook/MLCon/MLCon_23/2_airflow/.venv/lib/python3.11/site-packages/airflow/example_dags/example_branch_labels.py for tasks to queue
[2023-06-22T14:44:12.130+0200] {logging_mixin.py:149} INFO - [2023-06-22T14:44:12.130+0200] {dagbag.py:541} INFO - Filling up the DagBag from /Users/saumyagoyal/JupyterNotebook/MLCon/MLCon_23/2_airflow/.venv/lib/python3.11/site-packages/airflow/example_dags/example_branch_labels.py
[2023-06-22T14:44:12.144+0200] {processor.py:836} INFO - DAG(s) dict_keys(['example_branch_labels']) retrieved from /Users/saumyagoyal/JupyterNotebook/MLCon/MLCon_23/2_airflow/.venv/lib/python3.11/site-packages/airflow/example_dags/example_branch_labels.py
[2023-06-22T14:44:12.782+0200] {logging_mixin.py:149} INFO - [2023-06-22T14:44:12.782+0200] {dag.py:2726} INFO - Sync 1 DAGs
[2023-06-22T14:44:12.794+0200] {logging_mixin.py:149} INFO - [2023-06-22T14:44:12.794+0200] {dag.py:3486} INFO - Setting next_dagrun for example_branch_labels to 2023-06-21T00:00:00+00:00, run_after=2023-06-22T00:00:00+00:00
[2023-06-22T14:44:12.810+0200] {processor.py:179} INFO - Processing /Users/saumyagoyal/JupyterNotebook/MLCon/MLCon_23/2_airflow/.venv/lib/python3.11/site-packages/airflow/example_dags/example_branch_labels.py took 0.684 seconds
