[2023-06-22T14:26:40.971+0200] {processor.py:157} INFO - Started process (PID=84273) to work on /Users/saumyagoyal/JupyterNotebook/MLCon/MLCon_23/2_airflow/.venv/lib/python3.11/site-packages/airflow/example_dags/example_nested_branch_dag.py
[2023-06-22T14:26:40.973+0200] {processor.py:826} INFO - Processing file /Users/saumyagoyal/JupyterNotebook/MLCon/MLCon_23/2_airflow/.venv/lib/python3.11/site-packages/airflow/example_dags/example_nested_branch_dag.py for tasks to queue
[2023-06-22T14:26:40.974+0200] {logging_mixin.py:149} INFO - [2023-06-22T14:26:40.974+0200] {dagbag.py:541} INFO - Filling up the DagBag from /Users/saumyagoyal/JupyterNotebook/MLCon/MLCon_23/2_airflow/.venv/lib/python3.11/site-packages/airflow/example_dags/example_nested_branch_dag.py
[2023-06-22T14:26:41.010+0200] {processor.py:836} INFO - DAG(s) dict_keys(['example_nested_branch_dag']) retrieved from /Users/saumyagoyal/JupyterNotebook/MLCon/MLCon_23/2_airflow/.venv/lib/python3.11/site-packages/airflow/example_dags/example_nested_branch_dag.py
[2023-06-22T14:26:41.701+0200] {logging_mixin.py:149} INFO - [2023-06-22T14:26:41.701+0200] {manager.py:504} INFO - Created Permission View: can read on DAG:example_nested_branch_dag
[2023-06-22T14:26:41.706+0200] {logging_mixin.py:149} INFO - [2023-06-22T14:26:41.706+0200] {manager.py:504} INFO - Created Permission View: can delete on DAG:example_nested_branch_dag
[2023-06-22T14:26:41.710+0200] {logging_mixin.py:149} INFO - [2023-06-22T14:26:41.710+0200] {manager.py:504} INFO - Created Permission View: can edit on DAG:example_nested_branch_dag
[2023-06-22T14:26:41.710+0200] {logging_mixin.py:149} INFO - [2023-06-22T14:26:41.710+0200] {dag.py:2726} INFO - Sync 1 DAGs
[2023-06-22T14:26:41.717+0200] {logging_mixin.py:149} INFO - [2023-06-22T14:26:41.717+0200] {dag.py:2747} INFO - Creating ORM DAG for example_nested_branch_dag
[2023-06-22T14:26:41.723+0200] {logging_mixin.py:149} INFO - [2023-06-22T14:26:41.723+0200] {dag.py:3486} INFO - Setting next_dagrun for example_nested_branch_dag to 2023-06-21T00:00:00+00:00, run_after=2023-06-22T00:00:00+00:00
[2023-06-22T14:26:41.737+0200] {processor.py:179} INFO - Processing /Users/saumyagoyal/JupyterNotebook/MLCon/MLCon_23/2_airflow/.venv/lib/python3.11/site-packages/airflow/example_dags/example_nested_branch_dag.py took 0.766 seconds
[2023-06-22T14:28:39.010+0200] {processor.py:157} INFO - Started process (PID=84347) to work on /Users/saumyagoyal/JupyterNotebook/MLCon/MLCon_23/2_airflow/.venv/lib/python3.11/site-packages/airflow/example_dags/example_nested_branch_dag.py
[2023-06-22T14:28:39.013+0200] {processor.py:826} INFO - Processing file /Users/saumyagoyal/JupyterNotebook/MLCon/MLCon_23/2_airflow/.venv/lib/python3.11/site-packages/airflow/example_dags/example_nested_branch_dag.py for tasks to queue
[2023-06-22T14:28:39.013+0200] {logging_mixin.py:149} INFO - [2023-06-22T14:28:39.013+0200] {dagbag.py:541} INFO - Filling up the DagBag from /Users/saumyagoyal/JupyterNotebook/MLCon/MLCon_23/2_airflow/.venv/lib/python3.11/site-packages/airflow/example_dags/example_nested_branch_dag.py
[2023-06-22T14:28:39.046+0200] {processor.py:836} INFO - DAG(s) dict_keys(['example_nested_branch_dag']) retrieved from /Users/saumyagoyal/JupyterNotebook/MLCon/MLCon_23/2_airflow/.venv/lib/python3.11/site-packages/airflow/example_dags/example_nested_branch_dag.py
[2023-06-22T14:28:39.664+0200] {logging_mixin.py:149} INFO - [2023-06-22T14:28:39.664+0200] {dag.py:2726} INFO - Sync 1 DAGs
[2023-06-22T14:28:39.675+0200] {logging_mixin.py:149} INFO - [2023-06-22T14:28:39.675+0200] {dag.py:3486} INFO - Setting next_dagrun for example_nested_branch_dag to 2023-06-21T00:00:00+00:00, run_after=2023-06-22T00:00:00+00:00
[2023-06-22T14:28:39.687+0200] {processor.py:179} INFO - Processing /Users/saumyagoyal/JupyterNotebook/MLCon/MLCon_23/2_airflow/.venv/lib/python3.11/site-packages/airflow/example_dags/example_nested_branch_dag.py took 0.677 seconds
[2023-06-22T14:31:09.090+0200] {processor.py:157} INFO - Started process (PID=84431) to work on /Users/saumyagoyal/JupyterNotebook/MLCon/MLCon_23/2_airflow/.venv/lib/python3.11/site-packages/airflow/example_dags/example_nested_branch_dag.py
[2023-06-22T14:31:09.092+0200] {processor.py:826} INFO - Processing file /Users/saumyagoyal/JupyterNotebook/MLCon/MLCon_23/2_airflow/.venv/lib/python3.11/site-packages/airflow/example_dags/example_nested_branch_dag.py for tasks to queue
[2023-06-22T14:31:09.093+0200] {logging_mixin.py:149} INFO - [2023-06-22T14:31:09.093+0200] {dagbag.py:541} INFO - Filling up the DagBag from /Users/saumyagoyal/JupyterNotebook/MLCon/MLCon_23/2_airflow/.venv/lib/python3.11/site-packages/airflow/example_dags/example_nested_branch_dag.py
[2023-06-22T14:31:09.128+0200] {processor.py:836} INFO - DAG(s) dict_keys(['example_nested_branch_dag']) retrieved from /Users/saumyagoyal/JupyterNotebook/MLCon/MLCon_23/2_airflow/.venv/lib/python3.11/site-packages/airflow/example_dags/example_nested_branch_dag.py
[2023-06-22T14:31:09.734+0200] {logging_mixin.py:149} INFO - [2023-06-22T14:31:09.734+0200] {dag.py:2726} INFO - Sync 1 DAGs
[2023-06-22T14:31:09.745+0200] {logging_mixin.py:149} INFO - [2023-06-22T14:31:09.745+0200] {dag.py:3486} INFO - Setting next_dagrun for example_nested_branch_dag to 2023-06-21T00:00:00+00:00, run_after=2023-06-22T00:00:00+00:00
[2023-06-22T14:31:09.757+0200] {processor.py:179} INFO - Processing /Users/saumyagoyal/JupyterNotebook/MLCon/MLCon_23/2_airflow/.venv/lib/python3.11/site-packages/airflow/example_dags/example_nested_branch_dag.py took 0.668 seconds
[2023-06-22T14:33:48.833+0200] {processor.py:157} INFO - Started process (PID=84664) to work on /Users/saumyagoyal/JupyterNotebook/MLCon/MLCon_23/2_airflow/.venv/lib/python3.11/site-packages/airflow/example_dags/example_nested_branch_dag.py
[2023-06-22T14:33:48.835+0200] {processor.py:826} INFO - Processing file /Users/saumyagoyal/JupyterNotebook/MLCon/MLCon_23/2_airflow/.venv/lib/python3.11/site-packages/airflow/example_dags/example_nested_branch_dag.py for tasks to queue
[2023-06-22T14:33:48.835+0200] {logging_mixin.py:149} INFO - [2023-06-22T14:33:48.835+0200] {dagbag.py:541} INFO - Filling up the DagBag from /Users/saumyagoyal/JupyterNotebook/MLCon/MLCon_23/2_airflow/.venv/lib/python3.11/site-packages/airflow/example_dags/example_nested_branch_dag.py
[2023-06-22T14:33:48.872+0200] {processor.py:836} INFO - DAG(s) dict_keys(['example_nested_branch_dag']) retrieved from /Users/saumyagoyal/JupyterNotebook/MLCon/MLCon_23/2_airflow/.venv/lib/python3.11/site-packages/airflow/example_dags/example_nested_branch_dag.py
[2023-06-22T14:33:49.564+0200] {logging_mixin.py:149} INFO - [2023-06-22T14:33:49.563+0200] {dag.py:2726} INFO - Sync 1 DAGs
[2023-06-22T14:33:49.577+0200] {logging_mixin.py:149} INFO - [2023-06-22T14:33:49.577+0200] {dag.py:3486} INFO - Setting next_dagrun for example_nested_branch_dag to 2023-06-21T00:00:00+00:00, run_after=2023-06-22T00:00:00+00:00
[2023-06-22T14:33:49.591+0200] {processor.py:179} INFO - Processing /Users/saumyagoyal/JupyterNotebook/MLCon/MLCon_23/2_airflow/.venv/lib/python3.11/site-packages/airflow/example_dags/example_nested_branch_dag.py took 0.759 seconds
[2023-06-22T14:36:50.596+0200] {processor.py:157} INFO - Started process (PID=84887) to work on /Users/saumyagoyal/JupyterNotebook/MLCon/MLCon_23/2_airflow/.venv/lib/python3.11/site-packages/airflow/example_dags/example_nested_branch_dag.py
[2023-06-22T14:36:50.599+0200] {processor.py:826} INFO - Processing file /Users/saumyagoyal/JupyterNotebook/MLCon/MLCon_23/2_airflow/.venv/lib/python3.11/site-packages/airflow/example_dags/example_nested_branch_dag.py for tasks to queue
[2023-06-22T14:36:50.599+0200] {logging_mixin.py:149} INFO - [2023-06-22T14:36:50.599+0200] {dagbag.py:541} INFO - Filling up the DagBag from /Users/saumyagoyal/JupyterNotebook/MLCon/MLCon_23/2_airflow/.venv/lib/python3.11/site-packages/airflow/example_dags/example_nested_branch_dag.py
[2023-06-22T14:36:50.645+0200] {processor.py:836} INFO - DAG(s) dict_keys(['example_nested_branch_dag']) retrieved from /Users/saumyagoyal/JupyterNotebook/MLCon/MLCon_23/2_airflow/.venv/lib/python3.11/site-packages/airflow/example_dags/example_nested_branch_dag.py
[2023-06-22T14:36:51.273+0200] {logging_mixin.py:149} INFO - [2023-06-22T14:36:51.273+0200] {dag.py:2726} INFO - Sync 1 DAGs
[2023-06-22T14:36:51.284+0200] {logging_mixin.py:149} INFO - [2023-06-22T14:36:51.284+0200] {dag.py:3486} INFO - Setting next_dagrun for example_nested_branch_dag to 2023-06-21T00:00:00+00:00, run_after=2023-06-22T00:00:00+00:00
[2023-06-22T14:36:51.297+0200] {processor.py:179} INFO - Processing /Users/saumyagoyal/JupyterNotebook/MLCon/MLCon_23/2_airflow/.venv/lib/python3.11/site-packages/airflow/example_dags/example_nested_branch_dag.py took 0.701 seconds
[2023-06-22T14:39:48.030+0200] {processor.py:157} INFO - Started process (PID=85106) to work on /Users/saumyagoyal/JupyterNotebook/MLCon/MLCon_23/2_airflow/.venv/lib/python3.11/site-packages/airflow/example_dags/example_nested_branch_dag.py
[2023-06-22T14:39:48.033+0200] {processor.py:826} INFO - Processing file /Users/saumyagoyal/JupyterNotebook/MLCon/MLCon_23/2_airflow/.venv/lib/python3.11/site-packages/airflow/example_dags/example_nested_branch_dag.py for tasks to queue
[2023-06-22T14:39:48.033+0200] {logging_mixin.py:149} INFO - [2023-06-22T14:39:48.033+0200] {dagbag.py:541} INFO - Filling up the DagBag from /Users/saumyagoyal/JupyterNotebook/MLCon/MLCon_23/2_airflow/.venv/lib/python3.11/site-packages/airflow/example_dags/example_nested_branch_dag.py
[2023-06-22T14:39:48.073+0200] {processor.py:836} INFO - DAG(s) dict_keys(['example_nested_branch_dag']) retrieved from /Users/saumyagoyal/JupyterNotebook/MLCon/MLCon_23/2_airflow/.venv/lib/python3.11/site-packages/airflow/example_dags/example_nested_branch_dag.py
[2023-06-22T14:39:48.698+0200] {logging_mixin.py:149} INFO - [2023-06-22T14:39:48.698+0200] {dag.py:2726} INFO - Sync 1 DAGs
[2023-06-22T14:39:48.709+0200] {logging_mixin.py:149} INFO - [2023-06-22T14:39:48.709+0200] {dag.py:3486} INFO - Setting next_dagrun for example_nested_branch_dag to 2023-06-21T00:00:00+00:00, run_after=2023-06-22T00:00:00+00:00
[2023-06-22T14:39:48.721+0200] {processor.py:179} INFO - Processing /Users/saumyagoyal/JupyterNotebook/MLCon/MLCon_23/2_airflow/.venv/lib/python3.11/site-packages/airflow/example_dags/example_nested_branch_dag.py took 0.692 seconds
[2023-06-22T14:42:42.369+0200] {processor.py:157} INFO - Started process (PID=85377) to work on /Users/saumyagoyal/JupyterNotebook/MLCon/MLCon_23/2_airflow/.venv/lib/python3.11/site-packages/airflow/example_dags/example_nested_branch_dag.py
[2023-06-22T14:42:42.371+0200] {processor.py:826} INFO - Processing file /Users/saumyagoyal/JupyterNotebook/MLCon/MLCon_23/2_airflow/.venv/lib/python3.11/site-packages/airflow/example_dags/example_nested_branch_dag.py for tasks to queue
[2023-06-22T14:42:42.371+0200] {logging_mixin.py:149} INFO - [2023-06-22T14:42:42.371+0200] {dagbag.py:541} INFO - Filling up the DagBag from /Users/saumyagoyal/JupyterNotebook/MLCon/MLCon_23/2_airflow/.venv/lib/python3.11/site-packages/airflow/example_dags/example_nested_branch_dag.py
[2023-06-22T14:42:42.405+0200] {processor.py:836} INFO - DAG(s) dict_keys(['example_nested_branch_dag']) retrieved from /Users/saumyagoyal/JupyterNotebook/MLCon/MLCon_23/2_airflow/.venv/lib/python3.11/site-packages/airflow/example_dags/example_nested_branch_dag.py
[2023-06-22T14:42:43.014+0200] {logging_mixin.py:149} INFO - [2023-06-22T14:42:43.014+0200] {dag.py:2726} INFO - Sync 1 DAGs
[2023-06-22T14:42:43.026+0200] {logging_mixin.py:149} INFO - [2023-06-22T14:42:43.026+0200] {dag.py:3486} INFO - Setting next_dagrun for example_nested_branch_dag to 2023-06-21T00:00:00+00:00, run_after=2023-06-22T00:00:00+00:00
[2023-06-22T14:42:43.039+0200] {processor.py:179} INFO - Processing /Users/saumyagoyal/JupyterNotebook/MLCon/MLCon_23/2_airflow/.venv/lib/python3.11/site-packages/airflow/example_dags/example_nested_branch_dag.py took 0.671 seconds
