[2023-06-22T14:27:07.598+0200] {processor.py:157} INFO - Started process (PID=84286) to work on /Users/saumyagoyal/JupyterNotebook/MLCon/MLCon_23/2_airflow/.venv/lib/python3.11/site-packages/airflow/example_dags/example_branch_python_dop_operator_3.py
[2023-06-22T14:27:07.600+0200] {processor.py:826} INFO - Processing file /Users/saumyagoyal/JupyterNotebook/MLCon/MLCon_23/2_airflow/.venv/lib/python3.11/site-packages/airflow/example_dags/example_branch_python_dop_operator_3.py for tasks to queue
[2023-06-22T14:27:07.601+0200] {logging_mixin.py:149} INFO - [2023-06-22T14:27:07.601+0200] {dagbag.py:541} INFO - Filling up the DagBag from /Users/saumyagoyal/JupyterNotebook/MLCon/MLCon_23/2_airflow/.venv/lib/python3.11/site-packages/airflow/example_dags/example_branch_python_dop_operator_3.py
[2023-06-22T14:27:07.633+0200] {processor.py:836} INFO - DAG(s) dict_keys(['example_branch_dop_operator_v3']) retrieved from /Users/saumyagoyal/JupyterNotebook/MLCon/MLCon_23/2_airflow/.venv/lib/python3.11/site-packages/airflow/example_dags/example_branch_python_dop_operator_3.py
[2023-06-22T14:27:08.284+0200] {logging_mixin.py:149} INFO - [2023-06-22T14:27:08.284+0200] {manager.py:504} INFO - Created Permission View: can delete on DAG:example_branch_dop_operator_v3
[2023-06-22T14:27:08.289+0200] {logging_mixin.py:149} INFO - [2023-06-22T14:27:08.289+0200] {manager.py:504} INFO - Created Permission View: can edit on DAG:example_branch_dop_operator_v3
[2023-06-22T14:27:08.293+0200] {logging_mixin.py:149} INFO - [2023-06-22T14:27:08.293+0200] {manager.py:504} INFO - Created Permission View: can read on DAG:example_branch_dop_operator_v3
[2023-06-22T14:27:08.294+0200] {logging_mixin.py:149} INFO - [2023-06-22T14:27:08.293+0200] {dag.py:2726} INFO - Sync 1 DAGs
[2023-06-22T14:27:08.300+0200] {logging_mixin.py:149} INFO - [2023-06-22T14:27:08.300+0200] {dag.py:2747} INFO - Creating ORM DAG for example_branch_dop_operator_v3
[2023-06-22T14:27:08.308+0200] {logging_mixin.py:149} INFO - [2023-06-22T14:27:08.308+0200] {dag.py:3486} INFO - Setting next_dagrun for example_branch_dop_operator_v3 to 2023-06-22T12:26:00+00:00, run_after=2023-06-22T12:27:00+00:00
[2023-06-22T14:27:08.318+0200] {processor.py:179} INFO - Processing /Users/saumyagoyal/JupyterNotebook/MLCon/MLCon_23/2_airflow/.venv/lib/python3.11/site-packages/airflow/example_dags/example_branch_python_dop_operator_3.py took 0.721 seconds
[2023-06-22T14:29:52.211+0200] {processor.py:157} INFO - Started process (PID=84385) to work on /Users/saumyagoyal/JupyterNotebook/MLCon/MLCon_23/2_airflow/.venv/lib/python3.11/site-packages/airflow/example_dags/example_branch_python_dop_operator_3.py
[2023-06-22T14:29:52.213+0200] {processor.py:826} INFO - Processing file /Users/saumyagoyal/JupyterNotebook/MLCon/MLCon_23/2_airflow/.venv/lib/python3.11/site-packages/airflow/example_dags/example_branch_python_dop_operator_3.py for tasks to queue
[2023-06-22T14:29:52.213+0200] {logging_mixin.py:149} INFO - [2023-06-22T14:29:52.213+0200] {dagbag.py:541} INFO - Filling up the DagBag from /Users/saumyagoyal/JupyterNotebook/MLCon/MLCon_23/2_airflow/.venv/lib/python3.11/site-packages/airflow/example_dags/example_branch_python_dop_operator_3.py
[2023-06-22T14:29:52.247+0200] {processor.py:836} INFO - DAG(s) dict_keys(['example_branch_dop_operator_v3']) retrieved from /Users/saumyagoyal/JupyterNotebook/MLCon/MLCon_23/2_airflow/.venv/lib/python3.11/site-packages/airflow/example_dags/example_branch_python_dop_operator_3.py
[2023-06-22T14:29:52.871+0200] {logging_mixin.py:149} INFO - [2023-06-22T14:29:52.871+0200] {dag.py:2726} INFO - Sync 1 DAGs
[2023-06-22T14:29:52.885+0200] {logging_mixin.py:149} INFO - [2023-06-22T14:29:52.885+0200] {dag.py:3486} INFO - Setting next_dagrun for example_branch_dop_operator_v3 to 2023-06-22T12:28:00+00:00, run_after=2023-06-22T12:29:00+00:00
[2023-06-22T14:29:52.898+0200] {processor.py:179} INFO - Processing /Users/saumyagoyal/JupyterNotebook/MLCon/MLCon_23/2_airflow/.venv/lib/python3.11/site-packages/airflow/example_dags/example_branch_python_dop_operator_3.py took 0.688 seconds
[2023-06-22T14:32:21.975+0200] {processor.py:157} INFO - Started process (PID=84469) to work on /Users/saumyagoyal/JupyterNotebook/MLCon/MLCon_23/2_airflow/.venv/lib/python3.11/site-packages/airflow/example_dags/example_branch_python_dop_operator_3.py
[2023-06-22T14:32:21.978+0200] {processor.py:826} INFO - Processing file /Users/saumyagoyal/JupyterNotebook/MLCon/MLCon_23/2_airflow/.venv/lib/python3.11/site-packages/airflow/example_dags/example_branch_python_dop_operator_3.py for tasks to queue
[2023-06-22T14:32:21.978+0200] {logging_mixin.py:149} INFO - [2023-06-22T14:32:21.978+0200] {dagbag.py:541} INFO - Filling up the DagBag from /Users/saumyagoyal/JupyterNotebook/MLCon/MLCon_23/2_airflow/.venv/lib/python3.11/site-packages/airflow/example_dags/example_branch_python_dop_operator_3.py
[2023-06-22T14:32:22.021+0200] {processor.py:836} INFO - DAG(s) dict_keys(['example_branch_dop_operator_v3']) retrieved from /Users/saumyagoyal/JupyterNotebook/MLCon/MLCon_23/2_airflow/.venv/lib/python3.11/site-packages/airflow/example_dags/example_branch_python_dop_operator_3.py
[2023-06-22T14:32:22.699+0200] {logging_mixin.py:149} INFO - [2023-06-22T14:32:22.699+0200] {dag.py:2726} INFO - Sync 1 DAGs
[2023-06-22T14:32:22.713+0200] {logging_mixin.py:149} INFO - [2023-06-22T14:32:22.713+0200] {dag.py:3486} INFO - Setting next_dagrun for example_branch_dop_operator_v3 to 2023-06-22T12:31:00+00:00, run_after=2023-06-22T12:32:00+00:00
[2023-06-22T14:32:22.726+0200] {processor.py:179} INFO - Processing /Users/saumyagoyal/JupyterNotebook/MLCon/MLCon_23/2_airflow/.venv/lib/python3.11/site-packages/airflow/example_dags/example_branch_python_dop_operator_3.py took 0.752 seconds
[2023-06-22T14:35:16.182+0200] {processor.py:157} INFO - Started process (PID=84727) to work on /Users/saumyagoyal/JupyterNotebook/MLCon/MLCon_23/2_airflow/.venv/lib/python3.11/site-packages/airflow/example_dags/example_branch_python_dop_operator_3.py
[2023-06-22T14:35:16.185+0200] {processor.py:826} INFO - Processing file /Users/saumyagoyal/JupyterNotebook/MLCon/MLCon_23/2_airflow/.venv/lib/python3.11/site-packages/airflow/example_dags/example_branch_python_dop_operator_3.py for tasks to queue
[2023-06-22T14:35:16.186+0200] {logging_mixin.py:149} INFO - [2023-06-22T14:35:16.186+0200] {dagbag.py:541} INFO - Filling up the DagBag from /Users/saumyagoyal/JupyterNotebook/MLCon/MLCon_23/2_airflow/.venv/lib/python3.11/site-packages/airflow/example_dags/example_branch_python_dop_operator_3.py
[2023-06-22T14:35:16.237+0200] {processor.py:836} INFO - DAG(s) dict_keys(['example_branch_dop_operator_v3']) retrieved from /Users/saumyagoyal/JupyterNotebook/MLCon/MLCon_23/2_airflow/.venv/lib/python3.11/site-packages/airflow/example_dags/example_branch_python_dop_operator_3.py
[2023-06-22T14:35:17.108+0200] {logging_mixin.py:149} INFO - [2023-06-22T14:35:17.108+0200] {dag.py:2726} INFO - Sync 1 DAGs
[2023-06-22T14:35:17.128+0200] {logging_mixin.py:149} INFO - [2023-06-22T14:35:17.128+0200] {dag.py:3486} INFO - Setting next_dagrun for example_branch_dop_operator_v3 to 2023-06-22T12:34:00+00:00, run_after=2023-06-22T12:35:00+00:00
[2023-06-22T14:35:17.149+0200] {processor.py:179} INFO - Processing /Users/saumyagoyal/JupyterNotebook/MLCon/MLCon_23/2_airflow/.venv/lib/python3.11/site-packages/airflow/example_dags/example_branch_python_dop_operator_3.py took 0.967 seconds
[2023-06-22T14:38:15.207+0200] {processor.py:157} INFO - Started process (PID=85033) to work on /Users/saumyagoyal/JupyterNotebook/MLCon/MLCon_23/2_airflow/.venv/lib/python3.11/site-packages/airflow/example_dags/example_branch_python_dop_operator_3.py
[2023-06-22T14:38:15.211+0200] {processor.py:826} INFO - Processing file /Users/saumyagoyal/JupyterNotebook/MLCon/MLCon_23/2_airflow/.venv/lib/python3.11/site-packages/airflow/example_dags/example_branch_python_dop_operator_3.py for tasks to queue
[2023-06-22T14:38:15.211+0200] {logging_mixin.py:149} INFO - [2023-06-22T14:38:15.211+0200] {dagbag.py:541} INFO - Filling up the DagBag from /Users/saumyagoyal/JupyterNotebook/MLCon/MLCon_23/2_airflow/.venv/lib/python3.11/site-packages/airflow/example_dags/example_branch_python_dop_operator_3.py
[2023-06-22T14:38:15.246+0200] {processor.py:836} INFO - DAG(s) dict_keys(['example_branch_dop_operator_v3']) retrieved from /Users/saumyagoyal/JupyterNotebook/MLCon/MLCon_23/2_airflow/.venv/lib/python3.11/site-packages/airflow/example_dags/example_branch_python_dop_operator_3.py
[2023-06-22T14:38:15.850+0200] {logging_mixin.py:149} INFO - [2023-06-22T14:38:15.850+0200] {dag.py:2726} INFO - Sync 1 DAGs
[2023-06-22T14:38:15.863+0200] {logging_mixin.py:149} INFO - [2023-06-22T14:38:15.863+0200] {dag.py:3486} INFO - Setting next_dagrun for example_branch_dop_operator_v3 to 2023-06-22T12:37:00+00:00, run_after=2023-06-22T12:38:00+00:00
[2023-06-22T14:38:15.879+0200] {processor.py:179} INFO - Processing /Users/saumyagoyal/JupyterNotebook/MLCon/MLCon_23/2_airflow/.venv/lib/python3.11/site-packages/airflow/example_dags/example_branch_python_dop_operator_3.py took 0.673 seconds
[2023-06-22T14:41:14.647+0200] {processor.py:157} INFO - Started process (PID=85278) to work on /Users/saumyagoyal/JupyterNotebook/MLCon/MLCon_23/2_airflow/.venv/lib/python3.11/site-packages/airflow/example_dags/example_branch_python_dop_operator_3.py
[2023-06-22T14:41:14.650+0200] {processor.py:826} INFO - Processing file /Users/saumyagoyal/JupyterNotebook/MLCon/MLCon_23/2_airflow/.venv/lib/python3.11/site-packages/airflow/example_dags/example_branch_python_dop_operator_3.py for tasks to queue
[2023-06-22T14:41:14.650+0200] {logging_mixin.py:149} INFO - [2023-06-22T14:41:14.650+0200] {dagbag.py:541} INFO - Filling up the DagBag from /Users/saumyagoyal/JupyterNotebook/MLCon/MLCon_23/2_airflow/.venv/lib/python3.11/site-packages/airflow/example_dags/example_branch_python_dop_operator_3.py
[2023-06-22T14:41:14.682+0200] {processor.py:836} INFO - DAG(s) dict_keys(['example_branch_dop_operator_v3']) retrieved from /Users/saumyagoyal/JupyterNotebook/MLCon/MLCon_23/2_airflow/.venv/lib/python3.11/site-packages/airflow/example_dags/example_branch_python_dop_operator_3.py
[2023-06-22T14:41:15.278+0200] {logging_mixin.py:149} INFO - [2023-06-22T14:41:15.278+0200] {dag.py:2726} INFO - Sync 1 DAGs
[2023-06-22T14:41:15.290+0200] {logging_mixin.py:149} INFO - [2023-06-22T14:41:15.290+0200] {dag.py:3486} INFO - Setting next_dagrun for example_branch_dop_operator_v3 to 2023-06-22T12:40:00+00:00, run_after=2023-06-22T12:41:00+00:00
[2023-06-22T14:41:15.303+0200] {processor.py:179} INFO - Processing /Users/saumyagoyal/JupyterNotebook/MLCon/MLCon_23/2_airflow/.venv/lib/python3.11/site-packages/airflow/example_dags/example_branch_python_dop_operator_3.py took 0.656 seconds
[2023-06-22T14:44:04.047+0200] {processor.py:157} INFO - Started process (PID=85439) to work on /Users/saumyagoyal/JupyterNotebook/MLCon/MLCon_23/2_airflow/.venv/lib/python3.11/site-packages/airflow/example_dags/example_branch_python_dop_operator_3.py
[2023-06-22T14:44:04.050+0200] {processor.py:826} INFO - Processing file /Users/saumyagoyal/JupyterNotebook/MLCon/MLCon_23/2_airflow/.venv/lib/python3.11/site-packages/airflow/example_dags/example_branch_python_dop_operator_3.py for tasks to queue
[2023-06-22T14:44:04.051+0200] {logging_mixin.py:149} INFO - [2023-06-22T14:44:04.051+0200] {dagbag.py:541} INFO - Filling up the DagBag from /Users/saumyagoyal/JupyterNotebook/MLCon/MLCon_23/2_airflow/.venv/lib/python3.11/site-packages/airflow/example_dags/example_branch_python_dop_operator_3.py
[2023-06-22T14:44:04.087+0200] {processor.py:836} INFO - DAG(s) dict_keys(['example_branch_dop_operator_v3']) retrieved from /Users/saumyagoyal/JupyterNotebook/MLCon/MLCon_23/2_airflow/.venv/lib/python3.11/site-packages/airflow/example_dags/example_branch_python_dop_operator_3.py
[2023-06-22T14:44:04.747+0200] {logging_mixin.py:149} INFO - [2023-06-22T14:44:04.746+0200] {dag.py:2726} INFO - Sync 1 DAGs
[2023-06-22T14:44:04.760+0200] {logging_mixin.py:149} INFO - [2023-06-22T14:44:04.760+0200] {dag.py:3486} INFO - Setting next_dagrun for example_branch_dop_operator_v3 to 2023-06-22T12:43:00+00:00, run_after=2023-06-22T12:44:00+00:00
[2023-06-22T14:44:04.773+0200] {processor.py:179} INFO - Processing /Users/saumyagoyal/JupyterNotebook/MLCon/MLCon_23/2_airflow/.venv/lib/python3.11/site-packages/airflow/example_dags/example_branch_python_dop_operator_3.py took 0.727 seconds
