[2023-06-22T14:25:38.156+0200] {processor.py:157} INFO - Started process (PID=84236) to work on /Users/saumyagoyal/JupyterNotebook/MLCon/MLCon_23/2_airflow/.venv/lib/python3.11/site-packages/airflow/example_dags/tutorial_taskflow_api.py
[2023-06-22T14:25:38.158+0200] {processor.py:826} INFO - Processing file /Users/saumyagoyal/JupyterNotebook/MLCon/MLCon_23/2_airflow/.venv/lib/python3.11/site-packages/airflow/example_dags/tutorial_taskflow_api.py for tasks to queue
[2023-06-22T14:25:38.159+0200] {logging_mixin.py:149} INFO - [2023-06-22T14:25:38.159+0200] {dagbag.py:541} INFO - Filling up the DagBag from /Users/saumyagoyal/JupyterNotebook/MLCon/MLCon_23/2_airflow/.venv/lib/python3.11/site-packages/airflow/example_dags/tutorial_taskflow_api.py
[2023-06-22T14:25:38.192+0200] {processor.py:836} INFO - DAG(s) dict_keys(['tutorial_taskflow_api']) retrieved from /Users/saumyagoyal/JupyterNotebook/MLCon/MLCon_23/2_airflow/.venv/lib/python3.11/site-packages/airflow/example_dags/tutorial_taskflow_api.py
[2023-06-22T14:25:38.902+0200] {logging_mixin.py:149} INFO - [2023-06-22T14:25:38.902+0200] {manager.py:504} INFO - Created Permission View: can read on DAG:tutorial_taskflow_api
[2023-06-22T14:25:38.909+0200] {logging_mixin.py:149} INFO - [2023-06-22T14:25:38.909+0200] {manager.py:504} INFO - Created Permission View: can delete on DAG:tutorial_taskflow_api
[2023-06-22T14:25:38.932+0200] {logging_mixin.py:149} INFO - [2023-06-22T14:25:38.932+0200] {manager.py:504} INFO - Created Permission View: can edit on DAG:tutorial_taskflow_api
[2023-06-22T14:25:38.933+0200] {logging_mixin.py:149} INFO - [2023-06-22T14:25:38.932+0200] {dag.py:2726} INFO - Sync 1 DAGs
[2023-06-22T14:25:38.942+0200] {logging_mixin.py:149} INFO - [2023-06-22T14:25:38.941+0200] {dag.py:2747} INFO - Creating ORM DAG for tutorial_taskflow_api
[2023-06-22T14:25:38.947+0200] {logging_mixin.py:149} INFO - [2023-06-22T14:25:38.947+0200] {dag.py:3486} INFO - Setting next_dagrun for tutorial_taskflow_api to None, run_after=None
[2023-06-22T14:25:38.959+0200] {processor.py:179} INFO - Processing /Users/saumyagoyal/JupyterNotebook/MLCon/MLCon_23/2_airflow/.venv/lib/python3.11/site-packages/airflow/example_dags/tutorial_taskflow_api.py took 0.804 seconds
[2023-06-22T14:27:40.049+0200] {processor.py:157} INFO - Started process (PID=84315) to work on /Users/saumyagoyal/JupyterNotebook/MLCon/MLCon_23/2_airflow/.venv/lib/python3.11/site-packages/airflow/example_dags/tutorial_taskflow_api.py
[2023-06-22T14:27:40.052+0200] {processor.py:826} INFO - Processing file /Users/saumyagoyal/JupyterNotebook/MLCon/MLCon_23/2_airflow/.venv/lib/python3.11/site-packages/airflow/example_dags/tutorial_taskflow_api.py for tasks to queue
[2023-06-22T14:27:40.052+0200] {logging_mixin.py:149} INFO - [2023-06-22T14:27:40.052+0200] {dagbag.py:541} INFO - Filling up the DagBag from /Users/saumyagoyal/JupyterNotebook/MLCon/MLCon_23/2_airflow/.venv/lib/python3.11/site-packages/airflow/example_dags/tutorial_taskflow_api.py
[2023-06-22T14:27:40.087+0200] {processor.py:836} INFO - DAG(s) dict_keys(['tutorial_taskflow_api']) retrieved from /Users/saumyagoyal/JupyterNotebook/MLCon/MLCon_23/2_airflow/.venv/lib/python3.11/site-packages/airflow/example_dags/tutorial_taskflow_api.py
[2023-06-22T14:27:40.820+0200] {logging_mixin.py:149} INFO - [2023-06-22T14:27:40.820+0200] {dag.py:2726} INFO - Sync 1 DAGs
[2023-06-22T14:27:40.831+0200] {logging_mixin.py:149} INFO - [2023-06-22T14:27:40.831+0200] {dag.py:3486} INFO - Setting next_dagrun for tutorial_taskflow_api to None, run_after=None
[2023-06-22T14:27:40.848+0200] {processor.py:179} INFO - Processing /Users/saumyagoyal/JupyterNotebook/MLCon/MLCon_23/2_airflow/.venv/lib/python3.11/site-packages/airflow/example_dags/tutorial_taskflow_api.py took 0.799 seconds
[2023-06-22T14:29:04.943+0200] {processor.py:157} INFO - Started process (PID=84361) to work on /Users/saumyagoyal/JupyterNotebook/MLCon/MLCon_23/2_airflow/.venv/lib/python3.11/site-packages/airflow/example_dags/tutorial_taskflow_api.py
[2023-06-22T14:29:04.945+0200] {processor.py:826} INFO - Processing file /Users/saumyagoyal/JupyterNotebook/MLCon/MLCon_23/2_airflow/.venv/lib/python3.11/site-packages/airflow/example_dags/tutorial_taskflow_api.py for tasks to queue
[2023-06-22T14:29:04.946+0200] {logging_mixin.py:149} INFO - [2023-06-22T14:29:04.946+0200] {dagbag.py:541} INFO - Filling up the DagBag from /Users/saumyagoyal/JupyterNotebook/MLCon/MLCon_23/2_airflow/.venv/lib/python3.11/site-packages/airflow/example_dags/tutorial_taskflow_api.py
[2023-06-22T14:29:04.978+0200] {processor.py:836} INFO - DAG(s) dict_keys(['tutorial_taskflow_api']) retrieved from /Users/saumyagoyal/JupyterNotebook/MLCon/MLCon_23/2_airflow/.venv/lib/python3.11/site-packages/airflow/example_dags/tutorial_taskflow_api.py
[2023-06-22T14:29:05.597+0200] {logging_mixin.py:149} INFO - [2023-06-22T14:29:05.597+0200] {dag.py:2726} INFO - Sync 1 DAGs
[2023-06-22T14:29:05.607+0200] {logging_mixin.py:149} INFO - [2023-06-22T14:29:05.607+0200] {dag.py:3486} INFO - Setting next_dagrun for tutorial_taskflow_api to None, run_after=None
[2023-06-22T14:29:05.619+0200] {processor.py:179} INFO - Processing /Users/saumyagoyal/JupyterNotebook/MLCon/MLCon_23/2_airflow/.venv/lib/python3.11/site-packages/airflow/example_dags/tutorial_taskflow_api.py took 0.677 seconds
[2023-06-22T14:30:20.677+0200] {processor.py:157} INFO - Started process (PID=84401) to work on /Users/saumyagoyal/JupyterNotebook/MLCon/MLCon_23/2_airflow/.venv/lib/python3.11/site-packages/airflow/example_dags/tutorial_taskflow_api.py
[2023-06-22T14:30:20.679+0200] {processor.py:826} INFO - Processing file /Users/saumyagoyal/JupyterNotebook/MLCon/MLCon_23/2_airflow/.venv/lib/python3.11/site-packages/airflow/example_dags/tutorial_taskflow_api.py for tasks to queue
[2023-06-22T14:30:20.679+0200] {logging_mixin.py:149} INFO - [2023-06-22T14:30:20.679+0200] {dagbag.py:541} INFO - Filling up the DagBag from /Users/saumyagoyal/JupyterNotebook/MLCon/MLCon_23/2_airflow/.venv/lib/python3.11/site-packages/airflow/example_dags/tutorial_taskflow_api.py
[2023-06-22T14:30:20.712+0200] {processor.py:836} INFO - DAG(s) dict_keys(['tutorial_taskflow_api']) retrieved from /Users/saumyagoyal/JupyterNotebook/MLCon/MLCon_23/2_airflow/.venv/lib/python3.11/site-packages/airflow/example_dags/tutorial_taskflow_api.py
[2023-06-22T14:30:21.326+0200] {logging_mixin.py:149} INFO - [2023-06-22T14:30:21.325+0200] {dag.py:2726} INFO - Sync 1 DAGs
[2023-06-22T14:30:21.337+0200] {logging_mixin.py:149} INFO - [2023-06-22T14:30:21.336+0200] {dag.py:3486} INFO - Setting next_dagrun for tutorial_taskflow_api to None, run_after=None
[2023-06-22T14:30:21.353+0200] {processor.py:179} INFO - Processing /Users/saumyagoyal/JupyterNotebook/MLCon/MLCon_23/2_airflow/.venv/lib/python3.11/site-packages/airflow/example_dags/tutorial_taskflow_api.py took 0.676 seconds
[2023-06-22T14:31:34.267+0200] {processor.py:157} INFO - Started process (PID=84444) to work on /Users/saumyagoyal/JupyterNotebook/MLCon/MLCon_23/2_airflow/.venv/lib/python3.11/site-packages/airflow/example_dags/tutorial_taskflow_api.py
[2023-06-22T14:31:34.269+0200] {processor.py:826} INFO - Processing file /Users/saumyagoyal/JupyterNotebook/MLCon/MLCon_23/2_airflow/.venv/lib/python3.11/site-packages/airflow/example_dags/tutorial_taskflow_api.py for tasks to queue
[2023-06-22T14:31:34.269+0200] {logging_mixin.py:149} INFO - [2023-06-22T14:31:34.269+0200] {dagbag.py:541} INFO - Filling up the DagBag from /Users/saumyagoyal/JupyterNotebook/MLCon/MLCon_23/2_airflow/.venv/lib/python3.11/site-packages/airflow/example_dags/tutorial_taskflow_api.py
[2023-06-22T14:31:34.302+0200] {processor.py:836} INFO - DAG(s) dict_keys(['tutorial_taskflow_api']) retrieved from /Users/saumyagoyal/JupyterNotebook/MLCon/MLCon_23/2_airflow/.venv/lib/python3.11/site-packages/airflow/example_dags/tutorial_taskflow_api.py
[2023-06-22T14:31:34.937+0200] {logging_mixin.py:149} INFO - [2023-06-22T14:31:34.937+0200] {dag.py:2726} INFO - Sync 1 DAGs
[2023-06-22T14:31:34.947+0200] {logging_mixin.py:149} INFO - [2023-06-22T14:31:34.947+0200] {dag.py:3486} INFO - Setting next_dagrun for tutorial_taskflow_api to None, run_after=None
[2023-06-22T14:31:34.960+0200] {processor.py:179} INFO - Processing /Users/saumyagoyal/JupyterNotebook/MLCon/MLCon_23/2_airflow/.venv/lib/python3.11/site-packages/airflow/example_dags/tutorial_taskflow_api.py took 0.693 seconds
[2023-06-22T14:32:53.092+0200] {processor.py:157} INFO - Started process (PID=84533) to work on /Users/saumyagoyal/JupyterNotebook/MLCon/MLCon_23/2_airflow/.venv/lib/python3.11/site-packages/airflow/example_dags/tutorial_taskflow_api.py
[2023-06-22T14:32:53.094+0200] {processor.py:826} INFO - Processing file /Users/saumyagoyal/JupyterNotebook/MLCon/MLCon_23/2_airflow/.venv/lib/python3.11/site-packages/airflow/example_dags/tutorial_taskflow_api.py for tasks to queue
[2023-06-22T14:32:53.094+0200] {logging_mixin.py:149} INFO - [2023-06-22T14:32:53.094+0200] {dagbag.py:541} INFO - Filling up the DagBag from /Users/saumyagoyal/JupyterNotebook/MLCon/MLCon_23/2_airflow/.venv/lib/python3.11/site-packages/airflow/example_dags/tutorial_taskflow_api.py
[2023-06-22T14:32:53.127+0200] {processor.py:836} INFO - DAG(s) dict_keys(['tutorial_taskflow_api']) retrieved from /Users/saumyagoyal/JupyterNotebook/MLCon/MLCon_23/2_airflow/.venv/lib/python3.11/site-packages/airflow/example_dags/tutorial_taskflow_api.py
[2023-06-22T14:32:53.757+0200] {logging_mixin.py:149} INFO - [2023-06-22T14:32:53.757+0200] {dag.py:2726} INFO - Sync 1 DAGs
[2023-06-22T14:32:53.768+0200] {logging_mixin.py:149} INFO - [2023-06-22T14:32:53.768+0200] {dag.py:3486} INFO - Setting next_dagrun for tutorial_taskflow_api to None, run_after=None
[2023-06-22T14:32:53.781+0200] {processor.py:179} INFO - Processing /Users/saumyagoyal/JupyterNotebook/MLCon/MLCon_23/2_airflow/.venv/lib/python3.11/site-packages/airflow/example_dags/tutorial_taskflow_api.py took 0.689 seconds
[2023-06-22T14:34:16.045+0200] {processor.py:157} INFO - Started process (PID=84684) to work on /Users/saumyagoyal/JupyterNotebook/MLCon/MLCon_23/2_airflow/.venv/lib/python3.11/site-packages/airflow/example_dags/tutorial_taskflow_api.py
[2023-06-22T14:34:16.047+0200] {processor.py:826} INFO - Processing file /Users/saumyagoyal/JupyterNotebook/MLCon/MLCon_23/2_airflow/.venv/lib/python3.11/site-packages/airflow/example_dags/tutorial_taskflow_api.py for tasks to queue
[2023-06-22T14:34:16.048+0200] {logging_mixin.py:149} INFO - [2023-06-22T14:34:16.047+0200] {dagbag.py:541} INFO - Filling up the DagBag from /Users/saumyagoyal/JupyterNotebook/MLCon/MLCon_23/2_airflow/.venv/lib/python3.11/site-packages/airflow/example_dags/tutorial_taskflow_api.py
[2023-06-22T14:34:16.080+0200] {processor.py:836} INFO - DAG(s) dict_keys(['tutorial_taskflow_api']) retrieved from /Users/saumyagoyal/JupyterNotebook/MLCon/MLCon_23/2_airflow/.venv/lib/python3.11/site-packages/airflow/example_dags/tutorial_taskflow_api.py
[2023-06-22T14:34:16.693+0200] {logging_mixin.py:149} INFO - [2023-06-22T14:34:16.693+0200] {dag.py:2726} INFO - Sync 1 DAGs
[2023-06-22T14:34:16.703+0200] {logging_mixin.py:149} INFO - [2023-06-22T14:34:16.703+0200] {dag.py:3486} INFO - Setting next_dagrun for tutorial_taskflow_api to None, run_after=None
[2023-06-22T14:34:16.715+0200] {processor.py:179} INFO - Processing /Users/saumyagoyal/JupyterNotebook/MLCon/MLCon_23/2_airflow/.venv/lib/python3.11/site-packages/airflow/example_dags/tutorial_taskflow_api.py took 0.671 seconds
[2023-06-22T14:35:48.372+0200] {processor.py:157} INFO - Started process (PID=84754) to work on /Users/saumyagoyal/JupyterNotebook/MLCon/MLCon_23/2_airflow/.venv/lib/python3.11/site-packages/airflow/example_dags/tutorial_taskflow_api.py
[2023-06-22T14:35:48.375+0200] {processor.py:826} INFO - Processing file /Users/saumyagoyal/JupyterNotebook/MLCon/MLCon_23/2_airflow/.venv/lib/python3.11/site-packages/airflow/example_dags/tutorial_taskflow_api.py for tasks to queue
[2023-06-22T14:35:48.375+0200] {logging_mixin.py:149} INFO - [2023-06-22T14:35:48.375+0200] {dagbag.py:541} INFO - Filling up the DagBag from /Users/saumyagoyal/JupyterNotebook/MLCon/MLCon_23/2_airflow/.venv/lib/python3.11/site-packages/airflow/example_dags/tutorial_taskflow_api.py
[2023-06-22T14:35:48.414+0200] {processor.py:836} INFO - DAG(s) dict_keys(['tutorial_taskflow_api']) retrieved from /Users/saumyagoyal/JupyterNotebook/MLCon/MLCon_23/2_airflow/.venv/lib/python3.11/site-packages/airflow/example_dags/tutorial_taskflow_api.py
[2023-06-22T14:35:49.092+0200] {logging_mixin.py:149} INFO - [2023-06-22T14:35:49.092+0200] {dag.py:2726} INFO - Sync 1 DAGs
[2023-06-22T14:35:49.102+0200] {logging_mixin.py:149} INFO - [2023-06-22T14:35:49.102+0200] {dag.py:3486} INFO - Setting next_dagrun for tutorial_taskflow_api to None, run_after=None
[2023-06-22T14:35:49.113+0200] {processor.py:179} INFO - Processing /Users/saumyagoyal/JupyterNotebook/MLCon/MLCon_23/2_airflow/.venv/lib/python3.11/site-packages/airflow/example_dags/tutorial_taskflow_api.py took 0.742 seconds
[2023-06-22T14:37:19.117+0200] {processor.py:157} INFO - Started process (PID=84955) to work on /Users/saumyagoyal/JupyterNotebook/MLCon/MLCon_23/2_airflow/.venv/lib/python3.11/site-packages/airflow/example_dags/tutorial_taskflow_api.py
[2023-06-22T14:37:19.121+0200] {processor.py:826} INFO - Processing file /Users/saumyagoyal/JupyterNotebook/MLCon/MLCon_23/2_airflow/.venv/lib/python3.11/site-packages/airflow/example_dags/tutorial_taskflow_api.py for tasks to queue
[2023-06-22T14:37:19.121+0200] {logging_mixin.py:149} INFO - [2023-06-22T14:37:19.121+0200] {dagbag.py:541} INFO - Filling up the DagBag from /Users/saumyagoyal/JupyterNotebook/MLCon/MLCon_23/2_airflow/.venv/lib/python3.11/site-packages/airflow/example_dags/tutorial_taskflow_api.py
[2023-06-22T14:37:19.154+0200] {processor.py:836} INFO - DAG(s) dict_keys(['tutorial_taskflow_api']) retrieved from /Users/saumyagoyal/JupyterNotebook/MLCon/MLCon_23/2_airflow/.venv/lib/python3.11/site-packages/airflow/example_dags/tutorial_taskflow_api.py
[2023-06-22T14:37:19.774+0200] {logging_mixin.py:149} INFO - [2023-06-22T14:37:19.774+0200] {dag.py:2726} INFO - Sync 1 DAGs
[2023-06-22T14:37:19.784+0200] {logging_mixin.py:149} INFO - [2023-06-22T14:37:19.784+0200] {dag.py:3486} INFO - Setting next_dagrun for tutorial_taskflow_api to None, run_after=None
[2023-06-22T14:37:19.800+0200] {processor.py:179} INFO - Processing /Users/saumyagoyal/JupyterNotebook/MLCon/MLCon_23/2_airflow/.venv/lib/python3.11/site-packages/airflow/example_dags/tutorial_taskflow_api.py took 0.683 seconds
[2023-06-22T14:38:46.918+0200] {processor.py:157} INFO - Started process (PID=85055) to work on /Users/saumyagoyal/JupyterNotebook/MLCon/MLCon_23/2_airflow/.venv/lib/python3.11/site-packages/airflow/example_dags/tutorial_taskflow_api.py
[2023-06-22T14:38:46.920+0200] {processor.py:826} INFO - Processing file /Users/saumyagoyal/JupyterNotebook/MLCon/MLCon_23/2_airflow/.venv/lib/python3.11/site-packages/airflow/example_dags/tutorial_taskflow_api.py for tasks to queue
[2023-06-22T14:38:46.920+0200] {logging_mixin.py:149} INFO - [2023-06-22T14:38:46.920+0200] {dagbag.py:541} INFO - Filling up the DagBag from /Users/saumyagoyal/JupyterNotebook/MLCon/MLCon_23/2_airflow/.venv/lib/python3.11/site-packages/airflow/example_dags/tutorial_taskflow_api.py
[2023-06-22T14:38:46.961+0200] {processor.py:836} INFO - DAG(s) dict_keys(['tutorial_taskflow_api']) retrieved from /Users/saumyagoyal/JupyterNotebook/MLCon/MLCon_23/2_airflow/.venv/lib/python3.11/site-packages/airflow/example_dags/tutorial_taskflow_api.py
[2023-06-22T14:38:47.600+0200] {logging_mixin.py:149} INFO - [2023-06-22T14:38:47.600+0200] {dag.py:2726} INFO - Sync 1 DAGs
[2023-06-22T14:38:47.611+0200] {logging_mixin.py:149} INFO - [2023-06-22T14:38:47.611+0200] {dag.py:3486} INFO - Setting next_dagrun for tutorial_taskflow_api to None, run_after=None
[2023-06-22T14:38:47.625+0200] {processor.py:179} INFO - Processing /Users/saumyagoyal/JupyterNotebook/MLCon/MLCon_23/2_airflow/.venv/lib/python3.11/site-packages/airflow/example_dags/tutorial_taskflow_api.py took 0.708 seconds
[2023-06-22T14:40:16.826+0200] {processor.py:157} INFO - Started process (PID=85198) to work on /Users/saumyagoyal/JupyterNotebook/MLCon/MLCon_23/2_airflow/.venv/lib/python3.11/site-packages/airflow/example_dags/tutorial_taskflow_api.py
[2023-06-22T14:40:16.828+0200] {processor.py:826} INFO - Processing file /Users/saumyagoyal/JupyterNotebook/MLCon/MLCon_23/2_airflow/.venv/lib/python3.11/site-packages/airflow/example_dags/tutorial_taskflow_api.py for tasks to queue
[2023-06-22T14:40:16.829+0200] {logging_mixin.py:149} INFO - [2023-06-22T14:40:16.828+0200] {dagbag.py:541} INFO - Filling up the DagBag from /Users/saumyagoyal/JupyterNotebook/MLCon/MLCon_23/2_airflow/.venv/lib/python3.11/site-packages/airflow/example_dags/tutorial_taskflow_api.py
[2023-06-22T14:40:16.861+0200] {processor.py:836} INFO - DAG(s) dict_keys(['tutorial_taskflow_api']) retrieved from /Users/saumyagoyal/JupyterNotebook/MLCon/MLCon_23/2_airflow/.venv/lib/python3.11/site-packages/airflow/example_dags/tutorial_taskflow_api.py
[2023-06-22T14:40:17.542+0200] {logging_mixin.py:149} INFO - [2023-06-22T14:40:17.542+0200] {dag.py:2726} INFO - Sync 1 DAGs
[2023-06-22T14:40:17.557+0200] {logging_mixin.py:149} INFO - [2023-06-22T14:40:17.557+0200] {dag.py:3486} INFO - Setting next_dagrun for tutorial_taskflow_api to None, run_after=None
[2023-06-22T14:40:17.573+0200] {processor.py:179} INFO - Processing /Users/saumyagoyal/JupyterNotebook/MLCon/MLCon_23/2_airflow/.venv/lib/python3.11/site-packages/airflow/example_dags/tutorial_taskflow_api.py took 0.747 seconds
[2023-06-22T14:41:44.504+0200] {processor.py:157} INFO - Started process (PID=85312) to work on /Users/saumyagoyal/JupyterNotebook/MLCon/MLCon_23/2_airflow/.venv/lib/python3.11/site-packages/airflow/example_dags/tutorial_taskflow_api.py
[2023-06-22T14:41:44.507+0200] {processor.py:826} INFO - Processing file /Users/saumyagoyal/JupyterNotebook/MLCon/MLCon_23/2_airflow/.venv/lib/python3.11/site-packages/airflow/example_dags/tutorial_taskflow_api.py for tasks to queue
[2023-06-22T14:41:44.507+0200] {logging_mixin.py:149} INFO - [2023-06-22T14:41:44.507+0200] {dagbag.py:541} INFO - Filling up the DagBag from /Users/saumyagoyal/JupyterNotebook/MLCon/MLCon_23/2_airflow/.venv/lib/python3.11/site-packages/airflow/example_dags/tutorial_taskflow_api.py
[2023-06-22T14:41:44.539+0200] {processor.py:836} INFO - DAG(s) dict_keys(['tutorial_taskflow_api']) retrieved from /Users/saumyagoyal/JupyterNotebook/MLCon/MLCon_23/2_airflow/.venv/lib/python3.11/site-packages/airflow/example_dags/tutorial_taskflow_api.py
[2023-06-22T14:41:45.166+0200] {logging_mixin.py:149} INFO - [2023-06-22T14:41:45.166+0200] {dag.py:2726} INFO - Sync 1 DAGs
[2023-06-22T14:41:45.176+0200] {logging_mixin.py:149} INFO - [2023-06-22T14:41:45.176+0200] {dag.py:3486} INFO - Setting next_dagrun for tutorial_taskflow_api to None, run_after=None
[2023-06-22T14:41:45.192+0200] {processor.py:179} INFO - Processing /Users/saumyagoyal/JupyterNotebook/MLCon/MLCon_23/2_airflow/.venv/lib/python3.11/site-packages/airflow/example_dags/tutorial_taskflow_api.py took 0.688 seconds
[2023-06-22T14:43:10.947+0200] {processor.py:157} INFO - Started process (PID=85412) to work on /Users/saumyagoyal/JupyterNotebook/MLCon/MLCon_23/2_airflow/.venv/lib/python3.11/site-packages/airflow/example_dags/tutorial_taskflow_api.py
[2023-06-22T14:43:10.949+0200] {processor.py:826} INFO - Processing file /Users/saumyagoyal/JupyterNotebook/MLCon/MLCon_23/2_airflow/.venv/lib/python3.11/site-packages/airflow/example_dags/tutorial_taskflow_api.py for tasks to queue
[2023-06-22T14:43:10.950+0200] {logging_mixin.py:149} INFO - [2023-06-22T14:43:10.950+0200] {dagbag.py:541} INFO - Filling up the DagBag from /Users/saumyagoyal/JupyterNotebook/MLCon/MLCon_23/2_airflow/.venv/lib/python3.11/site-packages/airflow/example_dags/tutorial_taskflow_api.py
[2023-06-22T14:43:10.982+0200] {processor.py:836} INFO - DAG(s) dict_keys(['tutorial_taskflow_api']) retrieved from /Users/saumyagoyal/JupyterNotebook/MLCon/MLCon_23/2_airflow/.venv/lib/python3.11/site-packages/airflow/example_dags/tutorial_taskflow_api.py
[2023-06-22T14:43:11.601+0200] {logging_mixin.py:149} INFO - [2023-06-22T14:43:11.601+0200] {dag.py:2726} INFO - Sync 1 DAGs
[2023-06-22T14:43:11.614+0200] {logging_mixin.py:149} INFO - [2023-06-22T14:43:11.613+0200] {dag.py:3486} INFO - Setting next_dagrun for tutorial_taskflow_api to None, run_after=None
[2023-06-22T14:43:11.627+0200] {processor.py:179} INFO - Processing /Users/saumyagoyal/JupyterNotebook/MLCon/MLCon_23/2_airflow/.venv/lib/python3.11/site-packages/airflow/example_dags/tutorial_taskflow_api.py took 0.680 seconds
[2023-06-22T14:44:35.872+0200] {processor.py:157} INFO - Started process (PID=85462) to work on /Users/saumyagoyal/JupyterNotebook/MLCon/MLCon_23/2_airflow/.venv/lib/python3.11/site-packages/airflow/example_dags/tutorial_taskflow_api.py
[2023-06-22T14:44:35.874+0200] {processor.py:826} INFO - Processing file /Users/saumyagoyal/JupyterNotebook/MLCon/MLCon_23/2_airflow/.venv/lib/python3.11/site-packages/airflow/example_dags/tutorial_taskflow_api.py for tasks to queue
[2023-06-22T14:44:35.875+0200] {logging_mixin.py:149} INFO - [2023-06-22T14:44:35.875+0200] {dagbag.py:541} INFO - Filling up the DagBag from /Users/saumyagoyal/JupyterNotebook/MLCon/MLCon_23/2_airflow/.venv/lib/python3.11/site-packages/airflow/example_dags/tutorial_taskflow_api.py
[2023-06-22T14:44:35.911+0200] {processor.py:836} INFO - DAG(s) dict_keys(['tutorial_taskflow_api']) retrieved from /Users/saumyagoyal/JupyterNotebook/MLCon/MLCon_23/2_airflow/.venv/lib/python3.11/site-packages/airflow/example_dags/tutorial_taskflow_api.py
[2023-06-22T14:44:36.524+0200] {logging_mixin.py:149} INFO - [2023-06-22T14:44:36.524+0200] {dag.py:2726} INFO - Sync 1 DAGs
[2023-06-22T14:44:36.534+0200] {logging_mixin.py:149} INFO - [2023-06-22T14:44:36.534+0200] {dag.py:3486} INFO - Setting next_dagrun for tutorial_taskflow_api to None, run_after=None
[2023-06-22T14:44:36.544+0200] {processor.py:179} INFO - Processing /Users/saumyagoyal/JupyterNotebook/MLCon/MLCon_23/2_airflow/.venv/lib/python3.11/site-packages/airflow/example_dags/tutorial_taskflow_api.py took 0.673 seconds
