[2023-06-22T14:25:40.985+0200] {processor.py:157} INFO - Started process (PID=84237) to work on /Users/saumyagoyal/JupyterNotebook/MLCon/MLCon_23/2_airflow/.venv/lib/python3.11/site-packages/airflow/example_dags/tutorial_dag.py
[2023-06-22T14:25:40.987+0200] {processor.py:826} INFO - Processing file /Users/saumyagoyal/JupyterNotebook/MLCon/MLCon_23/2_airflow/.venv/lib/python3.11/site-packages/airflow/example_dags/tutorial_dag.py for tasks to queue
[2023-06-22T14:25:40.988+0200] {logging_mixin.py:149} INFO - [2023-06-22T14:25:40.988+0200] {dagbag.py:541} INFO - Filling up the DagBag from /Users/saumyagoyal/JupyterNotebook/MLCon/MLCon_23/2_airflow/.venv/lib/python3.11/site-packages/airflow/example_dags/tutorial_dag.py
[2023-06-22T14:25:41.013+0200] {processor.py:836} INFO - DAG(s) dict_keys(['tutorial_dag']) retrieved from /Users/saumyagoyal/JupyterNotebook/MLCon/MLCon_23/2_airflow/.venv/lib/python3.11/site-packages/airflow/example_dags/tutorial_dag.py
[2023-06-22T14:25:41.748+0200] {logging_mixin.py:149} INFO - [2023-06-22T14:25:41.748+0200] {manager.py:504} INFO - Created Permission View: can edit on DAG:tutorial_dag
[2023-06-22T14:25:41.753+0200] {logging_mixin.py:149} INFO - [2023-06-22T14:25:41.753+0200] {manager.py:504} INFO - Created Permission View: can delete on DAG:tutorial_dag
[2023-06-22T14:25:41.758+0200] {logging_mixin.py:149} INFO - [2023-06-22T14:25:41.757+0200] {manager.py:504} INFO - Created Permission View: can read on DAG:tutorial_dag
[2023-06-22T14:25:41.758+0200] {logging_mixin.py:149} INFO - [2023-06-22T14:25:41.758+0200] {dag.py:2726} INFO - Sync 1 DAGs
[2023-06-22T14:25:41.765+0200] {logging_mixin.py:149} INFO - [2023-06-22T14:25:41.765+0200] {dag.py:2747} INFO - Creating ORM DAG for tutorial_dag
[2023-06-22T14:25:41.770+0200] {logging_mixin.py:149} INFO - [2023-06-22T14:25:41.770+0200] {dag.py:3486} INFO - Setting next_dagrun for tutorial_dag to None, run_after=None
[2023-06-22T14:25:41.781+0200] {processor.py:179} INFO - Processing /Users/saumyagoyal/JupyterNotebook/MLCon/MLCon_23/2_airflow/.venv/lib/python3.11/site-packages/airflow/example_dags/tutorial_dag.py took 0.796 seconds
[2023-06-22T14:27:42.843+0200] {processor.py:157} INFO - Started process (PID=84316) to work on /Users/saumyagoyal/JupyterNotebook/MLCon/MLCon_23/2_airflow/.venv/lib/python3.11/site-packages/airflow/example_dags/tutorial_dag.py
[2023-06-22T14:27:42.858+0200] {processor.py:826} INFO - Processing file /Users/saumyagoyal/JupyterNotebook/MLCon/MLCon_23/2_airflow/.venv/lib/python3.11/site-packages/airflow/example_dags/tutorial_dag.py for tasks to queue
[2023-06-22T14:27:42.859+0200] {logging_mixin.py:149} INFO - [2023-06-22T14:27:42.859+0200] {dagbag.py:541} INFO - Filling up the DagBag from /Users/saumyagoyal/JupyterNotebook/MLCon/MLCon_23/2_airflow/.venv/lib/python3.11/site-packages/airflow/example_dags/tutorial_dag.py
[2023-06-22T14:27:42.887+0200] {processor.py:836} INFO - DAG(s) dict_keys(['tutorial_dag']) retrieved from /Users/saumyagoyal/JupyterNotebook/MLCon/MLCon_23/2_airflow/.venv/lib/python3.11/site-packages/airflow/example_dags/tutorial_dag.py
[2023-06-22T14:27:43.576+0200] {logging_mixin.py:149} INFO - [2023-06-22T14:27:43.575+0200] {dag.py:2726} INFO - Sync 1 DAGs
[2023-06-22T14:27:43.586+0200] {logging_mixin.py:149} INFO - [2023-06-22T14:27:43.586+0200] {dag.py:3486} INFO - Setting next_dagrun for tutorial_dag to None, run_after=None
[2023-06-22T14:27:43.603+0200] {processor.py:179} INFO - Processing /Users/saumyagoyal/JupyterNotebook/MLCon/MLCon_23/2_airflow/.venv/lib/python3.11/site-packages/airflow/example_dags/tutorial_dag.py took 0.760 seconds
[2023-06-22T14:29:07.537+0200] {processor.py:157} INFO - Started process (PID=84362) to work on /Users/saumyagoyal/JupyterNotebook/MLCon/MLCon_23/2_airflow/.venv/lib/python3.11/site-packages/airflow/example_dags/tutorial_dag.py
[2023-06-22T14:29:07.539+0200] {processor.py:826} INFO - Processing file /Users/saumyagoyal/JupyterNotebook/MLCon/MLCon_23/2_airflow/.venv/lib/python3.11/site-packages/airflow/example_dags/tutorial_dag.py for tasks to queue
[2023-06-22T14:29:07.540+0200] {logging_mixin.py:149} INFO - [2023-06-22T14:29:07.540+0200] {dagbag.py:541} INFO - Filling up the DagBag from /Users/saumyagoyal/JupyterNotebook/MLCon/MLCon_23/2_airflow/.venv/lib/python3.11/site-packages/airflow/example_dags/tutorial_dag.py
[2023-06-22T14:29:07.560+0200] {processor.py:836} INFO - DAG(s) dict_keys(['tutorial_dag']) retrieved from /Users/saumyagoyal/JupyterNotebook/MLCon/MLCon_23/2_airflow/.venv/lib/python3.11/site-packages/airflow/example_dags/tutorial_dag.py
[2023-06-22T14:29:08.182+0200] {logging_mixin.py:149} INFO - [2023-06-22T14:29:08.181+0200] {dag.py:2726} INFO - Sync 1 DAGs
[2023-06-22T14:29:08.192+0200] {logging_mixin.py:149} INFO - [2023-06-22T14:29:08.192+0200] {dag.py:3486} INFO - Setting next_dagrun for tutorial_dag to None, run_after=None
[2023-06-22T14:29:08.204+0200] {processor.py:179} INFO - Processing /Users/saumyagoyal/JupyterNotebook/MLCon/MLCon_23/2_airflow/.venv/lib/python3.11/site-packages/airflow/example_dags/tutorial_dag.py took 0.667 seconds
[2023-06-22T14:30:23.280+0200] {processor.py:157} INFO - Started process (PID=84402) to work on /Users/saumyagoyal/JupyterNotebook/MLCon/MLCon_23/2_airflow/.venv/lib/python3.11/site-packages/airflow/example_dags/tutorial_dag.py
[2023-06-22T14:30:23.282+0200] {processor.py:826} INFO - Processing file /Users/saumyagoyal/JupyterNotebook/MLCon/MLCon_23/2_airflow/.venv/lib/python3.11/site-packages/airflow/example_dags/tutorial_dag.py for tasks to queue
[2023-06-22T14:30:23.282+0200] {logging_mixin.py:149} INFO - [2023-06-22T14:30:23.282+0200] {dagbag.py:541} INFO - Filling up the DagBag from /Users/saumyagoyal/JupyterNotebook/MLCon/MLCon_23/2_airflow/.venv/lib/python3.11/site-packages/airflow/example_dags/tutorial_dag.py
[2023-06-22T14:30:23.304+0200] {processor.py:836} INFO - DAG(s) dict_keys(['tutorial_dag']) retrieved from /Users/saumyagoyal/JupyterNotebook/MLCon/MLCon_23/2_airflow/.venv/lib/python3.11/site-packages/airflow/example_dags/tutorial_dag.py
[2023-06-22T14:30:23.930+0200] {logging_mixin.py:149} INFO - [2023-06-22T14:30:23.930+0200] {dag.py:2726} INFO - Sync 1 DAGs
[2023-06-22T14:30:23.941+0200] {logging_mixin.py:149} INFO - [2023-06-22T14:30:23.941+0200] {dag.py:3486} INFO - Setting next_dagrun for tutorial_dag to None, run_after=None
[2023-06-22T14:30:23.952+0200] {processor.py:179} INFO - Processing /Users/saumyagoyal/JupyterNotebook/MLCon/MLCon_23/2_airflow/.venv/lib/python3.11/site-packages/airflow/example_dags/tutorial_dag.py took 0.673 seconds
[2023-06-22T14:31:36.891+0200] {processor.py:157} INFO - Started process (PID=84446) to work on /Users/saumyagoyal/JupyterNotebook/MLCon/MLCon_23/2_airflow/.venv/lib/python3.11/site-packages/airflow/example_dags/tutorial_dag.py
[2023-06-22T14:31:36.893+0200] {processor.py:826} INFO - Processing file /Users/saumyagoyal/JupyterNotebook/MLCon/MLCon_23/2_airflow/.venv/lib/python3.11/site-packages/airflow/example_dags/tutorial_dag.py for tasks to queue
[2023-06-22T14:31:36.894+0200] {logging_mixin.py:149} INFO - [2023-06-22T14:31:36.894+0200] {dagbag.py:541} INFO - Filling up the DagBag from /Users/saumyagoyal/JupyterNotebook/MLCon/MLCon_23/2_airflow/.venv/lib/python3.11/site-packages/airflow/example_dags/tutorial_dag.py
[2023-06-22T14:31:36.915+0200] {processor.py:836} INFO - DAG(s) dict_keys(['tutorial_dag']) retrieved from /Users/saumyagoyal/JupyterNotebook/MLCon/MLCon_23/2_airflow/.venv/lib/python3.11/site-packages/airflow/example_dags/tutorial_dag.py
[2023-06-22T14:31:37.544+0200] {logging_mixin.py:149} INFO - [2023-06-22T14:31:37.544+0200] {dag.py:2726} INFO - Sync 1 DAGs
[2023-06-22T14:31:37.555+0200] {logging_mixin.py:149} INFO - [2023-06-22T14:31:37.555+0200] {dag.py:3486} INFO - Setting next_dagrun for tutorial_dag to None, run_after=None
[2023-06-22T14:31:37.568+0200] {processor.py:179} INFO - Processing /Users/saumyagoyal/JupyterNotebook/MLCon/MLCon_23/2_airflow/.venv/lib/python3.11/site-packages/airflow/example_dags/tutorial_dag.py took 0.677 seconds
[2023-06-22T14:32:55.717+0200] {processor.py:157} INFO - Started process (PID=84539) to work on /Users/saumyagoyal/JupyterNotebook/MLCon/MLCon_23/2_airflow/.venv/lib/python3.11/site-packages/airflow/example_dags/tutorial_dag.py
[2023-06-22T14:32:55.719+0200] {processor.py:826} INFO - Processing file /Users/saumyagoyal/JupyterNotebook/MLCon/MLCon_23/2_airflow/.venv/lib/python3.11/site-packages/airflow/example_dags/tutorial_dag.py for tasks to queue
[2023-06-22T14:32:55.719+0200] {logging_mixin.py:149} INFO - [2023-06-22T14:32:55.719+0200] {dagbag.py:541} INFO - Filling up the DagBag from /Users/saumyagoyal/JupyterNotebook/MLCon/MLCon_23/2_airflow/.venv/lib/python3.11/site-packages/airflow/example_dags/tutorial_dag.py
[2023-06-22T14:32:55.741+0200] {processor.py:836} INFO - DAG(s) dict_keys(['tutorial_dag']) retrieved from /Users/saumyagoyal/JupyterNotebook/MLCon/MLCon_23/2_airflow/.venv/lib/python3.11/site-packages/airflow/example_dags/tutorial_dag.py
[2023-06-22T14:32:56.400+0200] {logging_mixin.py:149} INFO - [2023-06-22T14:32:56.400+0200] {dag.py:2726} INFO - Sync 1 DAGs
[2023-06-22T14:32:56.411+0200] {logging_mixin.py:149} INFO - [2023-06-22T14:32:56.411+0200] {dag.py:3486} INFO - Setting next_dagrun for tutorial_dag to None, run_after=None
[2023-06-22T14:32:56.424+0200] {processor.py:179} INFO - Processing /Users/saumyagoyal/JupyterNotebook/MLCon/MLCon_23/2_airflow/.venv/lib/python3.11/site-packages/airflow/example_dags/tutorial_dag.py took 0.707 seconds
[2023-06-22T14:34:18.633+0200] {processor.py:157} INFO - Started process (PID=84686) to work on /Users/saumyagoyal/JupyterNotebook/MLCon/MLCon_23/2_airflow/.venv/lib/python3.11/site-packages/airflow/example_dags/tutorial_dag.py
[2023-06-22T14:34:18.635+0200] {processor.py:826} INFO - Processing file /Users/saumyagoyal/JupyterNotebook/MLCon/MLCon_23/2_airflow/.venv/lib/python3.11/site-packages/airflow/example_dags/tutorial_dag.py for tasks to queue
[2023-06-22T14:34:18.636+0200] {logging_mixin.py:149} INFO - [2023-06-22T14:34:18.636+0200] {dagbag.py:541} INFO - Filling up the DagBag from /Users/saumyagoyal/JupyterNotebook/MLCon/MLCon_23/2_airflow/.venv/lib/python3.11/site-packages/airflow/example_dags/tutorial_dag.py
[2023-06-22T14:34:18.657+0200] {processor.py:836} INFO - DAG(s) dict_keys(['tutorial_dag']) retrieved from /Users/saumyagoyal/JupyterNotebook/MLCon/MLCon_23/2_airflow/.venv/lib/python3.11/site-packages/airflow/example_dags/tutorial_dag.py
[2023-06-22T14:34:19.341+0200] {logging_mixin.py:149} INFO - [2023-06-22T14:34:19.341+0200] {dag.py:2726} INFO - Sync 1 DAGs
[2023-06-22T14:34:19.354+0200] {logging_mixin.py:149} INFO - [2023-06-22T14:34:19.354+0200] {dag.py:3486} INFO - Setting next_dagrun for tutorial_dag to None, run_after=None
[2023-06-22T14:34:19.366+0200] {processor.py:179} INFO - Processing /Users/saumyagoyal/JupyterNotebook/MLCon/MLCon_23/2_airflow/.venv/lib/python3.11/site-packages/airflow/example_dags/tutorial_dag.py took 0.734 seconds
[2023-06-22T14:35:51.095+0200] {processor.py:157} INFO - Started process (PID=84761) to work on /Users/saumyagoyal/JupyterNotebook/MLCon/MLCon_23/2_airflow/.venv/lib/python3.11/site-packages/airflow/example_dags/tutorial_dag.py
[2023-06-22T14:35:51.099+0200] {processor.py:826} INFO - Processing file /Users/saumyagoyal/JupyterNotebook/MLCon/MLCon_23/2_airflow/.venv/lib/python3.11/site-packages/airflow/example_dags/tutorial_dag.py for tasks to queue
[2023-06-22T14:35:51.099+0200] {logging_mixin.py:149} INFO - [2023-06-22T14:35:51.099+0200] {dagbag.py:541} INFO - Filling up the DagBag from /Users/saumyagoyal/JupyterNotebook/MLCon/MLCon_23/2_airflow/.venv/lib/python3.11/site-packages/airflow/example_dags/tutorial_dag.py
[2023-06-22T14:35:51.127+0200] {processor.py:836} INFO - DAG(s) dict_keys(['tutorial_dag']) retrieved from /Users/saumyagoyal/JupyterNotebook/MLCon/MLCon_23/2_airflow/.venv/lib/python3.11/site-packages/airflow/example_dags/tutorial_dag.py
[2023-06-22T14:35:51.822+0200] {logging_mixin.py:149} INFO - [2023-06-22T14:35:51.822+0200] {dag.py:2726} INFO - Sync 1 DAGs
[2023-06-22T14:35:51.833+0200] {logging_mixin.py:149} INFO - [2023-06-22T14:35:51.833+0200] {dag.py:3486} INFO - Setting next_dagrun for tutorial_dag to None, run_after=None
[2023-06-22T14:35:51.845+0200] {processor.py:179} INFO - Processing /Users/saumyagoyal/JupyterNotebook/MLCon/MLCon_23/2_airflow/.venv/lib/python3.11/site-packages/airflow/example_dags/tutorial_dag.py took 0.750 seconds
[2023-06-22T14:37:21.721+0200] {processor.py:157} INFO - Started process (PID=84959) to work on /Users/saumyagoyal/JupyterNotebook/MLCon/MLCon_23/2_airflow/.venv/lib/python3.11/site-packages/airflow/example_dags/tutorial_dag.py
[2023-06-22T14:37:21.726+0200] {processor.py:826} INFO - Processing file /Users/saumyagoyal/JupyterNotebook/MLCon/MLCon_23/2_airflow/.venv/lib/python3.11/site-packages/airflow/example_dags/tutorial_dag.py for tasks to queue
[2023-06-22T14:37:21.727+0200] {logging_mixin.py:149} INFO - [2023-06-22T14:37:21.726+0200] {dagbag.py:541} INFO - Filling up the DagBag from /Users/saumyagoyal/JupyterNotebook/MLCon/MLCon_23/2_airflow/.venv/lib/python3.11/site-packages/airflow/example_dags/tutorial_dag.py
[2023-06-22T14:37:21.751+0200] {processor.py:836} INFO - DAG(s) dict_keys(['tutorial_dag']) retrieved from /Users/saumyagoyal/JupyterNotebook/MLCon/MLCon_23/2_airflow/.venv/lib/python3.11/site-packages/airflow/example_dags/tutorial_dag.py
[2023-06-22T14:37:22.459+0200] {logging_mixin.py:149} INFO - [2023-06-22T14:37:22.459+0200] {dag.py:2726} INFO - Sync 1 DAGs
[2023-06-22T14:37:22.472+0200] {logging_mixin.py:149} INFO - [2023-06-22T14:37:22.472+0200] {dag.py:3486} INFO - Setting next_dagrun for tutorial_dag to None, run_after=None
[2023-06-22T14:37:22.487+0200] {processor.py:179} INFO - Processing /Users/saumyagoyal/JupyterNotebook/MLCon/MLCon_23/2_airflow/.venv/lib/python3.11/site-packages/airflow/example_dags/tutorial_dag.py took 0.766 seconds
[2023-06-22T14:38:49.561+0200] {processor.py:157} INFO - Started process (PID=85056) to work on /Users/saumyagoyal/JupyterNotebook/MLCon/MLCon_23/2_airflow/.venv/lib/python3.11/site-packages/airflow/example_dags/tutorial_dag.py
[2023-06-22T14:38:49.564+0200] {processor.py:826} INFO - Processing file /Users/saumyagoyal/JupyterNotebook/MLCon/MLCon_23/2_airflow/.venv/lib/python3.11/site-packages/airflow/example_dags/tutorial_dag.py for tasks to queue
[2023-06-22T14:38:49.564+0200] {logging_mixin.py:149} INFO - [2023-06-22T14:38:49.564+0200] {dagbag.py:541} INFO - Filling up the DagBag from /Users/saumyagoyal/JupyterNotebook/MLCon/MLCon_23/2_airflow/.venv/lib/python3.11/site-packages/airflow/example_dags/tutorial_dag.py
[2023-06-22T14:38:49.594+0200] {processor.py:836} INFO - DAG(s) dict_keys(['tutorial_dag']) retrieved from /Users/saumyagoyal/JupyterNotebook/MLCon/MLCon_23/2_airflow/.venv/lib/python3.11/site-packages/airflow/example_dags/tutorial_dag.py
[2023-06-22T14:38:50.197+0200] {logging_mixin.py:149} INFO - [2023-06-22T14:38:50.197+0200] {dag.py:2726} INFO - Sync 1 DAGs
[2023-06-22T14:38:50.208+0200] {logging_mixin.py:149} INFO - [2023-06-22T14:38:50.208+0200] {dag.py:3486} INFO - Setting next_dagrun for tutorial_dag to None, run_after=None
[2023-06-22T14:38:50.221+0200] {processor.py:179} INFO - Processing /Users/saumyagoyal/JupyterNotebook/MLCon/MLCon_23/2_airflow/.venv/lib/python3.11/site-packages/airflow/example_dags/tutorial_dag.py took 0.661 seconds
[2023-06-22T14:40:19.484+0200] {processor.py:157} INFO - Started process (PID=85199) to work on /Users/saumyagoyal/JupyterNotebook/MLCon/MLCon_23/2_airflow/.venv/lib/python3.11/site-packages/airflow/example_dags/tutorial_dag.py
[2023-06-22T14:40:19.487+0200] {processor.py:826} INFO - Processing file /Users/saumyagoyal/JupyterNotebook/MLCon/MLCon_23/2_airflow/.venv/lib/python3.11/site-packages/airflow/example_dags/tutorial_dag.py for tasks to queue
[2023-06-22T14:40:19.487+0200] {logging_mixin.py:149} INFO - [2023-06-22T14:40:19.487+0200] {dagbag.py:541} INFO - Filling up the DagBag from /Users/saumyagoyal/JupyterNotebook/MLCon/MLCon_23/2_airflow/.venv/lib/python3.11/site-packages/airflow/example_dags/tutorial_dag.py
[2023-06-22T14:40:19.509+0200] {processor.py:836} INFO - DAG(s) dict_keys(['tutorial_dag']) retrieved from /Users/saumyagoyal/JupyterNotebook/MLCon/MLCon_23/2_airflow/.venv/lib/python3.11/site-packages/airflow/example_dags/tutorial_dag.py
[2023-06-22T14:40:20.152+0200] {logging_mixin.py:149} INFO - [2023-06-22T14:40:20.152+0200] {dag.py:2726} INFO - Sync 1 DAGs
[2023-06-22T14:40:20.169+0200] {logging_mixin.py:149} INFO - [2023-06-22T14:40:20.169+0200] {dag.py:3486} INFO - Setting next_dagrun for tutorial_dag to None, run_after=None
[2023-06-22T14:40:20.182+0200] {processor.py:179} INFO - Processing /Users/saumyagoyal/JupyterNotebook/MLCon/MLCon_23/2_airflow/.venv/lib/python3.11/site-packages/airflow/example_dags/tutorial_dag.py took 0.698 seconds
[2023-06-22T14:41:47.044+0200] {processor.py:157} INFO - Started process (PID=85318) to work on /Users/saumyagoyal/JupyterNotebook/MLCon/MLCon_23/2_airflow/.venv/lib/python3.11/site-packages/airflow/example_dags/tutorial_dag.py
[2023-06-22T14:41:47.047+0200] {processor.py:826} INFO - Processing file /Users/saumyagoyal/JupyterNotebook/MLCon/MLCon_23/2_airflow/.venv/lib/python3.11/site-packages/airflow/example_dags/tutorial_dag.py for tasks to queue
[2023-06-22T14:41:47.047+0200] {logging_mixin.py:149} INFO - [2023-06-22T14:41:47.047+0200] {dagbag.py:541} INFO - Filling up the DagBag from /Users/saumyagoyal/JupyterNotebook/MLCon/MLCon_23/2_airflow/.venv/lib/python3.11/site-packages/airflow/example_dags/tutorial_dag.py
[2023-06-22T14:41:47.067+0200] {processor.py:836} INFO - DAG(s) dict_keys(['tutorial_dag']) retrieved from /Users/saumyagoyal/JupyterNotebook/MLCon/MLCon_23/2_airflow/.venv/lib/python3.11/site-packages/airflow/example_dags/tutorial_dag.py
[2023-06-22T14:41:47.690+0200] {logging_mixin.py:149} INFO - [2023-06-22T14:41:47.690+0200] {dag.py:2726} INFO - Sync 1 DAGs
[2023-06-22T14:41:47.701+0200] {logging_mixin.py:149} INFO - [2023-06-22T14:41:47.701+0200] {dag.py:3486} INFO - Setting next_dagrun for tutorial_dag to None, run_after=None
[2023-06-22T14:41:47.717+0200] {processor.py:179} INFO - Processing /Users/saumyagoyal/JupyterNotebook/MLCon/MLCon_23/2_airflow/.venv/lib/python3.11/site-packages/airflow/example_dags/tutorial_dag.py took 0.673 seconds
[2023-06-22T14:43:13.517+0200] {processor.py:157} INFO - Started process (PID=85414) to work on /Users/saumyagoyal/JupyterNotebook/MLCon/MLCon_23/2_airflow/.venv/lib/python3.11/site-packages/airflow/example_dags/tutorial_dag.py
[2023-06-22T14:43:13.519+0200] {processor.py:826} INFO - Processing file /Users/saumyagoyal/JupyterNotebook/MLCon/MLCon_23/2_airflow/.venv/lib/python3.11/site-packages/airflow/example_dags/tutorial_dag.py for tasks to queue
[2023-06-22T14:43:13.519+0200] {logging_mixin.py:149} INFO - [2023-06-22T14:43:13.519+0200] {dagbag.py:541} INFO - Filling up the DagBag from /Users/saumyagoyal/JupyterNotebook/MLCon/MLCon_23/2_airflow/.venv/lib/python3.11/site-packages/airflow/example_dags/tutorial_dag.py
[2023-06-22T14:43:13.539+0200] {processor.py:836} INFO - DAG(s) dict_keys(['tutorial_dag']) retrieved from /Users/saumyagoyal/JupyterNotebook/MLCon/MLCon_23/2_airflow/.venv/lib/python3.11/site-packages/airflow/example_dags/tutorial_dag.py
[2023-06-22T14:43:14.148+0200] {logging_mixin.py:149} INFO - [2023-06-22T14:43:14.148+0200] {dag.py:2726} INFO - Sync 1 DAGs
[2023-06-22T14:43:14.158+0200] {logging_mixin.py:149} INFO - [2023-06-22T14:43:14.158+0200] {dag.py:3486} INFO - Setting next_dagrun for tutorial_dag to None, run_after=None
[2023-06-22T14:43:14.169+0200] {processor.py:179} INFO - Processing /Users/saumyagoyal/JupyterNotebook/MLCon/MLCon_23/2_airflow/.venv/lib/python3.11/site-packages/airflow/example_dags/tutorial_dag.py took 0.653 seconds
[2023-06-22T14:44:38.463+0200] {processor.py:157} INFO - Started process (PID=85466) to work on /Users/saumyagoyal/JupyterNotebook/MLCon/MLCon_23/2_airflow/.venv/lib/python3.11/site-packages/airflow/example_dags/tutorial_dag.py
[2023-06-22T14:44:38.466+0200] {processor.py:826} INFO - Processing file /Users/saumyagoyal/JupyterNotebook/MLCon/MLCon_23/2_airflow/.venv/lib/python3.11/site-packages/airflow/example_dags/tutorial_dag.py for tasks to queue
[2023-06-22T14:44:38.467+0200] {logging_mixin.py:149} INFO - [2023-06-22T14:44:38.467+0200] {dagbag.py:541} INFO - Filling up the DagBag from /Users/saumyagoyal/JupyterNotebook/MLCon/MLCon_23/2_airflow/.venv/lib/python3.11/site-packages/airflow/example_dags/tutorial_dag.py
[2023-06-22T14:44:38.491+0200] {processor.py:836} INFO - DAG(s) dict_keys(['tutorial_dag']) retrieved from /Users/saumyagoyal/JupyterNotebook/MLCon/MLCon_23/2_airflow/.venv/lib/python3.11/site-packages/airflow/example_dags/tutorial_dag.py
[2023-06-22T14:44:39.122+0200] {logging_mixin.py:149} INFO - [2023-06-22T14:44:39.122+0200] {dag.py:2726} INFO - Sync 1 DAGs
[2023-06-22T14:44:39.133+0200] {logging_mixin.py:149} INFO - [2023-06-22T14:44:39.133+0200] {dag.py:3486} INFO - Setting next_dagrun for tutorial_dag to None, run_after=None
[2023-06-22T14:44:39.149+0200] {processor.py:179} INFO - Processing /Users/saumyagoyal/JupyterNotebook/MLCon/MLCon_23/2_airflow/.venv/lib/python3.11/site-packages/airflow/example_dags/tutorial_dag.py took 0.687 seconds
