[2023-06-22T14:25:43.797+0200] {processor.py:157} INFO - Started process (PID=84239) to work on /Users/saumyagoyal/JupyterNotebook/MLCon/MLCon_23/2_airflow/.venv/lib/python3.11/site-packages/airflow/example_dags/tutorial.py
[2023-06-22T14:25:43.802+0200] {processor.py:826} INFO - Processing file /Users/saumyagoyal/JupyterNotebook/MLCon/MLCon_23/2_airflow/.venv/lib/python3.11/site-packages/airflow/example_dags/tutorial.py for tasks to queue
[2023-06-22T14:25:43.802+0200] {logging_mixin.py:149} INFO - [2023-06-22T14:25:43.802+0200] {dagbag.py:541} INFO - Filling up the DagBag from /Users/saumyagoyal/JupyterNotebook/MLCon/MLCon_23/2_airflow/.venv/lib/python3.11/site-packages/airflow/example_dags/tutorial.py
[2023-06-22T14:25:43.824+0200] {processor.py:836} INFO - DAG(s) dict_keys(['tutorial']) retrieved from /Users/saumyagoyal/JupyterNotebook/MLCon/MLCon_23/2_airflow/.venv/lib/python3.11/site-packages/airflow/example_dags/tutorial.py
[2023-06-22T14:25:44.569+0200] {logging_mixin.py:149} INFO - [2023-06-22T14:25:44.568+0200] {manager.py:504} INFO - Created Permission View: can read on DAG:tutorial
[2023-06-22T14:25:44.574+0200] {logging_mixin.py:149} INFO - [2023-06-22T14:25:44.574+0200] {manager.py:504} INFO - Created Permission View: can delete on DAG:tutorial
[2023-06-22T14:25:44.578+0200] {logging_mixin.py:149} INFO - [2023-06-22T14:25:44.578+0200] {manager.py:504} INFO - Created Permission View: can edit on DAG:tutorial
[2023-06-22T14:25:44.579+0200] {logging_mixin.py:149} INFO - [2023-06-22T14:25:44.578+0200] {dag.py:2726} INFO - Sync 1 DAGs
[2023-06-22T14:25:44.587+0200] {logging_mixin.py:149} INFO - [2023-06-22T14:25:44.586+0200] {dag.py:2747} INFO - Creating ORM DAG for tutorial
[2023-06-22T14:25:44.592+0200] {logging_mixin.py:149} INFO - [2023-06-22T14:25:44.592+0200] {dag.py:3486} INFO - Setting next_dagrun for tutorial to 2023-06-21T12:25:44.592505+00:00, run_after=2023-06-22T12:25:44.592505+00:00
[2023-06-22T14:25:44.604+0200] {processor.py:179} INFO - Processing /Users/saumyagoyal/JupyterNotebook/MLCon/MLCon_23/2_airflow/.venv/lib/python3.11/site-packages/airflow/example_dags/tutorial.py took 0.808 seconds
[2023-06-22T14:27:45.583+0200] {processor.py:157} INFO - Started process (PID=84318) to work on /Users/saumyagoyal/JupyterNotebook/MLCon/MLCon_23/2_airflow/.venv/lib/python3.11/site-packages/airflow/example_dags/tutorial.py
[2023-06-22T14:27:45.586+0200] {processor.py:826} INFO - Processing file /Users/saumyagoyal/JupyterNotebook/MLCon/MLCon_23/2_airflow/.venv/lib/python3.11/site-packages/airflow/example_dags/tutorial.py for tasks to queue
[2023-06-22T14:27:45.586+0200] {logging_mixin.py:149} INFO - [2023-06-22T14:27:45.586+0200] {dagbag.py:541} INFO - Filling up the DagBag from /Users/saumyagoyal/JupyterNotebook/MLCon/MLCon_23/2_airflow/.venv/lib/python3.11/site-packages/airflow/example_dags/tutorial.py
[2023-06-22T14:27:45.599+0200] {processor.py:836} INFO - DAG(s) dict_keys(['tutorial']) retrieved from /Users/saumyagoyal/JupyterNotebook/MLCon/MLCon_23/2_airflow/.venv/lib/python3.11/site-packages/airflow/example_dags/tutorial.py
[2023-06-22T14:27:46.268+0200] {logging_mixin.py:149} INFO - [2023-06-22T14:27:46.268+0200] {dag.py:2726} INFO - Sync 1 DAGs
[2023-06-22T14:27:46.280+0200] {logging_mixin.py:149} INFO - [2023-06-22T14:27:46.280+0200] {dag.py:3486} INFO - Setting next_dagrun for tutorial to 2023-06-21T12:27:46.280704+00:00, run_after=2023-06-22T12:27:46.280704+00:00
[2023-06-22T14:27:46.292+0200] {processor.py:179} INFO - Processing /Users/saumyagoyal/JupyterNotebook/MLCon/MLCon_23/2_airflow/.venv/lib/python3.11/site-packages/airflow/example_dags/tutorial.py took 0.710 seconds
[2023-06-22T14:29:09.867+0200] {processor.py:157} INFO - Started process (PID=84363) to work on /Users/saumyagoyal/JupyterNotebook/MLCon/MLCon_23/2_airflow/.venv/lib/python3.11/site-packages/airflow/example_dags/tutorial.py
[2023-06-22T14:29:09.870+0200] {processor.py:826} INFO - Processing file /Users/saumyagoyal/JupyterNotebook/MLCon/MLCon_23/2_airflow/.venv/lib/python3.11/site-packages/airflow/example_dags/tutorial.py for tasks to queue
[2023-06-22T14:29:09.870+0200] {logging_mixin.py:149} INFO - [2023-06-22T14:29:09.870+0200] {dagbag.py:541} INFO - Filling up the DagBag from /Users/saumyagoyal/JupyterNotebook/MLCon/MLCon_23/2_airflow/.venv/lib/python3.11/site-packages/airflow/example_dags/tutorial.py
[2023-06-22T14:29:09.883+0200] {processor.py:836} INFO - DAG(s) dict_keys(['tutorial']) retrieved from /Users/saumyagoyal/JupyterNotebook/MLCon/MLCon_23/2_airflow/.venv/lib/python3.11/site-packages/airflow/example_dags/tutorial.py
[2023-06-22T14:29:10.498+0200] {logging_mixin.py:149} INFO - [2023-06-22T14:29:10.497+0200] {dag.py:2726} INFO - Sync 1 DAGs
[2023-06-22T14:29:10.509+0200] {logging_mixin.py:149} INFO - [2023-06-22T14:29:10.509+0200] {dag.py:3486} INFO - Setting next_dagrun for tutorial to 2023-06-21T12:29:10.509513+00:00, run_after=2023-06-22T12:29:10.509513+00:00
[2023-06-22T14:29:10.526+0200] {processor.py:179} INFO - Processing /Users/saumyagoyal/JupyterNotebook/MLCon/MLCon_23/2_airflow/.venv/lib/python3.11/site-packages/airflow/example_dags/tutorial.py took 0.659 seconds
[2023-06-22T14:30:25.909+0200] {processor.py:157} INFO - Started process (PID=84408) to work on /Users/saumyagoyal/JupyterNotebook/MLCon/MLCon_23/2_airflow/.venv/lib/python3.11/site-packages/airflow/example_dags/tutorial.py
[2023-06-22T14:30:25.912+0200] {processor.py:826} INFO - Processing file /Users/saumyagoyal/JupyterNotebook/MLCon/MLCon_23/2_airflow/.venv/lib/python3.11/site-packages/airflow/example_dags/tutorial.py for tasks to queue
[2023-06-22T14:30:25.912+0200] {logging_mixin.py:149} INFO - [2023-06-22T14:30:25.912+0200] {dagbag.py:541} INFO - Filling up the DagBag from /Users/saumyagoyal/JupyterNotebook/MLCon/MLCon_23/2_airflow/.venv/lib/python3.11/site-packages/airflow/example_dags/tutorial.py
[2023-06-22T14:30:25.925+0200] {processor.py:836} INFO - DAG(s) dict_keys(['tutorial']) retrieved from /Users/saumyagoyal/JupyterNotebook/MLCon/MLCon_23/2_airflow/.venv/lib/python3.11/site-packages/airflow/example_dags/tutorial.py
[2023-06-22T14:30:26.555+0200] {logging_mixin.py:149} INFO - [2023-06-22T14:30:26.555+0200] {dag.py:2726} INFO - Sync 1 DAGs
[2023-06-22T14:30:26.568+0200] {logging_mixin.py:149} INFO - [2023-06-22T14:30:26.568+0200] {dag.py:3486} INFO - Setting next_dagrun for tutorial to 2023-06-21T12:30:26.568084+00:00, run_after=2023-06-22T12:30:26.568084+00:00
[2023-06-22T14:30:26.580+0200] {processor.py:179} INFO - Processing /Users/saumyagoyal/JupyterNotebook/MLCon/MLCon_23/2_airflow/.venv/lib/python3.11/site-packages/airflow/example_dags/tutorial.py took 0.671 seconds
[2023-06-22T14:31:39.107+0200] {processor.py:157} INFO - Started process (PID=84447) to work on /Users/saumyagoyal/JupyterNotebook/MLCon/MLCon_23/2_airflow/.venv/lib/python3.11/site-packages/airflow/example_dags/tutorial.py
[2023-06-22T14:31:39.109+0200] {processor.py:826} INFO - Processing file /Users/saumyagoyal/JupyterNotebook/MLCon/MLCon_23/2_airflow/.venv/lib/python3.11/site-packages/airflow/example_dags/tutorial.py for tasks to queue
[2023-06-22T14:31:39.110+0200] {logging_mixin.py:149} INFO - [2023-06-22T14:31:39.110+0200] {dagbag.py:541} INFO - Filling up the DagBag from /Users/saumyagoyal/JupyterNotebook/MLCon/MLCon_23/2_airflow/.venv/lib/python3.11/site-packages/airflow/example_dags/tutorial.py
[2023-06-22T14:31:39.123+0200] {processor.py:836} INFO - DAG(s) dict_keys(['tutorial']) retrieved from /Users/saumyagoyal/JupyterNotebook/MLCon/MLCon_23/2_airflow/.venv/lib/python3.11/site-packages/airflow/example_dags/tutorial.py
[2023-06-22T14:31:39.760+0200] {logging_mixin.py:149} INFO - [2023-06-22T14:31:39.760+0200] {dag.py:2726} INFO - Sync 1 DAGs
[2023-06-22T14:31:39.773+0200] {logging_mixin.py:149} INFO - [2023-06-22T14:31:39.773+0200] {dag.py:3486} INFO - Setting next_dagrun for tutorial to 2023-06-21T12:31:39.772974+00:00, run_after=2023-06-22T12:31:39.772974+00:00
[2023-06-22T14:31:39.789+0200] {processor.py:179} INFO - Processing /Users/saumyagoyal/JupyterNotebook/MLCon/MLCon_23/2_airflow/.venv/lib/python3.11/site-packages/airflow/example_dags/tutorial.py took 0.682 seconds
[2023-06-22T14:32:57.766+0200] {processor.py:157} INFO - Started process (PID=84552) to work on /Users/saumyagoyal/JupyterNotebook/MLCon/MLCon_23/2_airflow/.venv/lib/python3.11/site-packages/airflow/example_dags/tutorial.py
[2023-06-22T14:32:57.769+0200] {processor.py:826} INFO - Processing file /Users/saumyagoyal/JupyterNotebook/MLCon/MLCon_23/2_airflow/.venv/lib/python3.11/site-packages/airflow/example_dags/tutorial.py for tasks to queue
[2023-06-22T14:32:57.769+0200] {logging_mixin.py:149} INFO - [2023-06-22T14:32:57.769+0200] {dagbag.py:541} INFO - Filling up the DagBag from /Users/saumyagoyal/JupyterNotebook/MLCon/MLCon_23/2_airflow/.venv/lib/python3.11/site-packages/airflow/example_dags/tutorial.py
[2023-06-22T14:32:57.785+0200] {processor.py:836} INFO - DAG(s) dict_keys(['tutorial']) retrieved from /Users/saumyagoyal/JupyterNotebook/MLCon/MLCon_23/2_airflow/.venv/lib/python3.11/site-packages/airflow/example_dags/tutorial.py
[2023-06-22T14:32:58.441+0200] {logging_mixin.py:149} INFO - [2023-06-22T14:32:58.441+0200] {dag.py:2726} INFO - Sync 1 DAGs
[2023-06-22T14:32:58.456+0200] {logging_mixin.py:149} INFO - [2023-06-22T14:32:58.456+0200] {dag.py:3486} INFO - Setting next_dagrun for tutorial to 2023-06-21T12:32:58.455944+00:00, run_after=2023-06-22T12:32:58.455944+00:00
[2023-06-22T14:32:58.469+0200] {processor.py:179} INFO - Processing /Users/saumyagoyal/JupyterNotebook/MLCon/MLCon_23/2_airflow/.venv/lib/python3.11/site-packages/airflow/example_dags/tutorial.py took 0.704 seconds
[2023-06-22T14:34:21.329+0200] {processor.py:157} INFO - Started process (PID=84687) to work on /Users/saumyagoyal/JupyterNotebook/MLCon/MLCon_23/2_airflow/.venv/lib/python3.11/site-packages/airflow/example_dags/tutorial.py
[2023-06-22T14:34:21.331+0200] {processor.py:826} INFO - Processing file /Users/saumyagoyal/JupyterNotebook/MLCon/MLCon_23/2_airflow/.venv/lib/python3.11/site-packages/airflow/example_dags/tutorial.py for tasks to queue
[2023-06-22T14:34:21.332+0200] {logging_mixin.py:149} INFO - [2023-06-22T14:34:21.332+0200] {dagbag.py:541} INFO - Filling up the DagBag from /Users/saumyagoyal/JupyterNotebook/MLCon/MLCon_23/2_airflow/.venv/lib/python3.11/site-packages/airflow/example_dags/tutorial.py
[2023-06-22T14:34:21.346+0200] {processor.py:836} INFO - DAG(s) dict_keys(['tutorial']) retrieved from /Users/saumyagoyal/JupyterNotebook/MLCon/MLCon_23/2_airflow/.venv/lib/python3.11/site-packages/airflow/example_dags/tutorial.py
[2023-06-22T14:34:22.003+0200] {logging_mixin.py:149} INFO - [2023-06-22T14:34:22.002+0200] {dag.py:2726} INFO - Sync 1 DAGs
[2023-06-22T14:34:22.015+0200] {logging_mixin.py:149} INFO - [2023-06-22T14:34:22.015+0200] {dag.py:3486} INFO - Setting next_dagrun for tutorial to 2023-06-21T12:34:22.015592+00:00, run_after=2023-06-22T12:34:22.015592+00:00
[2023-06-22T14:34:22.031+0200] {processor.py:179} INFO - Processing /Users/saumyagoyal/JupyterNotebook/MLCon/MLCon_23/2_airflow/.venv/lib/python3.11/site-packages/airflow/example_dags/tutorial.py took 0.703 seconds
[2023-06-22T14:35:53.888+0200] {processor.py:157} INFO - Started process (PID=84762) to work on /Users/saumyagoyal/JupyterNotebook/MLCon/MLCon_23/2_airflow/.venv/lib/python3.11/site-packages/airflow/example_dags/tutorial.py
[2023-06-22T14:35:53.891+0200] {processor.py:826} INFO - Processing file /Users/saumyagoyal/JupyterNotebook/MLCon/MLCon_23/2_airflow/.venv/lib/python3.11/site-packages/airflow/example_dags/tutorial.py for tasks to queue
[2023-06-22T14:35:53.892+0200] {logging_mixin.py:149} INFO - [2023-06-22T14:35:53.892+0200] {dagbag.py:541} INFO - Filling up the DagBag from /Users/saumyagoyal/JupyterNotebook/MLCon/MLCon_23/2_airflow/.venv/lib/python3.11/site-packages/airflow/example_dags/tutorial.py
[2023-06-22T14:35:53.911+0200] {processor.py:836} INFO - DAG(s) dict_keys(['tutorial']) retrieved from /Users/saumyagoyal/JupyterNotebook/MLCon/MLCon_23/2_airflow/.venv/lib/python3.11/site-packages/airflow/example_dags/tutorial.py
[2023-06-22T14:35:54.646+0200] {logging_mixin.py:149} INFO - [2023-06-22T14:35:54.646+0200] {dag.py:2726} INFO - Sync 1 DAGs
[2023-06-22T14:35:54.660+0200] {logging_mixin.py:149} INFO - [2023-06-22T14:35:54.660+0200] {dag.py:3486} INFO - Setting next_dagrun for tutorial to 2023-06-21T12:35:54.659998+00:00, run_after=2023-06-22T12:35:54.659998+00:00
[2023-06-22T14:35:54.673+0200] {processor.py:179} INFO - Processing /Users/saumyagoyal/JupyterNotebook/MLCon/MLCon_23/2_airflow/.venv/lib/python3.11/site-packages/airflow/example_dags/tutorial.py took 0.786 seconds
[2023-06-22T14:37:24.380+0200] {processor.py:157} INFO - Started process (PID=84960) to work on /Users/saumyagoyal/JupyterNotebook/MLCon/MLCon_23/2_airflow/.venv/lib/python3.11/site-packages/airflow/example_dags/tutorial.py
[2023-06-22T14:37:24.384+0200] {processor.py:826} INFO - Processing file /Users/saumyagoyal/JupyterNotebook/MLCon/MLCon_23/2_airflow/.venv/lib/python3.11/site-packages/airflow/example_dags/tutorial.py for tasks to queue
[2023-06-22T14:37:24.385+0200] {logging_mixin.py:149} INFO - [2023-06-22T14:37:24.385+0200] {dagbag.py:541} INFO - Filling up the DagBag from /Users/saumyagoyal/JupyterNotebook/MLCon/MLCon_23/2_airflow/.venv/lib/python3.11/site-packages/airflow/example_dags/tutorial.py
[2023-06-22T14:37:24.404+0200] {processor.py:836} INFO - DAG(s) dict_keys(['tutorial']) retrieved from /Users/saumyagoyal/JupyterNotebook/MLCon/MLCon_23/2_airflow/.venv/lib/python3.11/site-packages/airflow/example_dags/tutorial.py
[2023-06-22T14:37:25.035+0200] {logging_mixin.py:149} INFO - [2023-06-22T14:37:25.035+0200] {dag.py:2726} INFO - Sync 1 DAGs
[2023-06-22T14:37:25.048+0200] {logging_mixin.py:149} INFO - [2023-06-22T14:37:25.048+0200] {dag.py:3486} INFO - Setting next_dagrun for tutorial to 2023-06-21T12:37:25.048651+00:00, run_after=2023-06-22T12:37:25.048651+00:00
[2023-06-22T14:37:25.062+0200] {processor.py:179} INFO - Processing /Users/saumyagoyal/JupyterNotebook/MLCon/MLCon_23/2_airflow/.venv/lib/python3.11/site-packages/airflow/example_dags/tutorial.py took 0.683 seconds
[2023-06-22T14:38:52.134+0200] {processor.py:157} INFO - Started process (PID=85058) to work on /Users/saumyagoyal/JupyterNotebook/MLCon/MLCon_23/2_airflow/.venv/lib/python3.11/site-packages/airflow/example_dags/tutorial.py
[2023-06-22T14:38:52.136+0200] {processor.py:826} INFO - Processing file /Users/saumyagoyal/JupyterNotebook/MLCon/MLCon_23/2_airflow/.venv/lib/python3.11/site-packages/airflow/example_dags/tutorial.py for tasks to queue
[2023-06-22T14:38:52.136+0200] {logging_mixin.py:149} INFO - [2023-06-22T14:38:52.136+0200] {dagbag.py:541} INFO - Filling up the DagBag from /Users/saumyagoyal/JupyterNotebook/MLCon/MLCon_23/2_airflow/.venv/lib/python3.11/site-packages/airflow/example_dags/tutorial.py
[2023-06-22T14:38:52.149+0200] {processor.py:836} INFO - DAG(s) dict_keys(['tutorial']) retrieved from /Users/saumyagoyal/JupyterNotebook/MLCon/MLCon_23/2_airflow/.venv/lib/python3.11/site-packages/airflow/example_dags/tutorial.py
[2023-06-22T14:38:52.751+0200] {logging_mixin.py:149} INFO - [2023-06-22T14:38:52.751+0200] {dag.py:2726} INFO - Sync 1 DAGs
[2023-06-22T14:38:52.763+0200] {logging_mixin.py:149} INFO - [2023-06-22T14:38:52.763+0200] {dag.py:3486} INFO - Setting next_dagrun for tutorial to 2023-06-21T12:38:52.763768+00:00, run_after=2023-06-22T12:38:52.763768+00:00
[2023-06-22T14:38:52.777+0200] {processor.py:179} INFO - Processing /Users/saumyagoyal/JupyterNotebook/MLCon/MLCon_23/2_airflow/.venv/lib/python3.11/site-packages/airflow/example_dags/tutorial.py took 0.644 seconds
[2023-06-22T14:40:22.111+0200] {processor.py:157} INFO - Started process (PID=85201) to work on /Users/saumyagoyal/JupyterNotebook/MLCon/MLCon_23/2_airflow/.venv/lib/python3.11/site-packages/airflow/example_dags/tutorial.py
[2023-06-22T14:40:22.114+0200] {processor.py:826} INFO - Processing file /Users/saumyagoyal/JupyterNotebook/MLCon/MLCon_23/2_airflow/.venv/lib/python3.11/site-packages/airflow/example_dags/tutorial.py for tasks to queue
[2023-06-22T14:40:22.115+0200] {logging_mixin.py:149} INFO - [2023-06-22T14:40:22.115+0200] {dagbag.py:541} INFO - Filling up the DagBag from /Users/saumyagoyal/JupyterNotebook/MLCon/MLCon_23/2_airflow/.venv/lib/python3.11/site-packages/airflow/example_dags/tutorial.py
[2023-06-22T14:40:22.129+0200] {processor.py:836} INFO - DAG(s) dict_keys(['tutorial']) retrieved from /Users/saumyagoyal/JupyterNotebook/MLCon/MLCon_23/2_airflow/.venv/lib/python3.11/site-packages/airflow/example_dags/tutorial.py
[2023-06-22T14:40:22.821+0200] {logging_mixin.py:149} INFO - [2023-06-22T14:40:22.820+0200] {dag.py:2726} INFO - Sync 1 DAGs
[2023-06-22T14:40:22.834+0200] {logging_mixin.py:149} INFO - [2023-06-22T14:40:22.834+0200] {dag.py:3486} INFO - Setting next_dagrun for tutorial to 2023-06-21T12:40:22.833930+00:00, run_after=2023-06-22T12:40:22.833930+00:00
[2023-06-22T14:40:22.847+0200] {processor.py:179} INFO - Processing /Users/saumyagoyal/JupyterNotebook/MLCon/MLCon_23/2_airflow/.venv/lib/python3.11/site-packages/airflow/example_dags/tutorial.py took 0.736 seconds
[2023-06-22T14:41:49.661+0200] {processor.py:157} INFO - Started process (PID=85326) to work on /Users/saumyagoyal/JupyterNotebook/MLCon/MLCon_23/2_airflow/.venv/lib/python3.11/site-packages/airflow/example_dags/tutorial.py
[2023-06-22T14:41:49.663+0200] {processor.py:826} INFO - Processing file /Users/saumyagoyal/JupyterNotebook/MLCon/MLCon_23/2_airflow/.venv/lib/python3.11/site-packages/airflow/example_dags/tutorial.py for tasks to queue
[2023-06-22T14:41:49.663+0200] {logging_mixin.py:149} INFO - [2023-06-22T14:41:49.663+0200] {dagbag.py:541} INFO - Filling up the DagBag from /Users/saumyagoyal/JupyterNotebook/MLCon/MLCon_23/2_airflow/.venv/lib/python3.11/site-packages/airflow/example_dags/tutorial.py
[2023-06-22T14:41:49.676+0200] {processor.py:836} INFO - DAG(s) dict_keys(['tutorial']) retrieved from /Users/saumyagoyal/JupyterNotebook/MLCon/MLCon_23/2_airflow/.venv/lib/python3.11/site-packages/airflow/example_dags/tutorial.py
[2023-06-22T14:41:50.295+0200] {logging_mixin.py:149} INFO - [2023-06-22T14:41:50.295+0200] {dag.py:2726} INFO - Sync 1 DAGs
[2023-06-22T14:41:50.308+0200] {logging_mixin.py:149} INFO - [2023-06-22T14:41:50.308+0200] {dag.py:3486} INFO - Setting next_dagrun for tutorial to 2023-06-21T12:41:50.308235+00:00, run_after=2023-06-22T12:41:50.308235+00:00
[2023-06-22T14:41:50.324+0200] {processor.py:179} INFO - Processing /Users/saumyagoyal/JupyterNotebook/MLCon/MLCon_23/2_airflow/.venv/lib/python3.11/site-packages/airflow/example_dags/tutorial.py took 0.664 seconds
[2023-06-22T14:43:16.063+0200] {processor.py:157} INFO - Started process (PID=85415) to work on /Users/saumyagoyal/JupyterNotebook/MLCon/MLCon_23/2_airflow/.venv/lib/python3.11/site-packages/airflow/example_dags/tutorial.py
[2023-06-22T14:43:16.065+0200] {processor.py:826} INFO - Processing file /Users/saumyagoyal/JupyterNotebook/MLCon/MLCon_23/2_airflow/.venv/lib/python3.11/site-packages/airflow/example_dags/tutorial.py for tasks to queue
[2023-06-22T14:43:16.065+0200] {logging_mixin.py:149} INFO - [2023-06-22T14:43:16.065+0200] {dagbag.py:541} INFO - Filling up the DagBag from /Users/saumyagoyal/JupyterNotebook/MLCon/MLCon_23/2_airflow/.venv/lib/python3.11/site-packages/airflow/example_dags/tutorial.py
[2023-06-22T14:43:16.078+0200] {processor.py:836} INFO - DAG(s) dict_keys(['tutorial']) retrieved from /Users/saumyagoyal/JupyterNotebook/MLCon/MLCon_23/2_airflow/.venv/lib/python3.11/site-packages/airflow/example_dags/tutorial.py
[2023-06-22T14:43:16.684+0200] {logging_mixin.py:149} INFO - [2023-06-22T14:43:16.683+0200] {dag.py:2726} INFO - Sync 1 DAGs
[2023-06-22T14:43:16.695+0200] {logging_mixin.py:149} INFO - [2023-06-22T14:43:16.695+0200] {dag.py:3486} INFO - Setting next_dagrun for tutorial to 2023-06-21T12:43:16.695493+00:00, run_after=2023-06-22T12:43:16.695493+00:00
[2023-06-22T14:43:16.708+0200] {processor.py:179} INFO - Processing /Users/saumyagoyal/JupyterNotebook/MLCon/MLCon_23/2_airflow/.venv/lib/python3.11/site-packages/airflow/example_dags/tutorial.py took 0.646 seconds
[2023-06-22T14:44:41.148+0200] {processor.py:157} INFO - Started process (PID=85467) to work on /Users/saumyagoyal/JupyterNotebook/MLCon/MLCon_23/2_airflow/.venv/lib/python3.11/site-packages/airflow/example_dags/tutorial.py
[2023-06-22T14:44:41.152+0200] {processor.py:826} INFO - Processing file /Users/saumyagoyal/JupyterNotebook/MLCon/MLCon_23/2_airflow/.venv/lib/python3.11/site-packages/airflow/example_dags/tutorial.py for tasks to queue
[2023-06-22T14:44:41.153+0200] {logging_mixin.py:149} INFO - [2023-06-22T14:44:41.153+0200] {dagbag.py:541} INFO - Filling up the DagBag from /Users/saumyagoyal/JupyterNotebook/MLCon/MLCon_23/2_airflow/.venv/lib/python3.11/site-packages/airflow/example_dags/tutorial.py
[2023-06-22T14:44:41.170+0200] {processor.py:836} INFO - DAG(s) dict_keys(['tutorial']) retrieved from /Users/saumyagoyal/JupyterNotebook/MLCon/MLCon_23/2_airflow/.venv/lib/python3.11/site-packages/airflow/example_dags/tutorial.py
[2023-06-22T14:44:41.841+0200] {logging_mixin.py:149} INFO - [2023-06-22T14:44:41.841+0200] {dag.py:2726} INFO - Sync 1 DAGs
[2023-06-22T14:44:41.854+0200] {logging_mixin.py:149} INFO - [2023-06-22T14:44:41.854+0200] {dag.py:3486} INFO - Setting next_dagrun for tutorial to 2023-06-21T12:44:41.854719+00:00, run_after=2023-06-22T12:44:41.854719+00:00
[2023-06-22T14:44:41.868+0200] {processor.py:179} INFO - Processing /Users/saumyagoyal/JupyterNotebook/MLCon/MLCon_23/2_airflow/.venv/lib/python3.11/site-packages/airflow/example_dags/tutorial.py took 0.720 seconds
