[2023-06-22T14:25:35.291+0200] {processor.py:157} INFO - Started process (PID=84234) to work on /Users/saumyagoyal/JupyterNotebook/MLCon/MLCon_23/2_airflow/.venv/lib/python3.11/site-packages/airflow/example_dags/tutorial_taskflow_api_virtualenv.py
[2023-06-22T14:25:35.294+0200] {processor.py:826} INFO - Processing file /Users/saumyagoyal/JupyterNotebook/MLCon/MLCon_23/2_airflow/.venv/lib/python3.11/site-packages/airflow/example_dags/tutorial_taskflow_api_virtualenv.py for tasks to queue
[2023-06-22T14:25:35.294+0200] {logging_mixin.py:149} INFO - [2023-06-22T14:25:35.294+0200] {dagbag.py:541} INFO - Filling up the DagBag from /Users/saumyagoyal/JupyterNotebook/MLCon/MLCon_23/2_airflow/.venv/lib/python3.11/site-packages/airflow/example_dags/tutorial_taskflow_api_virtualenv.py
[2023-06-22T14:25:35.338+0200] {processor.py:836} INFO - DAG(s) dict_keys(['tutorial_taskflow_api_virtualenv']) retrieved from /Users/saumyagoyal/JupyterNotebook/MLCon/MLCon_23/2_airflow/.venv/lib/python3.11/site-packages/airflow/example_dags/tutorial_taskflow_api_virtualenv.py
[2023-06-22T14:25:36.098+0200] {logging_mixin.py:149} INFO - [2023-06-22T14:25:36.098+0200] {manager.py:504} INFO - Created Permission View: can delete on DAG:tutorial_taskflow_api_virtualenv
[2023-06-22T14:25:36.121+0200] {logging_mixin.py:149} INFO - [2023-06-22T14:25:36.120+0200] {manager.py:504} INFO - Created Permission View: can edit on DAG:tutorial_taskflow_api_virtualenv
[2023-06-22T14:25:36.125+0200] {logging_mixin.py:149} INFO - [2023-06-22T14:25:36.125+0200] {manager.py:504} INFO - Created Permission View: can read on DAG:tutorial_taskflow_api_virtualenv
[2023-06-22T14:25:36.126+0200] {logging_mixin.py:149} INFO - [2023-06-22T14:25:36.126+0200] {dag.py:2726} INFO - Sync 1 DAGs
[2023-06-22T14:25:36.133+0200] {logging_mixin.py:149} INFO - [2023-06-22T14:25:36.133+0200] {dag.py:2747} INFO - Creating ORM DAG for tutorial_taskflow_api_virtualenv
[2023-06-22T14:25:36.139+0200] {logging_mixin.py:149} INFO - [2023-06-22T14:25:36.139+0200] {dag.py:3486} INFO - Setting next_dagrun for tutorial_taskflow_api_virtualenv to None, run_after=None
[2023-06-22T14:25:36.165+0200] {processor.py:179} INFO - Processing /Users/saumyagoyal/JupyterNotebook/MLCon/MLCon_23/2_airflow/.venv/lib/python3.11/site-packages/airflow/example_dags/tutorial_taskflow_api_virtualenv.py took 0.875 seconds
[2023-06-22T14:27:37.185+0200] {processor.py:157} INFO - Started process (PID=84314) to work on /Users/saumyagoyal/JupyterNotebook/MLCon/MLCon_23/2_airflow/.venv/lib/python3.11/site-packages/airflow/example_dags/tutorial_taskflow_api_virtualenv.py
[2023-06-22T14:27:37.188+0200] {processor.py:826} INFO - Processing file /Users/saumyagoyal/JupyterNotebook/MLCon/MLCon_23/2_airflow/.venv/lib/python3.11/site-packages/airflow/example_dags/tutorial_taskflow_api_virtualenv.py for tasks to queue
[2023-06-22T14:27:37.188+0200] {logging_mixin.py:149} INFO - [2023-06-22T14:27:37.188+0200] {dagbag.py:541} INFO - Filling up the DagBag from /Users/saumyagoyal/JupyterNotebook/MLCon/MLCon_23/2_airflow/.venv/lib/python3.11/site-packages/airflow/example_dags/tutorial_taskflow_api_virtualenv.py
[2023-06-22T14:27:37.232+0200] {processor.py:836} INFO - DAG(s) dict_keys(['tutorial_taskflow_api_virtualenv']) retrieved from /Users/saumyagoyal/JupyterNotebook/MLCon/MLCon_23/2_airflow/.venv/lib/python3.11/site-packages/airflow/example_dags/tutorial_taskflow_api_virtualenv.py
[2023-06-22T14:27:37.983+0200] {logging_mixin.py:149} INFO - [2023-06-22T14:27:37.983+0200] {dag.py:2726} INFO - Sync 1 DAGs
[2023-06-22T14:27:37.997+0200] {logging_mixin.py:149} INFO - [2023-06-22T14:27:37.997+0200] {dag.py:3486} INFO - Setting next_dagrun for tutorial_taskflow_api_virtualenv to None, run_after=None
[2023-06-22T14:27:38.010+0200] {processor.py:179} INFO - Processing /Users/saumyagoyal/JupyterNotebook/MLCon/MLCon_23/2_airflow/.venv/lib/python3.11/site-packages/airflow/example_dags/tutorial_taskflow_api_virtualenv.py took 0.826 seconds
[2023-06-22T14:29:02.329+0200] {processor.py:157} INFO - Started process (PID=84359) to work on /Users/saumyagoyal/JupyterNotebook/MLCon/MLCon_23/2_airflow/.venv/lib/python3.11/site-packages/airflow/example_dags/tutorial_taskflow_api_virtualenv.py
[2023-06-22T14:29:02.332+0200] {processor.py:826} INFO - Processing file /Users/saumyagoyal/JupyterNotebook/MLCon/MLCon_23/2_airflow/.venv/lib/python3.11/site-packages/airflow/example_dags/tutorial_taskflow_api_virtualenv.py for tasks to queue
[2023-06-22T14:29:02.332+0200] {logging_mixin.py:149} INFO - [2023-06-22T14:29:02.332+0200] {dagbag.py:541} INFO - Filling up the DagBag from /Users/saumyagoyal/JupyterNotebook/MLCon/MLCon_23/2_airflow/.venv/lib/python3.11/site-packages/airflow/example_dags/tutorial_taskflow_api_virtualenv.py
[2023-06-22T14:29:02.366+0200] {processor.py:836} INFO - DAG(s) dict_keys(['tutorial_taskflow_api_virtualenv']) retrieved from /Users/saumyagoyal/JupyterNotebook/MLCon/MLCon_23/2_airflow/.venv/lib/python3.11/site-packages/airflow/example_dags/tutorial_taskflow_api_virtualenv.py
[2023-06-22T14:29:02.983+0200] {logging_mixin.py:149} INFO - [2023-06-22T14:29:02.983+0200] {dag.py:2726} INFO - Sync 1 DAGs
[2023-06-22T14:29:02.992+0200] {logging_mixin.py:149} INFO - [2023-06-22T14:29:02.992+0200] {dag.py:3486} INFO - Setting next_dagrun for tutorial_taskflow_api_virtualenv to None, run_after=None
[2023-06-22T14:29:03.007+0200] {processor.py:179} INFO - Processing /Users/saumyagoyal/JupyterNotebook/MLCon/MLCon_23/2_airflow/.venv/lib/python3.11/site-packages/airflow/example_dags/tutorial_taskflow_api_virtualenv.py took 0.678 seconds
[2023-06-22T14:30:18.055+0200] {processor.py:157} INFO - Started process (PID=84400) to work on /Users/saumyagoyal/JupyterNotebook/MLCon/MLCon_23/2_airflow/.venv/lib/python3.11/site-packages/airflow/example_dags/tutorial_taskflow_api_virtualenv.py
[2023-06-22T14:30:18.057+0200] {processor.py:826} INFO - Processing file /Users/saumyagoyal/JupyterNotebook/MLCon/MLCon_23/2_airflow/.venv/lib/python3.11/site-packages/airflow/example_dags/tutorial_taskflow_api_virtualenv.py for tasks to queue
[2023-06-22T14:30:18.058+0200] {logging_mixin.py:149} INFO - [2023-06-22T14:30:18.058+0200] {dagbag.py:541} INFO - Filling up the DagBag from /Users/saumyagoyal/JupyterNotebook/MLCon/MLCon_23/2_airflow/.venv/lib/python3.11/site-packages/airflow/example_dags/tutorial_taskflow_api_virtualenv.py
[2023-06-22T14:30:18.090+0200] {processor.py:836} INFO - DAG(s) dict_keys(['tutorial_taskflow_api_virtualenv']) retrieved from /Users/saumyagoyal/JupyterNotebook/MLCon/MLCon_23/2_airflow/.venv/lib/python3.11/site-packages/airflow/example_dags/tutorial_taskflow_api_virtualenv.py
[2023-06-22T14:30:18.708+0200] {logging_mixin.py:149} INFO - [2023-06-22T14:30:18.708+0200] {dag.py:2726} INFO - Sync 1 DAGs
[2023-06-22T14:30:18.718+0200] {logging_mixin.py:149} INFO - [2023-06-22T14:30:18.718+0200] {dag.py:3486} INFO - Setting next_dagrun for tutorial_taskflow_api_virtualenv to None, run_after=None
[2023-06-22T14:30:18.734+0200] {processor.py:179} INFO - Processing /Users/saumyagoyal/JupyterNotebook/MLCon/MLCon_23/2_airflow/.venv/lib/python3.11/site-packages/airflow/example_dags/tutorial_taskflow_api_virtualenv.py took 0.679 seconds
[2023-06-22T14:31:31.656+0200] {processor.py:157} INFO - Started process (PID=84443) to work on /Users/saumyagoyal/JupyterNotebook/MLCon/MLCon_23/2_airflow/.venv/lib/python3.11/site-packages/airflow/example_dags/tutorial_taskflow_api_virtualenv.py
[2023-06-22T14:31:31.658+0200] {processor.py:826} INFO - Processing file /Users/saumyagoyal/JupyterNotebook/MLCon/MLCon_23/2_airflow/.venv/lib/python3.11/site-packages/airflow/example_dags/tutorial_taskflow_api_virtualenv.py for tasks to queue
[2023-06-22T14:31:31.659+0200] {logging_mixin.py:149} INFO - [2023-06-22T14:31:31.659+0200] {dagbag.py:541} INFO - Filling up the DagBag from /Users/saumyagoyal/JupyterNotebook/MLCon/MLCon_23/2_airflow/.venv/lib/python3.11/site-packages/airflow/example_dags/tutorial_taskflow_api_virtualenv.py
[2023-06-22T14:31:31.695+0200] {processor.py:836} INFO - DAG(s) dict_keys(['tutorial_taskflow_api_virtualenv']) retrieved from /Users/saumyagoyal/JupyterNotebook/MLCon/MLCon_23/2_airflow/.venv/lib/python3.11/site-packages/airflow/example_dags/tutorial_taskflow_api_virtualenv.py
[2023-06-22T14:31:32.319+0200] {logging_mixin.py:149} INFO - [2023-06-22T14:31:32.319+0200] {dag.py:2726} INFO - Sync 1 DAGs
[2023-06-22T14:31:32.330+0200] {logging_mixin.py:149} INFO - [2023-06-22T14:31:32.330+0200] {dag.py:3486} INFO - Setting next_dagrun for tutorial_taskflow_api_virtualenv to None, run_after=None
[2023-06-22T14:31:32.343+0200] {processor.py:179} INFO - Processing /Users/saumyagoyal/JupyterNotebook/MLCon/MLCon_23/2_airflow/.venv/lib/python3.11/site-packages/airflow/example_dags/tutorial_taskflow_api_virtualenv.py took 0.687 seconds
[2023-06-22T14:32:50.474+0200] {processor.py:157} INFO - Started process (PID=84486) to work on /Users/saumyagoyal/JupyterNotebook/MLCon/MLCon_23/2_airflow/.venv/lib/python3.11/site-packages/airflow/example_dags/tutorial_taskflow_api_virtualenv.py
[2023-06-22T14:32:50.476+0200] {processor.py:826} INFO - Processing file /Users/saumyagoyal/JupyterNotebook/MLCon/MLCon_23/2_airflow/.venv/lib/python3.11/site-packages/airflow/example_dags/tutorial_taskflow_api_virtualenv.py for tasks to queue
[2023-06-22T14:32:50.476+0200] {logging_mixin.py:149} INFO - [2023-06-22T14:32:50.476+0200] {dagbag.py:541} INFO - Filling up the DagBag from /Users/saumyagoyal/JupyterNotebook/MLCon/MLCon_23/2_airflow/.venv/lib/python3.11/site-packages/airflow/example_dags/tutorial_taskflow_api_virtualenv.py
[2023-06-22T14:32:50.512+0200] {processor.py:836} INFO - DAG(s) dict_keys(['tutorial_taskflow_api_virtualenv']) retrieved from /Users/saumyagoyal/JupyterNotebook/MLCon/MLCon_23/2_airflow/.venv/lib/python3.11/site-packages/airflow/example_dags/tutorial_taskflow_api_virtualenv.py
[2023-06-22T14:32:51.133+0200] {logging_mixin.py:149} INFO - [2023-06-22T14:32:51.132+0200] {dag.py:2726} INFO - Sync 1 DAGs
[2023-06-22T14:32:51.143+0200] {logging_mixin.py:149} INFO - [2023-06-22T14:32:51.142+0200] {dag.py:3486} INFO - Setting next_dagrun for tutorial_taskflow_api_virtualenv to None, run_after=None
[2023-06-22T14:32:51.155+0200] {processor.py:179} INFO - Processing /Users/saumyagoyal/JupyterNotebook/MLCon/MLCon_23/2_airflow/.venv/lib/python3.11/site-packages/airflow/example_dags/tutorial_taskflow_api_virtualenv.py took 0.682 seconds
[2023-06-22T14:34:13.629+0200] {processor.py:157} INFO - Started process (PID=84683) to work on /Users/saumyagoyal/JupyterNotebook/MLCon/MLCon_23/2_airflow/.venv/lib/python3.11/site-packages/airflow/example_dags/tutorial_taskflow_api_virtualenv.py
[2023-06-22T14:34:13.631+0200] {processor.py:826} INFO - Processing file /Users/saumyagoyal/JupyterNotebook/MLCon/MLCon_23/2_airflow/.venv/lib/python3.11/site-packages/airflow/example_dags/tutorial_taskflow_api_virtualenv.py for tasks to queue
[2023-06-22T14:34:13.632+0200] {logging_mixin.py:149} INFO - [2023-06-22T14:34:13.632+0200] {dagbag.py:541} INFO - Filling up the DagBag from /Users/saumyagoyal/JupyterNotebook/MLCon/MLCon_23/2_airflow/.venv/lib/python3.11/site-packages/airflow/example_dags/tutorial_taskflow_api_virtualenv.py
[2023-06-22T14:34:13.665+0200] {processor.py:836} INFO - DAG(s) dict_keys(['tutorial_taskflow_api_virtualenv']) retrieved from /Users/saumyagoyal/JupyterNotebook/MLCon/MLCon_23/2_airflow/.venv/lib/python3.11/site-packages/airflow/example_dags/tutorial_taskflow_api_virtualenv.py
[2023-06-22T14:34:14.278+0200] {logging_mixin.py:149} INFO - [2023-06-22T14:34:14.278+0200] {dag.py:2726} INFO - Sync 1 DAGs
[2023-06-22T14:34:14.288+0200] {logging_mixin.py:149} INFO - [2023-06-22T14:34:14.288+0200] {dag.py:3486} INFO - Setting next_dagrun for tutorial_taskflow_api_virtualenv to None, run_after=None
[2023-06-22T14:34:14.300+0200] {processor.py:179} INFO - Processing /Users/saumyagoyal/JupyterNotebook/MLCon/MLCon_23/2_airflow/.venv/lib/python3.11/site-packages/airflow/example_dags/tutorial_taskflow_api_virtualenv.py took 0.672 seconds
[2023-06-22T14:35:45.646+0200] {processor.py:157} INFO - Started process (PID=84752) to work on /Users/saumyagoyal/JupyterNotebook/MLCon/MLCon_23/2_airflow/.venv/lib/python3.11/site-packages/airflow/example_dags/tutorial_taskflow_api_virtualenv.py
[2023-06-22T14:35:45.664+0200] {processor.py:826} INFO - Processing file /Users/saumyagoyal/JupyterNotebook/MLCon/MLCon_23/2_airflow/.venv/lib/python3.11/site-packages/airflow/example_dags/tutorial_taskflow_api_virtualenv.py for tasks to queue
[2023-06-22T14:35:45.665+0200] {logging_mixin.py:149} INFO - [2023-06-22T14:35:45.665+0200] {dagbag.py:541} INFO - Filling up the DagBag from /Users/saumyagoyal/JupyterNotebook/MLCon/MLCon_23/2_airflow/.venv/lib/python3.11/site-packages/airflow/example_dags/tutorial_taskflow_api_virtualenv.py
[2023-06-22T14:35:45.734+0200] {processor.py:836} INFO - DAG(s) dict_keys(['tutorial_taskflow_api_virtualenv']) retrieved from /Users/saumyagoyal/JupyterNotebook/MLCon/MLCon_23/2_airflow/.venv/lib/python3.11/site-packages/airflow/example_dags/tutorial_taskflow_api_virtualenv.py
[2023-06-22T14:35:46.364+0200] {logging_mixin.py:149} INFO - [2023-06-22T14:35:46.364+0200] {dag.py:2726} INFO - Sync 1 DAGs
[2023-06-22T14:35:46.374+0200] {logging_mixin.py:149} INFO - [2023-06-22T14:35:46.374+0200] {dag.py:3486} INFO - Setting next_dagrun for tutorial_taskflow_api_virtualenv to None, run_after=None
[2023-06-22T14:35:46.390+0200] {processor.py:179} INFO - Processing /Users/saumyagoyal/JupyterNotebook/MLCon/MLCon_23/2_airflow/.venv/lib/python3.11/site-packages/airflow/example_dags/tutorial_taskflow_api_virtualenv.py took 0.744 seconds
[2023-06-22T14:37:16.468+0200] {processor.py:157} INFO - Started process (PID=84950) to work on /Users/saumyagoyal/JupyterNotebook/MLCon/MLCon_23/2_airflow/.venv/lib/python3.11/site-packages/airflow/example_dags/tutorial_taskflow_api_virtualenv.py
[2023-06-22T14:37:16.471+0200] {processor.py:826} INFO - Processing file /Users/saumyagoyal/JupyterNotebook/MLCon/MLCon_23/2_airflow/.venv/lib/python3.11/site-packages/airflow/example_dags/tutorial_taskflow_api_virtualenv.py for tasks to queue
[2023-06-22T14:37:16.472+0200] {logging_mixin.py:149} INFO - [2023-06-22T14:37:16.472+0200] {dagbag.py:541} INFO - Filling up the DagBag from /Users/saumyagoyal/JupyterNotebook/MLCon/MLCon_23/2_airflow/.venv/lib/python3.11/site-packages/airflow/example_dags/tutorial_taskflow_api_virtualenv.py
[2023-06-22T14:37:16.505+0200] {processor.py:836} INFO - DAG(s) dict_keys(['tutorial_taskflow_api_virtualenv']) retrieved from /Users/saumyagoyal/JupyterNotebook/MLCon/MLCon_23/2_airflow/.venv/lib/python3.11/site-packages/airflow/example_dags/tutorial_taskflow_api_virtualenv.py
[2023-06-22T14:37:17.148+0200] {logging_mixin.py:149} INFO - [2023-06-22T14:37:17.148+0200] {dag.py:2726} INFO - Sync 1 DAGs
[2023-06-22T14:37:17.158+0200] {logging_mixin.py:149} INFO - [2023-06-22T14:37:17.158+0200] {dag.py:3486} INFO - Setting next_dagrun for tutorial_taskflow_api_virtualenv to None, run_after=None
[2023-06-22T14:37:17.169+0200] {processor.py:179} INFO - Processing /Users/saumyagoyal/JupyterNotebook/MLCon/MLCon_23/2_airflow/.venv/lib/python3.11/site-packages/airflow/example_dags/tutorial_taskflow_api_virtualenv.py took 0.701 seconds
[2023-06-22T14:38:44.217+0200] {processor.py:157} INFO - Started process (PID=85054) to work on /Users/saumyagoyal/JupyterNotebook/MLCon/MLCon_23/2_airflow/.venv/lib/python3.11/site-packages/airflow/example_dags/tutorial_taskflow_api_virtualenv.py
[2023-06-22T14:38:44.220+0200] {processor.py:826} INFO - Processing file /Users/saumyagoyal/JupyterNotebook/MLCon/MLCon_23/2_airflow/.venv/lib/python3.11/site-packages/airflow/example_dags/tutorial_taskflow_api_virtualenv.py for tasks to queue
[2023-06-22T14:38:44.220+0200] {logging_mixin.py:149} INFO - [2023-06-22T14:38:44.220+0200] {dagbag.py:541} INFO - Filling up the DagBag from /Users/saumyagoyal/JupyterNotebook/MLCon/MLCon_23/2_airflow/.venv/lib/python3.11/site-packages/airflow/example_dags/tutorial_taskflow_api_virtualenv.py
[2023-06-22T14:38:44.264+0200] {processor.py:836} INFO - DAG(s) dict_keys(['tutorial_taskflow_api_virtualenv']) retrieved from /Users/saumyagoyal/JupyterNotebook/MLCon/MLCon_23/2_airflow/.venv/lib/python3.11/site-packages/airflow/example_dags/tutorial_taskflow_api_virtualenv.py
[2023-06-22T14:38:44.949+0200] {logging_mixin.py:149} INFO - [2023-06-22T14:38:44.949+0200] {dag.py:2726} INFO - Sync 1 DAGs
[2023-06-22T14:38:44.961+0200] {logging_mixin.py:149} INFO - [2023-06-22T14:38:44.961+0200] {dag.py:3486} INFO - Setting next_dagrun for tutorial_taskflow_api_virtualenv to None, run_after=None
[2023-06-22T14:38:44.973+0200] {processor.py:179} INFO - Processing /Users/saumyagoyal/JupyterNotebook/MLCon/MLCon_23/2_airflow/.venv/lib/python3.11/site-packages/airflow/example_dags/tutorial_taskflow_api_virtualenv.py took 0.756 seconds
[2023-06-22T14:40:14.338+0200] {processor.py:157} INFO - Started process (PID=85196) to work on /Users/saumyagoyal/JupyterNotebook/MLCon/MLCon_23/2_airflow/.venv/lib/python3.11/site-packages/airflow/example_dags/tutorial_taskflow_api_virtualenv.py
[2023-06-22T14:40:14.340+0200] {processor.py:826} INFO - Processing file /Users/saumyagoyal/JupyterNotebook/MLCon/MLCon_23/2_airflow/.venv/lib/python3.11/site-packages/airflow/example_dags/tutorial_taskflow_api_virtualenv.py for tasks to queue
[2023-06-22T14:40:14.341+0200] {logging_mixin.py:149} INFO - [2023-06-22T14:40:14.340+0200] {dagbag.py:541} INFO - Filling up the DagBag from /Users/saumyagoyal/JupyterNotebook/MLCon/MLCon_23/2_airflow/.venv/lib/python3.11/site-packages/airflow/example_dags/tutorial_taskflow_api_virtualenv.py
[2023-06-22T14:40:14.382+0200] {processor.py:836} INFO - DAG(s) dict_keys(['tutorial_taskflow_api_virtualenv']) retrieved from /Users/saumyagoyal/JupyterNotebook/MLCon/MLCon_23/2_airflow/.venv/lib/python3.11/site-packages/airflow/example_dags/tutorial_taskflow_api_virtualenv.py
[2023-06-22T14:40:14.967+0200] {logging_mixin.py:149} INFO - [2023-06-22T14:40:14.967+0200] {dag.py:2726} INFO - Sync 1 DAGs
[2023-06-22T14:40:14.977+0200] {logging_mixin.py:149} INFO - [2023-06-22T14:40:14.977+0200] {dag.py:3486} INFO - Setting next_dagrun for tutorial_taskflow_api_virtualenv to None, run_after=None
[2023-06-22T14:40:14.990+0200] {processor.py:179} INFO - Processing /Users/saumyagoyal/JupyterNotebook/MLCon/MLCon_23/2_airflow/.venv/lib/python3.11/site-packages/airflow/example_dags/tutorial_taskflow_api_virtualenv.py took 0.652 seconds
[2023-06-22T14:41:42.017+0200] {processor.py:157} INFO - Started process (PID=85311) to work on /Users/saumyagoyal/JupyterNotebook/MLCon/MLCon_23/2_airflow/.venv/lib/python3.11/site-packages/airflow/example_dags/tutorial_taskflow_api_virtualenv.py
[2023-06-22T14:41:42.019+0200] {processor.py:826} INFO - Processing file /Users/saumyagoyal/JupyterNotebook/MLCon/MLCon_23/2_airflow/.venv/lib/python3.11/site-packages/airflow/example_dags/tutorial_taskflow_api_virtualenv.py for tasks to queue
[2023-06-22T14:41:42.020+0200] {logging_mixin.py:149} INFO - [2023-06-22T14:41:42.020+0200] {dagbag.py:541} INFO - Filling up the DagBag from /Users/saumyagoyal/JupyterNotebook/MLCon/MLCon_23/2_airflow/.venv/lib/python3.11/site-packages/airflow/example_dags/tutorial_taskflow_api_virtualenv.py
[2023-06-22T14:41:42.052+0200] {processor.py:836} INFO - DAG(s) dict_keys(['tutorial_taskflow_api_virtualenv']) retrieved from /Users/saumyagoyal/JupyterNotebook/MLCon/MLCon_23/2_airflow/.venv/lib/python3.11/site-packages/airflow/example_dags/tutorial_taskflow_api_virtualenv.py
[2023-06-22T14:41:42.670+0200] {logging_mixin.py:149} INFO - [2023-06-22T14:41:42.670+0200] {dag.py:2726} INFO - Sync 1 DAGs
[2023-06-22T14:41:42.680+0200] {logging_mixin.py:149} INFO - [2023-06-22T14:41:42.680+0200] {dag.py:3486} INFO - Setting next_dagrun for tutorial_taskflow_api_virtualenv to None, run_after=None
[2023-06-22T14:41:42.692+0200] {processor.py:179} INFO - Processing /Users/saumyagoyal/JupyterNotebook/MLCon/MLCon_23/2_airflow/.venv/lib/python3.11/site-packages/airflow/example_dags/tutorial_taskflow_api_virtualenv.py took 0.675 seconds
[2023-06-22T14:43:08.367+0200] {processor.py:157} INFO - Started process (PID=85411) to work on /Users/saumyagoyal/JupyterNotebook/MLCon/MLCon_23/2_airflow/.venv/lib/python3.11/site-packages/airflow/example_dags/tutorial_taskflow_api_virtualenv.py
[2023-06-22T14:43:08.370+0200] {processor.py:826} INFO - Processing file /Users/saumyagoyal/JupyterNotebook/MLCon/MLCon_23/2_airflow/.venv/lib/python3.11/site-packages/airflow/example_dags/tutorial_taskflow_api_virtualenv.py for tasks to queue
[2023-06-22T14:43:08.370+0200] {logging_mixin.py:149} INFO - [2023-06-22T14:43:08.370+0200] {dagbag.py:541} INFO - Filling up the DagBag from /Users/saumyagoyal/JupyterNotebook/MLCon/MLCon_23/2_airflow/.venv/lib/python3.11/site-packages/airflow/example_dags/tutorial_taskflow_api_virtualenv.py
[2023-06-22T14:43:08.403+0200] {processor.py:836} INFO - DAG(s) dict_keys(['tutorial_taskflow_api_virtualenv']) retrieved from /Users/saumyagoyal/JupyterNotebook/MLCon/MLCon_23/2_airflow/.venv/lib/python3.11/site-packages/airflow/example_dags/tutorial_taskflow_api_virtualenv.py
[2023-06-22T14:43:09.014+0200] {logging_mixin.py:149} INFO - [2023-06-22T14:43:09.014+0200] {dag.py:2726} INFO - Sync 1 DAGs
[2023-06-22T14:43:09.024+0200] {logging_mixin.py:149} INFO - [2023-06-22T14:43:09.024+0200] {dag.py:3486} INFO - Setting next_dagrun for tutorial_taskflow_api_virtualenv to None, run_after=None
[2023-06-22T14:43:09.040+0200] {processor.py:179} INFO - Processing /Users/saumyagoyal/JupyterNotebook/MLCon/MLCon_23/2_airflow/.venv/lib/python3.11/site-packages/airflow/example_dags/tutorial_taskflow_api_virtualenv.py took 0.673 seconds
[2023-06-22T14:44:33.257+0200] {processor.py:157} INFO - Started process (PID=85460) to work on /Users/saumyagoyal/JupyterNotebook/MLCon/MLCon_23/2_airflow/.venv/lib/python3.11/site-packages/airflow/example_dags/tutorial_taskflow_api_virtualenv.py
[2023-06-22T14:44:33.260+0200] {processor.py:826} INFO - Processing file /Users/saumyagoyal/JupyterNotebook/MLCon/MLCon_23/2_airflow/.venv/lib/python3.11/site-packages/airflow/example_dags/tutorial_taskflow_api_virtualenv.py for tasks to queue
[2023-06-22T14:44:33.261+0200] {logging_mixin.py:149} INFO - [2023-06-22T14:44:33.261+0200] {dagbag.py:541} INFO - Filling up the DagBag from /Users/saumyagoyal/JupyterNotebook/MLCon/MLCon_23/2_airflow/.venv/lib/python3.11/site-packages/airflow/example_dags/tutorial_taskflow_api_virtualenv.py
[2023-06-22T14:44:33.297+0200] {processor.py:836} INFO - DAG(s) dict_keys(['tutorial_taskflow_api_virtualenv']) retrieved from /Users/saumyagoyal/JupyterNotebook/MLCon/MLCon_23/2_airflow/.venv/lib/python3.11/site-packages/airflow/example_dags/tutorial_taskflow_api_virtualenv.py
[2023-06-22T14:44:33.917+0200] {logging_mixin.py:149} INFO - [2023-06-22T14:44:33.917+0200] {dag.py:2726} INFO - Sync 1 DAGs
[2023-06-22T14:44:33.928+0200] {logging_mixin.py:149} INFO - [2023-06-22T14:44:33.928+0200] {dag.py:3486} INFO - Setting next_dagrun for tutorial_taskflow_api_virtualenv to None, run_after=None
[2023-06-22T14:44:33.941+0200] {processor.py:179} INFO - Processing /Users/saumyagoyal/JupyterNotebook/MLCon/MLCon_23/2_airflow/.venv/lib/python3.11/site-packages/airflow/example_dags/tutorial_taskflow_api_virtualenv.py took 0.685 seconds
