[2023-06-22T17:00:42.146+0200] {taskinstance.py:1103} INFO - Dependencies all met for dep_context=non-requeueable deps ti=<TaskInstance: dag_with_usecase.training manual__2023-06-22T15:00:30.430032+00:00 [queued]>
[2023-06-22T17:00:42.151+0200] {taskinstance.py:1103} INFO - Dependencies all met for dep_context=requeueable deps ti=<TaskInstance: dag_with_usecase.training manual__2023-06-22T15:00:30.430032+00:00 [queued]>
[2023-06-22T17:00:42.151+0200] {taskinstance.py:1308} INFO - Starting attempt 1 of 6
[2023-06-22T17:00:42.159+0200] {taskinstance.py:1327} INFO - Executing <Task(_PythonDecoratedOperator): training> on 2023-06-22 15:00:30.430032+00:00
[2023-06-22T17:00:42.162+0200] {standard_task_runner.py:57} INFO - Started process 88908 to run task
[2023-06-22T17:00:42.167+0200] {standard_task_runner.py:84} INFO - Running: ['airflow', 'tasks', 'run', 'dag_with_usecase', 'training', 'manual__2023-06-22T15:00:30.430032+00:00', '--job-id', '30', '--raw', '--subdir', 'DAGS_FOLDER/usecase_dag.py', '--cfg-path', '/var/folders/cm/7f6kgxhn6qgb2r_wq92h422h0000gn/T/tmpkicuyfb4']
[2023-06-22T17:00:42.170+0200] {standard_task_runner.py:85} INFO - Job 30: Subtask training
[2023-06-22T17:00:42.262+0200] {taskinstance.py:1545} INFO - Exporting env vars: AIRFLOW_CTX_DAG_OWNER='John' AIRFLOW_CTX_DAG_ID='dag_with_usecase' AIRFLOW_CTX_TASK_ID='training' AIRFLOW_CTX_EXECUTION_DATE='2023-06-22T15:00:30.430032+00:00' AIRFLOW_CTX_TRY_NUMBER='1' AIRFLOW_CTX_DAG_RUN_ID='manual__2023-06-22T15:00:30.430032+00:00'
[2023-06-22T17:00:42.364+0200] {usecase_training.py:70} INFO - 1
[2023-06-22T17:00:42.372+0200] {logging_mixin.py:149} INFO - Dataset: Training 
RMSE:0.7103718968643211
MAE: 0.5593592485034267
R2:0.22712875247971076
[2023-06-22T17:00:45.316+0200] {logging_mixin.py:149} WARNING - /Users/saumyagoyal/JupyterNotebook/MLCon/MLCon_23/2_airflow/.venv/lib/python3.11/site-packages/_distutils_hack/__init__.py:33 UserWarning: Setuptools is replacing distutils.
[2023-06-22T17:00:45.347+0200] {logging_mixin.py:149} INFO - 
Tracking URI sqlite:////Users/saumyagoyal/JupyterNotebook/MLCon/MLCon_23/1_mlflow/backend_store/new_backend_store.db
[2023-06-22T17:00:45.353+0200] {logging_mixin.py:149} INFO - Artifact location /Users/saumyagoyal/JupyterNotebook/MLCon/MLCon_23/1_mlflow/artifact_store2/dad2e3700a0c45b298fa604564c7ab34/artifacts
[2023-06-22T17:00:45.358+0200] {python.py:183} INFO - Done. Returned value was: dad2e3700a0c45b298fa604564c7ab34
[2023-06-22T17:00:45.368+0200] {taskinstance.py:1345} INFO - Marking task as SUCCESS. dag_id=dag_with_usecase, task_id=training, execution_date=20230622T150030, start_date=20230622T150042, end_date=20230622T150045
[2023-06-22T17:00:45.419+0200] {local_task_job_runner.py:225} INFO - Task exited with return code 0
[2023-06-22T17:00:45.436+0200] {taskinstance.py:2651} INFO - 1 downstream tasks scheduled from follow-on schedule check
